Drill Listing
=============
Drill: .02  Tool: 1  Feed: 197  Speed: 550
X 1076500  Y 1371000
X 1076500  Y 1384000
X 1113000  Y 1384000
X 1113000  Y 1371000
X 1133400  Y 1385000
X 1153000  Y 1371000
X 1153000  Y 1384000
X 1190000  Y 1384000
X 1190000  Y 1371000
X 1153000  Y 1408000
X 1153000  Y 1397000
X 1113000  Y 1397000
X 1113000  Y 1408000

Drill: .03937  Tool: 2  Feed: 197  Speed: 550
X 1010000  Y 1189000
X 1010000  Y 1199000
X 1010000  Y 1209000
X 1257500  Y 1269000
X 1257500  Y 1279000
X 1257500  Y 1289000

Drill: .04  Tool: 3  Feed: 139  Speed: 550
X 1063858  Y 1021826
X 1063858  Y 1011826
X 1073858  Y 1021826
X 1073858  Y 1011826
X 1083858  Y 1021826
X 1083858  Y 1011826
X 1093858  Y 1021826
X 1093858  Y 1011826
X 1103858  Y 1021826
X 1103858  Y 1011826
X 1113858  Y 1021826
X 1113858  Y 1011826
X 1123858  Y 1021826
X 1123858  Y 1011826
X 1133858  Y 1021826
X 1133858  Y 1011826
X 1143858  Y 1021826
X 1143858  Y 1011826
X 1153858  Y 1021826
X 1153858  Y 1011826
X 1163858  Y 1021826
X 1163858  Y 1011826
X 1173858  Y 1021826
X 1173858  Y 1011826
X 1183858  Y 1021826
X 1183858  Y 1011826
X 1193858  Y 1021826
X 1193858  Y 1011826
X 1203858  Y 1021826
X 1203858  Y 1011826
X 1203858  Y 1436173
X 1193858  Y 1436173
X 1183858  Y 1436173
X 1173858  Y 1436173
X 1163858  Y 1436173
X 1153858  Y 1436173
X 1143858  Y 1436173
X 1133858  Y 1436173
X 1123858  Y 1436173
X 1113858  Y 1436173
X 1103858  Y 1436173
X 1093858  Y 1436173
X 1083858  Y 1436173
X 1073858  Y 1436173
X 1063858  Y 1436173
X 1063858  Y 1446173
X 1073858  Y 1446173
X 1083858  Y 1446173
X 1093858  Y 1446173
X 1103858  Y 1446173
X 1113858  Y 1446173
X 1123858  Y 1446173
X 1133858  Y 1446173
X 1143858  Y 1446173
X 1153858  Y 1446173
X 1163858  Y 1446173
X 1173858  Y 1446173
X 1183858  Y 1446173
X 1193858  Y 1446173
X 1203858  Y 1446173

Drill: .05512  Tool: 4  Feed: 107  Speed: 550
X 1055118  Y 1059000
X 1055118  Y 1079000
X 1212598  Y 1059000
X 1212598  Y 1079000
X 1212598  Y 1099000
X 1212598  Y 1119000
X 1212598  Y 1139000
X 1212598  Y 1159000
X 1055118  Y 1159000
X 1055118  Y 1139000
X 1055118  Y 1119000
X 1055118  Y 1099000
X 1055118  Y 1179000
X 1055118  Y 1199000
X 1055118  Y 1219000
X 1212598  Y 1199000
X 1212598  Y 1179000
X 1212598  Y 1219000
X 1212598  Y 1239000
X 1212598  Y 1259000
X 1212598  Y 1279000
X 1055118  Y 1239000
X 1055118  Y 1279000
X 1055118  Y 1259000
X 1055118  Y 1299000
X 1055118  Y 1319000
X 1055118  Y 1359000
X 1055118  Y 1339000
X 1212598  Y 1339000
X 1212598  Y 1299000
X 1212598  Y 1319000
X 1212598  Y 1359000
X 1212598  Y 1379000
X 1212598  Y 1399000
X 1055118  Y 1399000
X 1055118  Y 1379000

Drill: .09449  Tool: 5  Feed: 66  Speed: 550
X 1055118  Y 1039000
X 1212598  Y 1039000
X 1212598  Y 1419000
X 1055118  Y 1419000

Drill: .26896  Tool: 6  Feed: 0  Speed: 0
X 1021653  Y 1021653
X 1246063  Y 1021654
X 1246062  Y 1436338
X 1021653  Y 1436338

End of Listing
