Drill Listing
=============
Drill: .008  Tool: 1  Feed: 0  Speed: 0
X 1049000  Y 1062500
X 1053000  Y 1029500
X 1054500  Y 1045000
X 1142500  Y 1060000
X 1161000  Y 1034500
X 1169000  Y 1052140
X 1182100  Y 1055200
X 1188000  Y 1045200
X 1193700  Y 1056300
X 1197700  Y 1056300
X 1205000  Y 1060500
X 1212900  Y 1062900
X 1213000  Y 1057000
X 1226700  Y 1057700
X 1232600  Y 1055400
X 1248120  Y 1058960
X 1250650  Y 1013960
X 1251003  Y 1053314
X 1251003  Y 1049377
X 1251003  Y 1061188
X 1251003  Y 1045440
X 1251003  Y 1041503
X 1254700  Y 1057400
X 1254940  Y 1041503
X 1254940  Y 1045440
X 1258800  Y 1041300
X 1258877  Y 1053314
X 1258877  Y 1061188
X 1258877  Y 1057251
X 1258877  Y 1049377
X 1262815  Y 1057251
X 1262815  Y 1061188
X 1262815  Y 1053314
X 1263000  Y 1049500
X 1265930  Y 1020520
X 1266752  Y 1045440
X 1266752  Y 1041503
X 1266752  Y 1053314
X 1267000  Y 1049500
X 1268500  Y 1034000
X 1270689  Y 1053314
X 1270689  Y 1041503
X 1270689  Y 1045440
X 1271000  Y 1049500
X 1273000  Y 1025500
X 1273000  Y 1059000
X 1274500  Y 1049500
X 1274626  Y 1045440
X 1274626  Y 1041503
X 1274626  Y 1053314
X 1278500  Y 1049500
X 1278563  Y 1053314
X 1278563  Y 1045440
X 1286000  Y 1053500
X 1286437  Y 1049377
X 1286437  Y 1045440
X 1286437  Y 1041503
X 1290000  Y 1053500
X 1290374  Y 1049377
X 1290374  Y 1041503
X 1290374  Y 1045440
X 1294311  Y 1049377
X 1294311  Y 1045440
X 1294500  Y 1053300
X 1297000  Y 1020200
X 1297300  Y 1024300
X 1297500  Y 1041500
X 1298248  Y 1045440
X 1298248  Y 1053314
X 1298248  Y 1049377
X 1301500  Y 1041500
X 1301900  Y 1053200
X 1302185  Y 1045440
X 1302185  Y 1049377
X 1302185  Y 1061188
X 1302500  Y 1057000
X 1303500  Y 1027600
X 1306122  Y 1061188
X 1306122  Y 1053314
X 1306122  Y 1045440
X 1306122  Y 1041503
X 1306122  Y 1049377
X 1306200  Y 1057400
X 1306500  Y 1028000
X 1309000  Y 1019500
X 1310000  Y 1053500
X 1310059  Y 1049377
X 1310059  Y 1041503
X 1310059  Y 1061188
X 1310059  Y 1045440
X 1311000  Y 1037000
X 1311000  Y 1028000
X 1313996  Y 1049377
X 1313996  Y 1061188
X 1313996  Y 1045440
X 1314000  Y 1041500
X 1314100  Y 1053900
X 1317000  Y 1029000
X 1325000  Y 1028500
X 1329000  Y 1061000
X 1329730  Y 1037130
X 1332700  Y 1057700
X 1333070  Y 1044800
X 1336500  Y 1061300
X 1336600  Y 1043000
X 1337400  Y 1050200
X 1338000  Y 1032500
X 1340000  Y 1035600
X 1349600  Y 1030500
X 1351400  Y 1054800
X 1351900  Y 1041200
X 1352300  Y 1061200
X 1443800  Y 1059400
X 1445000  Y 1062000
X 1477400  Y 1055000
X 1477900  Y 1046400
X 1481830  Y 1044460
X 1515520  Y 1059120
X 1515520  Y 1056540
X 1520500  Y 1032500
X 1531450  Y 1045000
X 1536550  Y 1067480
X 1536550  Y 1064900
X 1533340  Y 1081370
X 1520880  Y 1064770
X 1519950  Y 1070920
X 1510930  Y 1076880
X 1510930  Y 1079460
X 1500060  Y 1063760
X 1500030  Y 1078760
X 1496310  Y 1065410
X 1496310  Y 1068050
X 1482500  Y 1082500
X 1482270  Y 1079640
X 1479340  Y 1067420
X 1474680  Y 1073840
X 1474220  Y 1069290
X 1462000  Y 1084500
X 1460500  Y 1074370
X 1460190  Y 1078290
X 1457900  Y 1070300
X 1441200  Y 1069100
X 1438630  Y 1078250
X 1417500  Y 1083400
X 1412810  Y 1076630
X 1404870  Y 1070720
X 1402700  Y 1079100
X 1398100  Y 1079000
X 1370000  Y 1086500
X 1367500  Y 1086500
X 1364500  Y 1086500
X 1361400  Y 1086510
X 1352800  Y 1068100
X 1352000  Y 1075300
X 1351800  Y 1082900
X 1338100  Y 1082700
X 1337700  Y 1068800
X 1334400  Y 1076000
X 1329000  Y 1076500
X 1329000  Y 1085500
X 1329000  Y 1082100
X 1329000  Y 1065500
X 1314300  Y 1073200
X 1310200  Y 1084900
X 1310059  Y 1080874
X 1310059  Y 1073000
X 1310059  Y 1065125
X 1306122  Y 1080874
X 1306122  Y 1073000
X 1306122  Y 1084811
X 1306122  Y 1069062
X 1302185  Y 1073000
X 1302185  Y 1069062
X 1302185  Y 1080874
X 1302000  Y 1065000
X 1296500  Y 1082500
X 1295500  Y 1064000
X 1290374  Y 1069062
X 1290374  Y 1076937
X 1290374  Y 1080874
X 1290374  Y 1065125
X 1286437  Y 1080874
X 1286437  Y 1069062
X 1286437  Y 1065125
X 1286437  Y 1076937
X 1278563  Y 1069062
X 1278563  Y 1080874
X 1278563  Y 1076937
X 1278563  Y 1065125
X 1274626  Y 1080874
X 1274626  Y 1076937
X 1274626  Y 1065125
X 1274500  Y 1069000
X 1270100  Y 1085700
X 1262815  Y 1076937
X 1262815  Y 1065125
X 1258877  Y 1080874
X 1258877  Y 1065125
X 1258877  Y 1073000
X 1258877  Y 1076937
X 1254940  Y 1073000
X 1254940  Y 1084811
X 1254940  Y 1080874
X 1254940  Y 1065125
X 1251003  Y 1084811
X 1251003  Y 1080874
X 1251003  Y 1065125
X 1251000  Y 1076500
X 1244010  Y 1081090
X 1233500  Y 1081000
X 1232500  Y 1066000
X 1232500  Y 1075000
X 1226500  Y 1070000
X 1226500  Y 1063500
X 1223000  Y 1080000
X 1213500  Y 1076500
X 1213300  Y 1070200
X 1204500  Y 1077000
X 1131840  Y 1064000
X 1131270  Y 1070970
X 1116000  Y 1064000
X 1101980  Y 1082090
X 1086500  Y 1087500
X 1072100  Y 1080000
X 1046000  Y 1081000
X 1043000  Y 1099500
X 1069950  Y 1095500
X 1072000  Y 1103500
X 1075850  Y 1099410
X 1086000  Y 1103500
X 1088000  Y 1101000
X 1115500  Y 1110000
X 1130790  Y 1091500
X 1131000  Y 1106000
X 1131000  Y 1109000
X 1131500  Y 1103000
X 1137000  Y 1096000
X 1144500  Y 1107000
X 1148000  Y 1095500
X 1158400  Y 1101100
X 1159300  Y 1110400
X 1160000  Y 1105000
X 1160900  Y 1098800
X 1169500  Y 1092200
X 1174000  Y 1099000
X 1174500  Y 1104500
X 1175000  Y 1111500
X 1226000  Y 1111000
X 1234500  Y 1089500
X 1237300  Y 1098100
X 1244000  Y 1089500
X 1248000  Y 1099500
X 1251003  Y 1104496
X 1251003  Y 1100559
X 1251100  Y 1088600
X 1254940  Y 1088748
X 1254940  Y 1092685
X 1254940  Y 1100559
X 1254940  Y 1104496
X 1254940  Y 1096622
X 1258500  Y 1100500
X 1258877  Y 1088748
X 1258877  Y 1092685
X 1258877  Y 1096622
X 1259000  Y 1110000
X 1262815  Y 1100559
X 1262815  Y 1088748
X 1262815  Y 1104496
X 1262815  Y 1092685
X 1263000  Y 1096500
X 1266000  Y 1111000
X 1266700  Y 1104700
X 1266752  Y 1092685
X 1270500  Y 1092700
X 1270500  Y 1100500
X 1270689  Y 1096622
X 1274500  Y 1092800
X 1278400  Y 1092700
X 1290374  Y 1092685
X 1290374  Y 1096622
X 1290374  Y 1104496
X 1294311  Y 1104496
X 1294311  Y 1100559
X 1294311  Y 1096622
X 1294311  Y 1092685
X 1298248  Y 1104496
X 1298248  Y 1100559
X 1298248  Y 1096622
X 1298248  Y 1092685
X 1302185  Y 1092685
X 1302185  Y 1104496
X 1302185  Y 1096622
X 1306000  Y 1096000
X 1306122  Y 1100559
X 1310059  Y 1100559
X 1310059  Y 1104496
X 1310059  Y 1088748
X 1313996  Y 1104496
X 1313996  Y 1092685
X 1319500  Y 1099000
X 1319500  Y 1094500
X 1322380  Y 1107230
X 1328500  Y 1099000
X 1328500  Y 1094500
X 1329000  Y 1089600
X 1331500  Y 1106900
X 1336600  Y 1094100
X 1337800  Y 1103800
X 1338300  Y 1089700
X 1351300  Y 1101000
X 1351700  Y 1090100
X 1352000  Y 1097200
X 1352100  Y 1112000
X 1368500  Y 1109500
X 1379000  Y 1111500
X 1386900  Y 1093300
X 1390500  Y 1103500
X 1411410  Y 1110420
X 1413110  Y 1094020
X 1440300  Y 1094000
X 1457000  Y 1104350
X 1465500  Y 1093600
X 1501410  Y 1105000
X 1547640  Y 1110000
X 1547580  Y 1135000
X 1501410  Y 1130000
X 1501410  Y 1115000
X 1493000  Y 1117500
X 1493000  Y 1126000
X 1439900  Y 1136700
X 1407000  Y 1124500
X 1405300  Y 1121500
X 1402900  Y 1124000
X 1400700  Y 1122100
X 1397500  Y 1124000
X 1396460  Y 1135410
X 1393100  Y 1124300
X 1392400  Y 1135000
X 1378500  Y 1134000
X 1376600  Y 1128200
X 1368500  Y 1114000
X 1346780  Y 1123950
X 1338000  Y 1124110
X 1309500  Y 1135500
X 1303000  Y 1135000
X 1299500  Y 1126500
X 1292500  Y 1123500
X 1292000  Y 1119500
X 1288000  Y 1123500
X 1283500  Y 1123500
X 1282500  Y 1134500
X 1279500  Y 1133500
X 1279000  Y 1123500
X 1276000  Y 1135000
X 1272000  Y 1135000
X 1260000  Y 1123500
X 1260000  Y 1133500
X 1259000  Y 1120000
X 1255000  Y 1123500
X 1250100  Y 1123600
X 1235500  Y 1134500
X 1231500  Y 1129500
X 1228000  Y 1127000
X 1224000  Y 1127000
X 1182000  Y 1136000
X 1175500  Y 1135000
X 1172500  Y 1122000
X 1171000  Y 1135300
X 1169000  Y 1122000
X 1167000  Y 1135300
X 1162500  Y 1135000
X 1159500  Y 1124000
X 1156500  Y 1134000
X 1154500  Y 1137000
X 1150500  Y 1133500
X 1147000  Y 1133500
X 1145600  Y 1123200
X 1144100  Y 1133500
X 1141000  Y 1123200
X 1138389  Y 1135110
X 1136500  Y 1123500
X 1134610  Y 1135110
X 1131400  Y 1136200
X 1129500  Y 1134000
X 1127500  Y 1137000
X 1125500  Y 1134000
X 1108000  Y 1123500
X 1075600  Y 1119800
X 1075000  Y 1114000
X 1040000  Y 1118000
X 1030000  Y 1136500
X 1034500  Y 1154500
X 1086500  Y 1148500
X 1086500  Y 1153000
X 1087000  Y 1157500
X 1087000  Y 1162000
X 1097000  Y 1162000
X 1097500  Y 1149000
X 1129252  Y 1162751
X 1129252  Y 1159602
X 1132401  Y 1162751
X 1132401  Y 1159602
X 1135551  Y 1162751
X 1138700  Y 1162751
X 1141850  Y 1162751
X 1141850  Y 1159602
X 1148000  Y 1156000
X 1151299  Y 1162751
X 1151299  Y 1159602
X 1154448  Y 1162751
X 1154448  Y 1159602
X 1157598  Y 1162751
X 1160748  Y 1162751
X 1163897  Y 1162751
X 1168500  Y 1161000
X 1192500  Y 1160000
X 1197500  Y 1160000
X 1224500  Y 1144000
X 1224500  Y 1155500
X 1235000  Y 1142000
X 1235500  Y 1154500
X 1235500  Y 1158500
X 1238500  Y 1156500
X 1239000  Y 1144000
X 1239000  Y 1162000
X 1266752  Y 1162751
X 1266752  Y 1159602
X 1269901  Y 1162751
X 1269901  Y 1159602
X 1270000  Y 1145000
X 1270000  Y 1154500
X 1273051  Y 1162751
X 1274600  Y 1154500
X 1275000  Y 1145100
X 1276200  Y 1162751
X 1279350  Y 1159602
X 1279350  Y 1162751
X 1279500  Y 1156000
X 1283100  Y 1152400
X 1285649  Y 1159602
X 1285649  Y 1162751
X 1286500  Y 1139000
X 1288799  Y 1159602
X 1288799  Y 1162751
X 1289600  Y 1154700
X 1290000  Y 1145100
X 1291500  Y 1157900
X 1291948  Y 1162751
X 1294500  Y 1145100
X 1294500  Y 1154500
X 1295000  Y 1159500
X 1295098  Y 1162751
X 1298248  Y 1162751
X 1298400  Y 1159500
X 1301397  Y 1162751
X 1301600  Y 1159500
X 1306500  Y 1161000
X 1316000  Y 1161000
X 1326000  Y 1160000
X 1330000  Y 1159800
X 1334500  Y 1159900
X 1355400  Y 1154200
X 1377500  Y 1147500
X 1378000  Y 1157000
X 1379500  Y 1152000
X 1381500  Y 1148500
X 1381500  Y 1154500
X 1382400  Y 1144700
X 1392400  Y 1142700
X 1392500  Y 1146500
X 1393000  Y 1138000
X 1395500  Y 1140500
X 1414930  Y 1146680
X 1426500  Y 1138800
X 1429400  Y 1148700
X 1429400  Y 1151200
X 1501410  Y 1140000
X 1540500  Y 1150500
X 1465850  Y 1169560
X 1430550  Y 1166470
X 1411000  Y 1171600
X 1404500  Y 1171600
X 1390590  Y 1168600
X 1341940  Y 1164480
X 1340000  Y 1170200
X 1332000  Y 1173000
X 1327500  Y 1172800
X 1325900  Y 1164600
X 1322000  Y 1178500
X 1316000  Y 1187000
X 1315900  Y 1165400
X 1312900  Y 1177500
X 1308500  Y 1173500
X 1308500  Y 1178500
X 1306500  Y 1182500
X 1306500  Y 1165500
X 1306500  Y 1187500
X 1301397  Y 1187948
X 1301397  Y 1172200
X 1301397  Y 1165901
X 1298248  Y 1175350
X 1298248  Y 1181649
X 1298248  Y 1169051
X 1298248  Y 1172200
X 1298248  Y 1165901
X 1295100  Y 1175500
X 1295100  Y 1172100
X 1295098  Y 1165901
X 1295098  Y 1169051
X 1295098  Y 1181649
X 1295098  Y 1187948
X 1295000  Y 1184500
X 1292200  Y 1169100
X 1291948  Y 1172200
X 1291948  Y 1184799
X 1291948  Y 1165901
X 1291948  Y 1175350
X 1291948  Y 1181649
X 1291948  Y 1187948
X 1288800  Y 1165800
X 1288800  Y 1169200
X 1288799  Y 1187948
X 1285649  Y 1165901
X 1285649  Y 1169051
X 1285649  Y 1187948
X 1283000  Y 1184500
X 1282500  Y 1172500
X 1282500  Y 1181000
X 1282500  Y 1176500
X 1279350  Y 1165901
X 1279350  Y 1169051
X 1279350  Y 1187948
X 1276200  Y 1165901
X 1276200  Y 1169051
X 1276200  Y 1187948
X 1273051  Y 1165901
X 1273051  Y 1169051
X 1273051  Y 1172200
X 1273051  Y 1175350
X 1273051  Y 1181649
X 1273051  Y 1184799
X 1273051  Y 1187948
X 1270000  Y 1175500
X 1269901  Y 1169051
X 1269901  Y 1181649
X 1269901  Y 1187948
X 1269901  Y 1165901
X 1269901  Y 1184799
X 1269901  Y 1172200
X 1266752  Y 1172200
X 1266752  Y 1175350
X 1266752  Y 1169051
X 1266752  Y 1187948
X 1266752  Y 1184799
X 1266752  Y 1165901
X 1266752  Y 1181649
X 1263602  Y 1181649
X 1263602  Y 1184799
X 1258500  Y 1167500
X 1258500  Y 1186500
X 1258500  Y 1173500
X 1256500  Y 1178500
X 1249500  Y 1167500
X 1249500  Y 1172500
X 1249000  Y 1186500
X 1239000  Y 1166000
X 1236900  Y 1185900
X 1236800  Y 1169500
X 1236500  Y 1179500
X 1235000  Y 1167500
X 1224500  Y 1172500
X 1223000  Y 1179500
X 1192000  Y 1167500
X 1191000  Y 1177000
X 1188000  Y 1166000
X 1168500  Y 1165500
X 1160748  Y 1187948
X 1160748  Y 1169051
X 1160748  Y 1181649
X 1160748  Y 1175350
X 1160748  Y 1172200
X 1157598  Y 1165901
X 1157598  Y 1172200
X 1157598  Y 1184799
X 1157598  Y 1175350
X 1157598  Y 1187948
X 1157598  Y 1181649
X 1157598  Y 1169051
X 1154448  Y 1169051
X 1154448  Y 1175350
X 1154448  Y 1181649
X 1154448  Y 1187948
X 1154448  Y 1165901
X 1154448  Y 1184799
X 1154448  Y 1172200
X 1151299  Y 1187948
X 1151299  Y 1169051
X 1151299  Y 1165901
X 1148149  Y 1187948
X 1148149  Y 1165901
X 1148149  Y 1169051
X 1145500  Y 1176500
X 1145500  Y 1181000
X 1145000  Y 1172500
X 1144500  Y 1184000
X 1141850  Y 1165901
X 1141850  Y 1169051
X 1141850  Y 1187948
X 1138700  Y 1187948
X 1138700  Y 1169051
X 1138700  Y 1165901
X 1135551  Y 1165901
X 1135551  Y 1175350
X 1135551  Y 1187948
X 1135551  Y 1172200
X 1135551  Y 1184799
X 1135551  Y 1181649
X 1135551  Y 1169051
X 1132500  Y 1175500
X 1132401  Y 1181649
X 1132401  Y 1165901
X 1132401  Y 1184799
X 1132401  Y 1187948
X 1132401  Y 1169051
X 1132401  Y 1172200
X 1129252  Y 1187948
X 1129252  Y 1181649
X 1129252  Y 1165901
X 1129252  Y 1169051
X 1129252  Y 1175350
X 1129252  Y 1172200
X 1129252  Y 1184799
X 1126102  Y 1184799
X 1126102  Y 1181649
X 1119500  Y 1178500
X 1101500  Y 1173500
X 1101500  Y 1177500
X 1099500  Y 1169500
X 1097500  Y 1167500
X 1097000  Y 1171500
X 1086500  Y 1172500
X 1086500  Y 1185500
X 1086500  Y 1168500
X 1086500  Y 1179000
X 1031500  Y 1173000
X 1018300  Y 1209700
X 1029000  Y 1191500
X 1058200  Y 1212100
X 1086500  Y 1189500
X 1087000  Y 1210000
X 1090000  Y 1194000
X 1098000  Y 1190500
X 1099000  Y 1210000
X 1099000  Y 1197500
X 1099000  Y 1204000
X 1101610  Y 1195889
X 1101610  Y 1192110
X 1129252  Y 1194248
X 1129252  Y 1197397
X 1129252  Y 1191098
X 1131500  Y 1208500
X 1132401  Y 1197397
X 1132401  Y 1194248
X 1132401  Y 1191098
X 1134500  Y 1202500
X 1135551  Y 1194248
X 1135551  Y 1191098
X 1138700  Y 1194248
X 1138700  Y 1191098
X 1139000  Y 1202000
X 1139000  Y 1212000
X 1141850  Y 1194248
X 1141850  Y 1191098
X 1145000  Y 1203500
X 1148149  Y 1194248
X 1148149  Y 1191098
X 1151299  Y 1194248
X 1151299  Y 1191098
X 1154448  Y 1191098
X 1154448  Y 1194248
X 1157598  Y 1191098
X 1157598  Y 1194248
X 1160700  Y 1194300
X 1160748  Y 1191098
X 1179000  Y 1191500
X 1202500  Y 1200500
X 1203500  Y 1191000
X 1203500  Y 1205500
X 1222900  Y 1198000
X 1223000  Y 1191500
X 1225000  Y 1204000
X 1225500  Y 1210000
X 1237500  Y 1189000
X 1239110  Y 1193508
X 1239110  Y 1197287
X 1239800  Y 1203900
X 1242000  Y 1189500
X 1249000  Y 1191000
X 1258400  Y 1190700
X 1266752  Y 1197397
X 1266752  Y 1194248
X 1266752  Y 1191098
X 1269000  Y 1209500
X 1269901  Y 1191098
X 1269901  Y 1197397
X 1269901  Y 1194248
X 1272100  Y 1202700
X 1273051  Y 1194248
X 1273051  Y 1191098
X 1276200  Y 1194248
X 1276200  Y 1191098
X 1277000  Y 1202700
X 1279350  Y 1191098
X 1279350  Y 1194248
X 1280000  Y 1209000
X 1282500  Y 1203500
X 1285649  Y 1194248
X 1285649  Y 1191098
X 1288600  Y 1197600
X 1288799  Y 1194248
X 1288799  Y 1191098
X 1291948  Y 1191098
X 1291948  Y 1194248
X 1292100  Y 1197400
X 1295098  Y 1194248
X 1295200  Y 1197400
X 1298000  Y 1188000
X 1298000  Y 1197500
X 1298248  Y 1194248
X 1298248  Y 1191098
X 1301397  Y 1191098
X 1301397  Y 1194248
X 1306500  Y 1196000
X 1306500  Y 1191500
X 1316000  Y 1196000
X 1316000  Y 1191500
X 1342600  Y 1194400
X 1348490  Y 1208680
X 1360500  Y 1207400
X 1360600  Y 1211500
X 1375000  Y 1192500
X 1385500  Y 1206000
X 1389500  Y 1206000
X 1392500  Y 1212500
X 1403500  Y 1211800
X 1403900  Y 1207600
X 1409500  Y 1193300
X 1413900  Y 1193100
X 1418500  Y 1206300
X 1418500  Y 1192900
X 1423200  Y 1206500
X 1427600  Y 1206300
X 1430200  Y 1192600
X 1431900  Y 1206200
X 1437500  Y 1206500
X 1437500  Y 1192500
X 1444000  Y 1206500
X 1575000  Y 1235000
X 1573000  Y 1233000
X 1538500  Y 1218500
X 1532500  Y 1228000
X 1529000  Y 1228000
X 1524700  Y 1231500
X 1520400  Y 1231500
X 1519580  Y 1216310
X 1515570  Y 1229490
X 1513960  Y 1218980
X 1513500  Y 1231500
X 1509500  Y 1231500
X 1502000  Y 1231500
X 1500000  Y 1216000
X 1492300  Y 1218300
X 1488500  Y 1219500
X 1488000  Y 1236000
X 1484500  Y 1237500
X 1461000  Y 1231000
X 1456000  Y 1231000
X 1441500  Y 1236500
X 1441500  Y 1232000
X 1432500  Y 1236500
X 1432500  Y 1232000
X 1427397  Y 1230602
X 1427397  Y 1233751
X 1427397  Y 1236901
X 1424248  Y 1233751
X 1424248  Y 1236901
X 1424000  Y 1230500
X 1421098  Y 1236901
X 1421098  Y 1233751
X 1421098  Y 1230602
X 1420500  Y 1225500
X 1420500  Y 1216000
X 1417948  Y 1230602
X 1417948  Y 1233751
X 1417948  Y 1236901
X 1416000  Y 1216000
X 1416000  Y 1225500
X 1414799  Y 1233751
X 1414799  Y 1230602
X 1414799  Y 1236901
X 1412500  Y 1219000
X 1411649  Y 1233751
X 1411649  Y 1236901
X 1411500  Y 1230500
X 1405500  Y 1227000
X 1405350  Y 1236901
X 1405350  Y 1230602
X 1405350  Y 1233751
X 1402200  Y 1236901
X 1402200  Y 1233751
X 1401100  Y 1225600
X 1400500  Y 1216000
X 1399051  Y 1233751
X 1399051  Y 1236901
X 1396000  Y 1225500
X 1395901  Y 1233751
X 1395901  Y 1230602
X 1395901  Y 1236901
X 1392752  Y 1236901
X 1392752  Y 1233751
X 1392752  Y 1230602
X 1389000  Y 1233000
X 1364000  Y 1234500
X 1360030  Y 1225510
X 1347600  Y 1235600
X 1318300  Y 1228100
X 1283500  Y 1222000
X 1279000  Y 1222000
X 1276870  Y 1235270
X 1262000  Y 1222000
X 1258000  Y 1222000
X 1255370  Y 1235270
X 1254000  Y 1222000
X 1248560  Y 1235680
X 1203290  Y 1235670
X 1185130  Y 1235270
X 1176500  Y 1221500
X 1174500  Y 1219000
X 1172500  Y 1221500
X 1168500  Y 1221500
X 1165870  Y 1235270
X 1163130  Y 1235270
X 1158500  Y 1221500
X 1152500  Y 1221500
X 1143870  Y 1235270
X 1141130  Y 1235270
X 1136500  Y 1221500
X 1132500  Y 1221000
X 1128500  Y 1220000
X 1121870  Y 1235270
X 1117000  Y 1221500
X 1112000  Y 1234300
X 1102500  Y 1235500
X 1094000  Y 1219000
X 1092500  Y 1236500
X 1092000  Y 1231000
X 1091500  Y 1225500
X 1087500  Y 1213500
X 1082000  Y 1235500
X 1080000  Y 1233000
X 1079000  Y 1221500
X 1062500  Y 1218200
X 1062000  Y 1235500
X 1062000  Y 1230000
X 1024000  Y 1228000
X 1021000  Y 1246500
X 1062000  Y 1251000
X 1062000  Y 1257000
X 1062000  Y 1245500
X 1078000  Y 1249500
X 1080500  Y 1242500
X 1092500  Y 1242000
X 1104200  Y 1250600
X 1125500  Y 1254500
X 1127500  Y 1257500
X 1129500  Y 1254000
X 1131500  Y 1257000
X 1134700  Y 1255100
X 1136500  Y 1243000
X 1138300  Y 1255300
X 1144000  Y 1254000
X 1147000  Y 1253500
X 1150500  Y 1254000
X 1152500  Y 1257000
X 1156500  Y 1254000
X 1162500  Y 1255000
X 1165500  Y 1242000
X 1167000  Y 1255500
X 1170900  Y 1255300
X 1172500  Y 1249000
X 1175500  Y 1255000
X 1175500  Y 1242000
X 1179200  Y 1255600
X 1202990  Y 1242490
X 1241960  Y 1242530
X 1245500  Y 1243000
X 1263000  Y 1254000
X 1265000  Y 1257000
X 1267000  Y 1254000
X 1268100  Y 1257300
X 1272000  Y 1255000
X 1274000  Y 1242600
X 1275500  Y 1255000
X 1284500  Y 1253500
X 1286500  Y 1259000
X 1292000  Y 1257000
X 1294000  Y 1254000
X 1300000  Y 1255000
X 1300000  Y 1242000
X 1304500  Y 1255500
X 1308400  Y 1255400
X 1310000  Y 1252500
X 1313000  Y 1255000
X 1315700  Y 1242200
X 1319500  Y 1255000
X 1348000  Y 1255200
X 1362000  Y 1250500
X 1362000  Y 1242500
X 1362500  Y 1239500
X 1362500  Y 1246500
X 1365000  Y 1257000
X 1365000  Y 1253000
X 1365500  Y 1243500
X 1365500  Y 1247500
X 1375000  Y 1238500
X 1375000  Y 1257500
X 1375000  Y 1262000
X 1375000  Y 1243500
X 1384500  Y 1238500
X 1384500  Y 1257500
X 1384500  Y 1261700
X 1384600  Y 1243700
X 1389500  Y 1246500
X 1389602  Y 1252649
X 1389602  Y 1255799
X 1392752  Y 1240051
X 1392752  Y 1258948
X 1392752  Y 1255799
X 1392752  Y 1262098
X 1392752  Y 1243200
X 1392752  Y 1252649
X 1392752  Y 1246350
X 1395901  Y 1246350
X 1395901  Y 1240051
X 1395901  Y 1258948
X 1395901  Y 1255799
X 1395901  Y 1262098
X 1395901  Y 1252649
X 1395901  Y 1243200
X 1399051  Y 1246350
X 1399051  Y 1258948
X 1399051  Y 1252649
X 1399051  Y 1255799
X 1399051  Y 1262098
X 1399051  Y 1240051
X 1399051  Y 1243200
X 1402200  Y 1262098
X 1402200  Y 1258948
X 1402200  Y 1240051
X 1405350  Y 1258948
X 1405350  Y 1262098
X 1405350  Y 1240051
X 1408500  Y 1255500
X 1408500  Y 1252000
X 1408500  Y 1243000
X 1408500  Y 1247500
X 1411649  Y 1258948
X 1411649  Y 1240051
X 1411649  Y 1262098
X 1414799  Y 1258948
X 1414799  Y 1240051
X 1414799  Y 1262098
X 1417948  Y 1240051
X 1417948  Y 1246350
X 1417948  Y 1252649
X 1417948  Y 1258948
X 1417948  Y 1243200
X 1417948  Y 1262098
X 1417948  Y 1255799
X 1421098  Y 1243200
X 1421098  Y 1240051
X 1421098  Y 1255799
X 1421098  Y 1262098
X 1421098  Y 1258948
X 1421098  Y 1252649
X 1421098  Y 1246350
X 1424248  Y 1258948
X 1424248  Y 1243200
X 1424248  Y 1252649
X 1424248  Y 1240051
X 1424248  Y 1246350
X 1424248  Y 1262098
X 1428000  Y 1246500
X 1432500  Y 1258000
X 1432500  Y 1262500
X 1434200  Y 1249300
X 1434500  Y 1244500
X 1439000  Y 1248500
X 1441500  Y 1262000
X 1442000  Y 1258000
X 1448000  Y 1249000
X 1448000  Y 1240500
X 1455000  Y 1247500
X 1468750  Y 1258600
X 1468780  Y 1261190
X 1473500  Y 1247000
X 1477000  Y 1243500
X 1480500  Y 1242000
X 1484500  Y 1246000
X 1484500  Y 1254500
X 1485000  Y 1260000
X 1486000  Y 1251500
X 1486500  Y 1248500
X 1488000  Y 1242500
X 1508000  Y 1248900
X 1508000  Y 1241500
X 1508100  Y 1258000
X 1511740  Y 1241700
X 1516400  Y 1256400
X 1516500  Y 1249000
X 1517670  Y 1243830
X 1520550  Y 1244490
X 1524500  Y 1262000
X 1524500  Y 1246000
X 1534000  Y 1241000
X 1537000  Y 1251700
X 1538500  Y 1255500
X 1538500  Y 1258500
X 1534000  Y 1264000
X 1523550  Y 1277130
X 1521580  Y 1274730
X 1518000  Y 1278000
X 1515000  Y 1278000
X 1511800  Y 1275200
X 1508500  Y 1264700
X 1508400  Y 1274900
X 1504000  Y 1274500
X 1486000  Y 1263000
X 1442000  Y 1267000
X 1432500  Y 1267000
X 1424248  Y 1265248
X 1421098  Y 1265248
X 1417948  Y 1265248
X 1414799  Y 1265248
X 1411649  Y 1265248
X 1408500  Y 1274500
X 1405350  Y 1265248
X 1403000  Y 1273500
X 1403000  Y 1283000
X 1402200  Y 1265248
X 1399051  Y 1265248
X 1398000  Y 1273500
X 1398000  Y 1283000
X 1395901  Y 1265248
X 1392752  Y 1265248
X 1363000  Y 1268000
X 1362000  Y 1282500
X 1348730  Y 1279130
X 1335000  Y 1280000
X 1330000  Y 1280000
X 1326000  Y 1285500
X 1306000  Y 1285500
X 1306000  Y 1281000
X 1301397  Y 1282751
X 1298248  Y 1282751
X 1295098  Y 1285901
X 1295098  Y 1282751
X 1291948  Y 1282751
X 1291948  Y 1279602
X 1291948  Y 1285901
X 1290000  Y 1265000
X 1288799  Y 1282751
X 1288799  Y 1279602
X 1288799  Y 1285901
X 1285649  Y 1285901
X 1285500  Y 1276000
X 1279350  Y 1282751
X 1279350  Y 1279602
X 1279350  Y 1285901
X 1276200  Y 1282751
X 1276200  Y 1285901
X 1273051  Y 1285901
X 1273051  Y 1282751
X 1269901  Y 1282751
X 1269901  Y 1285901
X 1266752  Y 1282751
X 1266752  Y 1285901
X 1266500  Y 1272500
X 1266500  Y 1269500
X 1234500  Y 1282000
X 1234500  Y 1277500
X 1234500  Y 1273000
X 1234500  Y 1268500
X 1224500  Y 1282000
X 1224500  Y 1273000
X 1224500  Y 1268500
X 1224500  Y 1277500
X 1197500  Y 1280000
X 1192500  Y 1280000
X 1188500  Y 1285500
X 1168500  Y 1285500
X 1168500  Y 1281000
X 1163897  Y 1282751
X 1160748  Y 1282751
X 1157598  Y 1285901
X 1157598  Y 1282751
X 1154448  Y 1285901
X 1154448  Y 1279602
X 1154448  Y 1282751
X 1151299  Y 1282751
X 1151299  Y 1285901
X 1151299  Y 1279602
X 1148149  Y 1285901
X 1148000  Y 1276000
X 1141850  Y 1282751
X 1141850  Y 1279602
X 1141850  Y 1285901
X 1138700  Y 1285901
X 1138700  Y 1282751
X 1135551  Y 1285901
X 1135551  Y 1282751
X 1132401  Y 1285901
X 1132401  Y 1282751
X 1132401  Y 1279602
X 1129252  Y 1285901
X 1129252  Y 1282751
X 1129252  Y 1279602
X 1097000  Y 1277500
X 1097000  Y 1282000
X 1097000  Y 1273000
X 1087000  Y 1277500
X 1087000  Y 1282000
X 1087000  Y 1273000
X 1087000  Y 1268500
X 1078000  Y 1275500
X 1077500  Y 1280500
X 1062000  Y 1263000
X 1020000  Y 1266000
X 1018500  Y 1290000
X 1086500  Y 1288500
X 1086500  Y 1292500
X 1086500  Y 1305500
X 1086500  Y 1299000
X 1086500  Y 1309500
X 1097000  Y 1299000
X 1098000  Y 1306500
X 1101500  Y 1299500
X 1101500  Y 1295500
X 1103000  Y 1308500
X 1120000  Y 1298500
X 1126102  Y 1304799
X 1126102  Y 1301649
X 1129252  Y 1301649
X 1129252  Y 1289051
X 1129252  Y 1307948
X 1129252  Y 1304799
X 1129252  Y 1295350
X 1129252  Y 1292200
X 1129252  Y 1311098
X 1132401  Y 1289051
X 1132401  Y 1304799
X 1132401  Y 1301649
X 1132401  Y 1295350
X 1132401  Y 1307948
X 1132401  Y 1311098
X 1132401  Y 1292200
X 1135551  Y 1301649
X 1135551  Y 1307948
X 1135551  Y 1295350
X 1135551  Y 1304799
X 1135551  Y 1289051
X 1135551  Y 1292200
X 1135551  Y 1311098
X 1138700  Y 1307948
X 1138700  Y 1289051
X 1138700  Y 1311098
X 1141850  Y 1307948
X 1141850  Y 1289051
X 1141850  Y 1311098
X 1145000  Y 1304500
X 1145000  Y 1292500
X 1145500  Y 1301000
X 1145500  Y 1296500
X 1148149  Y 1289051
X 1148149  Y 1307948
X 1148149  Y 1311098
X 1151299  Y 1289051
X 1151299  Y 1307948
X 1151299  Y 1311098
X 1154448  Y 1292200
X 1154448  Y 1304799
X 1154448  Y 1289051
X 1154448  Y 1295350
X 1154448  Y 1301649
X 1154448  Y 1307948
X 1154448  Y 1311098
X 1157598  Y 1289051
X 1157598  Y 1295350
X 1157598  Y 1301649
X 1157598  Y 1307948
X 1157598  Y 1292200
X 1157598  Y 1304799
X 1157598  Y 1311098
X 1160748  Y 1295350
X 1160748  Y 1307948
X 1160748  Y 1292200
X 1160748  Y 1289051
X 1160748  Y 1311098
X 1160748  Y 1301649
X 1163897  Y 1289051
X 1179000  Y 1311500
X 1191000  Y 1296500
X 1203500  Y 1311000
X 1224000  Y 1299000
X 1224000  Y 1305500
X 1224000  Y 1292500
X 1224000  Y 1309500
X 1224500  Y 1288500
X 1234000  Y 1299000
X 1239000  Y 1295500
X 1239000  Y 1299500
X 1257000  Y 1298500
X 1263602  Y 1304799
X 1263602  Y 1301649
X 1266752  Y 1295350
X 1266752  Y 1304799
X 1266752  Y 1292200
X 1266752  Y 1289051
X 1266752  Y 1301649
X 1266752  Y 1307948
X 1266752  Y 1311098
X 1269901  Y 1307948
X 1269901  Y 1289051
X 1269901  Y 1292200
X 1269901  Y 1301649
X 1269901  Y 1304799
X 1269901  Y 1295350
X 1269901  Y 1311098
X 1273051  Y 1301649
X 1273051  Y 1307948
X 1273051  Y 1295350
X 1273051  Y 1304799
X 1273051  Y 1292200
X 1273051  Y 1289051
X 1273051  Y 1311098
X 1276200  Y 1307948
X 1276200  Y 1289051
X 1276200  Y 1311098
X 1279350  Y 1307948
X 1279350  Y 1289051
X 1279350  Y 1311098
X 1282500  Y 1304500
X 1282500  Y 1292500
X 1283000  Y 1301000
X 1283000  Y 1296500
X 1285649  Y 1307948
X 1285649  Y 1289051
X 1285649  Y 1311098
X 1288799  Y 1289051
X 1288799  Y 1307948
X 1288799  Y 1311098
X 1291948  Y 1307948
X 1291948  Y 1295350
X 1291948  Y 1304799
X 1291948  Y 1292200
X 1291948  Y 1289051
X 1291948  Y 1301649
X 1291948  Y 1311098
X 1295098  Y 1304799
X 1295098  Y 1295350
X 1295098  Y 1292200
X 1295098  Y 1307948
X 1295098  Y 1301649
X 1295098  Y 1289051
X 1295098  Y 1311098
X 1298248  Y 1295350
X 1298248  Y 1307948
X 1298248  Y 1301649
X 1298248  Y 1292200
X 1298248  Y 1289051
X 1298248  Y 1311098
X 1301397  Y 1289051
X 1316500  Y 1311500
X 1329300  Y 1297200
X 1347100  Y 1295000
X 1360000  Y 1295000
X 1360700  Y 1302500
X 1362500  Y 1289000
X 1364000  Y 1293300
X 1373000  Y 1293100
X 1374000  Y 1304500
X 1376100  Y 1291300
X 1380500  Y 1292000
X 1385900  Y 1306270
X 1388000  Y 1292500
X 1390000  Y 1289500
X 1392000  Y 1292500
X 1394000  Y 1289500
X 1404630  Y 1306270
X 1407870  Y 1306270
X 1409500  Y 1293000
X 1412000  Y 1290000
X 1414000  Y 1293000
X 1416000  Y 1290000
X 1426630  Y 1306270
X 1429320  Y 1306270
X 1432000  Y 1293000
X 1434000  Y 1289500
X 1436000  Y 1293000
X 1438000  Y 1289500
X 1488800  Y 1293300
X 1510400  Y 1295500
X 1513500  Y 1292900
X 1528800  Y 1295400
X 1580500  Y 1327300
X 1470500  Y 1329000
X 1453000  Y 1328000
X 1438000  Y 1321600
X 1392000  Y 1313500
X 1386500  Y 1319500
X 1340000  Y 1315000
X 1298248  Y 1314248
X 1295098  Y 1314248
X 1291948  Y 1314248
X 1288799  Y 1314248
X 1285649  Y 1314248
X 1282600  Y 1324700
X 1279350  Y 1314248
X 1277000  Y 1321500
X 1277000  Y 1332000
X 1276200  Y 1314248
X 1273051  Y 1314248
X 1272000  Y 1321500
X 1272000  Y 1332000
X 1269901  Y 1314248
X 1269901  Y 1317397
X 1266752  Y 1314248
X 1266752  Y 1317397
X 1239000  Y 1314000
X 1239000  Y 1318000
X 1236500  Y 1324000
X 1235500  Y 1319500
X 1234500  Y 1330000
X 1228900  Y 1313800
X 1224500  Y 1330000
X 1224500  Y 1334500
X 1202500  Y 1320500
X 1179000  Y 1316000
X 1169000  Y 1316000
X 1160748  Y 1314248
X 1154448  Y 1314248
X 1151299  Y 1314248
X 1145500  Y 1324000
X 1139000  Y 1331500
X 1139000  Y 1322500
X 1138700  Y 1314248
X 1135551  Y 1314248
X 1134500  Y 1322500
X 1134500  Y 1331500
X 1132401  Y 1317397
X 1132401  Y 1314248
X 1129252  Y 1317397
X 1129252  Y 1314248
X 1101500  Y 1318000
X 1101500  Y 1314000
X 1099000  Y 1324000
X 1098000  Y 1320000
X 1097500  Y 1330000
X 1090000  Y 1314000
X 1087000  Y 1334500
X 1087000  Y 1330000
X 1096500  Y 1352500
X 1097000  Y 1357000
X 1106000  Y 1353500
X 1110500  Y 1353500
X 1117000  Y 1341500
X 1121870  Y 1355270
X 1141130  Y 1355270
X 1143870  Y 1355270
X 1154500  Y 1341500
X 1158500  Y 1341500
X 1163130  Y 1355270
X 1185130  Y 1355270
X 1243500  Y 1354600
X 1243600  Y 1342500
X 1248100  Y 1354500
X 1254500  Y 1341500
X 1259370  Y 1355270
X 1278630  Y 1355270
X 1281370  Y 1355270
X 1300630  Y 1355270
X 1303370  Y 1355270
X 1456900  Y 1353800
X 1463510  Y 1350730
X 1467000  Y 1351000
X 1469500  Y 1353000
X 1470500  Y 1350000
X 1473500  Y 1353000
X 1475450  Y 1350780
X 1523800  Y 1362500
X 1319500  Y 1378000
X 1313000  Y 1378000
X 1313000  Y 1364500
X 1308500  Y 1378500
X 1304500  Y 1378500
X 1300000  Y 1378000
X 1300000  Y 1365000
X 1294000  Y 1377000
X 1292000  Y 1380000
X 1288000  Y 1377000
X 1284500  Y 1376500
X 1283100  Y 1366200
X 1282000  Y 1376200
X 1278500  Y 1366000
X 1276000  Y 1378000
X 1274000  Y 1366000
X 1272000  Y 1378000
X 1267000  Y 1377000
X 1266000  Y 1380500
X 1263000  Y 1377000
X 1261100  Y 1380200
X 1246500  Y 1366300
X 1185500  Y 1374500
X 1175500  Y 1378000
X 1175500  Y 1364500
X 1172500  Y 1377500
X 1169000  Y 1378000
X 1165000  Y 1378000
X 1162500  Y 1364500
X 1162000  Y 1378000
X 1156500  Y 1377000
X 1154500  Y 1380000
X 1152500  Y 1377000
X 1149000  Y 1382000
X 1147000  Y 1376500
X 1145500  Y 1365500
X 1141000  Y 1365500
X 1138500  Y 1378300
X 1136500  Y 1365500
X 1134500  Y 1378300
X 1131500  Y 1380000
X 1129500  Y 1377000
X 1127500  Y 1380000
X 1125500  Y 1377000
X 1108000  Y 1365500
X 1074000  Y 1377000
X 1061500  Y 1400000
X 1061500  Y 1390000
X 1066000  Y 1407500
X 1071000  Y 1407500
X 1086500  Y 1411500
X 1087000  Y 1396000
X 1087000  Y 1391500
X 1087000  Y 1400500
X 1087000  Y 1405000
X 1097000  Y 1396000
X 1097000  Y 1405000
X 1097000  Y 1391500
X 1097000  Y 1400500
X 1129252  Y 1412051
X 1129252  Y 1408901
X 1129252  Y 1405751
X 1129252  Y 1402602
X 1132401  Y 1408901
X 1132401  Y 1405751
X 1132401  Y 1402602
X 1132401  Y 1412051
X 1135551  Y 1405751
X 1135551  Y 1408901
X 1135551  Y 1412051
X 1138700  Y 1405751
X 1138700  Y 1408901
X 1138700  Y 1412051
X 1141850  Y 1402602
X 1141850  Y 1408901
X 1141850  Y 1405751
X 1141850  Y 1412051
X 1147800  Y 1399200
X 1148149  Y 1408901
X 1148149  Y 1412051
X 1151299  Y 1402602
X 1151299  Y 1408901
X 1151299  Y 1412051
X 1151299  Y 1405751
X 1154448  Y 1408901
X 1154448  Y 1412051
X 1154448  Y 1402602
X 1154448  Y 1405751
X 1157598  Y 1408901
X 1157598  Y 1412051
X 1157598  Y 1405751
X 1160748  Y 1405751
X 1160748  Y 1412051
X 1163897  Y 1405751
X 1163897  Y 1412051
X 1168500  Y 1408500
X 1168500  Y 1404000
X 1184000  Y 1397000
X 1188500  Y 1408500
X 1192500  Y 1403000
X 1197500  Y 1403000
X 1224000  Y 1411500
X 1224500  Y 1396000
X 1224500  Y 1391500
X 1224500  Y 1400500
X 1224500  Y 1405000
X 1234500  Y 1405000
X 1234500  Y 1396000
X 1234500  Y 1400500
X 1266752  Y 1412051
X 1266752  Y 1408901
X 1266752  Y 1405751
X 1266752  Y 1402602
X 1269901  Y 1405751
X 1269901  Y 1408901
X 1269901  Y 1402602
X 1269901  Y 1412051
X 1273051  Y 1405751
X 1273051  Y 1408901
X 1273051  Y 1412051
X 1276200  Y 1405751
X 1276200  Y 1408901
X 1276200  Y 1412051
X 1279350  Y 1408901
X 1279350  Y 1405751
X 1279350  Y 1412051
X 1279350  Y 1402602
X 1282500  Y 1395900
X 1285300  Y 1399500
X 1285649  Y 1412051
X 1285649  Y 1408901
X 1288799  Y 1405751
X 1288799  Y 1412051
X 1288799  Y 1402602
X 1288799  Y 1408901
X 1291948  Y 1412051
X 1291948  Y 1402602
X 1291948  Y 1408901
X 1291948  Y 1405751
X 1295098  Y 1408901
X 1295098  Y 1412051
X 1295100  Y 1405900
X 1298248  Y 1412051
X 1298248  Y 1405751
X 1301397  Y 1405751
X 1301397  Y 1412051
X 1306000  Y 1408500
X 1306000  Y 1404000
X 1326000  Y 1408500
X 1330000  Y 1403000
X 1335000  Y 1403000
X 1437500  Y 1401000
X 1464600  Y 1406300
X 1494499  Y 1389898
X 1495499  Y 1408498
X 1499189  Y 1410638
X 1507669  Y 1398828
X 1509199  Y 1416208
X 1508999  Y 1432498
X 1494499  Y 1427498
X 1335500  Y 1437500
X 1329000  Y 1420000
X 1316500  Y 1434500
X 1308000  Y 1421500
X 1298248  Y 1424649
X 1298248  Y 1418350
X 1298248  Y 1437248
X 1298248  Y 1434098
X 1298248  Y 1430948
X 1295098  Y 1418350
X 1295098  Y 1424649
X 1295098  Y 1415200
X 1295098  Y 1427799
X 1295098  Y 1434098
X 1295098  Y 1437248
X 1295098  Y 1430948
X 1291948  Y 1415200
X 1291948  Y 1427799
X 1291948  Y 1418350
X 1291948  Y 1424649
X 1291948  Y 1437248
X 1291948  Y 1434098
X 1291948  Y 1430948
X 1288799  Y 1437248
X 1288799  Y 1430948
X 1288799  Y 1434098
X 1285649  Y 1437248
X 1285649  Y 1434098
X 1285649  Y 1430948
X 1282500  Y 1415500
X 1282500  Y 1419500
X 1282500  Y 1427500
X 1282500  Y 1424000
X 1279350  Y 1437248
X 1279350  Y 1434098
X 1279350  Y 1430948
X 1276200  Y 1437248
X 1276200  Y 1434098
X 1276200  Y 1430948
X 1273051  Y 1415200
X 1273051  Y 1418350
X 1273051  Y 1424649
X 1273051  Y 1427799
X 1273051  Y 1434098
X 1273051  Y 1437248
X 1273051  Y 1430948
X 1269901  Y 1418350
X 1269901  Y 1427799
X 1269901  Y 1434098
X 1269901  Y 1424649
X 1269901  Y 1437248
X 1269901  Y 1415200
X 1269901  Y 1430948
X 1266752  Y 1424649
X 1266752  Y 1415200
X 1266752  Y 1437248
X 1266752  Y 1430948
X 1266752  Y 1434098
X 1266752  Y 1427799
X 1266752  Y 1418350
X 1263602  Y 1427799
X 1263602  Y 1424649
X 1257000  Y 1421500
X 1239000  Y 1418000
X 1239000  Y 1422000
X 1227500  Y 1437000
X 1224000  Y 1415500
X 1224000  Y 1428500
X 1224000  Y 1432500
X 1224000  Y 1422000
X 1215000  Y 1430000
X 1215000  Y 1421500
X 1215000  Y 1425000
X 1215000  Y 1417500
X 1203000  Y 1433000
X 1179000  Y 1434500
X 1163897  Y 1430948
X 1160748  Y 1437248
X 1160748  Y 1434098
X 1160748  Y 1430948
X 1160748  Y 1418350
X 1160748  Y 1415200
X 1160748  Y 1424649
X 1157598  Y 1434098
X 1157598  Y 1437248
X 1157598  Y 1430948
X 1157598  Y 1415200
X 1157598  Y 1418350
X 1157598  Y 1427799
X 1157598  Y 1424649
X 1154448  Y 1437248
X 1154448  Y 1434098
X 1154448  Y 1430948
X 1154448  Y 1427799
X 1154448  Y 1418350
X 1154448  Y 1424649
X 1154448  Y 1415200
X 1151299  Y 1430948
X 1151299  Y 1434098
X 1151299  Y 1437248
X 1148149  Y 1434098
X 1148149  Y 1430948
X 1148149  Y 1437248
X 1145000  Y 1427500
X 1145000  Y 1424000
X 1145000  Y 1419500
X 1145000  Y 1415500
X 1141850  Y 1430948
X 1141850  Y 1437248
X 1141850  Y 1434098
X 1138700  Y 1434098
X 1138700  Y 1437248
X 1138700  Y 1430948
X 1135551  Y 1424649
X 1135551  Y 1427799
X 1135551  Y 1418350
X 1135551  Y 1434098
X 1135551  Y 1430948
X 1135551  Y 1415200
X 1135551  Y 1437248
X 1132401  Y 1424649
X 1132401  Y 1418350
X 1132401  Y 1437248
X 1132401  Y 1434098
X 1132401  Y 1415200
X 1132401  Y 1430948
X 1132401  Y 1427799
X 1129252  Y 1418350
X 1129252  Y 1437248
X 1129252  Y 1424649
X 1129252  Y 1415200
X 1129252  Y 1434098
X 1129252  Y 1427799
X 1129252  Y 1430948
X 1126102  Y 1427799
X 1126102  Y 1424649
X 1119500  Y 1421500
X 1101500  Y 1419000
X 1101500  Y 1423000
X 1086500  Y 1415500
X 1086500  Y 1428500
X 1086500  Y 1422000
X 1086500  Y 1432500
X 1073500  Y 1429000
X 1072800  Y 1435200
X 1071000  Y 1422500
X 1056000  Y 1416500
X 1043000  Y 1424000
X 1042000  Y 1428000
X 1069000  Y 1461300
X 1069000  Y 1447000
X 1072000  Y 1443000
X 1084800  Y 1439200
X 1087000  Y 1457500
X 1087000  Y 1453000
X 1097500  Y 1453000
X 1098500  Y 1438500
X 1099000  Y 1447000
X 1101500  Y 1444500
X 1101500  Y 1441000
X 1129252  Y 1440397
X 1132401  Y 1440397
X 1145000  Y 1447000
X 1167200  Y 1462800
X 1172600  Y 1441700
X 1224500  Y 1453000
X 1236500  Y 1449000
X 1236500  Y 1440500
X 1239000  Y 1447000
X 1239000  Y 1443000
X 1266000  Y 1461500
X 1266752  Y 1440397
X 1269901  Y 1440397
X 1270000  Y 1461500
X 1285200  Y 1443800
X 1306500  Y 1439000
X 1316500  Y 1439000
X 1431250  Y 1456590
X 1514400  Y 1474500
X 1466950  Y 1468600
X 1457280  Y 1482000
X 1452000  Y 1477000
X 1439500  Y 1471500
X 1435760  Y 1471440
X 1416000  Y 1467000
X 1409040  Y 1474230
X 1400000  Y 1483000
X 1322630  Y 1478270
X 1312000  Y 1465000
X 1303370  Y 1478270
X 1300630  Y 1478270
X 1281370  Y 1478270
X 1278630  Y 1478270
X 1268000  Y 1464000
X 1259370  Y 1478270
X 1254500  Y 1464500
X 1247700  Y 1477200
X 1185130  Y 1478270
X 1165870  Y 1478270
X 1163130  Y 1478270
X 1143870  Y 1478270
X 1141130  Y 1478270
X 1121870  Y 1478270
X 1117000  Y 1464500
X 1110500  Y 1476500
X 1106000  Y 1476500
X 1069000  Y 1469000
X 1411000  Y 1488000
X 1413500  Y 1491000
X 1416000  Y 1488500
X 1418500  Y 1491000
X 1421000  Y 1488500
X 1517500  Y 1490000
X 1520000  Y 1492500
X 1522500  Y 1490000

Drill: .01  Tool: 2  Feed: 95  Speed: 300
X 1114000  Y 1134000
X 1115100  Y 1122700
X 1116000  Y 1137000
X 1118000  Y 1134000
X 1118800  Y 1122600
X 1120000  Y 1137000
X 1126600  Y 1122600
X 1130400  Y 1122600
X 1151600  Y 1122600
X 1155400  Y 1122600
X 1178500  Y 1092200
X 1289280  Y 1136540
X 1363900  Y 1131200
X 1363900  Y 1127200
X 1412900  Y 1134200
X 1414900  Y 1124200
X 1470340  Y 1068720
X 1471700  Y 1084000
X 1481980  Y 1061340
X 1483000  Y 1122000
X 1483200  Y 1074500
X 1425900  Y 1154700
X 1415400  Y 1156700
X 1412600  Y 1167600
X 1411000  Y 1185500
X 1410900  Y 1157300
X 1405100  Y 1185100
X 1404900  Y 1167200
X 1402900  Y 1157200
X 1400900  Y 1167200
X 1396900  Y 1157200
X 1394900  Y 1167200
X 1363900  Y 1143700
X 1363900  Y 1139700
X 1206500  Y 1162500
X 1202500  Y 1160500
X 1184500  Y 1178500
X 1184500  Y 1169000
X 1178000  Y 1165500
X 1178000  Y 1161000
X 1170000  Y 1173000
X 1169000  Y 1182500
X 1157000  Y 1154500
X 1157000  Y 1145000
X 1152500  Y 1154500
X 1152500  Y 1145000
X 1147000  Y 1153000
X 1144000  Y 1153000
X 1137300  Y 1154800
X 1137200  Y 1145000
X 1132500  Y 1154600
X 1132200  Y 1145000
X 1121500  Y 1167500
X 1121500  Y 1172500
X 1121500  Y 1186500
X 1111500  Y 1167500
X 1111500  Y 1172500
X 1111500  Y 1186500
X 1097500  Y 1186500
X 1096500  Y 1181500
X 1057000  Y 1215500
X 1062300  Y 1223800
X 1078500  Y 1227500
X 1082000  Y 1224500
X 1082000  Y 1216000
X 1111500  Y 1191000
X 1117000  Y 1235500
X 1121500  Y 1191000
X 1124400  Y 1216400
X 1146000  Y 1219500
X 1150500  Y 1219500
X 1346380  Y 1228170
X 1396400  Y 1191700
X 1421900  Y 1192100
X 1458600  Y 1199600
X 1468800  Y 1199800
X 1473115  Y 1234615
X 1501000  Y 1252000
X 1501000  Y 1242300
X 1491500  Y 1254000
X 1491500  Y 1250500
X 1491000  Y 1246000
X 1473500  Y 1251000
X 1473115  Y 1238384
X 1455500  Y 1238000
X 1292900  Y 1242600
X 1289100  Y 1242600
X 1288000  Y 1254000
X 1267900  Y 1242600
X 1264100  Y 1242600
X 1257500  Y 1257000
X 1256300  Y 1242600
X 1255500  Y 1254000
X 1253500  Y 1257000
X 1252600  Y 1242700
X 1251500  Y 1254000
X 1207600  Y 1249300
X 1202500  Y 1249400
X 1197600  Y 1249200
X 1192500  Y 1249200
X 1155400  Y 1242600
X 1151600  Y 1242600
X 1130400  Y 1242600
X 1126600  Y 1242600
X 1120000  Y 1257000
X 1118800  Y 1242600
X 1118000  Y 1254000
X 1116000  Y 1257000
X 1115100  Y 1242700
X 1114000  Y 1254000
X 1091500  Y 1245500
X 1082000  Y 1257000
X 1078500  Y 1238900
X 1081500  Y 1263000
X 1111500  Y 1287500
X 1121500  Y 1287500
X 1132500  Y 1265000
X 1132500  Y 1274500
X 1137000  Y 1274800
X 1137000  Y 1265000
X 1144000  Y 1273000
X 1152500  Y 1265000
X 1152500  Y 1274500
X 1157000  Y 1265000
X 1157000  Y 1274500
X 1178000  Y 1285500
X 1178000  Y 1281000
X 1192000  Y 1287000
X 1249000  Y 1287500
X 1259000  Y 1287500
X 1269300  Y 1265000
X 1269800  Y 1274500
X 1274500  Y 1265000
X 1274500  Y 1275000
X 1281500  Y 1273000
X 1284500  Y 1273000
X 1290000  Y 1274500
X 1294500  Y 1274500
X 1294500  Y 1265000
X 1315500  Y 1285500
X 1315500  Y 1281000
X 1328500  Y 1287500
X 1461700  Y 1266500
X 1467400  Y 1267300
X 1497500  Y 1267800
X 1469000  Y 1307000
X 1442000  Y 1308900
X 1380000  Y 1306000
X 1323900  Y 1288800
X 1323700  Y 1298000
X 1316500  Y 1307000
X 1308000  Y 1292000
X 1308000  Y 1295000
X 1306500  Y 1302500
X 1306500  Y 1307000
X 1259000  Y 1292500
X 1259000  Y 1306500
X 1259000  Y 1311000
X 1249000  Y 1292500
X 1249000  Y 1306500
X 1249000  Y 1311000
X 1238000  Y 1308500
X 1237500  Y 1291500
X 1235000  Y 1306500
X 1235000  Y 1293500
X 1235000  Y 1289500
X 1184500  Y 1298500
X 1184500  Y 1289000
X 1179000  Y 1307000
X 1179000  Y 1302500
X 1170500  Y 1291500
X 1169000  Y 1302500
X 1169000  Y 1307000
X 1121500  Y 1311000
X 1121500  Y 1306500
X 1121500  Y 1292500
X 1112000  Y 1306500
X 1111500  Y 1312500
X 1111500  Y 1292500
X 1100500  Y 1291500
X 1097500  Y 1289500
X 1097500  Y 1293500
X 1117000  Y 1355500
X 1126500  Y 1342000
X 1130500  Y 1342000
X 1148500  Y 1342000
X 1150500  Y 1338500
X 1168000  Y 1338500
X 1172500  Y 1338500
X 1174500  Y 1342000
X 1176500  Y 1338500
X 1254500  Y 1355500
X 1261500  Y 1338500
X 1264000  Y 1342000
X 1266000  Y 1338000
X 1268000  Y 1342000
X 1283500  Y 1338500
X 1286000  Y 1342000
X 1288000  Y 1338500
X 1290000  Y 1342000
X 1305500  Y 1338500
X 1308000  Y 1342000
X 1312000  Y 1342000
X 1314000  Y 1338500
X 1423000  Y 1356900
X 1434000  Y 1328000
X 1434400  Y 1356300
X 1439500  Y 1355500
X 1445000  Y 1338000
X 1447000  Y 1331000
X 1447000  Y 1353000
X 1448000  Y 1325000
X 1448000  Y 1338000
X 1451000  Y 1349000
X 1451000  Y 1353000
X 1454000  Y 1351500
X 1458000  Y 1328000
X 1458000  Y 1350500
X 1461600  Y 1353000
X 1464000  Y 1328000
X 1475000  Y 1337000
X 1476000  Y 1332500
X 1491000  Y 1325500
X 1491000  Y 1354000
X 1510240  Y 1360630
X 1524500  Y 1319000
X 1530000  Y 1313500
X 1534500  Y 1319000
X 1535400  Y 1365000
X 1530000  Y 1369900
X 1476200  Y 1368800
X 1470000  Y 1375400
X 1462200  Y 1368300
X 1457000  Y 1368500
X 1451600  Y 1375600
X 1446600  Y 1375500
X 1417500  Y 1367000
X 1292900  Y 1365600
X 1289100  Y 1365600
X 1267900  Y 1365600
X 1264100  Y 1365600
X 1257500  Y 1380000
X 1256300  Y 1365600
X 1255500  Y 1377000
X 1253500  Y 1380000
X 1252600  Y 1365700
X 1251500  Y 1377000
X 1155400  Y 1365600
X 1151600  Y 1365600
X 1131500  Y 1365000
X 1120000  Y 1380000
X 1120000  Y 1365500
X 1118000  Y 1377000
X 1116000  Y 1380000
X 1114000  Y 1377000
X 1097500  Y 1412500
X 1111500  Y 1410500
X 1121500  Y 1410500
X 1132000  Y 1397500
X 1132200  Y 1388000
X 1137000  Y 1397500
X 1137500  Y 1388000
X 1144000  Y 1396000
X 1147000  Y 1396000
X 1152500  Y 1388000
X 1157000  Y 1388000
X 1157600  Y 1397400
X 1178000  Y 1408500
X 1178000  Y 1404000
X 1184500  Y 1412000
X 1192000  Y 1410000
X 1235000  Y 1412500
X 1249000  Y 1410500
X 1259000  Y 1410500
X 1270000  Y 1388000
X 1270500  Y 1397500
X 1273900  Y 1388100
X 1274500  Y 1398000
X 1290000  Y 1388000
X 1290500  Y 1397500
X 1294500  Y 1388000
X 1294500  Y 1397500
X 1315500  Y 1408500
X 1315500  Y 1404000
X 1322000  Y 1412000
X 1329500  Y 1410000
X 1444450  Y 1427090
X 1322000  Y 1421500
X 1316500  Y 1425500
X 1316500  Y 1430000
X 1313000  Y 1421000
X 1307500  Y 1416500
X 1306500  Y 1425500
X 1306500  Y 1430000
X 1259000  Y 1415500
X 1259000  Y 1429500
X 1259000  Y 1434000
X 1249000  Y 1415500
X 1249000  Y 1429500
X 1249000  Y 1434000
X 1238000  Y 1414500
X 1238000  Y 1427500
X 1238000  Y 1431500
X 1235000  Y 1416500
X 1234000  Y 1424500
X 1187000  Y 1424000
X 1184500  Y 1421500
X 1179000  Y 1430000
X 1170000  Y 1416500
X 1169000  Y 1430000
X 1169000  Y 1425500
X 1121500  Y 1429500
X 1121500  Y 1434000
X 1121000  Y 1416000
X 1111500  Y 1429500
X 1111500  Y 1415500
X 1111500  Y 1434000
X 1100500  Y 1414500
X 1100500  Y 1431500
X 1097500  Y 1429500
X 1097500  Y 1416500
X 1096500  Y 1424500
X 1117000  Y 1478500
X 1124000  Y 1461500
X 1126500  Y 1465000
X 1128500  Y 1461500
X 1130500  Y 1465000
X 1134500  Y 1445000
X 1134500  Y 1455000
X 1139500  Y 1455000
X 1139500  Y 1445000
X 1146000  Y 1461500
X 1148500  Y 1465000
X 1150500  Y 1461500
X 1152500  Y 1465000
X 1170500  Y 1465000
X 1172500  Y 1461500
X 1174500  Y 1465000
X 1176500  Y 1461500
X 1202500  Y 1443500
X 1254500  Y 1478500
X 1261500  Y 1461000
X 1272000  Y 1444500
X 1272000  Y 1455000
X 1277000  Y 1444700
X 1277000  Y 1455000
X 1283500  Y 1461500
X 1286000  Y 1465000
X 1288000  Y 1461500
X 1290000  Y 1465000
X 1305500  Y 1461500
X 1308000  Y 1465000
X 1310000  Y 1461500
X 1340000  Y 1443500
X 1467880  Y 1459170
X 1524500  Y 1469500
X 1530000  Y 1468100
X 1532500  Y 1459000

Drill: .012  Tool: 3  Feed: 95  Speed: 300
X 1067500  Y 1027500
X 1069000  Y 1033000
X 1070000  Y 1045000
X 1075850  Y 1060300
X 1079700  Y 1046720
X 1087500  Y 1013000
X 1089380  Y 1015900
X 1091500  Y 1013000
X 1094030  Y 1015900
X 1095410  Y 1060790
X 1096000  Y 1013000
X 1098270  Y 1015900
X 1100000  Y 1013000
X 1102750  Y 1015900
X 1104500  Y 1013000
X 1112500  Y 1046500
X 1114890  Y 1038850
X 1114890  Y 1035360
X 1126380  Y 1055390
X 1156930  Y 1032260
X 1157000  Y 1052500
X 1157040  Y 1036630
X 1164600  Y 1052300
X 1179580  Y 1035350
X 1210620  Y 1041690
X 1359120  Y 1060470
X 1365420  Y 1060230
X 1505180  Y 1038960
X 1512230  Y 1042380
X 1555520  Y 1088920
X 1555330  Y 1074230
X 1481000  Y 1098570
X 1463000  Y 1099500
X 1429700  Y 1068200
X 1403500  Y 1109900
X 1401880  Y 1091270
X 1217500  Y 1107100
X 1202600  Y 1110500
X 1165450  Y 1075240
X 1150500  Y 1075960
X 1150500  Y 1067080
X 1132040  Y 1078000
X 1127000  Y 1104500
X 1115330  Y 1084920
X 1115100  Y 1096700
X 1110150  Y 1079450
X 1099920  Y 1108970
X 1092850  Y 1081290
X 1087000  Y 1071100
X 1071500  Y 1073000
X 1071370  Y 1083020
X 1071200  Y 1087500
X 1069500  Y 1106000
X 1182300  Y 1115500
X 1197500  Y 1128500
X 1202500  Y 1128500
X 1207500  Y 1128500
X 1330000  Y 1128500
X 1335000  Y 1128500
X 1340000  Y 1128500
X 1345000  Y 1128500
X 1368060  Y 1165440
X 1392360  Y 1152230
X 1403600  Y 1113500
X 1443470  Y 1124570
X 1449990  Y 1127950
X 1471000  Y 1231500
X 1466000  Y 1231500
X 1345000  Y 1247410
X 1338000  Y 1284000
X 1333500  Y 1283000
X 1207500  Y 1280500
X 1202500  Y 1280500
X 1192500  Y 1371500
X 1197500  Y 1371500
X 1202500  Y 1371500
X 1207500  Y 1371500
X 1330000  Y 1371500
X 1335000  Y 1371500
X 1340000  Y 1371500
X 1345000  Y 1371500
X 1372980  Y 1370020
X 1376710  Y 1370020
X 1380660  Y 1369980
X 1563000  Y 1350000
X 1563000  Y 1347000
X 1567500  Y 1347000
X 1567500  Y 1350000
X 1572000  Y 1346050
X 1578100  Y 1322000
X 1535889  Y 1406398
X 1524499  Y 1432998
X 1514499  Y 1452998
X 1498499  Y 1425498
X 1487790  Y 1420800
X 1345000  Y 1403500
X 1340000  Y 1403500
X 1207500  Y 1403500
X 1202500  Y 1403500
X 1044260  Y 1395250
X 1496500  Y 1474500

Drill: .016  Tool: 4  Feed: 95  Speed: 300
X 1210000  Y 1185000
X 1210000  Y 1177500
X 1212500  Y 1215000
X 1220000  Y 1220000
X 1558099  Y 1383398
X 1517469  Y 1383498
X 1465000  Y 1336500
X 1365500  Y 1372000
X 1361500  Y 1378000
X 1356500  Y 1372000
X 1352000  Y 1347500
X 1220000  Y 1267000
X 1213000  Y 1267000
X 1050300  Y 1404900
X 1417570  Y 1405930
X 1487609  Y 1394988
X 1506949  Y 1406158
X 1511999  Y 1411678
X 1538999  Y 1414198

Drill: .01969  Tool: 5  Feed: 95  Speed: 300
X 1584724  Y 1090866
X 1584724  Y 1106614
X 1585118  Y 1098740
X 1590236  Y 1090866
X 1590236  Y 1106614
X 1590630  Y 1098740
X 1595748  Y 1090866
X 1595748  Y 1106614
X 1596141  Y 1098740
X 1601259  Y 1090866
X 1601259  Y 1106614
X 1601653  Y 1098740
X 1606771  Y 1090866
X 1606771  Y 1106614
X 1607165  Y 1098740
X 1612283  Y 1090866
X 1612283  Y 1106614
X 1612677  Y 1098740
X 1617795  Y 1090866
X 1617795  Y 1106614
X 1618189  Y 1098740
X 1623307  Y 1090866
X 1623307  Y 1106614
X 1623700  Y 1098740
X 1628819  Y 1090866
X 1628819  Y 1106614
X 1629212  Y 1098740
X 1629212  Y 1114488
X 1629212  Y 1130236
X 1628819  Y 1122362
X 1623700  Y 1114488
X 1623700  Y 1130236
X 1623307  Y 1122362
X 1618189  Y 1114488
X 1618189  Y 1130236
X 1617795  Y 1122362
X 1612677  Y 1114488
X 1612677  Y 1130236
X 1612283  Y 1122362
X 1607165  Y 1114488
X 1607165  Y 1130236
X 1606771  Y 1122362
X 1601653  Y 1114488
X 1601653  Y 1130236
X 1601259  Y 1122362
X 1596141  Y 1114488
X 1596141  Y 1130236
X 1595748  Y 1122362
X 1590630  Y 1114488
X 1590630  Y 1130236
X 1590236  Y 1122362
X 1585118  Y 1114488
X 1585118  Y 1130236
X 1584724  Y 1122362
X 1584724  Y 1138110
X 1585118  Y 1145984
X 1590236  Y 1138110
X 1590630  Y 1145984
X 1595748  Y 1138110
X 1596141  Y 1145984
X 1601259  Y 1138110
X 1601653  Y 1145984
X 1606771  Y 1138110
X 1607165  Y 1145984
X 1612283  Y 1138110
X 1612677  Y 1145984
X 1617795  Y 1138110
X 1618189  Y 1145984
X 1623307  Y 1138110
X 1623700  Y 1145984
X 1628819  Y 1138110
X 1629212  Y 1145984
X 1629212  Y 1196851
X 1629212  Y 1212599
X 1628819  Y 1204725
X 1628819  Y 1188977
X 1623700  Y 1196851
X 1623700  Y 1212599
X 1623307  Y 1188977
X 1623307  Y 1204725
X 1618189  Y 1196851
X 1618189  Y 1212599
X 1617795  Y 1188977
X 1617795  Y 1204725
X 1612677  Y 1212599
X 1612677  Y 1196851
X 1612283  Y 1188977
X 1612283  Y 1204725
X 1607165  Y 1212599
X 1607165  Y 1196851
X 1606771  Y 1204725
X 1606771  Y 1188977
X 1601653  Y 1212599
X 1601653  Y 1196851
X 1601259  Y 1204725
X 1601259  Y 1188977
X 1596141  Y 1196851
X 1596141  Y 1212599
X 1595748  Y 1188977
X 1595748  Y 1204725
X 1590630  Y 1212599
X 1590630  Y 1196851
X 1590236  Y 1204725
X 1590236  Y 1188977
X 1585118  Y 1196851
X 1585118  Y 1212599
X 1584724  Y 1188977
X 1584724  Y 1204725
X 1584724  Y 1220473
X 1584724  Y 1236221
X 1585118  Y 1228347
X 1590236  Y 1220473
X 1590236  Y 1236221
X 1590630  Y 1228347
X 1595748  Y 1236221
X 1595748  Y 1220473
X 1596141  Y 1228347
X 1601259  Y 1236221
X 1601259  Y 1220473
X 1601653  Y 1228347
X 1606771  Y 1220473
X 1606771  Y 1236221
X 1607165  Y 1228347
X 1612283  Y 1220473
X 1612283  Y 1236221
X 1612677  Y 1228347
X 1617795  Y 1220473
X 1617795  Y 1236221
X 1618189  Y 1228347
X 1623307  Y 1220473
X 1623307  Y 1236221
X 1623700  Y 1228347
X 1628819  Y 1236221
X 1628819  Y 1220473
X 1629212  Y 1228347
X 1629212  Y 1244095
X 1623700  Y 1244095
X 1618189  Y 1244095
X 1612677  Y 1244095
X 1607165  Y 1244095
X 1601653  Y 1244095
X 1596141  Y 1244095
X 1590630  Y 1244095
X 1585118  Y 1244095

Drill: .02953  Tool: 6  Feed: 197  Speed: 550
X 1578031  Y 1397912
X 1585905  Y 1397912
X 1593779  Y 1397912
X 1609527  Y 1397912
X 1617401  Y 1397912
X 1625276  Y 1397912
X 1625276  Y 1421535
X 1617401  Y 1421535
X 1609527  Y 1421535
X 1593779  Y 1421535
X 1585905  Y 1421535
X 1578031  Y 1421535

Drill: .0315  Tool: 7  Feed: 197  Speed: 550
X 1472440  Y 1034251
X 1482440  Y 1034251
X 1487362  Y 1465748
X 1477362  Y 1465748

Drill: .04291  Tool: 8  Feed: 139  Speed: 550
X 1015984  Y 1392795
X 1015984  Y 1402795
X 1015984  Y 1410511
X 1015984  Y 1420511
X 1015984  Y 1445945
X 1015984  Y 1455945

Drill: .044  Tool: 9  Feed: 139  Speed: 550
X 1026929  Y 1469016
X 1026929  Y 1479016
X 1036929  Y 1469016
X 1036929  Y 1479016
X 1046929  Y 1469016
X 1046929  Y 1479016

Drill: .07874  Tool: 10  Feed: 81  Speed: 550
X 1406771  Y 1016220
X 1434330  Y 1483937

Drill: .08268  Tool: 11  Feed: 74  Speed: 550
X 1621339  Y 1409724

Drill: .15748  Tool: 12  Feed: 35  Speed: 900
X 1569173  Y 1040906
X 1595236  Y 1040906
X 1617402  Y 1040906
X 1617402  Y 1459055
X 1595236  Y 1459055
X 1569173  Y 1459055

End of Listing
