Drill Listing
=============
Drill: .01  Tool: 1  Feed: 95  Speed: 300
X 1036579  Y 1048126
X 1038579  Y 1038126
X 1041079  Y 1028126
X 1043079  Y 1018126
X 1063830  Y 1046290
X 1066360  Y 1038180
X 1069579  Y 1038626
X 1080579  Y 1050626
X 1083079  Y 1051626
X 1087079  Y 1050626
X 1094579  Y 1045126
X 1095079  Y 1048626
X 1110579  Y 1049626
X 1111630  Y 1052160
X 1112579  Y 1046126
X 1116579  Y 1049626
X 1120700  Y 1053700
X 1129100  Y 1051100
X 1137600  Y 1050300
X 1143300  Y 1049030
X 1147300  Y 1049300
X 1151490  Y 1036410
X 1152000  Y 1049100
X 1155400  Y 1049300
X 1165237  Y 1050404
X 1169174  Y 1050404
X 1170700  Y 1040230
X 1171500  Y 1030700
X 1173111  Y 1050404
X 1180985  Y 1050404
X 1181500  Y 1032500
X 1184922  Y 1050404
X 1188859  Y 1050404
X 1208020  Y 1045990
X 1214250  Y 1043240
X 1216750  Y 1050800
X 1248079  Y 1045626
X 1254079  Y 1048126
X 1254079  Y 1051126
X 1254579  Y 1032626
X 1256579  Y 1041126
X 1265079  Y 1030626
X 1268579  Y 1046126
X 1269800  Y 1042100
X 1272000  Y 1030000
X 1273947  Y 1042537
X 1277954  Y 1042537
X 1279853  Y 1032391
X 1280680  Y 1042440
X 1283790  Y 1032391
X 1285758  Y 1042537
X 1287000  Y 1045100
X 1298740  Y 1052090
X 1311079  Y 1051626
X 1532500  Y 1047600
X 1542600  Y 1052800
X 1566600  Y 1066500
X 1542800  Y 1068200
X 1534900  Y 1076000
X 1528000  Y 1058000
X 1524000  Y 1058000
X 1514000  Y 1076000
X 1466300  Y 1062561
X 1462800  Y 1062561
X 1350079  Y 1066626
X 1302079  Y 1060626
X 1292579  Y 1076626
X 1288000  Y 1062500
X 1281820  Y 1065630
X 1271579  Y 1060626
X 1271100  Y 1064600
X 1268579  Y 1060126
X 1268500  Y 1076500
X 1266900  Y 1062200
X 1254579  Y 1059626
X 1254079  Y 1063626
X 1230079  Y 1059126
X 1225900  Y 1076000
X 1218600  Y 1062800
X 1216800  Y 1055500
X 1216570  Y 1065030
X 1205900  Y 1062000
X 1192900  Y 1062200
X 1192900  Y 1058000
X 1192774  Y 1070126
X 1192774  Y 1074063
X 1192774  Y 1078000
X 1192700  Y 1054200
X 1188900  Y 1058300
X 1188900  Y 1062300
X 1188900  Y 1054300
X 1188837  Y 1070126
X 1188837  Y 1078000
X 1188837  Y 1066189
X 1188837  Y 1074063
X 1185100  Y 1058300
X 1185100  Y 1054300
X 1184900  Y 1062300
X 1184900  Y 1070126
X 1184900  Y 1074063
X 1184900  Y 1066189
X 1184900  Y 1078000
X 1181100  Y 1058300
X 1181000  Y 1054300
X 1180963  Y 1066189
X 1180900  Y 1062300
X 1177200  Y 1078000
X 1176900  Y 1062200
X 1173300  Y 1074000
X 1173200  Y 1078000
X 1173100  Y 1058300
X 1173100  Y 1054400
X 1169300  Y 1070200
X 1169300  Y 1074100
X 1169174  Y 1058278
X 1169174  Y 1077963
X 1169000  Y 1054400
X 1165237  Y 1070089
X 1165237  Y 1074026
X 1165200  Y 1078100
X 1165200  Y 1054200
X 1165000  Y 1058300
X 1157500  Y 1054300
X 1157474  Y 1058400
X 1157400  Y 1078100
X 1157300  Y 1070100
X 1157200  Y 1074100
X 1153600  Y 1058300
X 1153600  Y 1054300
X 1153426  Y 1074026
X 1153400  Y 1070000
X 1153400  Y 1078100
X 1149600  Y 1058400
X 1149500  Y 1054300
X 1149500  Y 1078100
X 1149500  Y 1062400
X 1149489  Y 1074026
X 1145700  Y 1066200
X 1145600  Y 1054200
X 1145600  Y 1058100
X 1145300  Y 1062200
X 1141700  Y 1074200
X 1141600  Y 1058100
X 1141600  Y 1062200
X 1141560  Y 1054170
X 1137700  Y 1066100
X 1137700  Y 1070100
X 1137700  Y 1054300
X 1137700  Y 1078200
X 1137600  Y 1074100
X 1137600  Y 1062100
X 1133700  Y 1054300
X 1129110  Y 1060249
X 1104060  Y 1054500
X 1099400  Y 1057200
X 1095320  Y 1057960
X 1094530  Y 1054970
X 1093640  Y 1069600
X 1074579  Y 1059626
X 1069579  Y 1055626
X 1068900  Y 1059700
X 1034579  Y 1058126
X 1033079  Y 1068126
X 1031579  Y 1078126
X 1028579  Y 1098126
X 1030079  Y 1088126
X 1129200  Y 1103500
X 1137600  Y 1085700
X 1137678  Y 1093711
X 1137678  Y 1097648
X 1137678  Y 1101585
X 1137700  Y 1089700
X 1141615  Y 1101585
X 1141615  Y 1097648
X 1141615  Y 1093711
X 1145552  Y 1085837
X 1149489  Y 1085837
X 1149489  Y 1089774
X 1153426  Y 1085837
X 1153426  Y 1089774
X 1153500  Y 1093800
X 1157363  Y 1089774
X 1157363  Y 1085837
X 1157400  Y 1097800
X 1157500  Y 1093800
X 1165237  Y 1089774
X 1165237  Y 1085837
X 1165300  Y 1093800
X 1169174  Y 1085837
X 1169174  Y 1089774
X 1169300  Y 1093800
X 1173111  Y 1085837
X 1173111  Y 1089774
X 1173200  Y 1093800
X 1177000  Y 1101600
X 1177048  Y 1085837
X 1177100  Y 1097600
X 1180985  Y 1101600
X 1180985  Y 1093711
X 1181000  Y 1097600
X 1184922  Y 1101585
X 1184922  Y 1097648
X 1184922  Y 1093711
X 1184922  Y 1089774
X 1184922  Y 1085837
X 1188859  Y 1097648
X 1188859  Y 1101585
X 1188859  Y 1093711
X 1188859  Y 1089774
X 1188859  Y 1085837
X 1192796  Y 1089773
X 1192796  Y 1093710
X 1192800  Y 1085900
X 1193100  Y 1097700
X 1204900  Y 1094100
X 1219500  Y 1103100
X 1246079  Y 1094126
X 1250079  Y 1082626
X 1250079  Y 1093626
X 1253079  Y 1081626
X 1254079  Y 1093626
X 1258079  Y 1094126
X 1261079  Y 1079626
X 1263579  Y 1081626
X 1292500  Y 1096000
X 1292500  Y 1100000
X 1297500  Y 1095000
X 1299000  Y 1092500
X 1299500  Y 1100000
X 1300000  Y 1089500
X 1334079  Y 1091126
X 1335700  Y 1096050
X 1340500  Y 1094000
X 1342079  Y 1086126
X 1343750  Y 1099600
X 1346500  Y 1087500
X 1349000  Y 1094000
X 1349500  Y 1099000
X 1356000  Y 1090500
X 1367500  Y 1103000
X 1373000  Y 1091500
X 1373500  Y 1103000
X 1462500  Y 1093561
X 1466000  Y 1093561
X 1468600  Y 1099400
X 1468600  Y 1103800
X 1508800  Y 1090900
X 1518800  Y 1095300
X 1527500  Y 1095000
X 1531000  Y 1084500
X 1548300  Y 1086200
X 1564800  Y 1108200
X 1554400  Y 1107400
X 1535000  Y 1114000
X 1513900  Y 1113300
X 1466000  Y 1124161
X 1462500  Y 1124161
X 1366500  Y 1118000
X 1359000  Y 1125500
X 1351500  Y 1107500
X 1350700  Y 1119100
X 1348500  Y 1107000
X 1347500  Y 1119500
X 1343500  Y 1118500
X 1339000  Y 1128500
X 1338100  Y 1122600
X 1269079  Y 1115126
X 1223000  Y 1127800
X 1200590  Y 1105470
X 1192856  Y 1105522
X 1192796  Y 1113396
X 1188859  Y 1109459
X 1188859  Y 1105522
X 1184922  Y 1113396
X 1184922  Y 1105522
X 1184922  Y 1109459
X 1180985  Y 1105522
X 1177100  Y 1105474
X 1173163  Y 1105474
X 1169174  Y 1105522
X 1165289  Y 1105474
X 1157363  Y 1105522
X 1153426  Y 1105522
X 1145552  Y 1105522
X 1139600  Y 1114000
X 1133741  Y 1109459
X 1130300  Y 1113400
X 1059400  Y 1112300
X 1027079  Y 1108126
X 1025579  Y 1118126
X 1024079  Y 1128126
X 1016079  Y 1178126
X 1017579  Y 1168126
X 1019079  Y 1158126
X 1020579  Y 1148126
X 1022579  Y 1138126
X 1060900  Y 1156500
X 1093650  Y 1136460
X 1165790  Y 1166770
X 1166070  Y 1171130
X 1176500  Y 1171500
X 1176500  Y 1177500
X 1176500  Y 1174500
X 1179500  Y 1174500
X 1179500  Y 1177500
X 1179500  Y 1171500
X 1180280  Y 1159500
X 1182500  Y 1174500
X 1182500  Y 1177500
X 1182500  Y 1171500
X 1186290  Y 1162000
X 1220700  Y 1130800
X 1220999  Y 1173996
X 1221000  Y 1171000
X 1221000  Y 1168000
X 1223999  Y 1173996
X 1224000  Y 1171000
X 1224000  Y 1168000
X 1226999  Y 1173996
X 1227000  Y 1168000
X 1227000  Y 1171000
X 1236200  Y 1170800
X 1248800  Y 1152000
X 1252200  Y 1150700
X 1253800  Y 1138100
X 1299300  Y 1154700
X 1300200  Y 1158700
X 1310400  Y 1161000
X 1323100  Y 1178900
X 1329600  Y 1175600
X 1342200  Y 1132200
X 1350000  Y 1132000
X 1356600  Y 1135020
X 1462570  Y 1154000
X 1466070  Y 1154000
X 1468600  Y 1159651
X 1468600  Y 1164051
X 1468600  Y 1134800
X 1468600  Y 1130400
X 1574000  Y 1228600
X 1573500  Y 1219200
X 1556800  Y 1227000
X 1552400  Y 1227600
X 1531000  Y 1225900
X 1512900  Y 1217800
X 1507100  Y 1200400
X 1491500  Y 1184700
X 1490500  Y 1190900
X 1490000  Y 1187000
X 1483500  Y 1209000
X 1476300  Y 1182900
X 1476200  Y 1197800
X 1468500  Y 1190364
X 1468500  Y 1194764
X 1468500  Y 1224564
X 1468500  Y 1220164
X 1466000  Y 1183800
X 1466000  Y 1210803
X 1462200  Y 1210803
X 1462200  Y 1183803
X 1357900  Y 1186100
X 1348000  Y 1179400
X 1320650  Y 1225700
X 1236200  Y 1224400
X 1227800  Y 1213500
X 1227000  Y 1228000
X 1226999  Y 1224996
X 1226999  Y 1221996
X 1223999  Y 1224996
X 1223999  Y 1221996
X 1223999  Y 1227996
X 1221000  Y 1228000
X 1220999  Y 1224996
X 1220999  Y 1221996
X 1187860  Y 1187000
X 1186290  Y 1213000
X 1182500  Y 1229000
X 1182500  Y 1226000
X 1182500  Y 1223000
X 1181850  Y 1189540
X 1180280  Y 1210500
X 1179500  Y 1226000
X 1179500  Y 1223000
X 1179500  Y 1229000
X 1176500  Y 1226000
X 1176500  Y 1229000
X 1176500  Y 1223000
X 1175580  Y 1189540
X 1169570  Y 1187000
X 1166700  Y 1223500
X 1166450  Y 1219030
X 1104710  Y 1204450
X 1104120  Y 1213870
X 1094300  Y 1217000
X 1093900  Y 1211400
X 1093600  Y 1207600
X 1093600  Y 1201300
X 1070500  Y 1190000
X 1070000  Y 1186500
X 1069600  Y 1204500
X 1069440  Y 1220200
X 1068040  Y 1209690
X 1065450  Y 1228300
X 1062950  Y 1225500
X 1062000  Y 1190500
X 1060000  Y 1193500
X 1057180  Y 1216570
X 1056000  Y 1197500
X 1049000  Y 1200000
X 1045300  Y 1227840
X 1014579  Y 1188126
X 1013079  Y 1198126
X 1011579  Y 1208126
X 1010079  Y 1218126
X 1008579  Y 1228126
X 1005579  Y 1248126
X 1007079  Y 1238126
X 1047860  Y 1230550
X 1052960  Y 1230500
X 1062200  Y 1249300
X 1062953  Y 1254090
X 1065453  Y 1252090
X 1169570  Y 1238000
X 1175580  Y 1240540
X 1181850  Y 1240540
X 1187860  Y 1238000
X 1462100  Y 1244261
X 1466000  Y 1244200
X 1468600  Y 1249903
X 1483750  Y 1248660
X 1484940  Y 1241130
X 1488910  Y 1237160
X 1491500  Y 1254000
X 1492500  Y 1237000
X 1515400  Y 1240500
X 1516100  Y 1237900
X 1518600  Y 1236100
X 1521400  Y 1233900
X 1526600  Y 1231700
X 1541900  Y 1237100
X 1558800  Y 1251900
X 1559300  Y 1235600
X 1559600  Y 1243200
X 1566000  Y 1231700
X 1571600  Y 1245900
X 1580000  Y 1235500
X 1536600  Y 1255300
X 1525940  Y 1274030
X 1525940  Y 1277180
X 1525940  Y 1267731
X 1522200  Y 1277400
X 1481390  Y 1271460
X 1468600  Y 1254303
X 1465600  Y 1268700
X 1462800  Y 1268700
X 1415800  Y 1274600
X 1414800  Y 1263100
X 1368000  Y 1254500
X 1368000  Y 1258000
X 1285600  Y 1276500
X 1227600  Y 1266000
X 1227000  Y 1274500
X 1227000  Y 1277500
X 1224000  Y 1274500
X 1224000  Y 1277500
X 1221000  Y 1274500
X 1221000  Y 1277500
X 1188500  Y 1270800
X 1186290  Y 1267000
X 1182500  Y 1276000
X 1182500  Y 1279000
X 1180280  Y 1264500
X 1179500  Y 1276000
X 1179500  Y 1279000
X 1176500  Y 1276000
X 1176500  Y 1279000
X 1165300  Y 1277400
X 1165100  Y 1272900
X 1060453  Y 1264590
X 1042000  Y 1265000
X 1004079  Y 1258126
X 1003879  Y 1278126
X 1003879  Y 1268126
X 1003879  Y 1298126
X 1003879  Y 1288126
X 1074453  Y 1294590
X 1147053  Y 1287590
X 1150079  Y 1290126
X 1169570  Y 1291000
X 1175580  Y 1293540
X 1176500  Y 1282000
X 1179500  Y 1282000
X 1181840  Y 1293540
X 1182500  Y 1282000
X 1187860  Y 1291000
X 1221000  Y 1280500
X 1224000  Y 1280500
X 1227000  Y 1280500
X 1282900  Y 1296600
X 1286100  Y 1292900
X 1318400  Y 1292500
X 1340000  Y 1288500
X 1354300  Y 1297300
X 1468000  Y 1281600
X 1468000  Y 1284400
X 1496300  Y 1294200
X 1499600  Y 1291900
X 1501700  Y 1300700
X 1505600  Y 1298800
X 1576360  Y 1298850
X 1541400  Y 1325900
X 1538500  Y 1332300
X 1537350  Y 1308680
X 1537180  Y 1311830
X 1526900  Y 1334300
X 1523000  Y 1334200
X 1522800  Y 1345400
X 1522000  Y 1313000
X 1514000  Y 1327600
X 1513700  Y 1312900
X 1500560  Y 1330380
X 1498000  Y 1343500
X 1496000  Y 1341000
X 1495000  Y 1336500
X 1296700  Y 1309400
X 1228300  Y 1325000
X 1227000  Y 1340000
X 1227000  Y 1334000
X 1227000  Y 1337000
X 1224000  Y 1334000
X 1224000  Y 1340000
X 1224000  Y 1337000
X 1221000  Y 1337000
X 1221000  Y 1334000
X 1221000  Y 1340000
X 1219500  Y 1324300
X 1187900  Y 1344880
X 1186290  Y 1321000
X 1182500  Y 1336000
X 1182500  Y 1333000
X 1182500  Y 1330000
X 1181860  Y 1347500
X 1180280  Y 1318500
X 1179500  Y 1330000
X 1179500  Y 1333000
X 1179500  Y 1336000
X 1178710  Y 1343200
X 1176500  Y 1330000
X 1176500  Y 1333000
X 1176500  Y 1336000
X 1175560  Y 1347500
X 1169550  Y 1344960
X 1120000  Y 1330000
X 1065520  Y 1310290
X 1058490  Y 1347570
X 1040079  Y 1325126
X 1003579  Y 1338126
X 1003579  Y 1328126
X 1003579  Y 1348126
X 1003579  Y 1308126
X 1003579  Y 1318126
X 1003579  Y 1368126
X 1003579  Y 1378126
X 1003579  Y 1358126
X 1003579  Y 1398126
X 1003579  Y 1388126
X 1163000  Y 1363000
X 1252500  Y 1397500
X 1252500  Y 1392500
X 1252500  Y 1395000
X 1255000  Y 1392500
X 1255000  Y 1394900
X 1255000  Y 1397500
X 1257500  Y 1395000
X 1257500  Y 1392500
X 1257500  Y 1397500
X 1410900  Y 1381100
X 1471100  Y 1401300
X 1474700  Y 1449700
X 1474300  Y 1436600
X 1468700  Y 1411400
X 1466500  Y 1429500
X 1464600  Y 1411000
X 1457800  Y 1412200
X 1326700  Y 1434400
X 1003879  Y 1478126
X 1003579  Y 1438126
X 1003579  Y 1428126
X 1003579  Y 1418126
X 1003579  Y 1408126
X 1003579  Y 1468126
X 1003579  Y 1448126
X 1003579  Y 1458126

Drill: .012  Tool: 2  Feed: 95  Speed: 300
X 1058079  Y 1004126
X 1059579  Y 1016126
X 1068079  Y 1004126
X 1078079  Y 1004126
X 1088079  Y 1004126
X 1108079  Y 1004126
X 1214079  Y 1004126
X 1224079  Y 1004126
X 1234079  Y 1004126
X 1244079  Y 1004126
X 1254079  Y 1004126
X 1264079  Y 1004126
X 1272400  Y 1021800
X 1274079  Y 1004126
X 1281000  Y 1021100
X 1284079  Y 1004126
X 1290500  Y 1024300
X 1294079  Y 1004126
X 1304079  Y 1004126
X 1305000  Y 1029000
X 1314079  Y 1004126
X 1324079  Y 1004126
X 1334000  Y 1023500
X 1334079  Y 1004126
X 1344079  Y 1004126
X 1354079  Y 1004126
X 1359000  Y 1024500
X 1364079  Y 1004126
X 1374079  Y 1004126
X 1384079  Y 1004126
X 1394079  Y 1004126
X 1404079  Y 1004126
X 1414079  Y 1004126
X 1424079  Y 1004126
X 1434079  Y 1004126
X 1444079  Y 1004126
X 1454079  Y 1004126
X 1464079  Y 1004126
X 1474079  Y 1004126
X 1484079  Y 1004126
X 1494079  Y 1004126
X 1504079  Y 1004126
X 1514079  Y 1004126
X 1524079  Y 1004126
X 1534079  Y 1004126
X 1544079  Y 1004126
X 1554079  Y 1004126
X 1564079  Y 1004126
X 1574079  Y 1004126
X 1584079  Y 1004126
X 1594079  Y 1004126
X 1557100  Y 1052700
X 1358000  Y 1037500
X 1353000  Y 1042000
X 1329500  Y 1044500
X 1325000  Y 1044500
X 1320000  Y 1044500
X 1319500  Y 1053000
X 1308500  Y 1049000
X 1300000  Y 1045500
X 1287500  Y 1051500
X 1283000  Y 1050000
X 1270579  Y 1049626
X 1269579  Y 1053126
X 1265579  Y 1047626
X 1249579  Y 1033626
X 1246079  Y 1033626
X 1243079  Y 1033626
X 1240079  Y 1033626
X 1235079  Y 1048126
X 1193080  Y 1050120
X 1185900  Y 1033100
X 1177800  Y 1032800
X 1174300  Y 1033000
X 1166000  Y 1032400
X 1164600  Y 1040330
X 1146200  Y 1032400
X 1142850  Y 1036950
X 1116400  Y 1052700
X 1107300  Y 1050000
X 1103900  Y 1049800
X 1076079  Y 1038126
X 1075579  Y 1050626
X 1072579  Y 1053126
X 1069300  Y 1049400
X 1064600  Y 1053900
X 1064500  Y 1049900
X 1062000  Y 1030500
X 1053000  Y 1032300
X 1049700  Y 1050700
X 1046579  Y 1069126
X 1066900  Y 1067500
X 1081800  Y 1070000
X 1087100  Y 1069700
X 1091900  Y 1078200
X 1096700  Y 1068500
X 1099000  Y 1074700
X 1101200  Y 1068300
X 1104300  Y 1075400
X 1106900  Y 1068800
X 1109800  Y 1065700
X 1204900  Y 1058300
X 1237079  Y 1073626
X 1252079  Y 1057626
X 1255079  Y 1074126
X 1255579  Y 1056626
X 1266700  Y 1055300
X 1274579  Y 1076626
X 1275000  Y 1057500
X 1278500  Y 1056800
X 1278900  Y 1076600
X 1281400  Y 1058000
X 1282579  Y 1062126
X 1287900  Y 1065600
X 1300000  Y 1076500
X 1303579  Y 1076626
X 1308000  Y 1065500
X 1309500  Y 1076000
X 1321579  Y 1068626
X 1323079  Y 1065126
X 1336000  Y 1071500
X 1343579  Y 1075626
X 1358000  Y 1069500
X 1365900  Y 1072000
X 1365900  Y 1075600
X 1403500  Y 1071000
X 1405000  Y 1059500
X 1414500  Y 1063000
X 1414800  Y 1075000
X 1415000  Y 1070000
X 1425500  Y 1062900
X 1435400  Y 1061300
X 1478200  Y 1057800
X 1478800  Y 1070500
X 1483300  Y 1058190
X 1488200  Y 1058100
X 1508900  Y 1054300
X 1542900  Y 1061600
X 1560700  Y 1090900
X 1544100  Y 1097500
X 1516900  Y 1086300
X 1491400  Y 1094700
X 1487000  Y 1095500
X 1481300  Y 1082800
X 1435400  Y 1082000
X 1435400  Y 1093400
X 1425500  Y 1094300
X 1425000  Y 1081500
X 1415500  Y 1101000
X 1414800  Y 1080000
X 1414500  Y 1095000
X 1405500  Y 1092000
X 1405500  Y 1083500
X 1403710  Y 1100980
X 1372900  Y 1083300
X 1369300  Y 1083300
X 1365420  Y 1091040
X 1358000  Y 1084500
X 1340750  Y 1100000
X 1334000  Y 1100000
X 1334000  Y 1103500
X 1325579  Y 1087626
X 1321579  Y 1084626
X 1317800  Y 1099900
X 1314579  Y 1087126
X 1299500  Y 1103500
X 1292579  Y 1081126
X 1285079  Y 1086626
X 1268079  Y 1102126
X 1258579  Y 1100126
X 1094100  Y 1087000
X 1092600  Y 1097900
X 1087100  Y 1086200
X 1082700  Y 1088300
X 1082000  Y 1083200
X 1080100  Y 1090600
X 1080100  Y 1094200
X 1043579  Y 1087126
X 1040579  Y 1104626
X 1043079  Y 1119326
X 1052879  Y 1125526
X 1054300  Y 1115000
X 1056779  Y 1126126
X 1059779  Y 1123026
X 1146400  Y 1119300
X 1149800  Y 1119400
X 1213600  Y 1125300
X 1279579  Y 1107626
X 1280579  Y 1123126
X 1285579  Y 1110626
X 1288079  Y 1120126
X 1290500  Y 1124000
X 1290579  Y 1116626
X 1292000  Y 1127500
X 1295500  Y 1114000
X 1299000  Y 1125000
X 1299500  Y 1128500
X 1310200  Y 1110000
X 1315600  Y 1118400
X 1315900  Y 1106100
X 1317500  Y 1124500
X 1319000  Y 1106000
X 1323000  Y 1114000
X 1328000  Y 1112500
X 1333500  Y 1113000
X 1334500  Y 1129000
X 1334500  Y 1126000
X 1338700  Y 1117200
X 1339500  Y 1114000
X 1369400  Y 1115300
X 1370100  Y 1108900
X 1370300  Y 1104600
X 1373800  Y 1115900
X 1377500  Y 1117800
X 1405500  Y 1123000
X 1405500  Y 1114500
X 1414400  Y 1111000
X 1414500  Y 1106000
X 1415000  Y 1125000
X 1425100  Y 1114500
X 1425500  Y 1125000
X 1435400  Y 1122800
X 1435400  Y 1113200
X 1481700  Y 1108100
X 1435400  Y 1153000
X 1435400  Y 1144600
X 1425400  Y 1144200
X 1414600  Y 1136500
X 1414500  Y 1132500
X 1414500  Y 1141500
X 1405500  Y 1145300
X 1405500  Y 1153600
X 1403500  Y 1133500
X 1375500  Y 1129500
X 1375000  Y 1150400
X 1371500  Y 1129600
X 1371400  Y 1150400
X 1370500  Y 1133000
X 1370000  Y 1138000
X 1369000  Y 1142000
X 1359300  Y 1144800
X 1348500  Y 1153000
X 1346900  Y 1145900
X 1344800  Y 1136900
X 1340200  Y 1153300
X 1337200  Y 1138500
X 1334000  Y 1134200
X 1333500  Y 1151000
X 1331500  Y 1137300
X 1324000  Y 1138000
X 1322400  Y 1140900
X 1320100  Y 1131300
X 1317500  Y 1150500
X 1317100  Y 1131200
X 1316300  Y 1144200
X 1307200  Y 1137000
X 1299000  Y 1137500
X 1298079  Y 1150626
X 1297579  Y 1146626
X 1295100  Y 1134600
X 1225600  Y 1149300
X 1216600  Y 1149400
X 1188500  Y 1134000
X 1173250  Y 1152680
X 1093500  Y 1132000
X 1053379  Y 1130726
X 1050479  Y 1135526
X 1049979  Y 1129226
X 1047500  Y 1151000
X 1032979  Y 1159626
X 1034100  Y 1163200
X 1034500  Y 1172000
X 1047500  Y 1155000
X 1047600  Y 1168500
X 1048000  Y 1175000
X 1048000  Y 1171500
X 1048000  Y 1178500
X 1152680  Y 1175260
X 1152680  Y 1170960
X 1152780  Y 1164660
X 1154900  Y 1178800
X 1165500  Y 1162540
X 1190200  Y 1166600
X 1193300  Y 1176900
X 1200600  Y 1164500
X 1208000  Y 1175500
X 1220079  Y 1159786
X 1233300  Y 1159200
X 1234200  Y 1163700
X 1235779  Y 1178956
X 1235849  Y 1175386
X 1237300  Y 1164800
X 1244285  Y 1173047
X 1247600  Y 1174700
X 1248200  Y 1163200
X 1248400  Y 1167800
X 1252300  Y 1176800
X 1269400  Y 1178300
X 1284000  Y 1171700
X 1285500  Y 1177900
X 1295800  Y 1162500
X 1298000  Y 1171961
X 1305600  Y 1171761
X 1317880  Y 1171700
X 1319000  Y 1156500
X 1322350  Y 1172850
X 1326500  Y 1163500
X 1331200  Y 1163200
X 1333500  Y 1155000
X 1334200  Y 1159600
X 1336500  Y 1156500
X 1344100  Y 1172400
X 1354900  Y 1160900
X 1358600  Y 1171700
X 1360300  Y 1160300
X 1367500  Y 1163000
X 1367500  Y 1167000
X 1403500  Y 1162500
X 1405500  Y 1174500
X 1414500  Y 1161500
X 1414500  Y 1155000
X 1414900  Y 1166500
X 1415000  Y 1171500
X 1425200  Y 1173500
X 1425600  Y 1154900
X 1435400  Y 1173800
X 1505500  Y 1168000
X 1505500  Y 1172000
X 1520020  Y 1166040
X 1533000  Y 1158860
X 1533000  Y 1163980
X 1536000  Y 1161420
X 1547500  Y 1169500
X 1547500  Y 1176000
X 1547500  Y 1196500
X 1547500  Y 1182500
X 1547500  Y 1189500
X 1522000  Y 1187020
X 1435400  Y 1182900
X 1425400  Y 1185400
X 1425000  Y 1203800
X 1415000  Y 1191000
X 1414500  Y 1196500
X 1414500  Y 1201500
X 1414500  Y 1184500
X 1405500  Y 1183600
X 1403500  Y 1192000
X 1376350  Y 1187200
X 1369620  Y 1183170
X 1359600  Y 1196300
X 1348100  Y 1200400
X 1345700  Y 1186400
X 1335300  Y 1187300
X 1332000  Y 1188650
X 1329600  Y 1196600
X 1329400  Y 1200200
X 1329300  Y 1182750
X 1328500  Y 1188100
X 1322150  Y 1182750
X 1318300  Y 1184500
X 1318250  Y 1190150
X 1317500  Y 1199500
X 1309800  Y 1193700
X 1305600  Y 1180500
X 1305300  Y 1184500
X 1298300  Y 1184400
X 1298000  Y 1180600
X 1296100  Y 1193100
X 1287500  Y 1192900
X 1285900  Y 1184600
X 1285800  Y 1188600
X 1284400  Y 1191600
X 1283800  Y 1181700
X 1269400  Y 1186100
X 1269300  Y 1190400
X 1269000  Y 1182800
X 1252400  Y 1180400
X 1250900  Y 1193300
X 1239700  Y 1195100
X 1234800  Y 1200500
X 1227700  Y 1203900
X 1219300  Y 1200500
X 1218700  Y 1204000
X 1217500  Y 1183000
X 1212239  Y 1200276
X 1209000  Y 1182700
X 1192600  Y 1180600
X 1192100  Y 1184500
X 1178710  Y 1184900
X 1087000  Y 1190500
X 1081500  Y 1200500
X 1081000  Y 1195500
X 1080500  Y 1192000
X 1080480  Y 1182400
X 1070200  Y 1201400
X 1047600  Y 1182700
X 1045700  Y 1185900
X 1033500  Y 1199500
X 1030800  Y 1180500
X 1030479  Y 1197226
X 1025979  Y 1197626
X 1026279  Y 1215526
X 1031500  Y 1216000
X 1034100  Y 1220300
X 1087000  Y 1215500
X 1156200  Y 1228000
X 1156200  Y 1223500
X 1156300  Y 1219000
X 1173250  Y 1205480
X 1189700  Y 1219100
X 1193400  Y 1221900
X 1196400  Y 1227500
X 1203859  Y 1218276
X 1211900  Y 1227800
X 1220099  Y 1213496
X 1233300  Y 1212800
X 1234200  Y 1217300
X 1236100  Y 1227700
X 1237300  Y 1218400
X 1244400  Y 1226900
X 1247600  Y 1228000
X 1248100  Y 1222800
X 1248200  Y 1218300
X 1284700  Y 1223800
X 1296800  Y 1213800
X 1298000  Y 1223974
X 1298200  Y 1228874
X 1305600  Y 1223774
X 1305600  Y 1228874
X 1310100  Y 1220300
X 1312050  Y 1210100
X 1323550  Y 1220450
X 1324700  Y 1215600
X 1329500  Y 1216800
X 1329900  Y 1222300
X 1331050  Y 1211400
X 1331100  Y 1208100
X 1336600  Y 1213600
X 1337100  Y 1209000
X 1348000  Y 1222500
X 1348000  Y 1208700
X 1354850  Y 1213500
X 1355750  Y 1228500
X 1356900  Y 1207300
X 1361700  Y 1217100
X 1365400  Y 1217300
X 1368900  Y 1217100
X 1371700  Y 1211000
X 1375300  Y 1211000
X 1375670  Y 1218400
X 1403500  Y 1222500
X 1405500  Y 1213000
X 1405500  Y 1204900
X 1414500  Y 1215000
X 1415000  Y 1221000
X 1415400  Y 1226500
X 1424300  Y 1211500
X 1425300  Y 1216500
X 1435400  Y 1204700
X 1435400  Y 1211600
X 1486100  Y 1214700
X 1490500  Y 1214500
X 1500400  Y 1218500
X 1509600  Y 1215000
X 1518500  Y 1214000
X 1522100  Y 1219400
X 1528300  Y 1214400
X 1539100  Y 1215400
X 1558700  Y 1219400
X 1558900  Y 1232200
X 1558500  Y 1246300
X 1549500  Y 1249200
X 1549500  Y 1252900
X 1541800  Y 1245900
X 1538700  Y 1238100
X 1526600  Y 1235400
X 1526300  Y 1240900
X 1526100  Y 1244400
X 1512400  Y 1233800
X 1501700  Y 1249000
X 1500161  Y 1229940
X 1500161  Y 1233090
X 1498900  Y 1240600
X 1498000  Y 1245400
X 1495500  Y 1229500
X 1435400  Y 1241500
X 1435400  Y 1234500
X 1425000  Y 1247300
X 1424800  Y 1234000
X 1424200  Y 1241600
X 1415000  Y 1251400
X 1414500  Y 1244500
X 1414400  Y 1231500
X 1405500  Y 1234900
X 1405500  Y 1243000
X 1403500  Y 1252500
X 1375100  Y 1241600
X 1371500  Y 1241600
X 1368900  Y 1245500
X 1366600  Y 1249200
X 1359420  Y 1240450
X 1358590  Y 1235750
X 1358300  Y 1251700
X 1354600  Y 1252300
X 1348000  Y 1245300
X 1348000  Y 1253300
X 1348000  Y 1230000
X 1337400  Y 1238600
X 1337200  Y 1252700
X 1337100  Y 1230100
X 1333600  Y 1229400
X 1333500  Y 1252500
X 1329600  Y 1243700
X 1329500  Y 1232950
X 1329400  Y 1247200
X 1322200  Y 1251600
X 1321200  Y 1239000
X 1320500  Y 1233000
X 1318500  Y 1236000
X 1318200  Y 1240600
X 1305300  Y 1236400
X 1298300  Y 1236374
X 1296600  Y 1244400
X 1287100  Y 1244500
X 1285900  Y 1236500
X 1285800  Y 1239900
X 1285600  Y 1231000
X 1282700  Y 1233200
X 1282700  Y 1243400
X 1279400  Y 1236800
X 1270100  Y 1238600
X 1269600  Y 1234200
X 1269200  Y 1242600
X 1253400  Y 1229200
X 1252100  Y 1235700
X 1250800  Y 1246700
X 1235000  Y 1233700
X 1225200  Y 1254100
X 1216900  Y 1236800
X 1213400  Y 1249700
X 1212300  Y 1235500
X 1195600  Y 1233600
X 1193300  Y 1229900
X 1178710  Y 1236000
X 1158700  Y 1231600
X 1087000  Y 1231500
X 1059400  Y 1252400
X 1053700  Y 1248700
X 1048400  Y 1246100
X 1037950  Y 1244200
X 1035500  Y 1232500
X 1030000  Y 1248500
X 1020979  Y 1234526
X 1019779  Y 1253026
X 1018579  Y 1271326
X 1031979  Y 1267726
X 1032000  Y 1255700
X 1035679  Y 1268926
X 1039600  Y 1272600
X 1044300  Y 1272800
X 1051900  Y 1269400
X 1154300  Y 1272900
X 1154300  Y 1277300
X 1154300  Y 1268400
X 1173250  Y 1258880
X 1190200  Y 1275100
X 1206300  Y 1271500
X 1218400  Y 1257400
X 1220300  Y 1266100
X 1227400  Y 1257400
X 1232100  Y 1266400
X 1234900  Y 1270800
X 1237700  Y 1273200
X 1239000  Y 1279100
X 1240300  Y 1254500
X 1244700  Y 1267600
X 1247100  Y 1277900
X 1297000  Y 1265900
X 1310400  Y 1273600
X 1328800  Y 1267700
X 1329400  Y 1263200
X 1329700  Y 1272300
X 1333600  Y 1272500
X 1333900  Y 1256200
X 1336900  Y 1272800
X 1348000  Y 1265300
X 1348000  Y 1272000
X 1358300  Y 1262000
X 1358400  Y 1270400
X 1405500  Y 1273500
X 1405500  Y 1264800
X 1414700  Y 1256600
X 1417400  Y 1277700
X 1424500  Y 1264400
X 1425000  Y 1276500
X 1435400  Y 1273900
X 1435400  Y 1264600
X 1484940  Y 1264240
X 1489740  Y 1264420
X 1494100  Y 1274900
X 1497400  Y 1271400
X 1512490  Y 1264669
X 1513900  Y 1258100
X 1515800  Y 1267000
X 1522600  Y 1256100
X 1538440  Y 1275730
X 1539600  Y 1267000
X 1549400  Y 1262500
X 1599810  Y 1295950
X 1596800  Y 1294100
X 1581000  Y 1287000
X 1537800  Y 1279900
X 1531500  Y 1301500
X 1524430  Y 1294940
X 1514700  Y 1285400
X 1493530  Y 1286210
X 1487790  Y 1303100
X 1483400  Y 1303000
X 1435900  Y 1291500
X 1424800  Y 1293900
X 1414800  Y 1291500
X 1414500  Y 1281500
X 1405500  Y 1295200
X 1403600  Y 1280700
X 1374900  Y 1280000
X 1371300  Y 1280000
X 1362800  Y 1292500
X 1361700  Y 1281700
X 1345900  Y 1281450
X 1344400  Y 1300500
X 1340800  Y 1300500
X 1336700  Y 1280300
X 1333100  Y 1288600
X 1329300  Y 1284300
X 1329200  Y 1292000
X 1329100  Y 1288000
X 1329100  Y 1295200
X 1322600  Y 1280100
X 1321500  Y 1291700
X 1320900  Y 1303100
X 1318700  Y 1289100
X 1308400  Y 1296100
X 1305700  Y 1285400
X 1305700  Y 1281787
X 1305500  Y 1289500
X 1298400  Y 1289287
X 1298200  Y 1281800
X 1298100  Y 1285500
X 1297200  Y 1297900
X 1286800  Y 1297800
X 1286100  Y 1289400
X 1286000  Y 1281500
X 1268300  Y 1295500
X 1267800  Y 1290900
X 1264700  Y 1287000
X 1261900  Y 1296700
X 1261500  Y 1289500
X 1261100  Y 1284400
X 1249000  Y 1284000
X 1247300  Y 1301400
X 1238900  Y 1282700
X 1238500  Y 1286600
X 1235900  Y 1280900
X 1216800  Y 1288600
X 1212200  Y 1289900
X 1211900  Y 1285800
X 1194200  Y 1285900
X 1190900  Y 1281200
X 1190100  Y 1284600
X 1178710  Y 1289200
X 1155000  Y 1287900
X 1154300  Y 1281900
X 1068500  Y 1294500
X 1052500  Y 1299500
X 1049860  Y 1286380
X 1045800  Y 1294800
X 1040200  Y 1303500
X 1038900  Y 1291100
X 1036200  Y 1295000
X 1018600  Y 1289800
X 1041200  Y 1307300
X 1059840  Y 1314070
X 1068900  Y 1313240
X 1119500  Y 1320000
X 1130000  Y 1312000
X 1130000  Y 1315000
X 1134500  Y 1312000
X 1134500  Y 1315000
X 1155200  Y 1322000
X 1155200  Y 1326500
X 1173130  Y 1313130
X 1189200  Y 1326100
X 1192600  Y 1329100
X 1219200  Y 1315200
X 1220800  Y 1306300
X 1227900  Y 1306300
X 1228200  Y 1315100
X 1232100  Y 1325000
X 1240000  Y 1306100
X 1261500  Y 1329000
X 1265200  Y 1323700
X 1284000  Y 1320000
X 1284600  Y 1325700
X 1298300  Y 1325200
X 1298300  Y 1320400
X 1305900  Y 1320200
X 1305900  Y 1325300
X 1310400  Y 1316600
X 1358500  Y 1325500
X 1358500  Y 1322500
X 1375500  Y 1326000
X 1375500  Y 1322500
X 1400000  Y 1317000
X 1402500  Y 1314500
X 1410300  Y 1318000
X 1438900  Y 1328200
X 1444400  Y 1328300
X 1454700  Y 1310000
X 1482810  Y 1314470
X 1496420  Y 1308320
X 1499860  Y 1319450
X 1522500  Y 1322000
X 1526500  Y 1322100
X 1536210  Y 1327950
X 1536500  Y 1318000
X 1542300  Y 1319200
X 1542900  Y 1315100
X 1578900  Y 1305000
X 1580600  Y 1316900
X 1582900  Y 1305000
X 1586900  Y 1305000
X 1587800  Y 1317220
X 1590400  Y 1305000
X 1594390  Y 1316840
X 1597480  Y 1305840
X 1593460  Y 1333830
X 1582480  Y 1333940
X 1538500  Y 1349500
X 1538360  Y 1343160
X 1537570  Y 1335690
X 1537500  Y 1340000
X 1537000  Y 1346500
X 1525200  Y 1343400
X 1514400  Y 1349000
X 1513500  Y 1342000
X 1513000  Y 1352500
X 1452500  Y 1342100
X 1423900  Y 1342400
X 1388100  Y 1351300
X 1376800  Y 1348100
X 1373600  Y 1350800
X 1320500  Y 1339300
X 1318600  Y 1336600
X 1306800  Y 1342000
X 1305800  Y 1329300
X 1298600  Y 1329300
X 1297300  Y 1342000
X 1286200  Y 1342400
X 1286000  Y 1335900
X 1282500  Y 1339400
X 1282100  Y 1329200
X 1269100  Y 1334800
X 1268900  Y 1331300
X 1264700  Y 1343400
X 1261500  Y 1332700
X 1249400  Y 1335300
X 1249400  Y 1331200
X 1247900  Y 1342400
X 1239100  Y 1340600
X 1238600  Y 1343900
X 1238400  Y 1332700
X 1237100  Y 1337400
X 1235600  Y 1340000
X 1235100  Y 1329900
X 1217600  Y 1347800
X 1211900  Y 1345900
X 1211800  Y 1349800
X 1204800  Y 1337300
X 1196500  Y 1340300
X 1195300  Y 1334700
X 1191400  Y 1336900
X 1155200  Y 1331000
X 1155000  Y 1340200
X 1117000  Y 1341500
X 1092500  Y 1346500
X 1079000  Y 1342500
X 1074800  Y 1330100
X 1068000  Y 1347000
X 1056500  Y 1350129
X 1056300  Y 1332900
X 1048600  Y 1353400
X 1041000  Y 1352100
X 1031700  Y 1361600
X 1034500  Y 1371000
X 1040900  Y 1370400
X 1046047  Y 1363452
X 1056500  Y 1367129
X 1066500  Y 1357000
X 1181100  Y 1359500
X 1187800  Y 1378800
X 1197400  Y 1378800
X 1204000  Y 1367000
X 1217800  Y 1365500
X 1224000  Y 1364800
X 1237500  Y 1365000
X 1242500  Y 1373000
X 1242700  Y 1363300
X 1304600  Y 1368300
X 1314000  Y 1373200
X 1334500  Y 1356300
X 1341100  Y 1372100
X 1341500  Y 1365100
X 1377000  Y 1367400
X 1381800  Y 1367200
X 1387500  Y 1376900
X 1429800  Y 1367500
X 1440200  Y 1367300
X 1450000  Y 1368500
X 1457500  Y 1364500
X 1501800  Y 1359100
X 1502500  Y 1368500
X 1502500  Y 1365350
X 1513470  Y 1360430
X 1519330  Y 1379000
X 1523620  Y 1367930
X 1526500  Y 1362500
X 1538310  Y 1354540
X 1539400  Y 1369400
X 1529100  Y 1380200
X 1413900  Y 1386200
X 1410000  Y 1396000
X 1408600  Y 1401300
X 1353400  Y 1395100
X 1339500  Y 1380000
X 1305300  Y 1393000
X 1305200  Y 1380100
X 1305100  Y 1387500
X 1291500  Y 1398000
X 1290000  Y 1395500
X 1288500  Y 1398000
X 1287000  Y 1395500
X 1285500  Y 1398000
X 1284000  Y 1395500
X 1282500  Y 1398000
X 1281000  Y 1395500
X 1280700  Y 1389100
X 1279500  Y 1398000
X 1279100  Y 1380100
X 1265810  Y 1379750
X 1246160  Y 1385400
X 1236000  Y 1386000
X 1235900  Y 1392050
X 1227500  Y 1403500
X 1220600  Y 1379300
X 1196500  Y 1399000
X 1190620  Y 1402710
X 1182500  Y 1385500
X 1173500  Y 1384500
X 1060800  Y 1398000
X 1056500  Y 1403129
X 1046047  Y 1380952
X 1045800  Y 1397800
X 1036400  Y 1398000
X 1032200  Y 1397300
X 1040900  Y 1405900
X 1040900  Y 1424500
X 1046047  Y 1416952
X 1056500  Y 1421629
X 1175079  Y 1415126
X 1175200  Y 1423500
X 1192700  Y 1420700
X 1201800  Y 1419400
X 1285000  Y 1417500
X 1285000  Y 1410000
X 1285000  Y 1425000
X 1318000  Y 1425900
X 1359300  Y 1409900
X 1365900  Y 1424400
X 1402300  Y 1424700
X 1406200  Y 1428400
X 1410000  Y 1424600
X 1413600  Y 1428200
X 1442700  Y 1409400
X 1462200  Y 1416100
X 1465800  Y 1417300
X 1472500  Y 1412500
X 1472800  Y 1429100
X 1476900  Y 1412300
X 1478800  Y 1428300
X 1486500  Y 1413700
X 1486700  Y 1407500
X 1509600  Y 1415600
X 1509600  Y 1421200
X 1509600  Y 1427000
X 1572500  Y 1405000
X 1572500  Y 1427500
X 1575000  Y 1407500
X 1577500  Y 1405000
X 1577500  Y 1427500
X 1580000  Y 1407500
X 1582500  Y 1405000
X 1582500  Y 1427500
X 1585000  Y 1407500
X 1587500  Y 1405000
X 1587500  Y 1427500
X 1590000  Y 1407500
X 1592500  Y 1405000
X 1592500  Y 1427500
X 1595000  Y 1407500
X 1595000  Y 1430000
X 1590000  Y 1430000
X 1585000  Y 1430000
X 1580000  Y 1430000
X 1575000  Y 1430000
X 1527200  Y 1452600
X 1463600  Y 1431200
X 1416500  Y 1448000
X 1392000  Y 1440700
X 1382600  Y 1441000
X 1374000  Y 1432000
X 1373800  Y 1449000
X 1358400  Y 1432100
X 1357800  Y 1449000
X 1325900  Y 1444400
X 1314500  Y 1441900
X 1310900  Y 1434200
X 1305600  Y 1441600
X 1294500  Y 1437900
X 1294300  Y 1434200
X 1294200  Y 1446300
X 1293500  Y 1442600
X 1285000  Y 1432500
X 1285000  Y 1440000
X 1260000  Y 1447500
X 1260000  Y 1442500
X 1260000  Y 1437500
X 1257500  Y 1440000
X 1257500  Y 1445000
X 1257500  Y 1435000
X 1255000  Y 1437500
X 1255000  Y 1447500
X 1255000  Y 1442500
X 1252500  Y 1445000
X 1252500  Y 1440000
X 1252500  Y 1435000
X 1250000  Y 1437500
X 1250000  Y 1442500
X 1250000  Y 1447500
X 1225500  Y 1450500
X 1214000  Y 1449000
X 1182500  Y 1451000
X 1096400  Y 1447500
X 1056500  Y 1439129
X 1050500  Y 1442300
X 1046047  Y 1452952
X 1046047  Y 1434952
X 1040900  Y 1441400
X 1012079  Y 1486126
X 1020079  Y 1494126
X 1030079  Y 1496126
X 1040079  Y 1496126
X 1040800  Y 1457700
X 1050079  Y 1496126
X 1060079  Y 1496126
X 1070079  Y 1496126
X 1080079  Y 1496126
X 1090079  Y 1496126
X 1096400  Y 1457500
X 1100079  Y 1496126
X 1110079  Y 1496126
X 1120079  Y 1496126
X 1130079  Y 1496126
X 1140079  Y 1496126
X 1150079  Y 1496126
X 1160079  Y 1496126
X 1170079  Y 1496126
X 1180079  Y 1496126
X 1190079  Y 1496126
X 1200079  Y 1496126
X 1200500  Y 1472100
X 1210079  Y 1496126
X 1212600  Y 1472300
X 1220079  Y 1496126
X 1222900  Y 1467500
X 1230079  Y 1496126
X 1240079  Y 1496126
X 1250079  Y 1496126
X 1260079  Y 1496126
X 1270079  Y 1496126
X 1280079  Y 1496126
X 1285400  Y 1471700
X 1290079  Y 1496126
X 1292800  Y 1471500
X 1300079  Y 1496126
X 1300400  Y 1471500
X 1308100  Y 1471500
X 1310079  Y 1496126
X 1315500  Y 1471500
X 1320079  Y 1496126
X 1330079  Y 1496126
X 1340079  Y 1496126
X 1350079  Y 1496126
X 1360079  Y 1496126
X 1366000  Y 1457800
X 1370079  Y 1496126
X 1380079  Y 1496126
X 1390079  Y 1496126
X 1400079  Y 1496126
X 1410079  Y 1496126
X 1420079  Y 1496126
X 1430079  Y 1496126
X 1440079  Y 1496126
X 1450079  Y 1496126
X 1460079  Y 1496126
X 1470079  Y 1496126
X 1480079  Y 1496126
X 1490079  Y 1496126
X 1500079  Y 1496126
X 1510079  Y 1496126
X 1520079  Y 1496126
X 1530079  Y 1496126
X 1540079  Y 1496126
X 1550079  Y 1496126
X 1560079  Y 1496126
X 1570079  Y 1496126
X 1580079  Y 1496126
X 1590079  Y 1496126
X 1600079  Y 1496126
X 1610079  Y 1496126
X 1620079  Y 1496126
X 1630079  Y 1496126

Drill: .016  Tool: 3  Feed: 95  Speed: 300
X 1121000  Y 1080800
X 1129000  Y 1054200
X 1311500  Y 1026500
X 1339000  Y 1146000
X 1525500  Y 1304000
X 1283500  Y 1285000
X 1149500  Y 1322000
X 1102000  Y 1313630
X 1098000  Y 1313630
X 1092500  Y 1320000
X 1092500  Y 1315000
X 1150000  Y 1331500
X 1285900  Y 1332400
X 1318900  Y 1332700

Drill: .01969  Tool: 4  Feed: 95  Speed: 300
X 1584705  Y 1090900
X 1585099  Y 1098774
X 1590217  Y 1090900
X 1590611  Y 1098774
X 1595729  Y 1090900
X 1596123  Y 1098774
X 1601241  Y 1090900
X 1601634  Y 1098774
X 1606753  Y 1090900
X 1607146  Y 1098774
X 1612264  Y 1090900
X 1612658  Y 1098774
X 1617776  Y 1090900
X 1618170  Y 1098774
X 1623288  Y 1090900
X 1623682  Y 1098774
X 1628800  Y 1090900
X 1629193  Y 1098774
X 1629193  Y 1114522
X 1628800  Y 1106648
X 1628800  Y 1122396
X 1623682  Y 1114522
X 1623288  Y 1106648
X 1623288  Y 1122396
X 1618170  Y 1114522
X 1617776  Y 1106648
X 1617776  Y 1122396
X 1612658  Y 1114522
X 1612264  Y 1106648
X 1612264  Y 1122396
X 1607146  Y 1114522
X 1606753  Y 1122396
X 1606753  Y 1106648
X 1601634  Y 1114522
X 1601241  Y 1106648
X 1601241  Y 1122396
X 1596123  Y 1114522
X 1595729  Y 1122396
X 1595729  Y 1106648
X 1590611  Y 1114522
X 1590217  Y 1122396
X 1590217  Y 1106648
X 1585099  Y 1114522
X 1584705  Y 1106648
X 1584705  Y 1122396
X 1584705  Y 1138144
X 1585099  Y 1130270
X 1585099  Y 1146018
X 1590217  Y 1138144
X 1590611  Y 1130270
X 1590611  Y 1146018
X 1595729  Y 1138144
X 1596123  Y 1130270
X 1596123  Y 1146018
X 1601241  Y 1138144
X 1601634  Y 1130270
X 1601634  Y 1146018
X 1606753  Y 1138144
X 1607146  Y 1146018
X 1607146  Y 1130270
X 1612264  Y 1138144
X 1612658  Y 1130270
X 1612658  Y 1146018
X 1617776  Y 1138144
X 1618170  Y 1130270
X 1618170  Y 1146018
X 1623288  Y 1138144
X 1623682  Y 1146018
X 1623682  Y 1130270
X 1628800  Y 1138144
X 1629193  Y 1130270
X 1629193  Y 1146018
X 1629393  Y 1196874
X 1629000  Y 1189000
X 1623882  Y 1196874
X 1623488  Y 1189000
X 1618370  Y 1196874
X 1617976  Y 1189000
X 1612858  Y 1196874
X 1612464  Y 1189000
X 1607346  Y 1196874
X 1606953  Y 1189000
X 1601834  Y 1196874
X 1601441  Y 1189000
X 1596323  Y 1196874
X 1595929  Y 1189000
X 1590811  Y 1196874
X 1590417  Y 1189000
X 1585299  Y 1196874
X 1584905  Y 1189000
X 1584905  Y 1204748
X 1584905  Y 1220496
X 1585299  Y 1212622
X 1585299  Y 1228370
X 1590417  Y 1204748
X 1590417  Y 1220496
X 1590811  Y 1212622
X 1590811  Y 1228370
X 1595929  Y 1204748
X 1595929  Y 1220496
X 1596323  Y 1212622
X 1596323  Y 1228370
X 1601441  Y 1204748
X 1601441  Y 1220496
X 1601834  Y 1212622
X 1601834  Y 1228370
X 1606953  Y 1220496
X 1606953  Y 1204748
X 1607346  Y 1228370
X 1607346  Y 1212622
X 1612464  Y 1204748
X 1612464  Y 1220496
X 1612858  Y 1212622
X 1612858  Y 1228370
X 1617976  Y 1204748
X 1617976  Y 1220496
X 1618370  Y 1212622
X 1618370  Y 1228370
X 1623488  Y 1204748
X 1623488  Y 1220496
X 1623882  Y 1212622
X 1623882  Y 1228370
X 1629000  Y 1220496
X 1629000  Y 1204748
X 1629393  Y 1212622
X 1629393  Y 1228370
X 1629393  Y 1244118
X 1629000  Y 1236244
X 1623882  Y 1244118
X 1623488  Y 1236244
X 1618370  Y 1244118
X 1617976  Y 1236244
X 1612858  Y 1244118
X 1612464  Y 1236244
X 1607346  Y 1244118
X 1606953  Y 1236244
X 1601834  Y 1244118
X 1601441  Y 1236244
X 1596323  Y 1244118
X 1595929  Y 1236244
X 1590811  Y 1244118
X 1590417  Y 1236244
X 1585299  Y 1244118
X 1584905  Y 1236244

Drill: .02  Tool: 5  Feed: 197  Speed: 550
X 1586500  Y 1269000
X 1586500  Y 1263000
X 1586500  Y 1275000
X 1125440  Y 1469070
X 1119100  Y 1476000

Drill: .02953  Tool: 6  Feed: 197  Speed: 550
X 1578031  Y 1374291
X 1585905  Y 1374291
X 1593779  Y 1374291
X 1609527  Y 1374291
X 1617401  Y 1374291
X 1625275  Y 1374291
X 1625275  Y 1397913
X 1625275  Y 1421535
X 1617401  Y 1397913
X 1617401  Y 1421535
X 1609527  Y 1397913
X 1609527  Y 1421535
X 1593779  Y 1421535
X 1593779  Y 1397913
X 1585905  Y 1397913
X 1585905  Y 1421535
X 1578031  Y 1421535
X 1578031  Y 1397913

Drill: .0315  Tool: 7  Feed: 197  Speed: 550
X 1216500  Y 1021900
X 1216500  Y 1029874

Drill: .034  Tool: 8  Feed: 197  Speed: 550
X 1055118  Y 1151417
X 1055118  Y 1141417
X 1055118  Y 1161417
X 1055118  Y 1171417
X 1055118  Y 1181417

Drill: .03543  Tool: 9  Feed: 197  Speed: 550
X 1016456  Y 1316653
X 1026456  Y 1316653
X 1036456  Y 1316653
X 1046456  Y 1316653
X 1046456  Y 1340275
X 1036456  Y 1340275
X 1026456  Y 1340275
X 1016456  Y 1340275

Drill: .04  Tool: 10  Feed: 139  Speed: 550
X 1079000  Y 1367500
X 1139000  Y 1367500
X 1139000  Y 1387500
X 1139000  Y 1447500
X 1139000  Y 1457500
X 1079000  Y 1447500
X 1079000  Y 1457500
X 1079000  Y 1387500

Drill: .04016  Tool: 11  Feed: 139  Speed: 550
X 1079059  Y 1075158
X 1079059  Y 1226654
X 1511299  Y 1223464
X 1511299  Y 1374960

Drill: .044  Tool: 12  Feed: 139  Speed: 550
X 1015984  Y 1357362
X 1015984  Y 1367362
X 1015984  Y 1375078
X 1046929  Y 1469016
X 1046929  Y 1479016
X 1036929  Y 1479016
X 1036929  Y 1469016
X 1026929  Y 1479016
X 1026929  Y 1469016
X 1015984  Y 1445944
X 1015984  Y 1438228
X 1015984  Y 1402795
X 1015984  Y 1385078
X 1015984  Y 1392795
X 1015984  Y 1410511
X 1015984  Y 1428228
X 1015984  Y 1455944
X 1015984  Y 1420511

Drill: .07874  Tool: 13  Feed: 81  Speed: 550
X 1406772  Y 1020126
X 1434331  Y 1475126

Drill: .08268  Tool: 14  Feed: 74  Speed: 550
X 1589842  Y 1386102
X 1621338  Y 1409724

Drill: .096  Tool: 15  Feed: 66  Speed: 550
X 1055118  Y 1206417

Drill: .14  Tool: 16  Feed: 35  Speed: 900
X 1077953  Y 1275590
X 1098425  Y 1023622
X 1511811  Y 1023622
X 1511811  Y 1476378

Drill: .15748  Tool: 17  Feed: 35  Speed: 900
X 1569173  Y 1459055
X 1595236  Y 1459055
X 1617401  Y 1459055

End of Listing
