Drill Listing
=============
Drill: .01  Tool: 1  Feed: 95  Speed: 300
X 1123000  Y 1081000
X 1123300  Y 1068900
X 1143200  Y 1081300
X 1143500  Y 1060300
X 1142200  Y 1127200
X 1123000  Y 1126500
X 1123000  Y 1112000
X 1123000  Y 1157500
X 1123000  Y 1171500
X 1123000  Y 1216000
X 1123500  Y 1202000
X 1142400  Y 1216300
X 1143600  Y 1195100
X 1143000  Y 1261200
X 1142700  Y 1306200
X 1126400  Y 1293300
X 1123000  Y 1247500
X 1123000  Y 1261000

Drill: .012  Tool: 2  Feed: 95  Speed: 300
X 1011100  Y 1069100
X 1096000  Y 1041000
X 1096000  Y 1034000
X 1104300  Y 1059800
X 1123000  Y 1072600
X 1128500  Y 1041000
X 1128500  Y 1032000
X 1143100  Y 1072600
X 1263300  Y 1071400
X 1224900  Y 1089400
X 1153700  Y 1100100
X 1143100  Y 1090200
X 1143000  Y 1119000
X 1142900  Y 1106100
X 1142800  Y 1136000
X 1123000  Y 1117700
X 1122811  Y 1089960
X 1122811  Y 1134960
X 1114300  Y 1097600
X 1038800  Y 1089200
X 1039100  Y 1144900
X 1114500  Y 1142500
X 1122811  Y 1179960
X 1122811  Y 1162637
X 1141700  Y 1171400
X 1142200  Y 1180000
X 1142600  Y 1149900
X 1142600  Y 1162600
X 1152100  Y 1145400
X 1225700  Y 1144800
X 1226300  Y 1185800
X 1226700  Y 1224600
X 1152100  Y 1188900
X 1150500  Y 1235300
X 1143300  Y 1225000
X 1142900  Y 1207600
X 1122811  Y 1207637
X 1122811  Y 1224960
X 1115000  Y 1187400
X 1114800  Y 1232500
X 1038900  Y 1190700
X 1035100  Y 1243000
X 1035200  Y 1284300
X 1114600  Y 1277600
X 1122811  Y 1252637
X 1122811  Y 1269960
X 1141200  Y 1240000
X 1141400  Y 1285000
X 1142700  Y 1270000
X 1143200  Y 1252600
X 1150300  Y 1279300
X 1225800  Y 1270300
X 1225200  Y 1306700
X 1151000  Y 1324800
X 1143100  Y 1315000
X 1142800  Y 1297600
X 1140800  Y 1330100
X 1126400  Y 1300400
X 1122811  Y 1306299
X 1122811  Y 1314960
X 1114500  Y 1322700
X 1034900  Y 1324000
X 1038500  Y 1355300
X 1038600  Y 1380600
X 1114500  Y 1367900
X 1122811  Y 1359960
X 1123000  Y 1351500
X 1123000  Y 1381100
X 1123400  Y 1342600
X 1124000  Y 1338600
X 1141300  Y 1351600
X 1142300  Y 1342600
X 1142700  Y 1375000
X 1143300  Y 1360000
X 1144900  Y 1369300
X 1225100  Y 1352900
X 1226900  Y 1378000
X 1143300  Y 1387600
X 1143300  Y 1405000
X 1142800  Y 1396500
X 1134300  Y 1411000
X 1123200  Y 1387700
X 1123000  Y 1405000
X 1123000  Y 1396500

Drill: .03937  Tool: 3  Feed: 197  Speed: 550
X 1018100  Y 1060500
X 1018100  Y 1050500
X 1028100  Y 1060500
X 1028100  Y 1050500
X 1239200  Y 1060500
X 1239200  Y 1050500
X 1249200  Y 1050500
X 1249200  Y 1060500
X 1249200  Y 1408100
X 1249200  Y 1398100
X 1239200  Y 1408100
X 1239200  Y 1398100
X 1028100  Y 1408100
X 1028100  Y 1398100
X 1018100  Y 1408100
X 1018100  Y 1398100

Drill: .04  Tool: 4  Feed: 139  Speed: 550
X 1063858  Y 1021826
X 1063858  Y 1011826
X 1073858  Y 1021826
X 1073858  Y 1011826
X 1083858  Y 1021826
X 1083858  Y 1011826
X 1093858  Y 1021826
X 1093858  Y 1011826
X 1103858  Y 1021826
X 1103858  Y 1011826
X 1113858  Y 1021826
X 1113858  Y 1011826
X 1123858  Y 1021826
X 1123858  Y 1011826
X 1133858  Y 1021826
X 1133858  Y 1011826
X 1143858  Y 1021826
X 1143858  Y 1011826
X 1153858  Y 1021826
X 1153858  Y 1011826
X 1163858  Y 1021826
X 1163858  Y 1011826
X 1173858  Y 1021826
X 1173858  Y 1011826
X 1183858  Y 1021826
X 1183858  Y 1011826
X 1193858  Y 1021826
X 1193858  Y 1011826
X 1203858  Y 1021826
X 1203858  Y 1011826
X 1203858  Y 1436173
X 1193858  Y 1436173
X 1183858  Y 1436173
X 1173858  Y 1436173
X 1163858  Y 1436173
X 1153858  Y 1436173
X 1143858  Y 1436173
X 1133858  Y 1436173
X 1123858  Y 1436173
X 1113858  Y 1436173
X 1103858  Y 1436173
X 1093858  Y 1436173
X 1083858  Y 1436173
X 1073858  Y 1436173
X 1063858  Y 1436173
X 1063858  Y 1446173
X 1073858  Y 1446173
X 1083858  Y 1446173
X 1093858  Y 1446173
X 1103858  Y 1446173
X 1113858  Y 1446173
X 1123858  Y 1446173
X 1133858  Y 1446173
X 1143858  Y 1446173
X 1153858  Y 1446173
X 1163858  Y 1446173
X 1173858  Y 1446173
X 1183858  Y 1446173
X 1193858  Y 1446173
X 1203858  Y 1446173

Drill: .05512  Tool: 5  Feed: 107  Speed: 550
X 1055118  Y 1059000
X 1055118  Y 1079000
X 1212598  Y 1059000
X 1212598  Y 1079000
X 1212598  Y 1099000
X 1212598  Y 1119000
X 1212598  Y 1139000
X 1212598  Y 1159000
X 1055118  Y 1159000
X 1055118  Y 1139000
X 1055118  Y 1119000
X 1055118  Y 1099000
X 1055118  Y 1179000
X 1055118  Y 1199000
X 1055118  Y 1219000
X 1212598  Y 1199000
X 1212598  Y 1179000
X 1212598  Y 1219000
X 1212598  Y 1239000
X 1212598  Y 1259000
X 1212598  Y 1279000
X 1055118  Y 1239000
X 1055118  Y 1279000
X 1055118  Y 1259000
X 1055118  Y 1299000
X 1055118  Y 1319000
X 1055118  Y 1359000
X 1055118  Y 1339000
X 1212598  Y 1339000
X 1212598  Y 1299000
X 1212598  Y 1319000
X 1212598  Y 1359000
X 1212598  Y 1379000
X 1212598  Y 1399000
X 1055118  Y 1399000
X 1055118  Y 1379000

Drill: .09449  Tool: 6  Feed: 66  Speed: 550
X 1055118  Y 1039000
X 1212598  Y 1039000
X 1212598  Y 1419000
X 1055118  Y 1419000

Drill: .26896  Tool: 7  Feed: 0  Speed: 0
X 1021653  Y 1021653
X 1246063  Y 1021654
X 1246062  Y 1436338
X 1021653  Y 1436338

End of Listing
