Drill Listing
=============
Drill: .012  Tool: 1  Feed: 0  Speed: 0
X 170000  Y 186612
X 145000  Y 186644
X 145000  Y 233310
X 170000  Y 233343
X 200000  Y 309000
X 200000  Y 312500
X 215000  Y 234000
X 240000  Y 233000
X 215000  Y 186678
X 240000  Y 186645
X 285000  Y 186538
X 310000  Y 186674
X 285000  Y 234000
X 310000  Y 234000
X 320000  Y 309500
X 320000  Y 313000
X 292000  Y 340500
X 292000  Y 344000
X 355050  Y 233480
X 379980  Y 233360
X 355000  Y 186551
X 380000  Y 186537
Drill: .0197  Tool: 2  Feed: 0  Speed: 0
X 248188  Y 317637
X 240314  Y 318031
X 248188  Y 323149
X 240314  Y 323543
X 248188  Y 328661
X 240314  Y 329054
X 248188  Y 334172
X 240314  Y 334566
X 248188  Y 339684
X 240314  Y 340078
X 248188  Y 345196
X 240314  Y 345590
X 248188  Y 350708
X 240314  Y 351102
X 248188  Y 356220
X 240314  Y 356613
X 248188  Y 361732
X 240314  Y 362125
X 256062  Y 362125
X 271810  Y 362125
X 263936  Y 361732
X 279685  Y 361732
X 271810  Y 356613
X 256062  Y 356613
X 263936  Y 356220
X 279685  Y 356220
X 271810  Y 351102
X 256062  Y 351102
X 279685  Y 350708
X 263936  Y 350708
X 256062  Y 345590
X 271810  Y 345590
X 263936  Y 345196
X 279685  Y 345196
X 271810  Y 340078
X 256062  Y 340078
X 279685  Y 339684
X 263936  Y 339684
X 256062  Y 334566
X 271810  Y 334566
X 263936  Y 334172
X 279685  Y 334172
X 271810  Y 329054
X 256062  Y 329054
X 279685  Y 328661
X 263936  Y 328661
X 256062  Y 323543
X 271810  Y 323543
X 279685  Y 323149
X 263936  Y 323149
X 256062  Y 318031
X 271810  Y 318031
X 279685  Y 317637
X 263936  Y 317637
Drill: .02  Tool: 3  Feed: 0  Speed: 0
X 179000  Y 238000
X 164500  Y 245000
X 152500  Y 245000
X 139500  Y 251500
X 169000  Y 294500
X 146000  Y 294500
X 146000  Y 302500
X 169000  Y 302500
X 146000  Y 310500
X 169000  Y 310500
X 197500  Y 291000
X 235000  Y 291000
X 197500  Y 270000
X 235000  Y 270000
X 235000  Y 245000
X 199000  Y 245000
X 220000  Y 245000
X 256000  Y 245000
X 269900  Y 245000
X 291000  Y 245000
X 304000  Y 245000
X 267500  Y 270000
X 280000  Y 270000
X 267500  Y 291000
X 280000  Y 291000
X 324890  Y 245000
X 360660  Y 244980
X 374380  Y 244870
X 339550  Y 244830
X 395590  Y 245060
Drill: .036  Tool: 4  Feed: 0  Speed: 0
X 150472  Y 119488
X 174472  Y 119488
X 166472  Y 119488
X 158472  Y 119488
X 170472  Y 126488
X 146472  Y 126488
X 162472  Y 126488
X 154472  Y 126488
X 224472  Y 126488
X 216472  Y 126488
X 208472  Y 126488
X 228472  Y 119488
X 212472  Y 119488
X 220472  Y 119488
X 236472  Y 119488
X 295472  Y 119488
X 303472  Y 119488
X 291472  Y 126488
X 232472  Y 126488
X 299472  Y 126488
X 307472  Y 126488
X 315472  Y 126488
X 353472  Y 126488
X 361472  Y 126488
X 369472  Y 126488
X 377472  Y 126488
X 311472  Y 119488
X 357472  Y 119488
X 319472  Y 119488
X 365472  Y 119488
X 373472  Y 119488
X 381472  Y 119488
Drill: .065  Tool: 5  Feed: 0  Speed: 0
X 131472  Y 122988
X 160472  Y 149488
X 222472  Y 149488
X 305472  Y 149488
X 276472  Y 122988
X 251472  Y 122988
X 396472  Y 122988
X 367472  Y 149488
Drill: .13  Tool: 6  Feed: 0  Speed: 0
X 135472  Y 109488
X 247472  Y 109488
X 280472  Y 109488
X 392472  Y 109488
Drill: .15748  Tool: 7  Feed: 0  Speed: 0
X 130984  Y 302086
X 130984  Y 328149
X 130984  Y 350314
End of Listing
