Drill Listing
=============
Drill: .012  Tool: 1  Feed: 95  Speed: 300
X 1156800  Y 1057700
X 1156800  Y 1079000
X 1156800  Y 1070300
X 1262500  Y 1058000
X 1230000  Y 1110000
X 1180500  Y 1112600
X 1156800  Y 1087700
X 1156800  Y 1112500
X 1156800  Y 1125100
X 1156800  Y 1133900
X 1101146  Y 1122500
X 1100946  Y 1087500
X 1101046  Y 1161500
X 1156800  Y 1157600
X 1156800  Y 1142500
X 1156800  Y 1170100
X 1156800  Y 1178800
X 1180500  Y 1157539
X 1231000  Y 1166000
X 1235700  Y 1216000
X 1180500  Y 1202400
X 1156800  Y 1187600
X 1156800  Y 1202500
X 1156800  Y 1215100
X 1156800  Y 1232400
X 1156800  Y 1223700
X 1100946  Y 1228500
X 1100946  Y 1198000
X 1015500  Y 1212500
X 1008500  Y 1255000
X 1008500  Y 1273500
X 1070000  Y 1262500
X 1074200  Y 1256869
X 1090600  Y 1256000
X 1090600  Y 1267500
X 1132500  Y 1261500
X 1142000  Y 1269000
X 1143200  Y 1252400
X 1156800  Y 1260100
X 1156800  Y 1277500
X 1156800  Y 1268800
X 1156800  Y 1247500
X 1180500  Y 1247539
X 1235863  Y 1255400
X 1235499  Y 1295300
X 1235390  Y 1335921
X 1180500  Y 1292539
X 1156800  Y 1292500
X 1156800  Y 1322460
X 1156800  Y 1313800
X 1156800  Y 1305200
X 1142500  Y 1330000
X 1142100  Y 1319800
X 1137000  Y 1288500
X 1132300  Y 1322200
X 1090600  Y 1316400
X 1090600  Y 1328000
X 1074400  Y 1316869
X 1074400  Y 1327105
X 1008500  Y 1323500
X 1008500  Y 1307500
X 1013500  Y 1368500
X 1074400  Y 1376882
X 1090600  Y 1375700
X 1132700  Y 1381300
X 1142200  Y 1346600
X 1142700  Y 1373700
X 1143900  Y 1385000
X 1158100  Y 1365000
X 1155000  Y 1413000
X 1143500  Y 1389100
X 1090600  Y 1387300
X 1074400  Y 1387118

Drill: .02  Tool: 2  Feed: 197  Speed: 550
X 1100700  Y 1054500
X 1113779  Y 1054724
X 1133900  Y 1055800
X 1141900  Y 1030500
X 1148900  Y 1029100
X 1170000  Y 1045000
X 1177500  Y 1045000
X 1185000  Y 1045000
X 1112500  Y 1087400
X 1112500  Y 1121500
X 1094000  Y 1075500
X 1082500  Y 1096000
X 1082500  Y 1136000
X 1082500  Y 1172800
X 1082500  Y 1204000
X 1112500  Y 1161000
X 1112500  Y 1199800
X 1146800  Y 1418700
X 1112500  Y 1229900

Drill: .03937  Tool: 3  Feed: 197  Speed: 550
X 1014000  Y 1061000
X 1014000  Y 1071000
X 1024000  Y 1061000
X 1024000  Y 1071000
X 1240000  Y 1061000
X 1240000  Y 1071000
X 1250000  Y 1061000
X 1250000  Y 1071000
X 1250000  Y 1356500
X 1240000  Y 1356500
X 1014000  Y 1378000
X 1014000  Y 1388000
X 1024000  Y 1378000
X 1024000  Y 1388000
X 1240000  Y 1366500
X 1250000  Y 1366500

Drill: .04  Tool: 4  Feed: 139  Speed: 550
X 1063858  Y 1021826
X 1063858  Y 1011826
X 1073858  Y 1021826
X 1073858  Y 1011826
X 1083858  Y 1021826
X 1083858  Y 1011826
X 1093858  Y 1021826
X 1093858  Y 1011826
X 1103858  Y 1021826
X 1103858  Y 1011826
X 1113858  Y 1021826
X 1113858  Y 1011826
X 1123858  Y 1021826
X 1123858  Y 1011826
X 1133858  Y 1021826
X 1133858  Y 1011826
X 1143858  Y 1021826
X 1143858  Y 1011826
X 1153858  Y 1021826
X 1153858  Y 1011826
X 1163858  Y 1021826
X 1163858  Y 1011826
X 1173858  Y 1021826
X 1173858  Y 1011826
X 1183858  Y 1021826
X 1183858  Y 1011826
X 1193858  Y 1021826
X 1193858  Y 1011826
X 1203858  Y 1021826
X 1203858  Y 1011826
X 1203858  Y 1436173
X 1193858  Y 1436173
X 1183858  Y 1436173
X 1173858  Y 1436173
X 1163858  Y 1436173
X 1153858  Y 1436173
X 1143858  Y 1436173
X 1133858  Y 1436173
X 1123858  Y 1436173
X 1113858  Y 1436173
X 1103858  Y 1436173
X 1093858  Y 1436173
X 1083858  Y 1436173
X 1073858  Y 1436173
X 1063858  Y 1436173
X 1063858  Y 1446173
X 1073858  Y 1446173
X 1083858  Y 1446173
X 1093858  Y 1446173
X 1103858  Y 1446173
X 1113858  Y 1446173
X 1123858  Y 1446173
X 1133858  Y 1446173
X 1143858  Y 1446173
X 1153858  Y 1446173
X 1163858  Y 1446173
X 1173858  Y 1446173
X 1183858  Y 1446173
X 1193858  Y 1446173
X 1203858  Y 1446173

Drill: .05512  Tool: 5  Feed: 107  Speed: 550
X 1055118  Y 1059000
X 1055118  Y 1079000
X 1212598  Y 1059000
X 1212598  Y 1079000
X 1212598  Y 1099000
X 1212598  Y 1119000
X 1212598  Y 1139000
X 1212598  Y 1159000
X 1055118  Y 1159000
X 1055118  Y 1139000
X 1055118  Y 1119000
X 1055118  Y 1099000
X 1055118  Y 1179000
X 1055118  Y 1199000
X 1055118  Y 1219000
X 1212598  Y 1199000
X 1212598  Y 1179000
X 1212598  Y 1219000
X 1212598  Y 1239000
X 1212598  Y 1259000
X 1212598  Y 1279000
X 1055118  Y 1239000
X 1055118  Y 1279000
X 1055118  Y 1259000
X 1055118  Y 1299000
X 1055118  Y 1319000
X 1055118  Y 1359000
X 1055118  Y 1339000
X 1212598  Y 1339000
X 1212598  Y 1299000
X 1212598  Y 1319000
X 1212598  Y 1359000
X 1212598  Y 1379000
X 1212598  Y 1399000
X 1055118  Y 1399000
X 1055118  Y 1379000

Drill: .09449  Tool: 6  Feed: 66  Speed: 550
X 1055118  Y 1039000
X 1212598  Y 1039000
X 1212598  Y 1419000
X 1055118  Y 1419000

Drill: .26896  Tool: 7  Feed: 0  Speed: 0
X 1021653  Y 1021653
X 1246063  Y 1021654
X 1246062  Y 1436338
X 1021653  Y 1436338

End of Listing
