Drill Listing
=============
Drill: .012  Tool: 1  Feed: 0  Speed: 0
X 158232  Y 152659
X 158232  Y 155899
X 150000  Y 178996
X 150000  Y 226013
X 162581  Y 264645
X 157521  Y 275538
X 146500  Y 320000
X 146500  Y 334500
X 162000  Y 335500
X 198555  Y 350697
X 164429  Y 327500
X 169500  Y 298000
X 193500  Y 282500
X 172572  Y 275636
X 177457  Y 264328
X 193000  Y 259500
X 196000  Y 250500
X 181500  Y 244500
X 175000  Y 226000
X 169902  Y 225940
X 180038  Y 225867
X 175000  Y 178970
X 234657  Y 152047
X 234657  Y 155287
X 245000  Y 178861
X 220000  Y 179028
X 250090  Y 225707
X 239945  Y 225718
X 220000  Y 225889
X 244891  Y 227949
X 258574  Y 235717
X 256025  Y 237952
X 257497  Y 264392
X 257317  Y 275777
X 252500  Y 286129
X 248449  Y 306516
X 258169  Y 366513
X 295497  Y 364377
X 288908  Y 324471
X 307500  Y 305000
X 272596  Y 275906
X 278745  Y 270685
X 275384  Y 270546
X 287500  Y 265000
X 282500  Y 265000
X 272369  Y 264587
X 308543  Y 254854
X 290000  Y 225980
X 290000  Y 179000
X 311143  Y 154584
X 311143  Y 151344
X 315000  Y 179000
X 360000  Y 179147
X 360000  Y 225927
X 315000  Y 225996
X 358000  Y 242500
X 362000  Y 242500
X 313204  Y 254733
X 361000  Y 322000
X 330000  Y 339000
X 356500  Y 345500
X 330000  Y 346500
X 341000  Y 346500
X 366000  Y 345500
X 366000  Y 341000
X 373000  Y 325500
X 367500  Y 320500
X 373000  Y 320500
X 387000  Y 242500
X 383000  Y 242500
X 385000  Y 225716
X 385000  Y 178757
X 386692  Y 155312
X 386692  Y 152072

Drill: .0197  Tool: 2  Feed: 0  Speed: 0
X 248188  Y 317637
X 256062  Y 318031
X 240314  Y 318031
X 248188  Y 323149
X 256062  Y 323543
X 240314  Y 323543
X 248188  Y 328661
X 256062  Y 329055
X 240314  Y 329055
X 248188  Y 334173
X 256062  Y 334566
X 240314  Y 334566
X 248188  Y 339685
X 256062  Y 340078
X 240314  Y 340078
X 248188  Y 345196
X 256062  Y 345590
X 240314  Y 345590
X 248188  Y 350708
X 256062  Y 351102
X 240314  Y 351102
X 248188  Y 356220
X 256062  Y 356614
X 240314  Y 356614
X 248188  Y 361732
X 256062  Y 362125
X 240314  Y 362125
X 271811  Y 362125
X 279685  Y 361732
X 263937  Y 361732
X 271811  Y 356614
X 279685  Y 356220
X 263937  Y 356220
X 271811  Y 351102
X 279685  Y 350708
X 263937  Y 350708
X 271811  Y 345590
X 279685  Y 345196
X 263937  Y 345196
X 271811  Y 340078
X 279685  Y 339685
X 263937  Y 339685
X 271811  Y 334566
X 279685  Y 334173
X 263937  Y 334173
X 271811  Y 329055
X 279685  Y 328661
X 263937  Y 328661
X 271811  Y 323543
X 279685  Y 323149
X 263937  Y 323149
X 271811  Y 318031
X 279685  Y 317637
X 263937  Y 317637

Drill: .02  Tool: 3  Feed: 0  Speed: 0
X 194500  Y 232500
X 164272  Y 232555
X 210000  Y 233000
X 179500  Y 308500
X 197500  Y 316000
X 307500  Y 308500
X 233000  Y 235000
X 310137  Y 232532
X 274686  Y 232500
X 294981  Y 232428
X 233000  Y 228000
X 343436  Y 232038
X 330369  Y 232442
X 341000  Y 296500
X 325620  Y 299420
X 341000  Y 303000
X 341000  Y 327000
X 341000  Y 332500
X 318650  Y 335090
X 341000  Y 338500
X 365988  Y 232557
X 380102  Y 232490
X 400122  Y 232443

Drill: .05118  Tool: 4  Feed: 0  Speed: 0
X 142401  Y 119685
X 221141  Y 119685
X 299881  Y 119685
X 378622  Y 119685

Drill: .05906  Tool: 5  Feed: 0  Speed: 0
X 135314  Y 128346
X 149488  Y 128346
X 135314  Y 142519
X 149488  Y 142519
X 214055  Y 142519
X 228228  Y 142519
X 228228  Y 128346
X 214055  Y 128346
X 306968  Y 128346
X 292795  Y 128346
X 292795  Y 142519
X 306968  Y 142519
X 371535  Y 142519
X 385708  Y 142519
X 385708  Y 128346
X 371535  Y 128346

Drill: .09843  Tool: 6  Feed: 0  Speed: 0
X 112874  Y 135433
X 171929  Y 135433
X 191614  Y 135433
X 250669  Y 135433
X 270354  Y 135433
X 329409  Y 135433
X 349094  Y 135433
X 408149  Y 135433

Drill: .11811  Tool: 7  Feed: 0  Speed: 0
X 112795  Y 119763
X 171929  Y 119763
X 191535  Y 119763
X 250669  Y 119763
X 270275  Y 119763
X 329409  Y 119763
X 349015  Y 119763
X 408149  Y 119763

Drill: .15748  Tool: 8  Feed: 0  Speed: 0
X 130984  Y 302086
X 130984  Y 328149
X 130984  Y 350314

End of Listing
