Drill Listing
=============
Drill: .012  Tool: 1  Feed: 95  Speed: 300
X 1052500  Y 1046000
X 1038100  Y 1065200
X 1020500  Y 1084100
X 1017400  Y 1087900
X 1010200  Y 1088000
X 1025800  Y 1088200
X 1020900  Y 1095300
X 1031700  Y 1098300
X 1015200  Y 1104400
X 1009900  Y 1104600
X 1021500  Y 1244500
X 1021500  Y 1248500
X 1021500  Y 1268000
X 1021500  Y 1273000
X 1038200  Y 1322700
X 1033200  Y 1349100
X 1030400  Y 1352300
X 1036600  Y 1353100
X 1033200  Y 1355400
X 1038400  Y 1364600
X 1033700  Y 1366500
X 1038100  Y 1368800
X 1038900  Y 1374300
X 1082900  Y 1424200
X 1071400  Y 1416700
X 1080200  Y 1411500
X 1075100  Y 1411300
X 1068500  Y 1410900
X 1063500  Y 1410400
X 1070800  Y 1326600
X 1084500  Y 1162600
X 1084300  Y 1155600
X 1075800  Y 1155500
X 1083400  Y 1147800
X 1076500  Y 1147700
X 1072500  Y 1139500
X 1070800  Y 1134500
X 1078500  Y 1134000
X 1081600  Y 1124900
X 1072500  Y 1117000
X 1074500  Y 1043500
X 1085000  Y 1117000
X 1097500  Y 1117000
X 1087700  Y 1125500
X 1094100  Y 1132700
X 1085000  Y 1133400
X 1101800  Y 1133400
X 1089700  Y 1136700
X 1097500  Y 1139500
X 1085000  Y 1139500
X 1094800  Y 1146100
X 1108900  Y 1147200
X 1090000  Y 1147200
X 1100200  Y 1147500
X 1105800  Y 1151000
X 1106100  Y 1155800
X 1102900  Y 1156700
X 1092800  Y 1157000
X 1089800  Y 1161100
X 1099300  Y 1162600
X 1109200  Y 1167200
X 1086100  Y 1167200
X 1102900  Y 1404300
X 1106200  Y 1410700
X 1100000  Y 1410800
X 1092100  Y 1411000
X 1108700  Y 1414000
X 1095100  Y 1415600
X 1085200  Y 1419200
X 1096000  Y 1423400
X 1133100  Y 1420700
X 1121700  Y 1413700
X 1111000  Y 1411600
X 1124900  Y 1411300
X 1118800  Y 1411200
X 1128100  Y 1409200
X 1133000  Y 1405300
X 1113500  Y 1402300
X 1116100  Y 1399400
X 1110400  Y 1396000
X 1122400  Y 1377500
X 1133300  Y 1376100
X 1133200  Y 1357300
X 1132400  Y 1345800
X 1132700  Y 1340500
X 1127500  Y 1161600
X 1110100  Y 1158200
X 1118200  Y 1153200
X 1131000  Y 1149800
X 1122100  Y 1139200
X 1110000  Y 1139200
X 1109900  Y 1133000
X 1116500  Y 1132800
X 1129400  Y 1132800
X 1132100  Y 1129000
X 1130200  Y 1125100
X 1122300  Y 1125000
X 1110000  Y 1117000
X 1122500  Y 1117000
X 1147500  Y 1117000
X 1135000  Y 1117000
X 1142500  Y 1125700
X 1135000  Y 1133000
X 1151500  Y 1133200
X 1156300  Y 1133600
X 1146700  Y 1135600
X 1140900  Y 1137700
X 1149900  Y 1139400
X 1135000  Y 1139500
X 1144400  Y 1141300
X 1136000  Y 1147500
X 1144500  Y 1148800
X 1156400  Y 1151600
X 1143100  Y 1154300
X 1159700  Y 1155700
X 1136600  Y 1156800
X 1148400  Y 1158300
X 1152700  Y 1160800
X 1137300  Y 1352100
X 1135500  Y 1367700
X 1136700  Y 1379700
X 1150900  Y 1395900
X 1158400  Y 1398700
X 1155200  Y 1399000
X 1150000  Y 1410800
X 1142600  Y 1410800
X 1137400  Y 1410900
X 1157700  Y 1417900
X 1159600  Y 1422700
X 1172000  Y 1417500
X 1170700  Y 1413300
X 1180000  Y 1411400
X 1175800  Y 1410700
X 1163100  Y 1408900
X 1171000  Y 1408800
X 1160700  Y 1405600
X 1182800  Y 1378600
X 1172700  Y 1194300
X 1176500  Y 1191000
X 1180900  Y 1188900
X 1172900  Y 1185500
X 1177900  Y 1185300
X 1163200  Y 1160300
X 1166900  Y 1157900
X 1172400  Y 1156600
X 1177600  Y 1156600
X 1184800  Y 1156000
X 1159900  Y 1139500
X 1172500  Y 1139500
X 1173800  Y 1134300
X 1165000  Y 1133500
X 1181000  Y 1129100
X 1172500  Y 1117000
X 1160000  Y 1117000
X 1185000  Y 1117000
X 1184900  Y 1133000
X 1185000  Y 1139500
X 1194500  Y 1151500
X 1190000  Y 1156300
X 1204100  Y 1187400
X 1190700  Y 1192000
X 1188700  Y 1197200
X 1199000  Y 1336700
X 1195900  Y 1341400
X 1189900  Y 1349400
X 1187800  Y 1378000
X 1187900  Y 1382900
X 1201500  Y 1404000
X 1184900  Y 1405700
X 1208400  Y 1410100
X 1192600  Y 1411400
X 1205100  Y 1411400
X 1186000  Y 1411500
X 1200000  Y 1411500
X 1253800  Y 1372000
X 1235100  Y 1370900
X 1248800  Y 1370000
X 1236900  Y 1358000
X 1257500  Y 1353800
X 1250200  Y 1351000
X 1217700  Y 1155100
X 1248000  Y 1155000
X 1223700  Y 1148300
X 1220000  Y 1145000
X 1248000  Y 1145000
X 1231000  Y 1140300
X 1220000  Y 1136000
X 1248000  Y 1136000
X 1230800  Y 1131800
X 1248000  Y 1127500
X 1220000  Y 1127500
X 1248000  Y 1118500
X 1220000  Y 1118500
X 1238000  Y 1113600
X 1226600  Y 1109800
X 1235500  Y 1109700
X 1224600  Y 1103000
X 1236000  Y 1095900
X 1233000  Y 1093300
X 1233200  Y 1090100
X 1233200  Y 1086700

Drill: .01969  Tool: 2  Feed: 95  Speed: 300
X 1055019  Y 1202031
X 1055019  Y 1207543
X 1055019  Y 1213054
X 1055019  Y 1218566
X 1055019  Y 1224078
X 1055019  Y 1229590
X 1055019  Y 1235102
X 1055019  Y 1240613
X 1055019  Y 1246125
X 1055019  Y 1251637
X 1055019  Y 1257149
X 1055019  Y 1262661
X 1055019  Y 1268173
X 1055019  Y 1273684
X 1055019  Y 1279196
X 1062893  Y 1279590
X 1078641  Y 1279590
X 1070767  Y 1279196
X 1062893  Y 1274078
X 1078641  Y 1274078
X 1070767  Y 1273684
X 1062893  Y 1268566
X 1078641  Y 1268566
X 1070767  Y 1268173
X 1078641  Y 1263054
X 1062893  Y 1263054
X 1070767  Y 1262661
X 1078641  Y 1257543
X 1062893  Y 1257543
X 1070767  Y 1257149
X 1078641  Y 1252031
X 1062893  Y 1252031
X 1070767  Y 1251637
X 1078641  Y 1246519
X 1062893  Y 1246519
X 1070767  Y 1246125
X 1062893  Y 1241007
X 1078641  Y 1241007
X 1070767  Y 1240613
X 1062893  Y 1235495
X 1078641  Y 1235495
X 1070767  Y 1235102
X 1078641  Y 1229984
X 1062893  Y 1229984
X 1070767  Y 1229590
X 1078641  Y 1224472
X 1062893  Y 1224472
X 1070767  Y 1224078
X 1078641  Y 1218960
X 1062893  Y 1218960
X 1070767  Y 1218566
X 1078641  Y 1213448
X 1062893  Y 1213448
X 1070767  Y 1213054
X 1078641  Y 1207936
X 1062893  Y 1207936
X 1070767  Y 1207543
X 1062893  Y 1202425
X 1078641  Y 1202425
X 1070767  Y 1202031
X 1086515  Y 1202031
X 1102263  Y 1202031
X 1094389  Y 1202425
X 1102263  Y 1207543
X 1086515  Y 1207543
X 1094389  Y 1207936
X 1102263  Y 1213054
X 1086515  Y 1213054
X 1094389  Y 1213448
X 1086515  Y 1218566
X 1102263  Y 1218566
X 1094389  Y 1218960
X 1102263  Y 1224078
X 1086515  Y 1224078
X 1094389  Y 1224472
X 1102263  Y 1229590
X 1086515  Y 1229590
X 1094389  Y 1229984
X 1102263  Y 1235102
X 1086515  Y 1235102
X 1094389  Y 1235495
X 1086515  Y 1240613
X 1102263  Y 1240613
X 1094389  Y 1241007
X 1102263  Y 1246125
X 1086515  Y 1246125
X 1094389  Y 1246519
X 1102263  Y 1251637
X 1086515  Y 1251637
X 1094389  Y 1252031
X 1086515  Y 1257149
X 1102263  Y 1257149
X 1094389  Y 1257543
X 1102263  Y 1262661
X 1086515  Y 1262661
X 1094389  Y 1263054
X 1086515  Y 1268173
X 1102263  Y 1268173
X 1094389  Y 1268566
X 1086515  Y 1273684
X 1102263  Y 1273684
X 1094389  Y 1274078
X 1086515  Y 1279196
X 1102263  Y 1279196
X 1094389  Y 1279590
X 1125886  Y 1279590
X 1110137  Y 1279590
X 1118011  Y 1279196
X 1125886  Y 1274078
X 1110137  Y 1274078
X 1118011  Y 1273684
X 1125886  Y 1268566
X 1110137  Y 1268566
X 1118011  Y 1268173
X 1125886  Y 1263054
X 1110137  Y 1263054
X 1118011  Y 1262661
X 1125886  Y 1257543
X 1110137  Y 1257543
X 1118011  Y 1257149
X 1125886  Y 1252031
X 1110137  Y 1252031
X 1118011  Y 1251637
X 1110137  Y 1246519
X 1125886  Y 1246519
X 1118011  Y 1246125
X 1125886  Y 1241007
X 1110137  Y 1241007
X 1118011  Y 1240613
X 1110137  Y 1235495
X 1125886  Y 1235495
X 1118011  Y 1235102
X 1110137  Y 1229984
X 1125886  Y 1229984
X 1118011  Y 1229590
X 1110137  Y 1224472
X 1125886  Y 1224472
X 1118011  Y 1224078
X 1110137  Y 1218960
X 1125886  Y 1218960
X 1118011  Y 1218566
X 1110137  Y 1213448
X 1125886  Y 1213448
X 1118011  Y 1213054
X 1110137  Y 1207936
X 1125886  Y 1207936
X 1118011  Y 1207543
X 1125886  Y 1202425
X 1110137  Y 1202425
X 1118011  Y 1202031
X 1157578  Y 1202031
X 1141830  Y 1202031
X 1149704  Y 1202425
X 1141830  Y 1207543
X 1157578  Y 1207543
X 1149704  Y 1207937
X 1141830  Y 1213055
X 1157578  Y 1213055
X 1149704  Y 1213448
X 1141830  Y 1218566
X 1157578  Y 1218566
X 1149704  Y 1218960
X 1141830  Y 1224078
X 1157578  Y 1224078
X 1149704  Y 1224472
X 1141830  Y 1229590
X 1157578  Y 1229590
X 1149704  Y 1229984
X 1141830  Y 1235102
X 1157578  Y 1235102
X 1149704  Y 1235496
X 1141830  Y 1240614
X 1157578  Y 1240614
X 1149704  Y 1241007
X 1141830  Y 1246125
X 1157578  Y 1246125
X 1149704  Y 1246519
X 1141830  Y 1251637
X 1157578  Y 1251637
X 1149704  Y 1252031
X 1141830  Y 1257149
X 1157578  Y 1257149
X 1149704  Y 1257543
X 1141830  Y 1262661
X 1157578  Y 1262661
X 1149704  Y 1263055
X 1141830  Y 1268173
X 1157578  Y 1268173
X 1149704  Y 1268566
X 1141830  Y 1273685
X 1157578  Y 1273685
X 1149704  Y 1274078
X 1141830  Y 1279196
X 1157578  Y 1279196
X 1149704  Y 1279590
X 1165452  Y 1279590
X 1181200  Y 1279590
X 1173326  Y 1279196
X 1165452  Y 1274078
X 1181200  Y 1274078
X 1173326  Y 1273685
X 1165452  Y 1268566
X 1181200  Y 1268566
X 1173326  Y 1268173
X 1181200  Y 1263055
X 1165452  Y 1263055
X 1173326  Y 1262661
X 1181200  Y 1257543
X 1165452  Y 1257543
X 1173326  Y 1257149
X 1181200  Y 1252031
X 1165452  Y 1252031
X 1173326  Y 1251637
X 1165452  Y 1246519
X 1181200  Y 1246519
X 1173326  Y 1246125
X 1165452  Y 1241007
X 1181200  Y 1241007
X 1173326  Y 1240614
X 1181200  Y 1235496
X 1165452  Y 1235496
X 1173326  Y 1235102
X 1181200  Y 1229984
X 1165452  Y 1229984
X 1173326  Y 1229590
X 1181200  Y 1224472
X 1165452  Y 1224472
X 1173326  Y 1224078
X 1181200  Y 1218960
X 1165452  Y 1218960
X 1173326  Y 1218566
X 1181200  Y 1213448
X 1165452  Y 1213448
X 1173326  Y 1213055
X 1165452  Y 1207937
X 1181200  Y 1207937
X 1173326  Y 1207543
X 1165452  Y 1202425
X 1181200  Y 1202425
X 1173326  Y 1202031
X 1204822  Y 1202031
X 1189074  Y 1202031
X 1196948  Y 1202425
X 1189074  Y 1207543
X 1204822  Y 1207543
X 1196948  Y 1207937
X 1189074  Y 1213055
X 1204822  Y 1213055
X 1196948  Y 1213448
X 1204822  Y 1218566
X 1189074  Y 1218566
X 1196948  Y 1218960
X 1204822  Y 1224078
X 1189074  Y 1224078
X 1196948  Y 1224472
X 1204822  Y 1229590
X 1189074  Y 1229590
X 1196948  Y 1229984
X 1189074  Y 1235102
X 1204822  Y 1235102
X 1196948  Y 1235496
X 1204822  Y 1240614
X 1189074  Y 1240614
X 1196948  Y 1241007
X 1204822  Y 1246125
X 1189074  Y 1246125
X 1196948  Y 1246519
X 1204822  Y 1251637
X 1189074  Y 1251637
X 1196948  Y 1252031
X 1189074  Y 1257149
X 1204822  Y 1257149
X 1196948  Y 1257543
X 1204822  Y 1262661
X 1189074  Y 1262661
X 1196948  Y 1263055
X 1204822  Y 1268173
X 1189074  Y 1268173
X 1196948  Y 1268566
X 1204822  Y 1273685
X 1189074  Y 1273685
X 1196948  Y 1274078
X 1204822  Y 1279196
X 1189074  Y 1279196
X 1196948  Y 1279590
X 1212696  Y 1279590
X 1212696  Y 1274078
X 1212696  Y 1268566
X 1212696  Y 1263055
X 1212696  Y 1257543
X 1212696  Y 1252031
X 1212696  Y 1246519
X 1212696  Y 1241007
X 1212696  Y 1235496
X 1212696  Y 1229984
X 1212696  Y 1224472
X 1212696  Y 1218960
X 1212696  Y 1213448
X 1212696  Y 1207937
X 1212696  Y 1202425

Drill: .02  Tool: 3  Feed: 197  Speed: 550
X 1042300  Y 1073600
X 1050600  Y 1073900
X 1031100  Y 1192800
X 1039000  Y 1193000
X 1032500  Y 1269000
X 1032500  Y 1278500
X 1042200  Y 1342100
X 1056000  Y 1344500
X 1088000  Y 1397500
X 1099500  Y 1397500
X 1123750  Y 1397500
X 1145000  Y 1397500
X 1114600  Y 1325600
X 1128200  Y 1325600
X 1092000  Y 1325600
X 1154500  Y 1325600
X 1143300  Y 1325600
X 1103600  Y 1325600
X 1147500  Y 1072300
X 1147500  Y 1058200
X 1167000  Y 1325600
X 1179400  Y 1325600
X 1233500  Y 1384300
X 1213900  Y 1387700
X 1234200  Y 1391500
X 1177500  Y 1397000
X 1164500  Y 1397000

Drill: .03937  Tool: 4  Feed: 197  Speed: 550
X 1018100  Y 1050500
X 1028100  Y 1050500
X 1018100  Y 1060500
X 1028100  Y 1060500
X 1028100  Y 1398100
X 1018100  Y 1398100
X 1028100  Y 1408100
X 1018100  Y 1408100
X 1239200  Y 1408100
X 1249200  Y 1408100
X 1239200  Y 1398100
X 1249200  Y 1398100
X 1249200  Y 1060500
X 1239200  Y 1060500
X 1249200  Y 1050500
X 1239200  Y 1050500

Drill: .04  Tool: 5  Feed: 139  Speed: 550
X 1063857  Y 1011826
X 1073857  Y 1011826
X 1083857  Y 1011826
X 1073857  Y 1021826
X 1063857  Y 1021826
X 1083857  Y 1021826
X 1063858  Y 1436174
X 1073858  Y 1436174
X 1083858  Y 1436174
X 1073858  Y 1446174
X 1063858  Y 1446174
X 1083858  Y 1446174
X 1093858  Y 1446174
X 1103858  Y 1446174
X 1113858  Y 1446174
X 1123858  Y 1446174
X 1133858  Y 1446174
X 1103858  Y 1436174
X 1113858  Y 1436174
X 1123858  Y 1436174
X 1133858  Y 1436174
X 1093858  Y 1436174
X 1133857  Y 1021826
X 1113857  Y 1021826
X 1093857  Y 1021826
X 1103857  Y 1021826
X 1123857  Y 1021826
X 1103857  Y 1011826
X 1113857  Y 1011826
X 1133857  Y 1011826
X 1123857  Y 1011826
X 1093857  Y 1011826
X 1143857  Y 1011826
X 1153857  Y 1011826
X 1163857  Y 1011826
X 1173857  Y 1011826
X 1183857  Y 1011826
X 1143857  Y 1021826
X 1163857  Y 1021826
X 1153857  Y 1021826
X 1173857  Y 1021826
X 1183857  Y 1021826
X 1143858  Y 1436174
X 1153858  Y 1436174
X 1163858  Y 1436174
X 1173858  Y 1436174
X 1183858  Y 1436174
X 1163858  Y 1446174
X 1143858  Y 1446174
X 1173858  Y 1446174
X 1153858  Y 1446174
X 1183858  Y 1446174
X 1193858  Y 1446174
X 1203858  Y 1446174
X 1193858  Y 1436174
X 1203858  Y 1436174
X 1203857  Y 1021826
X 1193857  Y 1021826
X 1203857  Y 1011826
X 1193857  Y 1011826

Drill: .12795  Tool: 6  Feed: 35  Speed: 794
X 1189453  Y 1080546

Drill: .21063  Tool: 7  Feed: 0  Speed: 0
X 1039371  Y 1164055
X 1228347  Y 1317598

End of Listing
