Drill Listing
=============
Drill: .012  Tool: 1  Feed: 95  Speed: 300
X 140000  Y 105000
X 150000  Y 105000
X 160000  Y 105000
X 170000  Y 105000
X 180000  Y 105000
X 190000  Y 105000
X 200000  Y 105000
X 210000  Y 105000
X 220000  Y 105000
X 230000  Y 105000
X 240000  Y 105000
X 250000  Y 105000
X 260000  Y 105000
X 270000  Y 105000
X 280000  Y 105000
X 290000  Y 105000
X 300000  Y 105000
X 310000  Y 105000
X 320000  Y 105000
X 330000  Y 105000
X 340000  Y 105000
X 350000  Y 105000
X 360000  Y 105000
X 370000  Y 105000
X 380000  Y 105000
X 390000  Y 105000
X 400000  Y 105000
X 410000  Y 105000
X 420000  Y 105000
X 430000  Y 105000
X 440000  Y 105000
X 450000  Y 105000
X 460000  Y 105000
X 470000  Y 105000
X 480000  Y 105000
X 490000  Y 105000
X 500000  Y 105000
X 510000  Y 105000
X 520000  Y 105000
X 530000  Y 105000
X 540000  Y 105000
X 550000  Y 105000
X 560000  Y 105000
X 570000  Y 105000
X 574400  Y 129800
X 580000  Y 105000
X 590000  Y 105000
X 600000  Y 105000
X 610000  Y 105000
X 620000  Y 105000
X 630000  Y 105000
X 640000  Y 105000
X 650000  Y 105000
X 660000  Y 105000
X 670000  Y 105000
X 680000  Y 105000
X 690000  Y 105000
X 700000  Y 105000
X 710000  Y 105000
X 720000  Y 105000
X 730000  Y 105000
X 740000  Y 105000
X 750000  Y 105000
X 760000  Y 105000
X 770000  Y 105000
X 780000  Y 105000
X 790000  Y 105000
X 800000  Y 105000
X 810000  Y 105000
X 820000  Y 105000
X 830000  Y 105000
X 840000  Y 105000
X 850000  Y 105000
X 860000  Y 105000
X 870000  Y 105000
X 880000  Y 105000
X 890000  Y 105000
X 900000  Y 105000
X 908500  Y 125500
X 908500  Y 129000
X 910000  Y 105000
X 920000  Y 105000
X 930000  Y 105000
X 940000  Y 105000
X 950000  Y 105000
X 960000  Y 105000
X 970000  Y 105000
X 980000  Y 105000
X 990000  Y 105000
X 1000000  Y 105000
X 1010000  Y 105000
X 1020000  Y 105000
X 1030000  Y 105000
X 1040000  Y 105000
X 1050000  Y 105000
X 1060000  Y 105000
X 1070000  Y 105000
X 1080000  Y 105000
X 1090000  Y 105000
X 1100000  Y 105000
X 1110000  Y 105000
X 1120000  Y 105000
X 1130000  Y 105000
X 1140000  Y 105000
X 1160000  Y 105000
X 1170000  Y 105000
X 1180000  Y 105000
X 1100500  Y 156600
X 1075500  Y 156600
X 1031700  Y 167500
X 984500  Y 167500
X 960000  Y 142500
X 952000  Y 151000
X 952000  Y 171500
X 952000  Y 134000
X 948500  Y 151000
X 948500  Y 171500
X 948500  Y 134000
X 636100  Y 167300
X 635200  Y 136000
X 625100  Y 135900
X 624900  Y 167300
X 622200  Y 179800
X 619900  Y 177500
X 599500  Y 135300
X 598300  Y 166900
X 596000  Y 179500
X 593000  Y 179500
X 590300  Y 169700
X 579300  Y 140700
X 574400  Y 133000
X 564000  Y 141800
X 564000  Y 138600
X 522000  Y 169100
X 512800  Y 170400
X 501600  Y 169500
X 461800  Y 171000
X 461400  Y 162000
X 241100  Y 172200
X 241100  Y 169000
X 227600  Y 169000
X 227600  Y 172200
X 176000  Y 173100
X 178000  Y 186000
X 184000  Y 225000
X 205200  Y 217300
X 460400  Y 180000
X 460900  Y 189000
X 460900  Y 198000
X 461000  Y 207000
X 462000  Y 229000
X 466400  Y 228300
X 492700  Y 207900
X 493700  Y 204400
X 495600  Y 210000
X 501000  Y 202600
X 512600  Y 205000
X 519000  Y 205600
X 525500  Y 203400
X 525600  Y 191000
X 528700  Y 203000
X 529000  Y 212000
X 529800  Y 191400
X 531500  Y 206000
X 534800  Y 203700
X 538400  Y 203700
X 542400  Y 222900
X 545000  Y 190500
X 546500  Y 207900
X 558100  Y 202800
X 563400  Y 202900
X 568500  Y 202500
X 569700  Y 188600
X 573000  Y 203000
X 574300  Y 189500
X 576900  Y 187100
X 576900  Y 202800
X 579500  Y 189400
X 582400  Y 187500
X 585300  Y 185200
X 586500  Y 202500
X 591500  Y 205600
X 596100  Y 205900
X 601100  Y 189300
X 614100  Y 219500
X 617000  Y 221400
X 637700  Y 217500
X 644700  Y 198700
X 644700  Y 201900
X 647500  Y 217700
X 649200  Y 204900
X 649200  Y 195700
X 682300  Y 228200
X 682500  Y 204000
X 682500  Y 186300
X 908500  Y 191000
X 908500  Y 194500
X 908500  Y 226500
X 908500  Y 223000
X 948500  Y 188500
X 952000  Y 188500
X 960000  Y 180000
X 984500  Y 227500
X 984600  Y 192500
X 1031600  Y 192500
X 1031600  Y 227500
X 1075500  Y 204100
X 1100500  Y 203900
X 1142000  Y 223500
X 1085990  Y 273500
X 1082860  Y 273500
X 1065500  Y 278800
X 1062500  Y 246700
X 1031400  Y 252500
X 984500  Y 252500
X 960000  Y 240000
X 952000  Y 248500
X 952000  Y 231500
X 948500  Y 248500
X 948500  Y 231500
X 682300  Y 240200
X 682300  Y 278200
X 682300  Y 268700
X 651000  Y 269500
X 650700  Y 277500
X 647700  Y 242000
X 647700  Y 233300
X 642700  Y 239300
X 642700  Y 236100
X 637100  Y 275400
X 637100  Y 272200
X 574500  Y 239500
X 569000  Y 247000
X 537000  Y 251500
X 525000  Y 276000
X 523500  Y 251600
X 519900  Y 274400
X 512800  Y 273900
X 498000  Y 277000
X 494100  Y 265700
X 493800  Y 269000
X 489500  Y 246200
X 485000  Y 277000
X 479500  Y 257400
X 476000  Y 277000
X 468900  Y 246000
X 467900  Y 263500
X 467000  Y 268000
X 465100  Y 261400
X 464900  Y 245600
X 463800  Y 257700
X 461200  Y 243000
X 460200  Y 234000
X 442200  Y 244600
X 441900  Y 248200
X 439800  Y 273100
X 438600  Y 250700
X 437200  Y 276800
X 434400  Y 252500
X 261700  Y 266700
X 257900  Y 276400
X 254300  Y 279200
X 253900  Y 250200
X 251600  Y 247900
X 233900  Y 262700
X 231600  Y 260400
X 204000  Y 259000
X 177000  Y 240000
X 177000  Y 253000
X 196000  Y 283000
X 213000  Y 299000
X 218500  Y 297600
X 234000  Y 296200
X 239500  Y 292900
X 243700  Y 289700
X 247400  Y 285400
X 251200  Y 282300
X 427000  Y 305000
X 427700  Y 288900
X 428000  Y 296000
X 428400  Y 285600
X 431300  Y 283100
X 434100  Y 280100
X 464700  Y 325900
X 491500  Y 299500
X 532700  Y 307800
X 537600  Y 321400
X 545300  Y 308800
X 546300  Y 321600
X 558100  Y 322300
X 559500  Y 309000
X 565400  Y 309100
X 567000  Y 319900
X 570400  Y 320400
X 574800  Y 320300
X 575900  Y 329800
X 575900  Y 324500
X 576500  Y 281000
X 578000  Y 309000
X 586600  Y 328100
X 592000  Y 302000
X 600000  Y 320500
X 636800  Y 307900
X 636800  Y 311100
X 647600  Y 304800
X 647600  Y 315400
X 682300  Y 305100
X 682300  Y 316100
X 908500  Y 311000
X 908500  Y 307500
X 948500  Y 308500
X 948500  Y 291500
X 952000  Y 308500
X 952000  Y 291500
X 960000  Y 300000
X 984400  Y 287500
X 984500  Y 312500
X 1031500  Y 287500
X 1031500  Y 312500
X 1099440  Y 280740
X 1102570  Y 280740
X 1117690  Y 328870
X 1120820  Y 328870
X 1084840  Y 352270
X 1081710  Y 352270
X 1031700  Y 347500
X 1031400  Y 372500
X 984300  Y 347500
X 984200  Y 372500
X 960000  Y 360000
X 952000  Y 368500
X 952000  Y 351500
X 948500  Y 351500
X 948500  Y 368500
X 908500  Y 374500
X 908500  Y 378000
X 582700  Y 330700
X 579500  Y 330000
X 552000  Y 378500
X 549000  Y 374000
X 546000  Y 369500
X 543000  Y 365000
X 540000  Y 360500
X 533000  Y 349000
X 524000  Y 349000
X 515000  Y 349000
X 464700  Y 332700
X 239500  Y 379500
X 234000  Y 377500
X 243500  Y 383000
X 247500  Y 387000
X 251000  Y 391500
X 254500  Y 394500
X 258000  Y 399000
X 261500  Y 403000
X 604000  Y 429000
X 670000  Y 449100
X 686000  Y 451300
X 720700  Y 437300
X 751200  Y 444600
X 908500  Y 406500
X 908500  Y 403000
X 908500  Y 431000
X 908500  Y 434500
X 948500  Y 428500
X 948500  Y 411500
X 952000  Y 428500
X 952000  Y 411500
X 960000  Y 420000
X 984200  Y 432500
X 984300  Y 407500
X 1031400  Y 407500
X 1031500  Y 432500
X 1082000  Y 419320
X 1082000  Y 416190
X 1082040  Y 395680
X 1084250  Y 393470
X 1102500  Y 479500
X 1102500  Y 476000
X 1102500  Y 459500
X 1102500  Y 456000
X 1102500  Y 499500
X 1102500  Y 496000
X 1031700  Y 467500
X 1031600  Y 492500
X 984500  Y 467500
X 984400  Y 492500
X 960000  Y 480000
X 952000  Y 471500
X 952000  Y 488500
X 948500  Y 471500
X 948500  Y 488500
X 908000  Y 490500
X 908000  Y 494000
X 771100  Y 487300
X 771100  Y 500900
X 751200  Y 456100
X 741000  Y 481400
X 741000  Y 497000
X 720700  Y 455000
X 717000  Y 498000
X 707100  Y 472700
X 703900  Y 472700
X 673500  Y 478800
X 671200  Y 474500
X 667600  Y 475400
X 664100  Y 473400
X 664000  Y 478500
X 661000  Y 477500
X 651200  Y 489900
X 634500  Y 475500
X 628400  Y 490400
X 626100  Y 473600
X 622700  Y 478700
X 619000  Y 472700
X 614600  Y 490000
X 614200  Y 478300
X 613000  Y 475500
X 611000  Y 456500
X 610500  Y 461000
X 608800  Y 489800
X 604000  Y 500000
X 598000  Y 494000
X 586500  Y 494900
X 586200  Y 480000
X 585700  Y 474000
X 548500  Y 504700
X 545200  Y 497000
X 545000  Y 488000
X 544600  Y 479000
X 210000  Y 463000
X 205000  Y 469500
X 200000  Y 474000
X 197000  Y 484000
X 194500  Y 481000
X 189000  Y 499000
X 188500  Y 490500
X 187000  Y 487000
X 184000  Y 493000
X 181000  Y 498500
X 160000  Y 488000
X 159000  Y 547000
X 162000  Y 538000
X 168000  Y 529000
X 174000  Y 520000
X 184000  Y 505000
X 189000  Y 511000
X 191000  Y 548000
X 193000  Y 522000
X 206500  Y 535000
X 210000  Y 538000
X 215000  Y 538000
X 227500  Y 540500
X 230000  Y 546000
X 230000  Y 551000
X 232500  Y 540500
X 235000  Y 551000
X 235000  Y 546000
X 237500  Y 540500
X 240000  Y 546000
X 242500  Y 540500
X 245000  Y 551000
X 245000  Y 546000
X 247500  Y 540000
X 250000  Y 551000
X 250000  Y 546000
X 255500  Y 548500
X 255500  Y 552500
X 256000  Y 544500
X 342200  Y 554000
X 347800  Y 551600
X 350200  Y 545600
X 352800  Y 551600
X 355200  Y 545600
X 362500  Y 545400
X 362800  Y 551700
X 366200  Y 545800
X 367900  Y 551600
X 370400  Y 545900
X 372800  Y 551600
X 375300  Y 546000
X 378600  Y 554100
X 483300  Y 552000
X 516900  Y 522000
X 517100  Y 517700
X 517200  Y 543000
X 517600  Y 532000
X 518400  Y 550000
X 519900  Y 514000
X 522800  Y 511300
X 525600  Y 508600
X 544700  Y 551100
X 545500  Y 542000
X 547500  Y 508400
X 551600  Y 547600
X 552400  Y 516000
X 552800  Y 520400
X 554600  Y 550200
X 555800  Y 522100
X 557700  Y 554800
X 577000  Y 553500
X 586000  Y 533000
X 587000  Y 553000
X 597800  Y 551800
X 604000  Y 509000
X 604000  Y 527000
X 604000  Y 518000
X 604000  Y 547000
X 609000  Y 547000
X 614000  Y 547000
X 619000  Y 545000
X 719000  Y 533500
X 719000  Y 536700
X 722500  Y 540500
X 723100  Y 511200
X 723100  Y 508000
X 737900  Y 531200
X 739700  Y 538900
X 770200  Y 526300
X 770200  Y 538000
X 908500  Y 523000
X 908500  Y 526500
X 948500  Y 531500
X 948500  Y 548500
X 952000  Y 531500
X 952000  Y 548500
X 960000  Y 540000
X 984100  Y 552500
X 984300  Y 527500
X 1031500  Y 527500
X 1031600  Y 552500
X 1102500  Y 519500
X 1102500  Y 516000
X 1100500  Y 575800
X 1075500  Y 576500
X 771100  Y 565400
X 771100  Y 578200
X 739000  Y 563200
X 739000  Y 576400
X 718500  Y 558400
X 718500  Y 555200
X 684400  Y 575000
X 603200  Y 575700
X 601400  Y 572700
X 601300  Y 578500
X 601000  Y 569100
X 597300  Y 570000
X 517200  Y 573100
X 515100  Y 565000
X 485300  Y 571300
X 483300  Y 561400
X 379000  Y 568500
X 378500  Y 564000
X 378500  Y 571500
X 378500  Y 559000
X 378500  Y 579000
X 372800  Y 571500
X 372800  Y 556600
X 372800  Y 566700
X 372700  Y 561600
X 367800  Y 561600
X 367800  Y 556700
X 362800  Y 561600
X 362700  Y 556600
X 362700  Y 571500
X 359000  Y 579000
X 359000  Y 574000
X 352800  Y 556700
X 352700  Y 561600
X 347800  Y 561700
X 347800  Y 571600
X 347800  Y 566600
X 347800  Y 556500
X 341600  Y 579000
X 341500  Y 569200
X 256000  Y 573500
X 256000  Y 563500
X 256000  Y 559000
X 256000  Y 569000
X 256000  Y 578500
X 250000  Y 571000
X 250000  Y 566000
X 250000  Y 561000
X 245000  Y 561000
X 245000  Y 571000
X 245000  Y 566000
X 240000  Y 571000
X 240000  Y 566000
X 239900  Y 576000
X 235000  Y 571000
X 235000  Y 566000
X 234900  Y 576100
X 234900  Y 560900
X 230000  Y 566000
X 230000  Y 571000
X 229900  Y 561000
X 225000  Y 566000
X 224900  Y 576100
X 224900  Y 571000
X 224500  Y 560500
X 220500  Y 560000
X 220000  Y 576000
X 219900  Y 570900
X 219900  Y 566100
X 216000  Y 558500
X 214900  Y 576100
X 214800  Y 571000
X 210000  Y 571000
X 206400  Y 570500
X 202500  Y 570500
X 194000  Y 578500
X 191500  Y 562500
X 160000  Y 565000
X 159000  Y 574000
X 159000  Y 556000
X 158000  Y 583000
X 160000  Y 592000
X 191000  Y 598500
X 202500  Y 602000
X 205000  Y 591000
X 205000  Y 596000
X 207500  Y 602000
X 209900  Y 591000
X 210000  Y 596000
X 212500  Y 602000
X 214900  Y 585900
X 214900  Y 591000
X 214900  Y 596100
X 217500  Y 602000
X 219900  Y 591100
X 220000  Y 586000
X 220000  Y 596000
X 222500  Y 602000
X 224900  Y 591000
X 225000  Y 596000
X 225000  Y 586000
X 227500  Y 602000
X 229900  Y 591100
X 230000  Y 596000
X 232500  Y 602000
X 234900  Y 596100
X 234900  Y 591000
X 235000  Y 586000
X 237500  Y 602000
X 239800  Y 591000
X 239900  Y 596000
X 240000  Y 586000
X 242500  Y 602000
X 244900  Y 591100
X 245000  Y 596000
X 247500  Y 602000
X 249900  Y 591000
X 250000  Y 596000
X 252500  Y 602000
X 255500  Y 588500
X 255800  Y 584400
X 256000  Y 593500
X 341900  Y 584000
X 342200  Y 594000
X 351000  Y 603500
X 354500  Y 603500
X 355000  Y 596000
X 359000  Y 593000
X 359000  Y 584000
X 359000  Y 589000
X 364000  Y 593000
X 367800  Y 581500
X 372700  Y 586600
X 372800  Y 581600
X 375500  Y 604000
X 378500  Y 589000
X 378500  Y 584000
X 442000  Y 591000
X 484500  Y 581000
X 517000  Y 591000
X 517900  Y 582000
X 553000  Y 589500
X 586500  Y 591000
X 601200  Y 587200
X 601300  Y 581800
X 603000  Y 584600
X 634300  Y 595600
X 682100  Y 595200
X 720600  Y 582700
X 720600  Y 585900
X 739200  Y 597100
X 771100  Y 602400
X 948500  Y 591500
X 952000  Y 591500
X 960000  Y 600000
X 984400  Y 587500
X 1031400  Y 587500
X 1183000  Y 650000
X 1178500  Y 650000
X 1100500  Y 623400
X 1083353  Y 641456
X 1075500  Y 623400
X 1070500  Y 637000
X 1031800  Y 612500
X 984300  Y 612500
X 960000  Y 637500
X 952000  Y 608500
X 952000  Y 629000
X 952000  Y 644000
X 948500  Y 608500
X 948500  Y 629000
X 948500  Y 644000
X 908500  Y 610500
X 908500  Y 614000
X 908000  Y 628500
X 908000  Y 632000
X 771100  Y 612600
X 739200  Y 612400
X 737200  Y 626800
X 725000  Y 611000
X 703700  Y 634300
X 703000  Y 622800
X 693900  Y 619300
X 690700  Y 619300
X 685900  Y 616300
X 672400  Y 608100
X 671000  Y 611500
X 667000  Y 611900
X 662900  Y 607700
X 658000  Y 612000
X 645000  Y 611500
X 633000  Y 610300
X 625500  Y 611500
X 597000  Y 643000
X 572000  Y 634000
X 559300  Y 640100
X 520000  Y 626000
X 419600  Y 616700
X 412500  Y 625500
X 412500  Y 621000
X 407500  Y 625500
X 407500  Y 621000
X 403500  Y 621000
X 403000  Y 625500
X 369500  Y 626500
X 160000  Y 665000
X 170000  Y 665000
X 180000  Y 665000
X 190000  Y 665000
X 200000  Y 665000
X 210000  Y 665000
X 220000  Y 665000
X 230000  Y 665000
X 240000  Y 665000
X 250000  Y 665000
X 260000  Y 665000
X 270000  Y 665000
X 280000  Y 665000
X 290000  Y 665000
X 300000  Y 665000
X 310000  Y 665000
X 320000  Y 665000
X 330000  Y 665000
X 340000  Y 665000
X 350000  Y 665000
X 360000  Y 665000
X 370000  Y 665000
X 380000  Y 665000
X 390000  Y 665000
X 400000  Y 665000
X 410000  Y 665000
X 420000  Y 665000
X 430000  Y 665000
X 440000  Y 665000
X 450000  Y 665000
X 460000  Y 665000
X 470000  Y 665000
X 480000  Y 665000
X 490000  Y 665000
X 500000  Y 665000
X 510000  Y 665000
X 520000  Y 665000
X 530000  Y 665000
X 540000  Y 665000
X 550000  Y 665000
X 560000  Y 665000
X 570000  Y 665000
X 580000  Y 665000
X 590000  Y 665000
X 600000  Y 665000
X 610000  Y 665000
X 620000  Y 665000
X 630000  Y 665000
X 640000  Y 665000
X 650000  Y 665000
X 660000  Y 665000
X 670000  Y 665000
X 680000  Y 665000
X 690000  Y 665000
X 700000  Y 665000
X 710000  Y 665000
X 720000  Y 665000
X 730000  Y 665000
X 740000  Y 665000
X 750000  Y 665000
X 760000  Y 665000
X 770000  Y 665000
X 780000  Y 665000
X 790000  Y 665000
X 800000  Y 665000
X 810000  Y 665000
X 820000  Y 665000
X 830000  Y 665000
X 840000  Y 665000
X 850000  Y 665000
X 860000  Y 665000
X 870000  Y 665000
X 880000  Y 665000
X 890000  Y 665000
X 900000  Y 665000
X 910000  Y 665000
X 920000  Y 665000
X 930000  Y 665000
X 940000  Y 665000
X 950000  Y 665000
X 960000  Y 665000
X 970000  Y 665000
X 980000  Y 665000
X 990000  Y 665000
X 1000000  Y 665000
X 1010000  Y 665000
X 1020000  Y 665000
X 1030000  Y 665000
X 1040000  Y 665000
X 1050000  Y 665000
X 1060000  Y 665000
X 1070000  Y 665000
X 1080000  Y 665000
X 1090000  Y 665000
X 1100000  Y 665000
X 1172000  Y 659500
X 1172000  Y 655000
X 1177000  Y 659500
X 1177500  Y 655000
X 1182500  Y 659500
X 1183000  Y 655000

Drill: .02  Tool: 2  Feed: 197  Speed: 550
X 167000  Y 143000
X 168000  Y 127000
X 191000  Y 148000
X 211000  Y 148000
X 234000  Y 148000
X 237000  Y 125000
X 307000  Y 126000
X 325000  Y 135000
X 495000  Y 151000
X 504000  Y 152500
X 513200  Y 151200
X 522000  Y 152500
X 530900  Y 151400
X 536000  Y 150500
X 618000  Y 135000
X 649600  Y 129800
X 819000  Y 128000
X 857000  Y 128000
X 1045523  Y 129722
X 1060000  Y 139260
X 1065000  Y 130000
X 1081500  Y 139200
X 1107300  Y 139200
X 1135000  Y 136000
X 1152500  Y 128000
X 969300  Y 161700
X 969300  Y 186300
X 649300  Y 174800
X 634100  Y 191000
X 634000  Y 186500
X 619500  Y 199500
X 610100  Y 203700
X 602000  Y 180900
X 586900  Y 190300
X 576500  Y 181200
X 536000  Y 172500
X 529300  Y 172900
X 513500  Y 179000
X 498500  Y 188500
X 471000  Y 202000
X 471000  Y 184100
X 470800  Y 175100
X 470800  Y 157000
X 470500  Y 165900
X 470000  Y 193000
X 443100  Y 180000
X 443100  Y 198000
X 443100  Y 189000
X 443100  Y 161900
X 443100  Y 171000
X 408300  Y 196900
X 380000  Y 200000
X 380000  Y 180000
X 360000  Y 180000
X 360000  Y 200000
X 340000  Y 200000
X 288000  Y 172000
X 254000  Y 185000
X 206700  Y 182700
X 206700  Y 203800
X 197500  Y 188500
X 190700  Y 162100
X 167000  Y 157900
X 178500  Y 233000
X 178800  Y 217900
X 181500  Y 251200
X 190700  Y 209300
X 190700  Y 231600
X 204300  Y 250700
X 205300  Y 224700
X 217000  Y 212000
X 232000  Y 231000
X 233000  Y 213000
X 249000  Y 212000
X 264000  Y 207000
X 320000  Y 220000
X 320000  Y 240000
X 340000  Y 220000
X 340000  Y 240000
X 360000  Y 220000
X 380000  Y 220000
X 408300  Y 205800
X 408500  Y 215200
X 408600  Y 223900
X 408700  Y 242000
X 408700  Y 233200
X 441700  Y 221800
X 443100  Y 216000
X 443100  Y 207100
X 443200  Y 234000
X 471000  Y 210500
X 472000  Y 243000
X 473500  Y 224500
X 489000  Y 219000
X 493500  Y 245500
X 512000  Y 231000
X 514000  Y 222500
X 519000  Y 240600
X 525000  Y 217000
X 529000  Y 241000
X 538000  Y 240500
X 545000  Y 243000
X 553100  Y 251300
X 565100  Y 227600
X 565100  Y 217000
X 568100  Y 214000
X 572000  Y 237000
X 578800  Y 241000
X 586000  Y 220300
X 595600  Y 248800
X 596000  Y 229900
X 598700  Y 235000
X 603800  Y 206100
X 604300  Y 247400
X 606300  Y 219300
X 613700  Y 207300
X 616000  Y 240700
X 616000  Y 245100
X 616800  Y 235300
X 617000  Y 253000
X 629100  Y 208800
X 629600  Y 234600
X 633500  Y 251700
X 640200  Y 253900
X 641400  Y 205100
X 694000  Y 217700
X 969200  Y 221700
X 969200  Y 246700
X 969200  Y 208800
X 1132900  Y 217000
X 1135700  Y 209900
X 1141500  Y 207300
X 1160300  Y 217000
X 1168000  Y 237000
X 969300  Y 268500
X 969300  Y 281100
X 695700  Y 284900
X 689700  Y 255800
X 650300  Y 293400
X 647700  Y 255500
X 629300  Y 259800
X 629200  Y 277200
X 616300  Y 275500
X 616100  Y 300300
X 615400  Y 269900
X 615000  Y 264800
X 611900  Y 259000
X 600000  Y 289300
X 598200  Y 300000
X 596900  Y 275200
X 596000  Y 260200
X 585400  Y 276900
X 578100  Y 277500
X 578000  Y 291100
X 568900  Y 291200
X 560300  Y 292000
X 560000  Y 264300
X 537600  Y 298700
X 537300  Y 276500
X 535500  Y 262000
X 520000  Y 256300
X 516000  Y 299000
X 512000  Y 303000
X 472000  Y 271000
X 443000  Y 280000
X 443000  Y 270800
X 442600  Y 259000
X 442000  Y 288000
X 440500  Y 298500
X 409500  Y 304500
X 409100  Y 278000
X 409100  Y 268900
X 408500  Y 286900
X 408400  Y 260000
X 408000  Y 296000
X 204500  Y 269700
X 198000  Y 291000
X 196000  Y 275000
X 188000  Y 275000
X 177100  Y 291000
X 165100  Y 290200
X 320000  Y 330000
X 320000  Y 350000
X 340000  Y 330000
X 340000  Y 350000
X 360000  Y 330000
X 360000  Y 350000
X 381000  Y 321000
X 381000  Y 352000
X 408000  Y 314000
X 416000  Y 351800
X 416100  Y 343000
X 426000  Y 320500
X 438400  Y 315100
X 441000  Y 306000
X 443500  Y 322000
X 444900  Y 354700
X 448500  Y 322000
X 453500  Y 322000
X 458500  Y 322000
X 470000  Y 315000
X 475000  Y 319000
X 477000  Y 305000
X 481500  Y 322200
X 517600  Y 341900
X 519700  Y 308000
X 527900  Y 307900
X 528800  Y 341200
X 535000  Y 340400
X 544200  Y 340500
X 561400  Y 346000
X 588300  Y 321700
X 588600  Y 307500
X 595800  Y 306700
X 597300  Y 340000
X 602400  Y 308200
X 608300  Y 308200
X 611500  Y 340600
X 616000  Y 305700
X 620500  Y 329600
X 629400  Y 329400
X 630700  Y 314000
X 640300  Y 329600
X 663700  Y 343500
X 689600  Y 328900
X 720000  Y 340000
X 740000  Y 340000
X 760000  Y 340000
X 780000  Y 340000
X 969300  Y 305700
X 969300  Y 341100
X 969400  Y 328100
X 969300  Y 364100
X 969300  Y 386400
X 969300  Y 401300
X 780000  Y 360000
X 760000  Y 360000
X 760000  Y 380000
X 760000  Y 400000
X 740000  Y 380000
X 740000  Y 400000
X 740000  Y 360000
X 720000  Y 380000
X 720000  Y 400000
X 720000  Y 360000
X 700000  Y 380000
X 700000  Y 400000
X 663700  Y 368500
X 631500  Y 401500
X 621500  Y 401500
X 609500  Y 402000
X 597800  Y 357900
X 597800  Y 368100
X 584600  Y 402000
X 558000  Y 379500
X 485800  Y 373800
X 473000  Y 357600
X 420000  Y 390000
X 400000  Y 390000
X 380000  Y 390000
X 360000  Y 370000
X 360000  Y 390000
X 340000  Y 370000
X 340000  Y 390000
X 320000  Y 370000
X 320000  Y 390000
X 320000  Y 410000
X 322500  Y 430000
X 340000  Y 430000
X 340000  Y 410000
X 360000  Y 410000
X 360000  Y 430000
X 380000  Y 410000
X 380000  Y 430000
X 400000  Y 410000
X 400000  Y 430000
X 420000  Y 410000
X 420000  Y 430000
X 578000  Y 426000
X 580000  Y 441000
X 582700  Y 449700
X 585000  Y 429000
X 585300  Y 438100
X 585600  Y 454200
X 610000  Y 410000
X 612000  Y 435000
X 613000  Y 428000
X 620400  Y 418400
X 621500  Y 410000
X 631500  Y 410000
X 639000  Y 441000
X 644700  Y 442500
X 661500  Y 435300
X 678800  Y 449500
X 688500  Y 429300
X 969300  Y 447300
X 969300  Y 425200
X 969300  Y 474800
X 969300  Y 486700
X 765300  Y 462000
X 727300  Y 481400
X 726700  Y 492500
X 726500  Y 488500
X 713300  Y 455900
X 709000  Y 479600
X 704100  Y 480600
X 703000  Y 493800
X 703000  Y 503000
X 692100  Y 459100
X 685000  Y 503000
X 683000  Y 491500
X 683000  Y 496900
X 681100  Y 476100
X 677900  Y 494800
X 673600  Y 491400
X 669000  Y 493800
X 661200  Y 504100
X 659700  Y 473400
X 655700  Y 477200
X 651100  Y 494100
X 648500  Y 477500
X 647100  Y 492400
X 643500  Y 497300
X 603000  Y 473000
X 586300  Y 468800
X 558500  Y 487000
X 558000  Y 501000
X 532400  Y 472900
X 526900  Y 488100
X 526800  Y 495600
X 498300  Y 478900
X 497500  Y 491200
X 497500  Y 502800
X 187500  Y 538000
X 205000  Y 514000
X 230500  Y 531000
X 231000  Y 522000
X 314000  Y 514500
X 314000  Y 535500
X 341000  Y 549000
X 463000  Y 552000
X 496900  Y 509900
X 497900  Y 522800
X 497900  Y 531900
X 497900  Y 554000
X 525400  Y 535300
X 526500  Y 525500
X 526800  Y 550500
X 579000  Y 505000
X 599600  Y 538800
X 625800  Y 527000
X 656500  Y 543000
X 658200  Y 532100
X 658500  Y 551000
X 659000  Y 522900
X 661200  Y 513900
X 664500  Y 534800
X 678000  Y 515000
X 680400  Y 525000
X 681300  Y 550900
X 681900  Y 541000
X 689300  Y 534000
X 689300  Y 554700
X 700000  Y 525000
X 702000  Y 549000
X 702100  Y 540000
X 702200  Y 515000
X 702300  Y 531000
X 702900  Y 535300
X 703200  Y 553800
X 703900  Y 519100
X 715700  Y 547000
X 716400  Y 525300
X 718500  Y 544000
X 727300  Y 544000
X 728300  Y 511600
X 748500  Y 551000
X 784100  Y 506000
X 784300  Y 544000
X 969300  Y 510000
X 969300  Y 534300
X 969300  Y 540700
X 1128064  Y 581591
X 969300  Y 563900
X 968300  Y 600200
X 968300  Y 593600
X 783600  Y 583000
X 736000  Y 591000
X 703200  Y 558100
X 702500  Y 595200
X 702300  Y 563700
X 702000  Y 568900
X 702000  Y 575000
X 701900  Y 585000
X 701800  Y 590100
X 695300  Y 594100
X 688500  Y 595300
X 684000  Y 564000
X 682400  Y 585000
X 679300  Y 561000
X 673600  Y 594000
X 670000  Y 589500
X 663800  Y 595600
X 660800  Y 560900
X 657300  Y 567000
X 656000  Y 595500
X 637400  Y 583500
X 636000  Y 575600
X 633200  Y 590500
X 631000  Y 565500
X 622000  Y 565500
X 621300  Y 591800
X 617000  Y 570000
X 608500  Y 569500
X 595000  Y 602000
X 580200  Y 568800
X 579700  Y 590000
X 566900  Y 596000
X 559500  Y 598000
X 554500  Y 594000
X 526900  Y 571600
X 526800  Y 582100
X 526700  Y 592000
X 523600  Y 587200
X 497900  Y 590900
X 497900  Y 582100
X 497900  Y 573000
X 497100  Y 563200
X 463000  Y 561000
X 463000  Y 571000
X 454500  Y 604000
X 451000  Y 575000
X 451000  Y 580000
X 449500  Y 604500
X 445000  Y 574500
X 445000  Y 580000
X 438000  Y 580000
X 438000  Y 575000
X 407000  Y 584000
X 389500  Y 585000
X 389000  Y 604000
X 386000  Y 581000
X 338000  Y 559000
X 338000  Y 574000
X 338000  Y 599000
X 338000  Y 564000
X 337500  Y 589000
X 184000  Y 585000
X 332000  Y 615500
X 337500  Y 621500
X 354500  Y 624000
X 354500  Y 615000
X 376500  Y 623000
X 383500  Y 617000
X 389500  Y 621500
X 419600  Y 620500
X 425000  Y 620500
X 442000  Y 609000
X 449500  Y 613000
X 449500  Y 609000
X 454500  Y 609000
X 472500  Y 641000
X 498000  Y 607000
X 507000  Y 607000
X 513400  Y 612200
X 525500  Y 606000
X 551500  Y 608000
X 589500  Y 623000
X 592500  Y 612000
X 598000  Y 626000
X 600900  Y 609700
X 607000  Y 618000
X 644000  Y 631100
X 653500  Y 638000
X 653600  Y 608300
X 658700  Y 608100
X 663000  Y 630600
X 672000  Y 630600
X 676900  Y 607700
X 681100  Y 630600
X 682100  Y 609300
X 688000  Y 630500
X 702800  Y 609300
X 726000  Y 605000
X 732400  Y 612600
X 743200  Y 626900
X 784000  Y 619000
X 968300  Y 623700
X 1084500  Y 635500
X 1108000  Y 631500
X 1183000  Y 644500

Drill: .0315  Tool: 3  Feed: 197  Speed: 550
X 103110  Y 290084 X 106653  Y 290084
X 103110  Y 228115 X 106653  Y 228115
X 103110  Y 222884 X 106653  Y 222884
X 103110  Y 160915 X 106653  Y 160915

Drill: .035  Tool: 4  Feed: 197  Speed: 550
X 1143500  Y 351500
X 1143500  Y 371500
X 1143500  Y 361500
X 1153500  Y 371500
X 1153500  Y 361500
X 1153500  Y 351500
X 1163500  Y 371500
X 1163500  Y 361500
X 1163500  Y 351500
X 1173500  Y 371500
X 1173500  Y 351500
X 1173500  Y 361500
X 1173500  Y 401500
X 1173500  Y 391500
X 1173500  Y 381500
X 1173500  Y 421500
X 1173500  Y 411500
X 1173500  Y 441500
X 1173500  Y 431500
X 1173500  Y 451500
X 1163500  Y 421500
X 1163500  Y 411500
X 1163500  Y 401500
X 1163500  Y 391500
X 1163500  Y 451500
X 1163500  Y 441500
X 1163500  Y 431500
X 1163500  Y 381500
X 1153500  Y 411500
X 1153500  Y 381500
X 1153500  Y 421500
X 1153500  Y 401500
X 1153500  Y 451500
X 1153500  Y 441500
X 1153500  Y 431500
X 1153500  Y 391500
X 1143500  Y 411500
X 1143500  Y 381500
X 1143500  Y 401500
X 1143500  Y 391500
X 1143500  Y 451500
X 1143500  Y 441500
X 1143500  Y 431500
X 1143500  Y 421500
X 1143500  Y 471500
X 1143500  Y 461500
X 1143500  Y 501500
X 1143500  Y 491500
X 1143500  Y 481500
X 1143500  Y 521500
X 1143500  Y 511500
X 1153500  Y 461500
X 1153500  Y 501500
X 1153500  Y 491500
X 1153500  Y 481500
X 1153500  Y 521500
X 1153500  Y 471500
X 1153500  Y 511500
X 1163500  Y 471500
X 1163500  Y 461500
X 1163500  Y 501500
X 1163500  Y 521500
X 1163500  Y 491500
X 1163500  Y 481500
X 1163500  Y 511500
X 1173500  Y 521500
X 1173500  Y 511500
X 1173500  Y 491500
X 1173500  Y 461500
X 1173500  Y 481500
X 1173500  Y 501500
X 1173500  Y 471500
X 1173500  Y 531500
X 1173500  Y 551500
X 1173500  Y 541500
X 1173500  Y 571500
X 1173500  Y 561500
X 1173500  Y 581500
X 1173500  Y 591500
X 1163500  Y 531500
X 1163500  Y 571500
X 1163500  Y 551500
X 1163500  Y 561500
X 1163500  Y 581500
X 1163500  Y 591500
X 1163500  Y 541500
X 1153500  Y 541500
X 1153500  Y 591500
X 1153500  Y 531500
X 1153500  Y 571500
X 1153500  Y 581500
X 1153500  Y 551500
X 1153500  Y 561500
X 1143500  Y 541500
X 1143500  Y 531500
X 1143500  Y 571500
X 1143500  Y 551500
X 1143500  Y 581500
X 1143500  Y 591500
X 1143500  Y 561500

Drill: .03543  Tool: 5  Feed: 197  Speed: 550
X 117500  Y 367000
X 117500  Y 357000
X 117500  Y 375000
X 127500  Y 367000
X 127500  Y 357000
X 127500  Y 375000
X 127500  Y 385000
X 127500  Y 429000
X 127500  Y 439000
X 127500  Y 447000
X 127500  Y 457000
X 127500  Y 465000
X 127500  Y 475000
X 117500  Y 385000
X 117500  Y 457000
X 117500  Y 439000
X 117500  Y 475000
X 117500  Y 465000
X 117500  Y 429000
X 117500  Y 447000
X 117500  Y 493000
X 117500  Y 483000
X 117500  Y 501000
X 117500  Y 529000
X 117500  Y 519000
X 117500  Y 511000
X 117500  Y 547000
X 117500  Y 537000
X 127500  Y 519000
X 127500  Y 529000
X 127500  Y 501000
X 127500  Y 511000
X 127500  Y 493000
X 127500  Y 483000
X 127500  Y 537000
X 127500  Y 547000
X 127500  Y 555000
X 127500  Y 565000
X 127500  Y 573000
X 127500  Y 601000
X 127500  Y 591000
X 127500  Y 583000
X 117500  Y 601000
X 117500  Y 565000
X 117500  Y 591000
X 117500  Y 583000
X 117500  Y 555000
X 117500  Y 573000

Drill: .037  Tool: 6  Feed: 197  Speed: 550
X 438000  Y 366000
X 448000  Y 366000
X 458000  Y 366000
X 468000  Y 366000
X 545000  Y 641000
X 535000  Y 641000
X 525000  Y 641000
X 515000  Y 641000

Drill: .063  Tool: 7  Feed: 89  Speed: 550
X 1141000  Y 190000
X 1141180  Y 173565

Drill: .06496  Tool: 8  Feed: 89  Speed: 550
X 104881  Y 172214
X 104881  Y 211585
X 104881  Y 239414
X 104881  Y 278785

Drill: .12  Tool: 9  Feed: 35  Speed: 794
X 1163500  Y 324000
X 1163500  Y 619000

Drill: .15  Tool: 10  Feed: 35  Speed: 900
X 125000  Y 125000
X 125000  Y 644000

Drill: .15  Tool: 11  Feed: 35  Speed: 900
X 1132500  Y 640000

End of Listing
