Drill Listing
=============
Drill: .008  Tool: 1  Feed: 0  Speed: 0
X 1230000  Y 1060000
X 1230314  Y 1056251
X 1230314  Y 1064125
X 1230314  Y 1075937
X 1234251  Y 1064125
X 1234251  Y 1052314
X 1234251  Y 1060188
X 1234251  Y 1056251
X 1238000  Y 1068000
X 1238188  Y 1064125
X 1238188  Y 1060188
X 1238188  Y 1052314
X 1238189  Y 1056252
X 1242125  Y 1064125
X 1242125  Y 1068062
X 1242125  Y 1075937
X 1242500  Y 1060000
X 1246062  Y 1056251
X 1246062  Y 1068062
X 1246062  Y 1064125
X 1246062  Y 1052314
X 1246062  Y 1075937
X 1246500  Y 1060500
X 1253500  Y 1060500
X 1253937  Y 1068062
X 1253937  Y 1056251
X 1253937  Y 1064125
X 1253937  Y 1052314
X 1253937  Y 1075937
X 1257874  Y 1060188
X 1257874  Y 1068062
X 1257874  Y 1064125
X 1257874  Y 1075937
X 1257874  Y 1056251
X 1261811  Y 1068062
X 1261811  Y 1064125
X 1265748  Y 1064125
X 1265748  Y 1056251
X 1265748  Y 1068062
X 1266000  Y 1060100
X 1269685  Y 1064125
X 1269685  Y 1068062
X 1270000  Y 1060100
X 1270500  Y 1055500
X 1269685  Y 1079874
X 1269500  Y 1092500
X 1269500  Y 1087500
X 1265500  Y 1079500
X 1265500  Y 1092500
X 1265500  Y 1083500
X 1262000  Y 1092500
X 1261811  Y 1087748
X 1261500  Y 1083500
X 1261500  Y 1079500
X 1257874  Y 1091685
X 1257874  Y 1079874
X 1257874  Y 1087748
X 1257500  Y 1083500
X 1253937  Y 1091685
X 1253937  Y 1079874
X 1253500  Y 1083500
X 1253500  Y 1087500
X 1250000  Y 1092000
X 1247000  Y 1092000
X 1246500  Y 1080000
X 1246062  Y 1087748
X 1243000  Y 1092000
X 1242700  Y 1087700
X 1242500  Y 1083500
X 1242125  Y 1079874
X 1239000  Y 1092000
X 1238500  Y 1083500
X 1238500  Y 1079700
X 1238300  Y 1087900
X 1235000  Y 1092000
X 1234500  Y 1083500
X 1234251  Y 1087748
X 1230315  Y 1083500
X 1230314  Y 1087748
X 1230314  Y 1091685
X 1125979  Y 1096895
X 1121320  Y 1101016
X 1117570  Y 1100934
X 1093500  Y 1137500
X 1093507  Y 1115314
X 1095481  Y 1123322
X 1098966  Y 1113759
X 1099823  Y 1119813
X 1101800  Y 1146600
X 1102735  Y 1115736
X 1104500  Y 1128000
X 1104803  Y 1113949
X 1106073  Y 1123614
X 1106206  Y 1142026
X 1109038  Y 1120726
X 1109300  Y 1145600
X 1109886  Y 1141386
X 1112700  Y 1144200
X 1113988  Y 1126767
X 1114875  Y 1114742
X 1115405  Y 1119409
X 1117200  Y 1132000
X 1119249  Y 1128987
X 1120000  Y 1145000
X 1120486  Y 1120748
X 1121501  Y 1141145
X 1122000  Y 1133500
X 1123000  Y 1129000
X 1124500  Y 1152600
X 1125000  Y 1135400
X 1129300  Y 1128400
X 1130000  Y 1143600
X 1130000  Y 1134100
X 1130800  Y 1152700
X 1133700  Y 1149600
X 1134307  Y 1145534
X 1137100  Y 1152700
X 1143500  Y 1133600
X 1144430  Y 1150860
X 1146400  Y 1144700
X 1206289  Y 1152001
X 1210226  Y 1152001
X 1214163  Y 1152001
X 1218100  Y 1152001
X 1222037  Y 1152001
X 1225974  Y 1152001
X 1229911  Y 1152001
X 1233848  Y 1152001
X 1237785  Y 1152001
X 1241722  Y 1152001
X 1245659  Y 1152001
X 1249596  Y 1152001
X 1253533  Y 1152001
X 1257470  Y 1152001
X 1265344  Y 1152001
X 1269281  Y 1152001
X 1273218  Y 1152001
X 1277155  Y 1152001
X 1281092  Y 1152001
X 1285029  Y 1152001
X 1288966  Y 1152001
X 1292903  Y 1152001
X 1296840  Y 1152001
X 1300777  Y 1152001
X 1304714  Y 1152001
X 1308651  Y 1152001
X 1312588  Y 1152001
X 1316525  Y 1152001
X 1320462  Y 1152001
X 1320462  Y 1167749
X 1320462  Y 1155938
X 1316525  Y 1155938
X 1316525  Y 1175623
X 1312588  Y 1167749
X 1312588  Y 1163812
X 1312588  Y 1175623
X 1312588  Y 1155938
X 1312588  Y 1159875
X 1308651  Y 1159875
X 1308651  Y 1155938
X 1304714  Y 1155938
X 1304714  Y 1167749
X 1304714  Y 1171686
X 1304714  Y 1159875
X 1304714  Y 1175623
X 1304714  Y 1163812
X 1300777  Y 1163812
X 1300777  Y 1155938
X 1300777  Y 1171686
X 1300777  Y 1167749
X 1300777  Y 1159875
X 1300777  Y 1175623
X 1296840  Y 1163812
X 1296840  Y 1171686
X 1296840  Y 1155938
X 1296840  Y 1159875
X 1296840  Y 1167749
X 1292903  Y 1167749
X 1292903  Y 1163812
X 1292903  Y 1171686
X 1292903  Y 1159875
X 1292903  Y 1155938
X 1288966  Y 1155938
X 1288966  Y 1159875
X 1288966  Y 1167749
X 1288966  Y 1171686
X 1288966  Y 1175623
X 1288966  Y 1163812
X 1285029  Y 1159875
X 1285029  Y 1155938
X 1285029  Y 1171686
X 1285029  Y 1167749
X 1285029  Y 1163812
X 1285029  Y 1175623
X 1281092  Y 1163812
X 1281092  Y 1167749
X 1281092  Y 1171686
X 1281092  Y 1155938
X 1281092  Y 1159875
X 1277155  Y 1167749
X 1277155  Y 1171686
X 1277155  Y 1155938
X 1277155  Y 1159875
X 1277155  Y 1163812
X 1275000  Y 1177400
X 1273218  Y 1163812
X 1273218  Y 1167749
X 1273218  Y 1171686
X 1273218  Y 1155938
X 1273218  Y 1159875
X 1269281  Y 1155938
X 1269281  Y 1159875
X 1269281  Y 1163812
X 1269281  Y 1171686
X 1269281  Y 1167749
X 1265344  Y 1163812
X 1265344  Y 1159875
X 1265344  Y 1167749
X 1265344  Y 1155938
X 1257470  Y 1167749
X 1257470  Y 1159875
X 1257470  Y 1155938
X 1257470  Y 1163812
X 1257470  Y 1171686
X 1253533  Y 1159875
X 1253533  Y 1167749
X 1253533  Y 1163812
X 1253533  Y 1155938
X 1253533  Y 1171686
X 1249596  Y 1155938
X 1249596  Y 1159875
X 1249596  Y 1163812
X 1249596  Y 1167749
X 1249596  Y 1171686
X 1245659  Y 1155938
X 1245659  Y 1163812
X 1245659  Y 1167749
X 1245659  Y 1159875
X 1245659  Y 1171686
X 1241722  Y 1175623
X 1241722  Y 1155938
X 1241722  Y 1159875
X 1241722  Y 1171686
X 1237785  Y 1171686
X 1237785  Y 1167749
X 1237785  Y 1155938
X 1237785  Y 1163812
X 1237785  Y 1159875
X 1237785  Y 1175623
X 1233848  Y 1155938
X 1233848  Y 1159875
X 1233848  Y 1167749
X 1233848  Y 1171686
X 1233848  Y 1163812
X 1229911  Y 1155938
X 1229911  Y 1171686
X 1229911  Y 1167749
X 1229911  Y 1159875
X 1229911  Y 1163812
X 1225974  Y 1163812
X 1225974  Y 1155938
X 1225974  Y 1159875
X 1225974  Y 1171686
X 1225974  Y 1167749
X 1222037  Y 1155938
X 1222037  Y 1159875
X 1222037  Y 1171686
X 1222037  Y 1163812
X 1222037  Y 1167749
X 1218100  Y 1171686
X 1218100  Y 1159875
X 1218100  Y 1175623
X 1218100  Y 1167749
X 1218100  Y 1163812
X 1218100  Y 1155938
X 1214163  Y 1175623
X 1214163  Y 1171686
X 1214163  Y 1163812
X 1214163  Y 1155938
X 1214163  Y 1167749
X 1214163  Y 1159875
X 1210226  Y 1155938
X 1210226  Y 1171686
X 1210226  Y 1163812
X 1210226  Y 1167749
X 1210226  Y 1159875
X 1210226  Y 1175623
X 1206289  Y 1167749
X 1206289  Y 1175623
X 1206289  Y 1159875
X 1206289  Y 1155938
X 1206289  Y 1163812
X 1206289  Y 1171686
X 1147350  Y 1170340
X 1144900  Y 1165300
X 1144900  Y 1169300
X 1144200  Y 1157100
X 1142600  Y 1162600
X 1142600  Y 1159900
X 1136900  Y 1171600
X 1136880  Y 1160080
X 1134890  Y 1158520
X 1133300  Y 1161400
X 1131215  Y 1176755
X 1127440  Y 1168607
X 1123200  Y 1177200
X 1118700  Y 1176600
X 1113200  Y 1175600
X 1107368  Y 1176527
X 1101000  Y 1176500
X 1100600  Y 1191800
X 1101100  Y 1179100
X 1101200  Y 1188800
X 1101348  Y 1194508
X 1106907  Y 1194643
X 1110600  Y 1190400
X 1111000  Y 1179000
X 1112386  Y 1194140
X 1117951  Y 1194318
X 1122475  Y 1194117
X 1126600  Y 1182500
X 1127500  Y 1187800
X 1127564  Y 1199537
X 1127814  Y 1190854
X 1130837  Y 1202673
X 1131861  Y 1194489
X 1137500  Y 1193000
X 1137583  Y 1179228
X 1137975  Y 1182221
X 1138300  Y 1195400
X 1140300  Y 1193600
X 1141500  Y 1182200
X 1144187  Y 1197883
X 1144196  Y 1201106
X 1206288  Y 1203181
X 1206289  Y 1187434
X 1206289  Y 1183497
X 1206289  Y 1179560
X 1206289  Y 1191371
X 1206289  Y 1199245
X 1210225  Y 1203181
X 1210226  Y 1183497
X 1210226  Y 1191371
X 1210226  Y 1179560
X 1210226  Y 1187434
X 1210226  Y 1199245
X 1214163  Y 1183497
X 1214163  Y 1179560
X 1214163  Y 1187434
X 1214163  Y 1191371
X 1214163  Y 1195308
X 1214163  Y 1199245
X 1214163  Y 1203182
X 1218100  Y 1183497
X 1218100  Y 1179560
X 1218100  Y 1187434
X 1218100  Y 1191371
X 1218100  Y 1203182
X 1218100  Y 1195308
X 1222037  Y 1187434
X 1222037  Y 1191371
X 1222037  Y 1179560
X 1222037  Y 1183497
X 1222037  Y 1203182
X 1222037  Y 1195308
X 1222037  Y 1199245
X 1225974  Y 1187434
X 1225974  Y 1183497
X 1225974  Y 1179560
X 1225974  Y 1195308
X 1225974  Y 1203182
X 1229911  Y 1183497
X 1229911  Y 1187434
X 1235700  Y 1199300
X 1241722  Y 1187434
X 1241722  Y 1191371
X 1241722  Y 1203182
X 1241722  Y 1195308
X 1241722  Y 1199245
X 1245659  Y 1187434
X 1245659  Y 1191371
X 1245659  Y 1195308
X 1245659  Y 1199245
X 1245659  Y 1203182
X 1249596  Y 1187434
X 1249596  Y 1191371
X 1249596  Y 1195308
X 1249596  Y 1199245
X 1249596  Y 1203182
X 1253533  Y 1191371
X 1253533  Y 1187434
X 1253533  Y 1195308
X 1253533  Y 1199245
X 1253533  Y 1203182
X 1257470  Y 1195308
X 1257470  Y 1199245
X 1257470  Y 1203182
X 1257470  Y 1191371
X 1265344  Y 1191371
X 1265344  Y 1195308
X 1265344  Y 1199245
X 1265344  Y 1203182
X 1267600  Y 1180600
X 1269281  Y 1191371
X 1269281  Y 1195308
X 1269281  Y 1199245
X 1269281  Y 1203182
X 1273218  Y 1187434
X 1273218  Y 1195308
X 1273218  Y 1199245
X 1273218  Y 1191371
X 1273218  Y 1203182
X 1277155  Y 1195308
X 1277155  Y 1199245
X 1277155  Y 1187434
X 1277155  Y 1203182
X 1277155  Y 1191371
X 1281092  Y 1187434
X 1281092  Y 1195308
X 1281092  Y 1199245
X 1281092  Y 1203182
X 1281092  Y 1191371
X 1285029  Y 1187434
X 1285029  Y 1199245
X 1285029  Y 1195308
X 1285029  Y 1203182
X 1285029  Y 1191371
X 1296840  Y 1187434
X 1296840  Y 1183497
X 1300777  Y 1191371
X 1300777  Y 1179560
X 1300777  Y 1195308
X 1300777  Y 1203182
X 1300777  Y 1199245
X 1304714  Y 1187434
X 1304714  Y 1191371
X 1304714  Y 1199245
X 1304714  Y 1179560
X 1304714  Y 1203182
X 1304714  Y 1195308
X 1308651  Y 1191371
X 1308651  Y 1203182
X 1308651  Y 1187434
X 1308651  Y 1195308
X 1308651  Y 1199245
X 1312588  Y 1183497
X 1312588  Y 1191371
X 1312588  Y 1187434
X 1312588  Y 1199245
X 1312588  Y 1203182
X 1312588  Y 1195308
X 1316525  Y 1179560
X 1316525  Y 1187434
X 1316525  Y 1183497
X 1316525  Y 1195308
X 1316525  Y 1203182
X 1316525  Y 1191371
X 1316525  Y 1199245
X 1320462  Y 1179560
X 1320462  Y 1191371
X 1320462  Y 1195308
X 1320462  Y 1199245
X 1320462  Y 1183497
X 1320462  Y 1203182
X 1320462  Y 1187434
X 1332100  Y 1223500
X 1332000  Y 1208500
X 1320462  Y 1218930
X 1320462  Y 1222867
X 1320462  Y 1226804
X 1320462  Y 1214993
X 1320462  Y 1211055
X 1316525  Y 1222867
X 1316525  Y 1226804
X 1316525  Y 1211056
X 1316525  Y 1214993
X 1316525  Y 1218930
X 1312588  Y 1226804
X 1312588  Y 1222867
X 1312588  Y 1214993
X 1312588  Y 1211056
X 1312588  Y 1218930
X 1308651  Y 1218930
X 1308651  Y 1214993
X 1308651  Y 1226804
X 1308651  Y 1211056
X 1308651  Y 1222867
X 1304714  Y 1222867
X 1304714  Y 1218930
X 1304714  Y 1226804
X 1304714  Y 1214993
X 1304500  Y 1211000
X 1300777  Y 1222867
X 1300777  Y 1218930
X 1300777  Y 1226804
X 1300777  Y 1211056
X 1300777  Y 1214993
X 1285029  Y 1226804
X 1285029  Y 1211056
X 1285029  Y 1222867
X 1285029  Y 1218930
X 1285029  Y 1214993
X 1281092  Y 1211056
X 1281092  Y 1214993
X 1281092  Y 1218930
X 1281092  Y 1222867
X 1281092  Y 1226804
X 1277155  Y 1226804
X 1277155  Y 1211056
X 1277155  Y 1214993
X 1277155  Y 1218930
X 1277155  Y 1222867
X 1273218  Y 1226804
X 1273218  Y 1211056
X 1273218  Y 1214993
X 1273218  Y 1218930
X 1273218  Y 1222867
X 1269281  Y 1226804
X 1269281  Y 1211056
X 1269281  Y 1214993
X 1269281  Y 1218930
X 1269281  Y 1222867
X 1265344  Y 1226804
X 1265344  Y 1211056
X 1265344  Y 1214993
X 1265344  Y 1218930
X 1265344  Y 1222867
X 1257470  Y 1211056
X 1257470  Y 1214993
X 1257470  Y 1222867
X 1257470  Y 1218930
X 1257470  Y 1226804
X 1253533  Y 1222867
X 1253533  Y 1211056
X 1253533  Y 1218930
X 1253533  Y 1214993
X 1253533  Y 1226804
X 1249596  Y 1214993
X 1249596  Y 1218930
X 1249596  Y 1222867
X 1249596  Y 1211056
X 1249596  Y 1226804
X 1245659  Y 1222867
X 1245659  Y 1211056
X 1245659  Y 1214993
X 1245659  Y 1226804
X 1245659  Y 1218930
X 1241722  Y 1226804
X 1241722  Y 1214993
X 1241722  Y 1222867
X 1241722  Y 1218930
X 1241722  Y 1211056
X 1225974  Y 1218930
X 1225974  Y 1226804
X 1225974  Y 1222867
X 1225974  Y 1211056
X 1222037  Y 1211056
X 1222037  Y 1214993
X 1222037  Y 1218930
X 1222037  Y 1222867
X 1222037  Y 1226804
X 1218100  Y 1214993
X 1218100  Y 1226804
X 1218100  Y 1218930
X 1218100  Y 1211056
X 1218100  Y 1222867
X 1214163  Y 1211056
X 1214163  Y 1222867
X 1214163  Y 1226804
X 1214163  Y 1214993
X 1214163  Y 1218930
X 1210226  Y 1222867
X 1210226  Y 1211056
X 1210226  Y 1226804
X 1210226  Y 1214993
X 1210226  Y 1218930
X 1206289  Y 1214993
X 1206289  Y 1222867
X 1206289  Y 1226804
X 1206289  Y 1211056
X 1206289  Y 1218930
X 1149017  Y 1222104
X 1148300  Y 1217900
X 1145500  Y 1218700
X 1142500  Y 1213000
X 1142300  Y 1210400
X 1140040  Y 1206103
X 1137510  Y 1209170
X 1137375  Y 1206252
X 1133800  Y 1218600
X 1133420  Y 1211320
X 1127480  Y 1218520
X 1124600  Y 1221500
X 1121320  Y 1221670
X 1121300  Y 1226600
X 1113600  Y 1225700
X 1110200  Y 1227700
X 1107017  Y 1225993
X 1101330  Y 1225840
X 1102200  Y 1243900
X 1106768  Y 1243802
X 1110500  Y 1244700
X 1114671  Y 1244291
X 1117400  Y 1240100
X 1121360  Y 1249640
X 1125500  Y 1230000
X 1125705  Y 1232675
X 1126500  Y 1238200
X 1127500  Y 1249600
X 1128502  Y 1245434
X 1130800  Y 1252700
X 1135700  Y 1245800
X 1137300  Y 1232400
X 1138264  Y 1245383
X 1138604  Y 1229399
X 1140700  Y 1231600
X 1140927  Y 1245475
X 1144900  Y 1250600
X 1145523  Y 1253892
X 1147217  Y 1247445
X 1147600  Y 1234700
X 1206289  Y 1230741
X 1206289  Y 1238615
X 1210226  Y 1230741
X 1210226  Y 1234678
X 1210226  Y 1238615
X 1214163  Y 1230741
X 1214163  Y 1234678
X 1214163  Y 1250426
X 1214163  Y 1238615
X 1218100  Y 1230741
X 1222037  Y 1230741
X 1222037  Y 1234678
X 1222037  Y 1242552
X 1225974  Y 1230741
X 1229911  Y 1230741
X 1229911  Y 1234678
X 1229911  Y 1250426
X 1229911  Y 1246489
X 1237785  Y 1246489
X 1237785  Y 1242552
X 1241722  Y 1246489
X 1241722  Y 1250426
X 1241722  Y 1242552
X 1241722  Y 1230741
X 1245659  Y 1230741
X 1245659  Y 1250426
X 1245659  Y 1246489
X 1249596  Y 1230741
X 1249596  Y 1246489
X 1249596  Y 1250426
X 1253533  Y 1230741
X 1257470  Y 1230741
X 1265344  Y 1230741
X 1265344  Y 1246489
X 1265344  Y 1250426
X 1269281  Y 1230741
X 1269281  Y 1246489
X 1269281  Y 1250426
X 1273218  Y 1230741
X 1273218  Y 1250426
X 1273218  Y 1246489
X 1277154  Y 1250426
X 1277155  Y 1230741
X 1277155  Y 1246489
X 1281092  Y 1230741
X 1281092  Y 1246489
X 1285029  Y 1246489
X 1285029  Y 1230741
X 1285029  Y 1250426
X 1285029  Y 1242552
X 1288966  Y 1250426
X 1288966  Y 1246489
X 1288966  Y 1242552
X 1292903  Y 1246489
X 1292903  Y 1250426
X 1296840  Y 1246489
X 1296840  Y 1250426
X 1296840  Y 1230741
X 1296840  Y 1234678
X 1300777  Y 1230741
X 1300777  Y 1234678
X 1300777  Y 1238615
X 1300777  Y 1250426
X 1300777  Y 1246489
X 1300800  Y 1242600
X 1304714  Y 1242552
X 1304714  Y 1234678
X 1304714  Y 1230741
X 1304714  Y 1246489
X 1304714  Y 1238615
X 1304714  Y 1250426
X 1308651  Y 1246489
X 1308651  Y 1242552
X 1308651  Y 1230741
X 1308651  Y 1238615
X 1308651  Y 1250426
X 1308651  Y 1234678
X 1312588  Y 1246489
X 1312588  Y 1234678
X 1312588  Y 1242552
X 1312588  Y 1230741
X 1312588  Y 1250426
X 1312588  Y 1238615
X 1316525  Y 1242552
X 1316525  Y 1246489
X 1316525  Y 1234678
X 1316525  Y 1238615
X 1316525  Y 1230741
X 1316525  Y 1250426
X 1320462  Y 1242552
X 1320462  Y 1246489
X 1320462  Y 1250426
X 1320462  Y 1238615
X 1320462  Y 1230741
X 1320462  Y 1234678
X 1325700  Y 1230900
X 1327500  Y 1239700
X 1320462  Y 1254363
X 1320462  Y 1262237
X 1320462  Y 1266174
X 1320462  Y 1258300
X 1316525  Y 1254363
X 1316525  Y 1266174
X 1316525  Y 1262237
X 1316525  Y 1258300
X 1312588  Y 1258300
X 1312588  Y 1262237
X 1312588  Y 1266174
X 1312588  Y 1254363
X 1308651  Y 1262237
X 1308651  Y 1258300
X 1308651  Y 1266174
X 1308651  Y 1254363
X 1304714  Y 1266174
X 1304714  Y 1254363
X 1304714  Y 1258300
X 1304714  Y 1262237
X 1300777  Y 1266174
X 1300777  Y 1254363
X 1300777  Y 1262237
X 1300777  Y 1258300
X 1296840  Y 1254363
X 1296840  Y 1262237
X 1296840  Y 1266174
X 1296840  Y 1258300
X 1292903  Y 1266174
X 1292903  Y 1258300
X 1292903  Y 1254363
X 1292903  Y 1262237
X 1288966  Y 1266174
X 1288966  Y 1262237
X 1288966  Y 1258300
X 1285029  Y 1262237
X 1285029  Y 1266174
X 1285029  Y 1258300
X 1285029  Y 1254363
X 1281092  Y 1266174
X 1281092  Y 1258300
X 1281092  Y 1254363
X 1281091  Y 1262237
X 1277155  Y 1258300
X 1277155  Y 1254363
X 1277155  Y 1262237
X 1277155  Y 1266174
X 1273218  Y 1254363
X 1273218  Y 1262237
X 1273218  Y 1258300
X 1269281  Y 1262237
X 1269281  Y 1266174
X 1269281  Y 1258300
X 1269281  Y 1254363
X 1265344  Y 1258300
X 1265343  Y 1254363
X 1257470  Y 1258300
X 1257470  Y 1262237
X 1257470  Y 1254363
X 1256500  Y 1267000
X 1253533  Y 1258300
X 1253533  Y 1254363
X 1253533  Y 1262237
X 1249596  Y 1258300
X 1249596  Y 1266174
X 1249596  Y 1262237
X 1249596  Y 1254363
X 1245659  Y 1258300
X 1245659  Y 1254363
X 1245659  Y 1262237
X 1241722  Y 1258300
X 1241722  Y 1254363
X 1237785  Y 1258300
X 1233848  Y 1258300
X 1233848  Y 1262237
X 1229911  Y 1258300
X 1225974  Y 1258300
X 1222037  Y 1254363
X 1222037  Y 1262237
X 1218100  Y 1254363
X 1214163  Y 1254363
X 1210226  Y 1266174
X 1206289  Y 1266174
X 1150800  Y 1260300
X 1150800  Y 1263000
X 1149289  Y 1273718
X 1148071  Y 1271162
X 1145303  Y 1257207
X 1143426  Y 1264675
X 1140104  Y 1271489
X 1139994  Y 1275724
X 1139600  Y 1259300
X 1137310  Y 1277740
X 1137071  Y 1258056
X 1134682  Y 1276849
X 1134380  Y 1260757
X 1130677  Y 1268586
X 1124500  Y 1268600
X 1124463  Y 1271646
X 1118000  Y 1277700
X 1113504  Y 1276405
X 1110500  Y 1278600
X 1107096  Y 1276308
X 1103400  Y 1276000
X 1100800  Y 1291600
X 1101400  Y 1294300
X 1102300  Y 1287900
X 1103300  Y 1279000
X 1106900  Y 1294600
X 1110200  Y 1290700
X 1112948  Y 1294250
X 1118000  Y 1289600
X 1118000  Y 1282000
X 1121999  Y 1295444
X 1123900  Y 1282300
X 1127600  Y 1299500
X 1128309  Y 1295457
X 1130808  Y 1302708
X 1136986  Y 1299512
X 1137700  Y 1294700
X 1140100  Y 1302800
X 1143166  Y 1295003
X 1145826  Y 1301527
X 1548500  Y 1296900
X 1553078  Y 1301339
X 1556200  Y 1294900
X 1556227  Y 1301339
X 1556227  Y 1291890
X 1559377  Y 1301339
X 1559377  Y 1291890
X 1559377  Y 1298189
X 1559377  Y 1295040
X 1562527  Y 1301339
X 1562527  Y 1298189
X 1565676  Y 1301339
X 1565676  Y 1295039
X 1565700  Y 1298400
X 1568826  Y 1291890
X 1568826  Y 1298189
X 1568826  Y 1301339
X 1568826  Y 1295039
X 1575125  Y 1301339
X 1575125  Y 1295039
X 1575125  Y 1298189
X 1578275  Y 1298189
X 1578275  Y 1301339
X 1578275  Y 1295039
X 1578275  Y 1291890
X 1581424  Y 1298189
X 1581424  Y 1301339
X 1581424  Y 1295039
X 1584574  Y 1295039
X 1584574  Y 1301339
X 1584574  Y 1298189
X 1584574  Y 1291890
X 1587723  Y 1298189
X 1587723  Y 1301339
X 1587723  Y 1295039
X 1588000  Y 1291900
X 1590873  Y 1291890
X 1590873  Y 1313937
X 1590873  Y 1307638
X 1590873  Y 1320236
X 1587800  Y 1320400
X 1587723  Y 1313937
X 1587723  Y 1307638
X 1587723  Y 1304488
X 1587723  Y 1317087
X 1587723  Y 1326535
X 1587723  Y 1323386
X 1584574  Y 1307638
X 1584574  Y 1304488
X 1584574  Y 1317087
X 1584574  Y 1313937
X 1584574  Y 1323386
X 1584574  Y 1320236
X 1581424  Y 1307638
X 1581424  Y 1304488
X 1581424  Y 1326535
X 1581424  Y 1323386
X 1581424  Y 1313937
X 1581424  Y 1320236
X 1581424  Y 1317087
X 1578275  Y 1326535
X 1578275  Y 1320236
X 1578275  Y 1323386
X 1575125  Y 1326535
X 1575125  Y 1323386
X 1575125  Y 1320236
X 1568826  Y 1326535
X 1568826  Y 1323386
X 1568826  Y 1320236
X 1565676  Y 1320236
X 1565676  Y 1323386
X 1562527  Y 1326535
X 1562527  Y 1323386
X 1562527  Y 1313937
X 1562527  Y 1320236
X 1562527  Y 1317087
X 1562527  Y 1304488
X 1562527  Y 1307638
X 1559377  Y 1323386
X 1559377  Y 1317087
X 1559377  Y 1313937
X 1559377  Y 1304488
X 1559377  Y 1307638
X 1559377  Y 1326535
X 1556227  Y 1326535
X 1556227  Y 1320236
X 1556227  Y 1317087
X 1556227  Y 1304488
X 1553078  Y 1320236
X 1553078  Y 1317087
X 1553078  Y 1304488
X 1154502  Y 1316334
X 1146900  Y 1307200
X 1145000  Y 1305300
X 1143313  Y 1326230
X 1140470  Y 1325398
X 1139889  Y 1306597
X 1139540  Y 1309845
X 1137100  Y 1318500
X 1137000  Y 1309000
X 1136800  Y 1321400
X 1135400  Y 1326300
X 1134479  Y 1311584
X 1127600  Y 1321500
X 1127500  Y 1318600
X 1122682  Y 1326975
X 1113200  Y 1327200
X 1110100  Y 1325300
X 1099600  Y 1376500
X 1102800  Y 1329200
X 1102900  Y 1344100
X 1104700  Y 1339000
X 1106205  Y 1377437
X 1110400  Y 1340900
X 1114105  Y 1376697
X 1114430  Y 1343990
X 1122117  Y 1344068
X 1122362  Y 1376904
X 1124500  Y 1352700
X 1126520  Y 1340510
X 1127500  Y 1368500
X 1129030  Y 1344653
X 1130839  Y 1352721
X 1131903  Y 1376769
X 1133860  Y 1371610
X 1136750  Y 1377310
X 1136900  Y 1361500
X 1137177  Y 1349612
X 1137228  Y 1346035
X 1138551  Y 1332819
X 1139000  Y 1357500
X 1139400  Y 1378800
X 1140200  Y 1371700
X 1140241  Y 1346404
X 1141300  Y 1361700
X 1141309  Y 1344050
X 1143200  Y 1363600
X 1143500  Y 1377400
X 1144884  Y 1367656
X 1145100  Y 1351100
X 1146200  Y 1376000
X 1146400  Y 1348500
X 1149500  Y 1373300
X 1150300  Y 1355500
X 1155300  Y 1360400
X 1158900  Y 1358900
X 1162811  Y 1332609
X 1553078  Y 1329685
X 1587723  Y 1329685
X 1139963  Y 1383709
X 1126878  Y 1387660
X 1123300  Y 1386700
X 1113491  Y 1386548
X 1107008  Y 1386550
Drill: .01  Tool: 2  Feed: 95  Speed: 300
X 1096978  Y 1151026
X 1099328  Y 1146176
X 1108703  Y 1152716
X 1118153  Y 1152736
X 1126498  Y 1143376
X 1132328  Y 1158726
X 1129178  Y 1158676
X 1128478  Y 1164066
X 1126498  Y 1193376
X 1125548  Y 1176776
X 1124978  Y 1163186
X 1120978  Y 1157076
X 1119474  Y 1160186
X 1118878  Y 1164526
X 1118153  Y 1202736
X 1115948  Y 1162226
X 1115008  Y 1168476
X 1113378  Y 1156926
X 1111848  Y 1171616
X 1108928  Y 1163776
X 1108703  Y 1202716
X 1108698  Y 1168486
X 1105478  Y 1161976
X 1105478  Y 1158086
X 1101498  Y 1172236
X 1099328  Y 1196176
X 1098898  Y 1163976
X 1098778  Y 1156026
X 1096978  Y 1201026
X 1094298  Y 1166526
X 1094128  Y 1154226
X 1088898  Y 1170036
X 1088898  Y 1220036
X 1094128  Y 1204226
X 1094298  Y 1216526
X 1096978  Y 1251026
X 1098778  Y 1206026
X 1098898  Y 1213976
X 1099328  Y 1246176
X 1101498  Y 1222236
X 1105478  Y 1211976
X 1105478  Y 1208286
X 1108698  Y 1218486
X 1108703  Y 1252716
X 1108928  Y 1213776
X 1111848  Y 1221616
X 1113378  Y 1206926
X 1115008  Y 1218476
X 1115948  Y 1212226
X 1118153  Y 1252736
X 1118878  Y 1214526
X 1119474  Y 1210186
X 1120978  Y 1207076
X 1124978  Y 1213186
X 1125548  Y 1226776
X 1126498  Y 1243376
X 1128478  Y 1214066
X 1129178  Y 1208676
X 1132328  Y 1208726
X 1132328  Y 1258726
X 1129178  Y 1258676
X 1128478  Y 1264066
X 1126498  Y 1293376
X 1125548  Y 1276776
X 1124978  Y 1263186
X 1120978  Y 1257076
X 1119474  Y 1260186
X 1118878  Y 1264526
X 1118153  Y 1302736
X 1115948  Y 1262226
X 1115008  Y 1268476
X 1113378  Y 1256926
X 1111848  Y 1271616
X 1108928  Y 1263776
X 1108703  Y 1302716
X 1108698  Y 1268486
X 1105478  Y 1261976
X 1105478  Y 1258286
X 1101498  Y 1272236
X 1099328  Y 1296176
X 1098898  Y 1263976
X 1098778  Y 1256026
X 1096978  Y 1301026
X 1094298  Y 1266526
X 1094128  Y 1254226
X 1088898  Y 1270036
X 1088898  Y 1320036
X 1094128  Y 1304226
X 1094298  Y 1316526
X 1096978  Y 1351026
X 1098778  Y 1306026
X 1098898  Y 1313976
X 1099328  Y 1346176
X 1101498  Y 1322236
X 1105478  Y 1311976
X 1105478  Y 1308286
X 1108698  Y 1318486
X 1108703  Y 1352716
X 1108928  Y 1313776
X 1111848  Y 1321616
X 1113026  Y 1306926
X 1115008  Y 1318476
X 1115948  Y 1312226
X 1118153  Y 1352736
X 1118878  Y 1314526
X 1120126  Y 1310186
X 1121426  Y 1307076
X 1124978  Y 1313186
X 1125548  Y 1326776
X 1126498  Y 1343376
X 1128478  Y 1314066
X 1129178  Y 1308676
X 1132328  Y 1308726
X 1151500  Y 1391000
X 1148500  Y 1391000
X 1145500  Y 1391000
X 1142500  Y 1391000
X 1139500  Y 1391000
X 1136500  Y 1391000
X 1133500  Y 1391000
X 1132328  Y 1358726
X 1130500  Y 1391000
X 1129178  Y 1358676
X 1128478  Y 1364066
X 1127500  Y 1391000
X 1125548  Y 1376776
X 1124978  Y 1363186
X 1124500  Y 1391000
X 1121500  Y 1391000
X 1120978  Y 1357076
X 1120126  Y 1360186
X 1118878  Y 1364526
X 1118500  Y 1391000
X 1115948  Y 1362226
X 1115500  Y 1391000
X 1115008  Y 1368476
X 1113378  Y 1356926
X 1112500  Y 1391000
X 1111848  Y 1371616
X 1109500  Y 1391000
X 1108928  Y 1363776
X 1108698  Y 1368486
X 1106500  Y 1391000
X 1105478  Y 1361976
X 1105478  Y 1358286
X 1103500  Y 1391000
X 1101498  Y 1372236
X 1100500  Y 1391000
X 1098898  Y 1363976
X 1098778  Y 1356026
X 1097500  Y 1391000
X 1094500  Y 1391000
X 1094298  Y 1366526
X 1094128  Y 1354226
X 1091500  Y 1391000
X 1088898  Y 1370036
X 1088500  Y 1391000
X 1085500  Y 1391000
X 1082500  Y 1391000
X 1079500  Y 1391000
X 1076500  Y 1391000
Drill: .012  Tool: 3  Feed: 95  Speed: 300
X 1041800  Y 1027600
X 1044200  Y 1016700
X 1060000  Y 1015000
X 1062000  Y 1003900
X 1070000  Y 1004000
X 1080000  Y 1004000
X 1090000  Y 1004000
X 1100000  Y 1004000
X 1110000  Y 1004000
X 1120000  Y 1004000
X 1130000  Y 1004000
X 1140000  Y 1004000
X 1150000  Y 1004000
X 1160000  Y 1004000
X 1170000  Y 1004000
X 1390000  Y 1004000
X 1400000  Y 1004000
X 1410000  Y 1004000
X 1419900  Y 1026400
X 1420000  Y 1004000
X 1424500  Y 1026000
X 1430000  Y 1004000
X 1436000  Y 1028000
X 1440000  Y 1004000
X 1450000  Y 1004000
X 1460000  Y 1004000
X 1470000  Y 1004000
X 1480000  Y 1004000
X 1490000  Y 1004000
X 1500000  Y 1004000
X 1510000  Y 1004000
X 1520000  Y 1004000
X 1530000  Y 1004000
X 1540000  Y 1004000
X 1550000  Y 1004000
X 1558000  Y 1004000
X 1568000  Y 1004000
X 1578000  Y 1004000
X 1588000  Y 1004000
X 1596000  Y 1004000
X 1608000  Y 1004000
X 1618000  Y 1004000
X 1628000  Y 1004000
X 1541000  Y 1033000
X 1541000  Y 1043000
X 1540460  Y 1037910
X 1494521  Y 1037980
X 1493367  Y 1044318
X 1462500  Y 1045000
X 1462000  Y 1053100
X 1438500  Y 1043000
X 1432900  Y 1042200
X 1430100  Y 1053300
X 1424400  Y 1041600
X 1419800  Y 1053100
X 1413200  Y 1031700
X 1408600  Y 1047400
X 1408600  Y 1044200
X 1405800  Y 1041900
X 1405600  Y 1031700
X 1403700  Y 1052200
X 1403000  Y 1045100
X 1399100  Y 1053100
X 1394000  Y 1028900
X 1391200  Y 1051100
X 1389200  Y 1045000
X 1388500  Y 1040400
X 1381500  Y 1049000
X 1381500  Y 1052500
X 1378500  Y 1049000
X 1378500  Y 1052500
X 1375500  Y 1052500
X 1375500  Y 1049000
X 1368000  Y 1049000
X 1365300  Y 1046300
X 1361500  Y 1046000
X 1349000  Y 1046000
X 1343800  Y 1031300
X 1339500  Y 1046000
X 1334500  Y 1031000
X 1333000  Y 1046000
X 1329000  Y 1031000
X 1315500  Y 1041500
X 1290500  Y 1031800
X 1250000  Y 1052000
X 1236900  Y 1032100
X 1233800  Y 1043000
X 1230000  Y 1042500
X 1227000  Y 1042800
X 1217600  Y 1043500
X 1206900  Y 1044400
X 1206500  Y 1051900
X 1203700  Y 1032400
X 1198100  Y 1042900
X 1189500  Y 1049300
X 1185700  Y 1049400
X 1157000  Y 1049500
X 1157000  Y 1044000
X 1152000  Y 1044000
X 1152000  Y 1049500
X 1139500  Y 1033000
X 1134500  Y 1033000
X 1130500  Y 1033000
X 1111800  Y 1034200
X 1109300  Y 1029500
X 1107600  Y 1036400
X 1107100  Y 1031800
X 1096000  Y 1038000
X 1093000  Y 1040000
X 1088500  Y 1030000
X 1078000  Y 1031000
X 1068500  Y 1036000
X 1066000  Y 1043000
X 1064000  Y 1038500
X 1060500  Y 1047000
X 1060000  Y 1038500
X 1057500  Y 1041000
X 1056500  Y 1034500
X 1055800  Y 1045100
X 1054600  Y 1042400
X 1054300  Y 1037800
X 1053700  Y 1050600
X 1052500  Y 1053300
X 1039200  Y 1038600
X 1033000  Y 1073000
X 1034500  Y 1063400
X 1035900  Y 1054400
X 1058100  Y 1060900
X 1058400  Y 1067900
X 1064500  Y 1068000
X 1065000  Y 1055900
X 1065400  Y 1064100
X 1081731  Y 1071278
X 1082500  Y 1076500
X 1089800  Y 1071100
X 1114000  Y 1065000
X 1114000  Y 1077500
X 1121000  Y 1065500
X 1124000  Y 1072000
X 1125000  Y 1065500
X 1127500  Y 1072000
X 1129000  Y 1065500
X 1131500  Y 1072000
X 1131500  Y 1077000
X 1133500  Y 1065500
X 1152000  Y 1055500
X 1157000  Y 1055500
X 1163400  Y 1076200
X 1168500  Y 1071100
X 1173500  Y 1055800
X 1178500  Y 1056500
X 1193200  Y 1078000
X 1194200  Y 1071300
X 1194300  Y 1066500
X 1196300  Y 1060900
X 1197100  Y 1076100
X 1208900  Y 1054900
X 1212500  Y 1055600
X 1214000  Y 1074900
X 1216800  Y 1055600
X 1217000  Y 1060000
X 1219100  Y 1074000
X 1274000  Y 1061000
X 1279000  Y 1061000
X 1283000  Y 1062000
X 1287500  Y 1075500
X 1288500  Y 1058500
X 1288500  Y 1062000
X 1292000  Y 1065000
X 1292500  Y 1075000
X 1295500  Y 1065000
X 1298500  Y 1075000
X 1302500  Y 1075000
X 1307200  Y 1067700
X 1307500  Y 1075500
X 1313500  Y 1054500
X 1317500  Y 1054500
X 1319000  Y 1065000
X 1321000  Y 1067500
X 1321500  Y 1054500
X 1325300  Y 1077600
X 1329000  Y 1065000
X 1329500  Y 1054500
X 1333000  Y 1065000
X 1333000  Y 1068500
X 1336500  Y 1054500
X 1343500  Y 1054500
X 1345000  Y 1065000
X 1345500  Y 1078500
X 1348300  Y 1055100
X 1351500  Y 1071000
X 1351700  Y 1054900
X 1352000  Y 1065000
X 1362000  Y 1073000
X 1363500  Y 1068000
X 1365000  Y 1053900
X 1366500  Y 1067000
X 1367000  Y 1058200
X 1371000  Y 1067500
X 1375400  Y 1067700
X 1375500  Y 1056500
X 1378500  Y 1056500
X 1379000  Y 1065500
X 1381000  Y 1069900
X 1381500  Y 1056500
X 1383300  Y 1077100
X 1384500  Y 1062500
X 1389000  Y 1077500
X 1389500  Y 1061000
X 1389700  Y 1054000
X 1393339  Y 1068838
X 1394600  Y 1076000
X 1396000  Y 1054100
X 1396500  Y 1060000
X 1398000  Y 1069600
X 1399700  Y 1061100
X 1400100  Y 1074800
X 1400151  Y 1066082
X 1404000  Y 1075000
X 1413000  Y 1069500
X 1414000  Y 1059000
X 1414500  Y 1054000
X 1416500  Y 1062500
X 1420000  Y 1059000
X 1426000  Y 1061500
X 1434000  Y 1057500
X 1435000  Y 1063200
X 1439000  Y 1077000
X 1444500  Y 1076500
X 1446200  Y 1066100
X 1446500  Y 1055400
X 1447500  Y 1076500
X 1459000  Y 1066000
X 1463000  Y 1060000
X 1466500  Y 1068500
X 1479700  Y 1077600
X 1486000  Y 1077000
X 1491770  Y 1068780
X 1494000  Y 1077500
X 1494282  Y 1063057
X 1504500  Y 1078000
X 1509500  Y 1078000
X 1518000  Y 1078500
X 1533500  Y 1078000
X 1540331  Y 1062999
X 1540500  Y 1068000
X 1540500  Y 1058000
X 1567500  Y 1102900
X 1560800  Y 1102900
X 1557100  Y 1103400
X 1557000  Y 1082000
X 1550500  Y 1081100
X 1547100  Y 1091600
X 1545500  Y 1098500
X 1545500  Y 1085000
X 1542678  Y 1088840
X 1541200  Y 1094000
X 1538900  Y 1089600
X 1532000  Y 1082000
X 1531000  Y 1102400
X 1525000  Y 1098500
X 1524000  Y 1090500
X 1523600  Y 1085900
X 1523041  Y 1095373
X 1520000  Y 1084500
X 1519000  Y 1099000
X 1515040  Y 1092680
X 1511868  Y 1092612
X 1506500  Y 1103500
X 1505000  Y 1089000
X 1503200  Y 1103800
X 1499400  Y 1102400
X 1497000  Y 1091000
X 1496300  Y 1102400
X 1493700  Y 1089400
X 1490400  Y 1092600
X 1487500  Y 1087500
X 1485549  Y 1093415
X 1483500  Y 1079500
X 1479500  Y 1086100
X 1465900  Y 1099900
X 1465400  Y 1088000
X 1456439  Y 1099524
X 1452200  Y 1099700
X 1446000  Y 1081500
X 1441100  Y 1093100
X 1440400  Y 1081400
X 1436900  Y 1100000
X 1427100  Y 1100300
X 1426000  Y 1087500
X 1423100  Y 1085100
X 1422700  Y 1100900
X 1420100  Y 1085300
X 1415600  Y 1101900
X 1411100  Y 1094500
X 1410500  Y 1082000
X 1397862  Y 1101470
X 1395700  Y 1080000
X 1395500  Y 1083400
X 1392500  Y 1100500
X 1389000  Y 1085500
X 1382000  Y 1093000
X 1381000  Y 1086500
X 1375000  Y 1096000
X 1371400  Y 1097800
X 1371000  Y 1093000
X 1347000  Y 1085500
X 1345500  Y 1088500
X 1345200  Y 1102800
X 1345060  Y 1096130
X 1331000  Y 1088000
X 1329500  Y 1097500
X 1326000  Y 1088500
X 1318000  Y 1087000
X 1315000  Y 1098000
X 1310400  Y 1098000
X 1307500  Y 1093500
X 1306000  Y 1099000
X 1300500  Y 1086000
X 1290000  Y 1085500
X 1285000  Y 1086000
X 1284000  Y 1079000
X 1282000  Y 1093500
X 1277000  Y 1095500
X 1274000  Y 1083000
X 1265500  Y 1103000
X 1253000  Y 1095500
X 1246500  Y 1095500
X 1231000  Y 1098500
X 1225500  Y 1096500
X 1222500  Y 1088500
X 1222000  Y 1097000
X 1207600  Y 1102100
X 1203400  Y 1100900
X 1199300  Y 1089200
X 1197800  Y 1093100
X 1197800  Y 1101200
X 1197000  Y 1079900
X 1196800  Y 1087500
X 1194200  Y 1085200
X 1176200  Y 1101000
X 1169500  Y 1093000
X 1163000  Y 1079900
X 1162200  Y 1092700
X 1162000  Y 1085100
X 1158500  Y 1093000
X 1146000  Y 1090000
X 1134000  Y 1093000
X 1131500  Y 1083000
X 1127500  Y 1083000
X 1124500  Y 1091500
X 1124500  Y 1081500
X 1122300  Y 1087600
X 1114500  Y 1088500
X 1112200  Y 1097000
X 1107000  Y 1095500
X 1094200  Y 1086900
X 1087400  Y 1099600
X 1082400  Y 1096400
X 1077500  Y 1096000
X 1071000  Y 1093800
X 1069200  Y 1101500
X 1067500  Y 1081500
X 1059000  Y 1082500
X 1058200  Y 1079900
X 1050600  Y 1101700
X 1049100  Y 1080900
X 1049000  Y 1084500
X 1047900  Y 1093000
X 1047000  Y 1082500
X 1031400  Y 1083400
X 1029900  Y 1093700
X 1025600  Y 1121100
X 1026700  Y 1113400
X 1028100  Y 1104400
X 1046600  Y 1114000
X 1046600  Y 1126300
X 1046600  Y 1122900
X 1049000  Y 1111000
X 1049200  Y 1117000
X 1051600  Y 1105900
X 1063500  Y 1128000
X 1071100  Y 1104300
X 1089500  Y 1118600
X 1090600  Y 1113800
X 1178000  Y 1105800
X 1180700  Y 1105300
X 1187000  Y 1115000
X 1190000  Y 1115500
X 1192000  Y 1113500
X 1196300  Y 1109400
X 1198000  Y 1119500
X 1199000  Y 1111000
X 1207000  Y 1120500
X 1207500  Y 1112500
X 1213000  Y 1113000
X 1223500  Y 1118500
X 1235500  Y 1111500
X 1235500  Y 1121000
X 1235500  Y 1115500
X 1240500  Y 1111500
X 1244500  Y 1114000
X 1245000  Y 1110000
X 1255500  Y 1121000
X 1265500  Y 1123500
X 1269000  Y 1107000
X 1269000  Y 1112000
X 1269000  Y 1115500
X 1269500  Y 1123500
X 1271600  Y 1113600
X 1272900  Y 1109800
X 1272900  Y 1120300
X 1278600  Y 1122900
X 1279600  Y 1128800
X 1283500  Y 1106500
X 1285600  Y 1122800
X 1287000  Y 1107500
X 1289500  Y 1114600
X 1290800  Y 1125500
X 1292000  Y 1122500
X 1292300  Y 1106600
X 1296000  Y 1123000
X 1297900  Y 1125800
X 1299014  Y 1122417
X 1303200  Y 1107400
X 1304400  Y 1124900
X 1307100  Y 1107500
X 1307747  Y 1125758
X 1308189  Y 1121956
X 1311900  Y 1108500
X 1320800  Y 1125400
X 1325700  Y 1121900
X 1327100  Y 1124400
X 1329100  Y 1121600
X 1329245  Y 1107154
X 1336100  Y 1107500
X 1341653  Y 1121465
X 1341700  Y 1107400
X 1349100  Y 1120800
X 1350300  Y 1105200
X 1371200  Y 1119100
X 1374800  Y 1119400
X 1381413  Y 1114958
X 1391500  Y 1120700
X 1395500  Y 1105000
X 1396100  Y 1111500
X 1397510  Y 1117530
X 1398200  Y 1124500
X 1400000  Y 1110500
X 1404000  Y 1105800
X 1416000  Y 1105500
X 1420500  Y 1105800
X 1424900  Y 1107100
X 1425200  Y 1113100
X 1428100  Y 1125200
X 1447500  Y 1108300
X 1455600  Y 1105000
X 1460149  Y 1107533
X 1463600  Y 1116300
X 1465000  Y 1109000
X 1465313  Y 1122061
X 1479570  Y 1108401
X 1480310  Y 1112644
X 1485500  Y 1126800
X 1503000  Y 1113500
X 1503844  Y 1121675
X 1507000  Y 1123500
X 1509500  Y 1114500
X 1509691  Y 1110689
X 1510000  Y 1104500
X 1514080  Y 1124338
X 1523588  Y 1115149
X 1524400  Y 1103900
X 1524613  Y 1124899
X 1525400  Y 1106500
X 1525800  Y 1113400
X 1526500  Y 1110500
X 1530400  Y 1128000
X 1539300  Y 1114900
X 1540000  Y 1123000
X 1544000  Y 1120000
X 1544152  Y 1106852
X 1546400  Y 1114200
X 1547088  Y 1125543
X 1552700  Y 1104200
X 1553500  Y 1119500
X 1558100  Y 1119800
X 1564000  Y 1120000
X 1572200  Y 1119000
X 1576400  Y 1151400
X 1567300  Y 1146800
X 1562900  Y 1145600
X 1561000  Y 1150400
X 1561000  Y 1147600
X 1559000  Y 1133500
X 1558000  Y 1138000
X 1553500  Y 1151000
X 1548800  Y 1130000
X 1547200  Y 1147600
X 1544000  Y 1147800
X 1542000  Y 1138000
X 1541000  Y 1147800
X 1538500  Y 1138000
X 1533500  Y 1130000
X 1533500  Y 1134000
X 1531500  Y 1151500
X 1511000  Y 1150500
X 1510070  Y 1135299
X 1507100  Y 1150500
X 1504400  Y 1150500
X 1503224  Y 1135044
X 1500311  Y 1136211
X 1500000  Y 1151000
X 1490500  Y 1138000
X 1489300  Y 1134500
X 1483500  Y 1141100
X 1479200  Y 1130800
X 1479100  Y 1135100
X 1465700  Y 1147300
X 1465500  Y 1131500
X 1465400  Y 1150200
X 1465000  Y 1138100
X 1463600  Y 1144900
X 1461800  Y 1134700
X 1461200  Y 1150600
X 1452000  Y 1152500
X 1445500  Y 1144900
X 1439500  Y 1153000
X 1430000  Y 1152000
X 1429400  Y 1146800
X 1424100  Y 1144200
X 1407900  Y 1136700
X 1406700  Y 1151500
X 1397600  Y 1132300
X 1397187  Y 1142842
X 1395880  Y 1152573
X 1389700  Y 1149900
X 1387600  Y 1152200
X 1382400  Y 1149700
X 1381900  Y 1132500
X 1375400  Y 1148400
X 1361000  Y 1138100
X 1351900  Y 1151800
X 1350975  Y 1138350
X 1350000  Y 1146100
X 1349700  Y 1149300
X 1348000  Y 1152300
X 1347121  Y 1144801
X 1346835  Y 1137962
X 1335200  Y 1151400
X 1324600  Y 1144900
X 1293429  Y 1143614
X 1286800  Y 1141400
X 1282293  Y 1142875
X 1280000  Y 1133500
X 1277000  Y 1137000
X 1274000  Y 1137000
X 1269500  Y 1130500
X 1257600  Y 1145100
X 1257000  Y 1135800
X 1250000  Y 1135300
X 1242800  Y 1135600
X 1143045  Y 1144995
X 1139031  Y 1144791
X 1136260  Y 1143692
X 1093800  Y 1133500
X 1089300  Y 1142000
X 1089300  Y 1147700
X 1088800  Y 1135900
X 1041400  Y 1133500
X 1033900  Y 1146000
X 1024000  Y 1130800
X 1022300  Y 1141300
X 1017200  Y 1174000
X 1018800  Y 1164300
X 1020400  Y 1153900
X 1031900  Y 1161800
X 1032100  Y 1176000
X 1035700  Y 1161700
X 1045000  Y 1171500
X 1045500  Y 1159000
X 1045600  Y 1166800
X 1089100  Y 1161300
X 1089200  Y 1165200
X 1089300  Y 1154500
X 1265343  Y 1171685
X 1333287  Y 1167331
X 1345679  Y 1173081
X 1349845  Y 1167699
X 1353500  Y 1166200
X 1353800  Y 1170100
X 1368100  Y 1162000
X 1368200  Y 1169500
X 1368600  Y 1177800
X 1373341  Y 1177092
X 1375600  Y 1159300
X 1376574  Y 1165946
X 1379600  Y 1172800
X 1382900  Y 1173500
X 1384500  Y 1160000
X 1384500  Y 1163000
X 1384500  Y 1166000
X 1388500  Y 1160000
X 1388500  Y 1166000
X 1388500  Y 1163000
X 1389500  Y 1173300
X 1392500  Y 1166000
X 1392500  Y 1163000
X 1392500  Y 1160000
X 1392600  Y 1173500
X 1400703  Y 1166098
X 1406800  Y 1172000
X 1407300  Y 1168000
X 1409600  Y 1158300
X 1423100  Y 1162200
X 1423100  Y 1158800
X 1429900  Y 1174900
X 1430500  Y 1161000
X 1430500  Y 1164000
X 1430500  Y 1167000
X 1433395  Y 1177410
X 1434500  Y 1167000
X 1434500  Y 1164000
X 1434500  Y 1161000
X 1438500  Y 1176000
X 1438500  Y 1161000
X 1438500  Y 1164000
X 1438500  Y 1167000
X 1446000  Y 1157500
X 1446000  Y 1164500
X 1446500  Y 1168500
X 1446500  Y 1174000
X 1451600  Y 1155200
X 1453500  Y 1170000
X 1460400  Y 1168800
X 1460600  Y 1164100
X 1470600  Y 1172500
X 1470700  Y 1166600
X 1473000  Y 1161500
X 1480000  Y 1166500
X 1480000  Y 1161500
X 1480000  Y 1174500
X 1480900  Y 1154000
X 1481400  Y 1171500
X 1494939  Y 1163703
X 1497852  Y 1176040
X 1498600  Y 1164200
X 1503600  Y 1169500
X 1507541  Y 1173866
X 1512700  Y 1173200
X 1519300  Y 1172500
X 1525000  Y 1168500
X 1525000  Y 1172500
X 1527500  Y 1170500
X 1531000  Y 1159400
X 1531000  Y 1156500
X 1532000  Y 1172500
X 1538500  Y 1171000
X 1541500  Y 1175500
X 1542000  Y 1171000
X 1546200  Y 1170200
X 1549400  Y 1171000
X 1555000  Y 1170500
X 1557000  Y 1157500
X 1564400  Y 1172000
X 1564500  Y 1175500
X 1567300  Y 1172000
X 1570000  Y 1171500
X 1575000  Y 1175500
X 1576500  Y 1171500
X 1577000  Y 1156000
X 1584000  Y 1171500
X 1590500  Y 1171500
X 1590500  Y 1156000
X 1597500  Y 1171500
X 1605000  Y 1171500
X 1565000  Y 1181500
X 1550500  Y 1181000
X 1522800  Y 1190900
X 1521422  Y 1188335
X 1516143  Y 1180852
X 1514700  Y 1202900
X 1512667  Y 1196359
X 1511100  Y 1188300
X 1508100  Y 1189000
X 1504500  Y 1201000
X 1501000  Y 1201000
X 1500700  Y 1188200
X 1497500  Y 1201000
X 1495600  Y 1191500
X 1494000  Y 1201000
X 1490500  Y 1201000
X 1488000  Y 1187000
X 1487000  Y 1183900
X 1486500  Y 1193500
X 1483500  Y 1196500
X 1482500  Y 1193000
X 1479000  Y 1197500
X 1467900  Y 1198800
X 1465400  Y 1193000
X 1465400  Y 1188700
X 1463800  Y 1184000
X 1463800  Y 1179600
X 1460100  Y 1181400
X 1453800  Y 1198800
X 1449700  Y 1189800
X 1449500  Y 1186200
X 1448300  Y 1197900
X 1444500  Y 1191200
X 1442000  Y 1203200
X 1440500  Y 1187500
X 1437000  Y 1195455
X 1433000  Y 1187500
X 1432500  Y 1203200
X 1426500  Y 1199600
X 1424900  Y 1194600
X 1421000  Y 1191500
X 1410500  Y 1191000
X 1410000  Y 1179500
X 1409700  Y 1184000
X 1402200  Y 1183800
X 1396600  Y 1202700
X 1394500  Y 1198100
X 1394473  Y 1183840
X 1394000  Y 1190500
X 1390900  Y 1203200
X 1388000  Y 1191000
X 1379400  Y 1183900
X 1373700  Y 1184800
X 1372100  Y 1190600
X 1368200  Y 1202400
X 1368000  Y 1196300
X 1367800  Y 1184400
X 1362800  Y 1189400
X 1354400  Y 1195900
X 1353826  Y 1189768
X 1353600  Y 1183900
X 1350700  Y 1196500
X 1345700  Y 1196100
X 1339800  Y 1196700
X 1339800  Y 1191400
X 1326000  Y 1191500
X 1140698  Y 1179188
X 1086000  Y 1196500
X 1083600  Y 1194800
X 1083600  Y 1198000
X 1045300  Y 1186100
X 1044000  Y 1189500
X 1040000  Y 1200700
X 1037600  Y 1203200
X 1031800  Y 1182800
X 1031600  Y 1185800
X 1029800  Y 1179300
X 1026100  Y 1197600
X 1015800  Y 1183200
X 1014300  Y 1193200
X 1012900  Y 1202400
X 1009900  Y 1223500
X 1011400  Y 1212700
X 1023300  Y 1216000
X 1034700  Y 1228100
X 1035500  Y 1212900
X 1035600  Y 1216300
X 1035600  Y 1223000
X 1035800  Y 1209300
X 1086034  Y 1213451
X 1325000  Y 1205200
X 1331900  Y 1217000
X 1338400  Y 1216200
X 1339100  Y 1207200
X 1341300  Y 1216300
X 1343700  Y 1223700
X 1344800  Y 1216300
X 1347600  Y 1223900
X 1350800  Y 1218100
X 1351000  Y 1206300
X 1351500  Y 1211100
X 1368000  Y 1213000
X 1368200  Y 1208000
X 1376900  Y 1225700
X 1377000  Y 1209500
X 1377462  Y 1215367
X 1380000  Y 1217000
X 1381900  Y 1221400
X 1383700  Y 1207800
X 1384200  Y 1225500
X 1387500  Y 1225500
X 1387500  Y 1214000
X 1387500  Y 1211000
X 1387500  Y 1217000
X 1391500  Y 1217000
X 1391500  Y 1211000
X 1391500  Y 1214000
X 1394600  Y 1224600
X 1395500  Y 1214000
X 1395500  Y 1211000
X 1395500  Y 1217000
X 1402200  Y 1214900
X 1404853  Y 1208598
X 1406500  Y 1227800
X 1409900  Y 1209000
X 1413000  Y 1216000
X 1413100  Y 1209400
X 1413500  Y 1224700
X 1413600  Y 1206500
X 1421100  Y 1224300
X 1422600  Y 1216900
X 1425500  Y 1217400
X 1427600  Y 1210700
X 1428000  Y 1219100
X 1430900  Y 1217200
X 1436000  Y 1209800
X 1441900  Y 1218700
X 1444400  Y 1210100
X 1445107  Y 1228499
X 1445500  Y 1220300
X 1450100  Y 1210400
X 1462000  Y 1204500
X 1462000  Y 1207600
X 1467500  Y 1212500
X 1467500  Y 1209500
X 1470500  Y 1216400
X 1478000  Y 1206500
X 1480100  Y 1204800
X 1481000  Y 1216500
X 1490500  Y 1204000
X 1490500  Y 1207000
X 1490500  Y 1210000
X 1490500  Y 1213000
X 1494000  Y 1207000
X 1494000  Y 1213000
X 1494000  Y 1210000
X 1494000  Y 1204000
X 1497500  Y 1213000
X 1497500  Y 1210000
X 1497500  Y 1204000
X 1497500  Y 1207000
X 1501000  Y 1204000
X 1501000  Y 1207000
X 1501000  Y 1213000
X 1501000  Y 1210000
X 1501600  Y 1227600
X 1504500  Y 1213000
X 1504500  Y 1207000
X 1504500  Y 1210000
X 1504500  Y 1204000
X 1505200  Y 1228400
X 1515200  Y 1208600
X 1554900  Y 1227200
X 1562600  Y 1227600
X 1565500  Y 1227100
X 1581220  Y 1247322
X 1571732  Y 1234763
X 1568400  Y 1233300
X 1565700  Y 1235200
X 1556400  Y 1251900
X 1553000  Y 1229200
X 1547500  Y 1237800
X 1545000  Y 1245700
X 1536800  Y 1253100
X 1536100  Y 1246500
X 1532500  Y 1248500
X 1529100  Y 1246600
X 1525600  Y 1232600
X 1524900  Y 1246700
X 1521200  Y 1246800
X 1517900  Y 1232100
X 1515800  Y 1250200
X 1513819  Y 1230193
X 1512800  Y 1246600
X 1512500  Y 1249900
X 1505500  Y 1247500
X 1503500  Y 1252500
X 1500600  Y 1248100
X 1496900  Y 1229500
X 1493500  Y 1246000
X 1491300  Y 1251500
X 1490000  Y 1246000
X 1486500  Y 1246100
X 1483000  Y 1245500
X 1482753  Y 1233950
X 1481600  Y 1230100
X 1480300  Y 1232500
X 1478300  Y 1230000
X 1476370  Y 1247920
X 1475410  Y 1237050
X 1475350  Y 1239720
X 1475250  Y 1234260
X 1469200  Y 1230600
X 1466500  Y 1230600
X 1460309  Y 1235639
X 1454300  Y 1230800
X 1451200  Y 1230800
X 1449905  Y 1252068
X 1445681  Y 1231320
X 1445071  Y 1239806
X 1438400  Y 1248000
X 1433100  Y 1243800
X 1433100  Y 1238900
X 1432400  Y 1247600
X 1430200  Y 1238600
X 1427500  Y 1241600
X 1427200  Y 1238100
X 1424900  Y 1235800
X 1424100  Y 1228900
X 1421300  Y 1229000
X 1419300  Y 1242800
X 1419000  Y 1250500
X 1412500  Y 1242500
X 1411500  Y 1252500
X 1410100  Y 1244400
X 1410000  Y 1240000
X 1409400  Y 1237100
X 1408500  Y 1252500
X 1406000  Y 1237500
X 1405500  Y 1243000
X 1405500  Y 1252500
X 1397600  Y 1252500
X 1395000  Y 1244000
X 1394000  Y 1241000
X 1393400  Y 1248500
X 1390400  Y 1244500
X 1390200  Y 1233400
X 1387900  Y 1250100
X 1387900  Y 1241100
X 1385800  Y 1247400
X 1384100  Y 1241900
X 1381500  Y 1245400
X 1379000  Y 1240500
X 1378100  Y 1246800
X 1377400  Y 1250100
X 1368500  Y 1236000
X 1366100  Y 1233200
X 1364300  Y 1236200
X 1359500  Y 1236300
X 1351300  Y 1250400
X 1351200  Y 1233800
X 1343200  Y 1245100
X 1290600  Y 1235700
X 1102500  Y 1237700
X 1102300  Y 1241200
X 1086000  Y 1247500
X 1035500  Y 1245000
X 1034500  Y 1236900
X 1033800  Y 1233900
X 1032500  Y 1241900
X 1022000  Y 1244100
X 1021400  Y 1234500
X 1020700  Y 1252900
X 1008000  Y 1234500
X 1007000  Y 1243500
X 1006000  Y 1253000
X 1004000  Y 1274000
X 1004500  Y 1263500
X 1020700  Y 1268500
X 1021000  Y 1278500
X 1028200  Y 1271200
X 1029400  Y 1276700
X 1029800  Y 1266500
X 1030200  Y 1258600
X 1034900  Y 1259500
X 1035200  Y 1255700
X 1086000  Y 1263500
X 1144667  Y 1273181
X 1269400  Y 1269300
X 1270300  Y 1274900
X 1271200  Y 1277500
X 1271500  Y 1271200
X 1292100  Y 1276900
X 1338000  Y 1266700
X 1341400  Y 1254600
X 1341500  Y 1259300
X 1342500  Y 1264500
X 1344400  Y 1255300
X 1351500  Y 1273500
X 1351952  Y 1255887
X 1352500  Y 1278500
X 1352800  Y 1268400
X 1386700  Y 1264500
X 1390000  Y 1257600
X 1390500  Y 1265500
X 1393700  Y 1272100
X 1395200  Y 1276300
X 1398000  Y 1260000
X 1403200  Y 1273500
X 1405500  Y 1259500
X 1405500  Y 1256000
X 1406500  Y 1268100
X 1406700  Y 1276500
X 1408500  Y 1259500
X 1408500  Y 1256000
X 1411500  Y 1256000
X 1411500  Y 1259500
X 1413700  Y 1273500
X 1419100  Y 1262200
X 1419200  Y 1274800
X 1419300  Y 1255200
X 1421600  Y 1269400
X 1422200  Y 1257500
X 1423500  Y 1272100
X 1426700  Y 1272500
X 1428800  Y 1262600
X 1432300  Y 1270500
X 1432500  Y 1262500
X 1437000  Y 1270200
X 1438500  Y 1262500
X 1443157  Y 1255326
X 1445814  Y 1255254
X 1449000  Y 1260000
X 1449825  Y 1257218
X 1452500  Y 1265400
X 1452600  Y 1262000
X 1453000  Y 1258000
X 1460200  Y 1275900
X 1460500  Y 1262500
X 1460500  Y 1259000
X 1460500  Y 1255500
X 1464000  Y 1255500
X 1464000  Y 1262500
X 1464000  Y 1259000
X 1467500  Y 1259000
X 1467500  Y 1255500
X 1467500  Y 1262500
X 1475100  Y 1262000
X 1475400  Y 1257200
X 1490900  Y 1258400
X 1493100  Y 1262700
X 1495333  Y 1255763
X 1502500  Y 1263900
X 1509100  Y 1272400
X 1510500  Y 1258000
X 1510500  Y 1264000
X 1510500  Y 1261000
X 1512500  Y 1271700
X 1514000  Y 1261000
X 1514000  Y 1258000
X 1514000  Y 1264000
X 1516900  Y 1271500
X 1518000  Y 1258000
X 1518000  Y 1261000
X 1518000  Y 1264000
X 1522000  Y 1270700
X 1525800  Y 1258000
X 1527600  Y 1266000
X 1537500  Y 1267900
X 1541600  Y 1255400
X 1541600  Y 1274100
X 1541700  Y 1264800
X 1544500  Y 1278800
X 1550500  Y 1267000
X 1551000  Y 1262500
X 1551100  Y 1254000
X 1553700  Y 1268700
X 1561500  Y 1258500
X 1562600  Y 1277900
X 1564900  Y 1267000
X 1567100  Y 1277600
X 1571238  Y 1260447
X 1574900  Y 1278800
X 1575419  Y 1263179
X 1578900  Y 1262900
X 1589800  Y 1267300
X 1591800  Y 1263700
X 1592000  Y 1272500
X 1603950  Y 1259070
X 1604500  Y 1268400
X 1612000  Y 1268500
X 1619500  Y 1268500
X 1627100  Y 1302000
X 1624900  Y 1299800
X 1619400  Y 1282700
X 1607000  Y 1286200
X 1601801  Y 1300424
X 1583003  Y 1281878
X 1578878  Y 1281861
X 1575700  Y 1288700
X 1571867  Y 1284991
X 1562849  Y 1281244
X 1559802  Y 1282222
X 1556400  Y 1288700
X 1550026  Y 1289470
X 1542000  Y 1301100
X 1536900  Y 1292900
X 1531900  Y 1282600
X 1521500  Y 1288000
X 1505000  Y 1284500
X 1486542  Y 1301489
X 1486500  Y 1286500
X 1479000  Y 1286300
X 1479000  Y 1301000
X 1471608  Y 1285816
X 1471300  Y 1301200
X 1467700  Y 1282400
X 1465100  Y 1301800
X 1465100  Y 1295500
X 1460600  Y 1296000
X 1456500  Y 1286300
X 1449000  Y 1286400
X 1441500  Y 1286000
X 1436200  Y 1292800
X 1435500  Y 1286500
X 1429500  Y 1281500
X 1426100  Y 1283500
X 1421500  Y 1297200
X 1419100  Y 1299900
X 1419100  Y 1293800
X 1415600  Y 1287800
X 1411500  Y 1295000
X 1411500  Y 1303000
X 1411500  Y 1299000
X 1408500  Y 1295000
X 1408500  Y 1303000
X 1408500  Y 1299000
X 1405500  Y 1295000
X 1405500  Y 1303000
X 1405500  Y 1299000
X 1404800  Y 1286800
X 1397800  Y 1296100
X 1397700  Y 1301800
X 1396767  Y 1286533
X 1395172  Y 1293733
X 1389400  Y 1292100
X 1385700  Y 1292000
X 1383700  Y 1280300
X 1382000  Y 1297300
X 1381500  Y 1293400
X 1378400  Y 1298900
X 1376200  Y 1280500
X 1369399  Y 1298399
X 1368031  Y 1282650
X 1364700  Y 1299900
X 1362400  Y 1281900
X 1357500  Y 1282500
X 1354500  Y 1299000
X 1350500  Y 1298500
X 1349500  Y 1288500
X 1349500  Y 1301500
X 1347500  Y 1282000
X 1346100  Y 1301700
X 1345700  Y 1293800
X 1345400  Y 1298500
X 1343000  Y 1286900
X 1340100  Y 1284100
X 1339500  Y 1287500
X 1316500  Y 1282400
X 1313000  Y 1293000
X 1311500  Y 1302000
X 1308100  Y 1301300
X 1302000  Y 1301200
X 1294900  Y 1300500
X 1290700  Y 1300900
X 1272600  Y 1300200
X 1256900  Y 1292800
X 1246400  Y 1286300
X 1245700  Y 1298400
X 1237100  Y 1286400
X 1228600  Y 1301500
X 1227800  Y 1294100
X 1221500  Y 1301900
X 1146132  Y 1294317
X 1143249  Y 1280935
X 1140263  Y 1282041
X 1092500  Y 1299500
X 1060000  Y 1295000
X 1052000  Y 1288900
X 1045600  Y 1282600
X 1043500  Y 1279500
X 1042000  Y 1294000
X 1042000  Y 1291500
X 1042000  Y 1296500
X 1041300  Y 1282500
X 1038500  Y 1296500
X 1038500  Y 1291500
X 1038500  Y 1294000
X 1037500  Y 1280700
X 1035600  Y 1283300
X 1034500  Y 1296500
X 1034500  Y 1294000
X 1034500  Y 1291500
X 1031500  Y 1282500
X 1028500  Y 1287500
X 1026300  Y 1291000
X 1020900  Y 1290600
X 1020900  Y 1286700
X 1020900  Y 1295600
X 1004500  Y 1284000
X 1004000  Y 1294000
X 1004000  Y 1304000
X 1004000  Y 1314000
X 1004000  Y 1324000
X 1016500  Y 1311500
X 1020900  Y 1309900
X 1022500  Y 1314100
X 1028000  Y 1314500
X 1032300  Y 1305900
X 1036400  Y 1322300
X 1040400  Y 1307400
X 1060000  Y 1309000
X 1087500  Y 1310500
X 1106000  Y 1326800
X 1145149  Y 1318296
X 1194000  Y 1326100
X 1194300  Y 1322000
X 1204000  Y 1310000
X 1207000  Y 1310100
X 1210300  Y 1308900
X 1232000  Y 1326000
X 1242000  Y 1310500
X 1246500  Y 1304100
X 1246500  Y 1319500
X 1247300  Y 1307600
X 1254200  Y 1320800
X 1265400  Y 1311200
X 1266500  Y 1328500
X 1271300  Y 1322400
X 1275600  Y 1317300
X 1277300  Y 1321700
X 1282000  Y 1314400
X 1283400  Y 1310800
X 1285200  Y 1325100
X 1286500  Y 1321000
X 1298000  Y 1315000
X 1299900  Y 1324800
X 1302100  Y 1312300
X 1303700  Y 1328300
X 1320200  Y 1311000
X 1321100  Y 1314100
X 1325300  Y 1311200
X 1325800  Y 1324700
X 1327600  Y 1314200
X 1339700  Y 1314700
X 1344000  Y 1312000
X 1346600  Y 1306400
X 1350200  Y 1306100
X 1354500  Y 1306500
X 1359500  Y 1305500
X 1359500  Y 1319900
X 1361900  Y 1322700
X 1362200  Y 1317500
X 1364500  Y 1306000
X 1373900  Y 1315600
X 1380000  Y 1325000
X 1380900  Y 1304700
X 1396300  Y 1325000
X 1403300  Y 1321500
X 1403400  Y 1316500
X 1405300  Y 1310800
X 1414100  Y 1314200
X 1416100  Y 1326300
X 1416100  Y 1321500
X 1416800  Y 1318200
X 1419300  Y 1304500
X 1425100  Y 1324100
X 1432200  Y 1306500
X 1434000  Y 1322500
X 1434100  Y 1314900
X 1438500  Y 1304400
X 1443500  Y 1305000
X 1448000  Y 1321000
X 1448569  Y 1323928
X 1449500  Y 1308500
X 1450100  Y 1304500
X 1459028  Y 1308577
X 1465100  Y 1304900
X 1466622  Y 1308527
X 1473700  Y 1323500
X 1475266  Y 1306997
X 1475300  Y 1304100
X 1477500  Y 1311500
X 1480874  Y 1324021
X 1491100  Y 1320000
X 1491100  Y 1327500
X 1492982  Y 1315875
X 1511502  Y 1313684
X 1512100  Y 1324800
X 1515936  Y 1313684
X 1524500  Y 1324200
X 1534900  Y 1322400
X 1542000  Y 1304500
X 1542400  Y 1314800
X 1542400  Y 1310400
X 1542497  Y 1328837
X 1545883  Y 1327921
X 1594000  Y 1307100
X 1597500  Y 1306700
X 1598818  Y 1321119
X 1601600  Y 1320800
X 1602052  Y 1308013
X 1602128  Y 1314132
X 1606500  Y 1310500
X 1607500  Y 1321500
X 1609000  Y 1313000
X 1618600  Y 1310500
X 1615906  Y 1337450
X 1612100  Y 1347500
X 1600200  Y 1344200
X 1599500  Y 1337500
X 1593900  Y 1330200
X 1593000  Y 1333400
X 1589300  Y 1339800
X 1588500  Y 1349500
X 1585100  Y 1339800
X 1583300  Y 1350000
X 1577300  Y 1335600
X 1577100  Y 1340400
X 1567500  Y 1347100
X 1566000  Y 1340100
X 1562900  Y 1347700
X 1557500  Y 1339800
X 1554500  Y 1339700
X 1551700  Y 1333600
X 1551600  Y 1343500
X 1551500  Y 1340500
X 1545500  Y 1348000
X 1540000  Y 1350900
X 1522500  Y 1336500
X 1522500  Y 1349000
X 1522500  Y 1353500
X 1522500  Y 1340500
X 1522500  Y 1344500
X 1518500  Y 1336500
X 1518500  Y 1353500
X 1518500  Y 1340500
X 1518500  Y 1349000
X 1518500  Y 1344500
X 1514500  Y 1336500
X 1514500  Y 1340500
X 1514500  Y 1353500
X 1514500  Y 1349000
X 1514500  Y 1344500
X 1510500  Y 1349000
X 1510500  Y 1344500
X 1510500  Y 1340500
X 1510500  Y 1336500
X 1510500  Y 1353500
X 1507000  Y 1353500
X 1507000  Y 1349000
X 1507000  Y 1344500
X 1507000  Y 1340500
X 1507000  Y 1336500
X 1490900  Y 1334400
X 1475100  Y 1337800
X 1475000  Y 1334000
X 1467500  Y 1335000
X 1467500  Y 1331500
X 1467500  Y 1338500
X 1464000  Y 1331500
X 1464000  Y 1338500
X 1464000  Y 1335000
X 1460500  Y 1331500
X 1460500  Y 1338500
X 1460500  Y 1335000
X 1460200  Y 1351900
X 1452100  Y 1330100
X 1451900  Y 1334500
X 1448900  Y 1329800
X 1448400  Y 1345100
X 1446700  Y 1337700
X 1445000  Y 1340500
X 1443400  Y 1337500
X 1434100  Y 1330000
X 1431200  Y 1339500
X 1427700  Y 1350900
X 1422400  Y 1337600
X 1422100  Y 1332500
X 1419400  Y 1329600
X 1415900  Y 1349400
X 1411500  Y 1333500
X 1411500  Y 1336500
X 1411500  Y 1340000
X 1408500  Y 1333500
X 1408500  Y 1340000
X 1408500  Y 1336500
X 1405500  Y 1340000
X 1405500  Y 1333500
X 1405500  Y 1336500
X 1403000  Y 1351400
X 1402900  Y 1346200
X 1398400  Y 1331900
X 1397900  Y 1343300
X 1397300  Y 1336100
X 1396200  Y 1329000
X 1396000  Y 1340000
X 1395000  Y 1346000
X 1381800  Y 1341700
X 1381150  Y 1329592
X 1380054  Y 1333948
X 1379500  Y 1337500
X 1374000  Y 1346500
X 1373700  Y 1331700
X 1362300  Y 1340500
X 1360300  Y 1334700
X 1359700  Y 1331200
X 1349700  Y 1334100
X 1349500  Y 1338000
X 1346800  Y 1347800
X 1346600  Y 1330600
X 1346300  Y 1334000
X 1346300  Y 1339800
X 1326400  Y 1331400
X 1319500  Y 1345900
X 1319500  Y 1336900
X 1319500  Y 1341400
X 1317000  Y 1341400
X 1317000  Y 1336900
X 1317000  Y 1345900
X 1314500  Y 1345900
X 1314500  Y 1336900
X 1314500  Y 1341400
X 1308800  Y 1329100
X 1306200  Y 1350600
X 1305500  Y 1342500
X 1302300  Y 1333700
X 1302300  Y 1339500
X 1302100  Y 1344400
X 1285800  Y 1336800
X 1285500  Y 1333000
X 1284800  Y 1348400
X 1283107  Y 1343230
X 1282300  Y 1329000
X 1280623  Y 1349068
X 1277828  Y 1346314
X 1276500  Y 1352500
X 1275066  Y 1348608
X 1273100  Y 1333000
X 1271000  Y 1337400
X 1266900  Y 1346900
X 1262500  Y 1330300
X 1262100  Y 1340000
X 1261200  Y 1336000
X 1257900  Y 1337300
X 1256000  Y 1330700
X 1255500  Y 1341800
X 1251700  Y 1343000
X 1243200  Y 1342900
X 1241000  Y 1334500
X 1240500  Y 1341000
X 1234300  Y 1343900
X 1231500  Y 1341000
X 1228000  Y 1330500
X 1216400  Y 1331200
X 1215800  Y 1343400
X 1213400  Y 1331100
X 1213200  Y 1341300
X 1206400  Y 1331400
X 1205800  Y 1342700
X 1203100  Y 1331200
X 1202700  Y 1343300
X 1201000  Y 1338100
X 1199400  Y 1342300
X 1198600  Y 1335900
X 1194700  Y 1349700
X 1194300  Y 1333200
X 1192500  Y 1329800
X 1192200  Y 1335600
X 1139131  Y 1329655
X 1119649  Y 1332436
X 1106835  Y 1344285
X 1101000  Y 1341500
X 1083000  Y 1348000
X 1043000  Y 1346500
X 1004000  Y 1334000
X 1004000  Y 1344000
X 1004000  Y 1354000
X 1004000  Y 1364000
X 1004000  Y 1374000
X 1032365  Y 1358432
X 1036500  Y 1363800
X 1083000  Y 1354500
X 1146500  Y 1371000
X 1180900  Y 1377000
X 1197500  Y 1365000
X 1198300  Y 1354600
X 1201300  Y 1364900
X 1210213  Y 1365708
X 1213681  Y 1364700
X 1217040  Y 1368650
X 1222100  Y 1355300
X 1231549  Y 1367705
X 1235300  Y 1369000
X 1236082  Y 1355086
X 1239400  Y 1355300
X 1239600  Y 1366700
X 1245000  Y 1365100
X 1247700  Y 1355500
X 1248100  Y 1364900
X 1251200  Y 1364700
X 1254500  Y 1370500
X 1254500  Y 1375500
X 1256000  Y 1354700
X 1267422  Y 1355489
X 1289000  Y 1361000
X 1298200  Y 1356400
X 1301200  Y 1377100
X 1307000  Y 1364500
X 1311100  Y 1369000
X 1311500  Y 1375000
X 1314000  Y 1378200
X 1314600  Y 1369600
X 1321900  Y 1369400
X 1325900  Y 1378700
X 1326800  Y 1355800
X 1329200  Y 1369200
X 1336000  Y 1360000
X 1346400  Y 1354500
X 1347300  Y 1369800
X 1355200  Y 1369200
X 1356000  Y 1355000
X 1360900  Y 1377800
X 1373000  Y 1373000
X 1382200  Y 1364000
X 1384400  Y 1375500
X 1394500  Y 1368000
X 1397700  Y 1374000
X 1397900  Y 1368000
X 1398400  Y 1361600
X 1405500  Y 1369000
X 1405500  Y 1373000
X 1405500  Y 1365000
X 1408500  Y 1373000
X 1408500  Y 1369000
X 1408500  Y 1365000
X 1411400  Y 1357000
X 1411500  Y 1373000
X 1411500  Y 1369000
X 1411500  Y 1365000
X 1415000  Y 1354100
X 1418700  Y 1368100
X 1418900  Y 1371900
X 1420000  Y 1374600
X 1422300  Y 1367800
X 1435000  Y 1373700
X 1435400  Y 1364000
X 1437500  Y 1374600
X 1445200  Y 1355600
X 1449000  Y 1363000
X 1451200  Y 1376600
X 1456400  Y 1362300
X 1456500  Y 1377100
X 1464000  Y 1362300
X 1471400  Y 1362100
X 1471500  Y 1377000
X 1478800  Y 1362400
X 1479000  Y 1377100
X 1486496  Y 1362037
X 1486500  Y 1377100
X 1495900  Y 1366800
X 1496100  Y 1373200
X 1513700  Y 1373300
X 1517000  Y 1364600
X 1522400  Y 1364800
X 1559500  Y 1364600
X 1565700  Y 1366100
X 1565900  Y 1369200
X 1584000  Y 1360400
X 1592300  Y 1360300
X 1592900  Y 1366600
X 1592900  Y 1370200
X 1597500  Y 1364500
X 1597500  Y 1369600
X 1602400  Y 1359900
X 1602500  Y 1369600
X 1607500  Y 1358900
X 1607500  Y 1369600
X 1612500  Y 1358900
X 1612500  Y 1369600
X 1541500  Y 1390000
X 1525000  Y 1401500
X 1522500  Y 1382500
X 1480000  Y 1403500
X 1476000  Y 1386000
X 1467500  Y 1401500
X 1440000  Y 1385000
X 1440000  Y 1388500
X 1436500  Y 1383500
X 1432000  Y 1383500
X 1427500  Y 1387000
X 1415500  Y 1402000
X 1409500  Y 1382000
X 1405000  Y 1385000
X 1370900  Y 1388000
X 1360500  Y 1388300
X 1360300  Y 1398600
X 1359499  Y 1381063
X 1349700  Y 1393200
X 1335200  Y 1383300
X 1331300  Y 1383100
X 1324900  Y 1388200
X 1301500  Y 1393200
X 1287000  Y 1390500
X 1281000  Y 1390500
X 1274700  Y 1398400
X 1263500  Y 1380500
X 1254500  Y 1380500
X 1243300  Y 1385500
X 1238500  Y 1402000
X 1238500  Y 1398000
X 1234500  Y 1398000
X 1234500  Y 1402000
X 1174500  Y 1394500
X 1174500  Y 1391000
X 1174500  Y 1387000
X 1171000  Y 1394500
X 1171000  Y 1391000
X 1171000  Y 1387000
X 1167500  Y 1394500
X 1167500  Y 1391000
X 1167500  Y 1387000
X 1032200  Y 1400300
X 1030300  Y 1383000
X 1026000  Y 1391000
X 1004000  Y 1384000
X 1004000  Y 1394000
X 1004000  Y 1414000
X 1004000  Y 1424000
X 1004000  Y 1404000
X 1027500  Y 1408000
X 1037300  Y 1420100
X 1054500  Y 1407000
X 1054500  Y 1411500
X 1054500  Y 1417500
X 1054500  Y 1422500
X 1054500  Y 1428000
X 1058500  Y 1428000
X 1058500  Y 1411500
X 1058500  Y 1407000
X 1062000  Y 1428000
X 1063000  Y 1411500
X 1063000  Y 1407000
X 1095000  Y 1419500
X 1095000  Y 1416500
X 1095000  Y 1423000
X 1098500  Y 1423000
X 1098500  Y 1419500
X 1098500  Y 1416500
X 1102000  Y 1419500
X 1107000  Y 1419500
X 1109500  Y 1423500
X 1111000  Y 1419500
X 1116500  Y 1417000
X 1122500  Y 1422700
X 1137600  Y 1427200
X 1142600  Y 1427200
X 1147100  Y 1427200
X 1149500  Y 1420000
X 1149600  Y 1422500
X 1153100  Y 1422500
X 1153600  Y 1409300
X 1157600  Y 1422000
X 1223000  Y 1415500
X 1234500  Y 1412500
X 1234500  Y 1405500
X 1234500  Y 1409000
X 1238500  Y 1412500
X 1238500  Y 1405500
X 1238500  Y 1409000
X 1256000  Y 1420500
X 1260600  Y 1421700
X 1281500  Y 1419500
X 1283800  Y 1421900
X 1292200  Y 1425900
X 1297300  Y 1425900
X 1299600  Y 1405100
X 1300000  Y 1411200
X 1300800  Y 1423100
X 1326100  Y 1424400
X 1327300  Y 1413000
X 1330100  Y 1404800
X 1332900  Y 1425500
X 1333500  Y 1420800
X 1333663  Y 1408046
X 1333900  Y 1412000
X 1343900  Y 1428600
X 1355700  Y 1422400
X 1359000  Y 1404600
X 1359000  Y 1416500
X 1359800  Y 1410400
X 1364000  Y 1420300
X 1384500  Y 1406000
X 1389000  Y 1406500
X 1399500  Y 1422500
X 1402000  Y 1405500
X 1405000  Y 1423000
X 1406000  Y 1405500
X 1412000  Y 1407500
X 1416000  Y 1427600
X 1423000  Y 1413500
X 1429500  Y 1412500
X 1433500  Y 1412500
X 1438000  Y 1412500
X 1440000  Y 1408000
X 1464500  Y 1413500
X 1467500  Y 1404500
X 1471000  Y 1417500
X 1498500  Y 1418000
X 1499500  Y 1421000
X 1505500  Y 1406500
X 1509000  Y 1423000
X 1522200  Y 1411600
X 1523300  Y 1404800
X 1523400  Y 1420800
X 1529000  Y 1437500
X 1527800  Y 1430100
X 1520900  Y 1429300
X 1516000  Y 1429300
X 1515500  Y 1446000
X 1512800  Y 1429300
X 1505400  Y 1438500
X 1484000  Y 1439000
X 1459500  Y 1447300
X 1403500  Y 1432000
X 1395500  Y 1429000
X 1394800  Y 1449000
X 1391700  Y 1452000
X 1391000  Y 1440500
X 1388000  Y 1448500
X 1388000  Y 1444500
X 1385500  Y 1444500
X 1385500  Y 1448500
X 1383000  Y 1448500
X 1383000  Y 1444500
X 1375500  Y 1448400
X 1375400  Y 1452300
X 1371500  Y 1453500
X 1368500  Y 1453500
X 1365500  Y 1453500
X 1362500  Y 1453500
X 1359300  Y 1440700
X 1359200  Y 1443600
X 1358500  Y 1436100
X 1346100  Y 1448300
X 1346000  Y 1440400
X 1345500  Y 1452500
X 1344100  Y 1433500
X 1343000  Y 1441900
X 1341200  Y 1438700
X 1337000  Y 1446500
X 1337000  Y 1452500
X 1337000  Y 1449500
X 1334000  Y 1446500
X 1334000  Y 1452500
X 1334000  Y 1449500
X 1331000  Y 1446500
X 1331000  Y 1449500
X 1331000  Y 1452500
X 1329600  Y 1432000
X 1325700  Y 1441600
X 1321100  Y 1435000
X 1315800  Y 1431000
X 1303600  Y 1431200
X 1299800  Y 1447400
X 1298500  Y 1429500
X 1296000  Y 1439500
X 1295900  Y 1449700
X 1294500  Y 1429000
X 1290600  Y 1429400
X 1289000  Y 1432000
X 1288000  Y 1444500
X 1256870  Y 1452137
X 1254500  Y 1432000
X 1254000  Y 1441500
X 1251500  Y 1430500
X 1174600  Y 1446000
X 1173100  Y 1433000
X 1170100  Y 1438000
X 1167000  Y 1437800
X 1158600  Y 1433000
X 1158600  Y 1444000
X 1147600  Y 1442800
X 1147600  Y 1448000
X 1147100  Y 1437600
X 1147100  Y 1432400
X 1142600  Y 1448000
X 1142600  Y 1432400
X 1142600  Y 1437600
X 1142600  Y 1442800
X 1137600  Y 1432400
X 1137600  Y 1437600
X 1137600  Y 1448000
X 1137600  Y 1442800
X 1125100  Y 1450000
X 1124600  Y 1445000
X 1124200  Y 1441800
X 1124100  Y 1435500
X 1123500  Y 1438800
X 1122600  Y 1433000
X 1116800  Y 1452500
X 1059000  Y 1453500
X 1058500  Y 1432000
X 1054500  Y 1432000
X 1038000  Y 1434000
X 1037500  Y 1431000
X 1024500  Y 1451000
X 1004000  Y 1434000
X 1004000  Y 1444000
X 1004000  Y 1454000
X 1004000  Y 1464000
X 1004000  Y 1474000
X 1110500  Y 1457500
X 1122032  Y 1458014
X 1122335  Y 1455028
X 1125254  Y 1457982
X 1125323  Y 1454982
X 1137417  Y 1456472
X 1149151  Y 1454929
X 1151781  Y 1456589
X 1170600  Y 1471000
X 1170600  Y 1467000
X 1170600  Y 1463500
X 1173600  Y 1467000
X 1173600  Y 1463500
X 1173600  Y 1471000
X 1291700  Y 1457600
X 1299500  Y 1460500
X 1308500  Y 1473500
X 1308500  Y 1476500
X 1311500  Y 1473500
X 1311500  Y 1476500
X 1313300  Y 1466000
X 1318200  Y 1476600
X 1345700  Y 1457300
X 1348500  Y 1473200
X 1349100  Y 1469000
X 1355900  Y 1469400
X 1362500  Y 1457000
X 1365500  Y 1457000
X 1368500  Y 1457000
X 1371500  Y 1457000
X 1392500  Y 1478000
X 1394000  Y 1455500
X 1395500  Y 1478000
X 1398500  Y 1478000
X 1401500  Y 1456000
X 1450500  Y 1460100
X 1456500  Y 1474700
X 1462500  Y 1475000
X 1464200  Y 1459400
X 1468900  Y 1475000
X 1494000  Y 1469000
X 1505500  Y 1471000
X 1520200  Y 1467800
X 1526400  Y 1457200
X 1595000  Y 1478000
X 1628000  Y 1496000
X 1618000  Y 1496000
X 1608000  Y 1496000
X 1598000  Y 1496000
X 1595000  Y 1490000
X 1588000  Y 1496000
X 1578000  Y 1496000
X 1568000  Y 1496000
X 1558000  Y 1496000
X 1548000  Y 1496000
X 1538000  Y 1496000
X 1528000  Y 1496000
X 1518000  Y 1496000
X 1508000  Y 1496000
X 1502500  Y 1479500
X 1498000  Y 1496000
X 1488000  Y 1496000
X 1478000  Y 1496000
X 1468000  Y 1496000
X 1458000  Y 1496000
X 1448000  Y 1496000
X 1438000  Y 1496000
X 1428000  Y 1496000
X 1418000  Y 1496000
X 1408000  Y 1496000
X 1398600  Y 1481100
X 1398000  Y 1496000
X 1395600  Y 1481100
X 1392600  Y 1481100
X 1388000  Y 1496000
X 1378000  Y 1496000
X 1368000  Y 1496000
X 1358000  Y 1496000
X 1348000  Y 1496000
X 1338000  Y 1496000
X 1337000  Y 1481300
X 1330400  Y 1481500
X 1328000  Y 1496000
X 1324000  Y 1481400
X 1318000  Y 1496000
X 1311500  Y 1480000
X 1308500  Y 1480000
X 1308000  Y 1496000
X 1298000  Y 1496000
X 1288000  Y 1496000
X 1278000  Y 1496000
X 1268000  Y 1496000
X 1258000  Y 1496000
X 1248000  Y 1496000
X 1238000  Y 1496000
X 1228000  Y 1496000
X 1218000  Y 1496000
X 1208000  Y 1496000
X 1198000  Y 1496000
X 1188000  Y 1496000
X 1178000  Y 1496000
X 1168000  Y 1496000
X 1158000  Y 1496000
X 1148000  Y 1496000
X 1138000  Y 1496000
X 1128000  Y 1496000
X 1118000  Y 1496000
X 1108000  Y 1496000
X 1098000  Y 1496000
X 1088000  Y 1496000
X 1078000  Y 1496000
X 1068000  Y 1496000
X 1058000  Y 1496000
X 1048000  Y 1496000
X 1038000  Y 1496000
X 1028000  Y 1496000
X 1018000  Y 1492000
X 1012000  Y 1486000
X 1006000  Y 1480000
Drill: .01969  Tool: 4  Feed: 95  Speed: 300
X 1584724  Y 1090866
X 1585118  Y 1098740
X 1590236  Y 1090866
X 1590630  Y 1098740
X 1595748  Y 1090866
X 1596142  Y 1098740
X 1601260  Y 1090866
X 1601653  Y 1098740
X 1606772  Y 1090866
X 1607165  Y 1098740
X 1612283  Y 1090866
X 1612677  Y 1098740
X 1617795  Y 1090866
X 1618189  Y 1098740
X 1623307  Y 1090866
X 1623701  Y 1098740
X 1628819  Y 1090866
X 1629213  Y 1098740
X 1629213  Y 1114488
X 1628819  Y 1106614
X 1628819  Y 1122362
X 1623701  Y 1114488
X 1623307  Y 1106614
X 1623307  Y 1122362
X 1618189  Y 1114488
X 1617795  Y 1106614
X 1617795  Y 1122362
X 1612677  Y 1114488
X 1612283  Y 1106614
X 1612283  Y 1122362
X 1607165  Y 1114488
X 1606772  Y 1106614
X 1606772  Y 1122362
X 1601653  Y 1114488
X 1601260  Y 1106614
X 1601260  Y 1122362
X 1596142  Y 1114488
X 1595748  Y 1106614
X 1595748  Y 1122362
X 1590630  Y 1114488
X 1590236  Y 1106614
X 1590236  Y 1122362
X 1585118  Y 1114488
X 1584724  Y 1106614
X 1584724  Y 1122362
X 1584724  Y 1138110
X 1585118  Y 1130236
X 1585118  Y 1145984
X 1590236  Y 1138110
X 1590630  Y 1130236
X 1590630  Y 1145984
X 1595748  Y 1138110
X 1596142  Y 1130236
X 1596142  Y 1145984
X 1601260  Y 1138110
X 1601653  Y 1130236
X 1601653  Y 1145984
X 1606772  Y 1138110
X 1607165  Y 1130236
X 1607165  Y 1145984
X 1612283  Y 1138110
X 1612677  Y 1130236
X 1612677  Y 1145984
X 1617795  Y 1138110
X 1618189  Y 1130236
X 1618189  Y 1145984
X 1623307  Y 1138110
X 1623701  Y 1130236
X 1623701  Y 1145984
X 1628819  Y 1138110
X 1629213  Y 1130236
X 1629213  Y 1145984
X 1629212  Y 1204724
X 1629212  Y 1220472
X 1628818  Y 1196850
X 1628818  Y 1212598
X 1628818  Y 1228346
X 1623700  Y 1220472
X 1623700  Y 1204724
X 1623307  Y 1212598
X 1623307  Y 1228346
X 1623307  Y 1196850
X 1618188  Y 1204724
X 1618188  Y 1220472
X 1617795  Y 1196850
X 1617795  Y 1212598
X 1617795  Y 1228346
X 1612677  Y 1204724
X 1612677  Y 1220472
X 1612283  Y 1212598
X 1612283  Y 1196850
X 1612283  Y 1228346
X 1607165  Y 1204724
X 1607165  Y 1220472
X 1606771  Y 1212598
X 1606771  Y 1228346
X 1606771  Y 1196850
X 1601653  Y 1220472
X 1601653  Y 1204724
X 1601259  Y 1228346
X 1601259  Y 1212598
X 1601259  Y 1196850
X 1596141  Y 1204724
X 1596141  Y 1220472
X 1595748  Y 1228346
X 1595748  Y 1196850
X 1595748  Y 1212598
X 1590629  Y 1220472
X 1590629  Y 1204724
X 1590236  Y 1196850
X 1590236  Y 1212598
X 1590236  Y 1228346
X 1585118  Y 1204724
X 1585118  Y 1220472
X 1584724  Y 1196850
X 1584724  Y 1212598
X 1584724  Y 1228346
X 1585118  Y 1236220
X 1590629  Y 1236220
X 1596141  Y 1236220
X 1601653  Y 1236220
X 1607165  Y 1236220
X 1612677  Y 1236220
X 1618188  Y 1236220
X 1623700  Y 1236220
X 1629212  Y 1236220
Drill: .02  Tool: 5  Feed: 197  Speed: 550
X 1081360  Y 1135103
X 1518500  Y 1153000
X 1518500  Y 1158500
X 1573500  Y 1084500
X 1584000  Y 1272900
X 1163700  Y 1280900
X 1163500  Y 1237500
X 1163445  Y 1183239
X 1081145  Y 1187890
X 1081038  Y 1287558
X 1077152  Y 1237531
X 1069000  Y 1359000
X 1081128  Y 1341435
X 1082400  Y 1374600
X 1150500  Y 1384000
X 1364000  Y 1424000
X 1367000  Y 1416000
X 1471500  Y 1386500
X 1481500  Y 1311500
X 1527700  Y 1468600
X 1444500  Y 1468500
X 1439500  Y 1468500
X 1435000  Y 1468500
X 1417000  Y 1469500
X 1412000  Y 1469500
X 1407000  Y 1465500
X 1407000  Y 1460500
X 1406300  Y 1471000
X 1405100  Y 1476100
X 1374000  Y 1433500
X 1374000  Y 1438000
X 1369500  Y 1430000
X 1364000  Y 1429000
X 1032500  Y 1450500
X 1406300  Y 1481500
X 1526500  Y 1482000
Drill: .02953  Tool: 6  Feed: 197  Speed: 550
X 1578031  Y 1397913
X 1585905  Y 1397913
X 1593779  Y 1397913
X 1609527  Y 1397913
X 1617401  Y 1397913
X 1625275  Y 1397913
X 1625275  Y 1421535
X 1617401  Y 1421535
X 1609527  Y 1421535
X 1593779  Y 1421535
X 1585905  Y 1421535
X 1578031  Y 1421535
Drill: .03543  Tool: 7  Feed: 197  Speed: 550
X 1016456  Y 1340275
X 1026456  Y 1340275
X 1036456  Y 1340275
X 1046456  Y 1340275
Drill: .03937  Tool: 8  Feed: 197  Speed: 550
X 1463000  Y 1024000
X 1473000  Y 1024000
X 1483000  Y 1024000
Drill: .04331  Tool: 9  Feed: 139  Speed: 550
X 1053212  Y 1022240
X 1064780  Y 1024625
Drill: .044  Tool: 10  Feed: 139  Speed: 550
X 1015984  Y 1375078
X 1015984  Y 1357362
X 1015984  Y 1367362
X 1046929  Y 1469015
X 1036929  Y 1469015
X 1026929  Y 1469015
X 1015984  Y 1428228
X 1015984  Y 1410511
X 1015984  Y 1420511
X 1015984  Y 1438228
X 1015984  Y 1445944
X 1015984  Y 1385078
X 1015984  Y 1455944
X 1015984  Y 1392795
X 1015984  Y 1402795
X 1026929  Y 1479015
X 1036929  Y 1479015
X 1046929  Y 1479015
Drill: .05315  Tool: 11  Feed: 107  Speed: 550
X 1309850  Y 1319037
X 1349850  Y 1319037
Drill: .063  Tool: 12  Feed: 89  Speed: 550
X 1073000  Y 1121500
X 1621500  Y 1258000
X 1555226  Y 1421887
X 1512000  Y 1476500
X 1414000  Y 1477500
X 1371500  Y 1399000
X 1190000  Y 1370500
X 1168500  Y 1404500
X 1063000  Y 1382500
Drill: .07874  Tool: 13  Feed: 81  Speed: 550
X 1621338  Y 1409724
Drill: .1  Tool: 14  Feed: 69  Speed: 658
X 1406771  Y 1016220
X 1434330  Y 1483937
Drill: .15748  Tool: 15  Feed: 35  Speed: 900
X 1569173  Y 1040905
X 1595236  Y 1040905
X 1617401  Y 1040905
X 1617401  Y 1459055
X 1595236  Y 1459055
X 1569173  Y 1459055
End of Listing
