Flow report for APP_TOP
Mon Nov 21 18:43:13 2011
Quartus II Version 9.1 Build 222 10/21/2009 SJ Web Edition


---------------------
; Table of Contents ;
---------------------
  1. Legal Notice
  2. Flow Summary
  3. Flow Settings
  4. Flow Non-Default Global Settings
  5. Flow Elapsed Time
  6. Flow OS Summary
  7. Flow Log



----------------
; Legal Notice ;
----------------
Copyright (C) 1991-2009 Altera Corporation
Your use of Altera Corporation's design tools, logic functions 
and other software and tools, and its AMPP partner logic 
functions, and any output files from any of the foregoing 
(including device programming or simulation files), and any 
associated documentation or information are expressly subject 
to the terms and conditions of the Altera Program License 
Subscription Agreement, Altera MegaCore Function License 
Agreement, or other applicable license agreement, including, 
without limitation, that your use is for the sole purpose of 
programming logic devices manufactured by Altera and sold by 
Altera or its authorized distributors.  Please refer to the 
applicable agreement for further details.



+-------------------------------------------------------------------+
; Flow Summary                                                      ;
+-------------------------+-----------------------------------------+
; Flow Status             ; Successful - Mon Nov 21 18:43:13 2011   ;
; Quartus II Version      ; 9.1 Build 222 10/21/2009 SJ Web Edition ;
; Revision Name           ; APP_TOP                                 ;
; Top-level Entity Name   ; app_top                                 ;
; Family                  ; MAX3000A                                ;
; Device                  ; EPM3064ATI44-10                         ;
; Timing Models           ; Final                                   ;
; Met timing requirements ; Yes                                     ;
; Total macrocells        ; 64 / 64 ( 100 % )                       ;
; Total pins              ; 29 / 34 ( 85 % )                        ;
+-------------------------+-----------------------------------------+


+-----------------------------------------+
; Flow Settings                           ;
+-------------------+---------------------+
; Option            ; Setting             ;
+-------------------+---------------------+
; Start date & time ; 11/21/2011 18:42:57 ;
; Main task         ; Compilation         ;
; Revision Name     ; APP_TOP             ;
+-------------------+---------------------+


+--------------------------------------------------------------------------------------------------------------------------+
; Flow Non-Default Global Settings                                                                                         ;
+------------------------------------+--------------------------------------+---------------+-------------+----------------+
; Assignment Name                    ; Value                                ; Default Value ; Entity Name ; Section Id     ;
+------------------------------------+--------------------------------------+---------------+-------------+----------------+
; COMPILER_SIGNATURE_ID              ; 83519442127.132188117700752          ; --            ; --          ; --             ;
; MISC_FILE                          ; c:/altera/91/quartus/APP/APP_TOP.dpf ; --            ; --          ; --             ;
; MISC_FILE                          ; C:/altera/91/quartus/APP/APP_TOP.dpf ; --            ; --          ; --             ;
; USE_GENERATED_PHYSICAL_CONSTRAINTS ; Off                                  ; --            ; --          ; eda_blast_fpga ;
+------------------------------------+--------------------------------------+---------------+-------------+----------------+


+-----------------------------------------------------------------------------------------------------------------------------+
; Flow Elapsed Time                                                                                                           ;
+-------------------------+--------------+-------------------------+---------------------+------------------------------------+
; Module Name             ; Elapsed Time ; Average Processors Used ; Peak Virtual Memory ; Total CPU Time (on all processors) ;
+-------------------------+--------------+-------------------------+---------------------+------------------------------------+
; Analysis & Synthesis    ; 00:00:08     ; 1.0                     ; 187 MB              ; 00:00:06                           ;
; Fitter                  ; 00:00:01     ; 1.0                     ; 124 MB              ; 00:00:01                           ;
; Assembler               ; 00:00:01     ; 1.0                     ; 139 MB              ; 00:00:01                           ;
; Classic Timing Analyzer ; 00:00:01     ; 1.0                     ; 111 MB              ; 00:00:01                           ;
; Total                   ; 00:00:11     ; --                      ; --                  ; 00:00:09                           ;
+-------------------------+--------------+-------------------------+---------------------+------------------------------------+


+---------------------------------------------------------------------------------------+
; Flow OS Summary                                                                       ;
+-------------------------+------------------+------------+------------+----------------+
; Module Name             ; Machine Hostname ; OS Name    ; OS Version ; Processor type ;
+-------------------------+------------------+------------+------------+----------------+
; Analysis & Synthesis    ; dt-ajaym         ; Windows XP ; 5.1        ; i1586          ;
; Fitter                  ; dt-ajaym         ; Windows XP ; 5.1        ; i1586          ;
; Assembler               ; dt-ajaym         ; Windows XP ; 5.1        ; i1586          ;
; Classic Timing Analyzer ; dt-ajaym         ; Windows XP ; 5.1        ; i1586          ;
+-------------------------+------------------+------------+------------+----------------+


------------
; Flow Log ;
------------
quartus_map --read_settings_files=on --write_settings_files=off APP_CPLD -c APP_TOP
quartus_fit --read_settings_files=off --write_settings_files=off APP_CPLD -c APP_TOP
quartus_asm --read_settings_files=off --write_settings_files=off APP_CPLD -c APP_TOP
quartus_tan --read_settings_files=off --write_settings_files=off APP_CPLD -c APP_TOP



