Classic Timing Analyzer report for APP_TOP
Mon Nov 21 18:43:13 2011
Quartus II Version 9.1 Build 222 10/21/2009 SJ Web Edition


---------------------
; Table of Contents ;
---------------------
  1. Legal Notice
  2. Timing Analyzer Summary
  3. Timing Analyzer Settings
  4. Clock Settings Summary
  5. Parallel Compilation
  6. Clock Setup: 'CLK_IN_25MHz'
  7. tco
  8. tpd
  9. Timing Analyzer Messages



----------------
; Legal Notice ;
----------------
Copyright (C) 1991-2009 Altera Corporation
Your use of Altera Corporation's design tools, logic functions 
and other software and tools, and its AMPP partner logic 
functions, and any output files from any of the foregoing 
(including device programming or simulation files), and any 
associated documentation or information are expressly subject 
to the terms and conditions of the Altera Program License 
Subscription Agreement, Altera MegaCore Function License 
Agreement, or other applicable license agreement, including, 
without limitation, that your use is for the sole purpose of 
programming logic devices manufactured by Altera and sold by 
Altera or its authorized distributors.  Please refer to the 
applicable agreement for further details.



+----------------------------------------------------------------------------------------------------------------------------------------------------------------------------+
; Timing Analyzer Summary                                                                                                                                                    ;
+------------------------------+-------+---------------+----------------------------------+----------------+--------------------+--------------+--------------+--------------+
; Type                         ; Slack ; Required Time ; Actual Time                      ; From           ; To                 ; From Clock   ; To Clock     ; Failed Paths ;
+------------------------------+-------+---------------+----------------------------------+----------------+--------------------+--------------+--------------+--------------+
; Worst-case tco               ; N/A   ; None          ; 20.600 ns                        ; HIGHAFTER300US ; ENET_PHY_RESET_bar ; CLK_IN_25MHz ; --           ; 0            ;
; Worst-case tpd               ; N/A   ; None          ; 17.100 ns                        ; PWR_GOOD_DDR3  ; ENET_PHY_RESET_bar ; --           ; --           ; 0            ;
; Clock Setup: 'CLK_IN_25MHz'  ; N/A   ; None          ; 44.05 MHz ( period = 22.700 ns ) ; COUNT300US[1]  ; HIGHAFTER100US     ; CLK_IN_25MHz ; CLK_IN_25MHz ; 0            ;
; Total number of failed paths ;       ;               ;                                  ;                ;                    ;              ;              ; 0            ;
+------------------------------+-------+---------------+----------------------------------+----------------+--------------------+--------------+--------------+--------------+


+-----------------------------------------------------------------------------------------------------------------------------------------------------+
; Timing Analyzer Settings                                                                                                                            ;
+------------------------------------------------------------------------------------------------------+--------------------+------+----+-------------+
; Option                                                                                               ; Setting            ; From ; To ; Entity Name ;
+------------------------------------------------------------------------------------------------------+--------------------+------+----+-------------+
; Device Name                                                                                          ; EPM3064ATI44-10    ;      ;    ;             ;
; Timing Models                                                                                        ; Final              ;      ;    ;             ;
; Default hold multicycle                                                                              ; Same as Multicycle ;      ;    ;             ;
; Cut paths between unrelated clock domains                                                            ; On                 ;      ;    ;             ;
; Cut off read during write signal paths                                                               ; On                 ;      ;    ;             ;
; Cut off feedback from I/O pins                                                                       ; On                 ;      ;    ;             ;
; Report Combined Fast/Slow Timing                                                                     ; Off                ;      ;    ;             ;
; Ignore Clock Settings                                                                                ; Off                ;      ;    ;             ;
; Analyze latches as synchronous elements                                                              ; On                 ;      ;    ;             ;
; Enable Recovery/Removal analysis                                                                     ; Off                ;      ;    ;             ;
; Enable Clock Latency                                                                                 ; Off                ;      ;    ;             ;
; Use TimeQuest Timing Analyzer                                                                        ; Off                ;      ;    ;             ;
; Number of source nodes to report per destination node                                                ; 10                 ;      ;    ;             ;
; Number of destination nodes to report                                                                ; 10                 ;      ;    ;             ;
; Number of paths to report                                                                            ; 200                ;      ;    ;             ;
; Report Minimum Timing Checks                                                                         ; Off                ;      ;    ;             ;
; Use Fast Timing Models                                                                               ; Off                ;      ;    ;             ;
; Report IO Paths Separately                                                                           ; Off                ;      ;    ;             ;
; Perform Multicorner Analysis                                                                         ; Off                ;      ;    ;             ;
; Reports the worst-case path for each clock domain and analysis                                       ; Off                ;      ;    ;             ;
; Reports worst-case timing paths for each clock domain and analysis                                   ; On                 ;      ;    ;             ;
; Specifies the maximum number of worst-case timing paths to report for each clock domain and analysis ; 100                ;      ;    ;             ;
; Removes common clock path pessimism (CCPP) during slack computation                                  ; Off                ;      ;    ;             ;
; Output I/O Timing Endpoint                                                                           ; Near End           ;      ;    ;             ;
+------------------------------------------------------------------------------------------------------+--------------------+------+----+-------------+


+------------------------------------------------------------------------------------------------------------------------------------------------------------------------------------+
; Clock Settings Summary                                                                                                                                                             ;
+-----------------+--------------------+----------+------------------+---------------+--------------+----------+-----------------------+---------------------+--------+--------------+
; Clock Node Name ; Clock Setting Name ; Type     ; Fmax Requirement ; Early Latency ; Late Latency ; Based on ; Multiply Base Fmax by ; Divide Base Fmax by ; Offset ; Phase offset ;
+-----------------+--------------------+----------+------------------+---------------+--------------+----------+-----------------------+---------------------+--------+--------------+
; CLK_IN_25MHz    ;                    ; User Pin ; None             ; 0.000 ns      ; 0.000 ns     ; --       ; N/A                   ; N/A                 ; N/A    ;              ;
+-----------------+--------------------+----------+------------------+---------------+--------------+----------+-----------------------+---------------------+--------+--------------+


Parallel compilation was disabled, but you have multiple processors available. Enable parallel compilation to reduce compilation time.
+-------------------------------------+
; Parallel Compilation                ;
+----------------------------+--------+
; Processors                 ; Number ;
+----------------------------+--------+
; Number detected on machine ; 2      ;
; Maximum allowed            ; 1      ;
+----------------------------+--------+


+---------------------------------------------------------------------------------------------------------------------------------------------------------------------------------------------------------------------------------------------------------------------+
; Clock Setup: 'CLK_IN_25MHz'                                                                                                                                                                                                                                         ;
+-----------------------------------------+-----------------------------------------------------+----------------+----------------------------------+--------------+--------------+-----------------------------+---------------------------+-------------------------+
; Slack                                   ; Actual fmax (period)                                ; From           ; To                               ; From Clock   ; To Clock     ; Required Setup Relationship ; Required Longest P2P Time ; Actual Longest P2P Time ;
+-----------------------------------------+-----------------------------------------------------+----------------+----------------------------------+--------------+--------------+-----------------------------+---------------------------+-------------------------+
; N/A                                     ; 44.05 MHz ( period = 22.700 ns )                    ; COUNT300US[0]  ; HIGHAFTER100US                   ; CLK_IN_25MHz ; CLK_IN_25MHz ; None                        ; None                      ; 18.200 ns               ;
; N/A                                     ; 44.05 MHz ( period = 22.700 ns )                    ; COUNT300US[8]  ; HIGHAFTER100US                   ; CLK_IN_25MHz ; CLK_IN_25MHz ; None                        ; None                      ; 18.200 ns               ;
; N/A                                     ; 44.05 MHz ( period = 22.700 ns )                    ; COUNT300US[7]  ; HIGHAFTER100US                   ; CLK_IN_25MHz ; CLK_IN_25MHz ; None                        ; None                      ; 18.200 ns               ;
; N/A                                     ; 44.05 MHz ( period = 22.700 ns )                    ; COUNT300US[6]  ; HIGHAFTER100US                   ; CLK_IN_25MHz ; CLK_IN_25MHz ; None                        ; None                      ; 18.200 ns               ;
; N/A                                     ; 44.05 MHz ( period = 22.700 ns )                    ; COUNT300US[1]  ; HIGHAFTER100US                   ; CLK_IN_25MHz ; CLK_IN_25MHz ; None                        ; None                      ; 18.200 ns               ;
; N/A                                     ; 47.62 MHz ( period = 21.000 ns )                    ; COUNT140US[0]  ; COUNT140US[10]                   ; CLK_IN_25MHz ; CLK_IN_25MHz ; None                        ; None                      ; 16.500 ns               ;
; N/A                                     ; 47.62 MHz ( period = 21.000 ns )                    ; COUNT140US[8]  ; COUNT140US[10]                   ; CLK_IN_25MHz ; CLK_IN_25MHz ; None                        ; None                      ; 16.500 ns               ;
; N/A                                     ; 47.62 MHz ( period = 21.000 ns )                    ; COUNT140US[3]  ; COUNT140US[10]                   ; CLK_IN_25MHz ; CLK_IN_25MHz ; None                        ; None                      ; 16.500 ns               ;
; N/A                                     ; 47.62 MHz ( period = 21.000 ns )                    ; COUNT140US[2]  ; COUNT140US[10]                   ; CLK_IN_25MHz ; CLK_IN_25MHz ; None                        ; None                      ; 16.500 ns               ;
; N/A                                     ; 47.62 MHz ( period = 21.000 ns )                    ; COUNT140US[1]  ; COUNT140US[10]                   ; CLK_IN_25MHz ; CLK_IN_25MHz ; None                        ; None                      ; 16.500 ns               ;
; N/A                                     ; 47.62 MHz ( period = 21.000 ns )                    ; COUNT140US[6]  ; COUNT140US[10]                   ; CLK_IN_25MHz ; CLK_IN_25MHz ; None                        ; None                      ; 16.500 ns               ;
; N/A                                     ; 47.62 MHz ( period = 21.000 ns )                    ; COUNT140US[5]  ; COUNT140US[10]                   ; CLK_IN_25MHz ; CLK_IN_25MHz ; None                        ; None                      ; 16.500 ns               ;
; N/A                                     ; 47.62 MHz ( period = 21.000 ns )                    ; COUNT140US[4]  ; COUNT140US[10]                   ; CLK_IN_25MHz ; CLK_IN_25MHz ; None                        ; None                      ; 16.500 ns               ;
; N/A                                     ; 47.62 MHz ( period = 21.000 ns )                    ; COUNT140US[7]  ; COUNT140US[10]                   ; CLK_IN_25MHz ; CLK_IN_25MHz ; None                        ; None                      ; 16.500 ns               ;
; N/A                                     ; 47.62 MHz ( period = 21.000 ns )                    ; COUNT140US[0]  ; COUNT140US[8]                    ; CLK_IN_25MHz ; CLK_IN_25MHz ; None                        ; None                      ; 16.500 ns               ;
; N/A                                     ; 47.62 MHz ( period = 21.000 ns )                    ; COUNT140US[8]  ; COUNT140US[8]                    ; CLK_IN_25MHz ; CLK_IN_25MHz ; None                        ; None                      ; 16.500 ns               ;
; N/A                                     ; 47.62 MHz ( period = 21.000 ns )                    ; COUNT140US[3]  ; COUNT140US[8]                    ; CLK_IN_25MHz ; CLK_IN_25MHz ; None                        ; None                      ; 16.500 ns               ;
; N/A                                     ; 47.62 MHz ( period = 21.000 ns )                    ; COUNT140US[2]  ; COUNT140US[8]                    ; CLK_IN_25MHz ; CLK_IN_25MHz ; None                        ; None                      ; 16.500 ns               ;
; N/A                                     ; 47.62 MHz ( period = 21.000 ns )                    ; COUNT140US[1]  ; COUNT140US[8]                    ; CLK_IN_25MHz ; CLK_IN_25MHz ; None                        ; None                      ; 16.500 ns               ;
; N/A                                     ; 47.62 MHz ( period = 21.000 ns )                    ; COUNT140US[6]  ; COUNT140US[8]                    ; CLK_IN_25MHz ; CLK_IN_25MHz ; None                        ; None                      ; 16.500 ns               ;
; N/A                                     ; 47.62 MHz ( period = 21.000 ns )                    ; COUNT140US[5]  ; COUNT140US[8]                    ; CLK_IN_25MHz ; CLK_IN_25MHz ; None                        ; None                      ; 16.500 ns               ;
; N/A                                     ; 47.62 MHz ( period = 21.000 ns )                    ; COUNT140US[4]  ; COUNT140US[8]                    ; CLK_IN_25MHz ; CLK_IN_25MHz ; None                        ; None                      ; 16.500 ns               ;
; N/A                                     ; 47.62 MHz ( period = 21.000 ns )                    ; COUNT140US[7]  ; COUNT140US[8]                    ; CLK_IN_25MHz ; CLK_IN_25MHz ; None                        ; None                      ; 16.500 ns               ;
; N/A                                     ; 47.62 MHz ( period = 21.000 ns )                    ; COUNT140US[0]  ; COUNT140US[3]                    ; CLK_IN_25MHz ; CLK_IN_25MHz ; None                        ; None                      ; 16.500 ns               ;
; N/A                                     ; 47.62 MHz ( period = 21.000 ns )                    ; COUNT140US[8]  ; COUNT140US[3]                    ; CLK_IN_25MHz ; CLK_IN_25MHz ; None                        ; None                      ; 16.500 ns               ;
; N/A                                     ; 47.62 MHz ( period = 21.000 ns )                    ; COUNT140US[3]  ; COUNT140US[3]                    ; CLK_IN_25MHz ; CLK_IN_25MHz ; None                        ; None                      ; 16.500 ns               ;
; N/A                                     ; 47.62 MHz ( period = 21.000 ns )                    ; COUNT140US[2]  ; COUNT140US[3]                    ; CLK_IN_25MHz ; CLK_IN_25MHz ; None                        ; None                      ; 16.500 ns               ;
; N/A                                     ; 47.62 MHz ( period = 21.000 ns )                    ; COUNT140US[1]  ; COUNT140US[3]                    ; CLK_IN_25MHz ; CLK_IN_25MHz ; None                        ; None                      ; 16.500 ns               ;
; N/A                                     ; 47.62 MHz ( period = 21.000 ns )                    ; COUNT140US[6]  ; COUNT140US[3]                    ; CLK_IN_25MHz ; CLK_IN_25MHz ; None                        ; None                      ; 16.500 ns               ;
; N/A                                     ; 47.62 MHz ( period = 21.000 ns )                    ; COUNT140US[5]  ; COUNT140US[3]                    ; CLK_IN_25MHz ; CLK_IN_25MHz ; None                        ; None                      ; 16.500 ns               ;
; N/A                                     ; 47.62 MHz ( period = 21.000 ns )                    ; COUNT140US[4]  ; COUNT140US[3]                    ; CLK_IN_25MHz ; CLK_IN_25MHz ; None                        ; None                      ; 16.500 ns               ;
; N/A                                     ; 47.62 MHz ( period = 21.000 ns )                    ; COUNT140US[7]  ; COUNT140US[3]                    ; CLK_IN_25MHz ; CLK_IN_25MHz ; None                        ; None                      ; 16.500 ns               ;
; N/A                                     ; 47.62 MHz ( period = 21.000 ns )                    ; COUNT140US[0]  ; COUNT140US[2]                    ; CLK_IN_25MHz ; CLK_IN_25MHz ; None                        ; None                      ; 16.500 ns               ;
; N/A                                     ; 47.62 MHz ( period = 21.000 ns )                    ; COUNT140US[8]  ; COUNT140US[2]                    ; CLK_IN_25MHz ; CLK_IN_25MHz ; None                        ; None                      ; 16.500 ns               ;
; N/A                                     ; 47.62 MHz ( period = 21.000 ns )                    ; COUNT140US[3]  ; COUNT140US[2]                    ; CLK_IN_25MHz ; CLK_IN_25MHz ; None                        ; None                      ; 16.500 ns               ;
; N/A                                     ; 47.62 MHz ( period = 21.000 ns )                    ; COUNT140US[2]  ; COUNT140US[2]                    ; CLK_IN_25MHz ; CLK_IN_25MHz ; None                        ; None                      ; 16.500 ns               ;
; N/A                                     ; 47.62 MHz ( period = 21.000 ns )                    ; COUNT140US[1]  ; COUNT140US[2]                    ; CLK_IN_25MHz ; CLK_IN_25MHz ; None                        ; None                      ; 16.500 ns               ;
; N/A                                     ; 47.62 MHz ( period = 21.000 ns )                    ; COUNT140US[6]  ; COUNT140US[2]                    ; CLK_IN_25MHz ; CLK_IN_25MHz ; None                        ; None                      ; 16.500 ns               ;
; N/A                                     ; 47.62 MHz ( period = 21.000 ns )                    ; COUNT140US[5]  ; COUNT140US[2]                    ; CLK_IN_25MHz ; CLK_IN_25MHz ; None                        ; None                      ; 16.500 ns               ;
; N/A                                     ; 47.62 MHz ( period = 21.000 ns )                    ; COUNT140US[4]  ; COUNT140US[2]                    ; CLK_IN_25MHz ; CLK_IN_25MHz ; None                        ; None                      ; 16.500 ns               ;
; N/A                                     ; 47.62 MHz ( period = 21.000 ns )                    ; COUNT140US[7]  ; COUNT140US[2]                    ; CLK_IN_25MHz ; CLK_IN_25MHz ; None                        ; None                      ; 16.500 ns               ;
; N/A                                     ; 47.62 MHz ( period = 21.000 ns )                    ; COUNT140US[0]  ; COUNT140US[1]                    ; CLK_IN_25MHz ; CLK_IN_25MHz ; None                        ; None                      ; 16.500 ns               ;
; N/A                                     ; 47.62 MHz ( period = 21.000 ns )                    ; COUNT140US[8]  ; COUNT140US[1]                    ; CLK_IN_25MHz ; CLK_IN_25MHz ; None                        ; None                      ; 16.500 ns               ;
; N/A                                     ; 47.62 MHz ( period = 21.000 ns )                    ; COUNT140US[3]  ; COUNT140US[1]                    ; CLK_IN_25MHz ; CLK_IN_25MHz ; None                        ; None                      ; 16.500 ns               ;
; N/A                                     ; 47.62 MHz ( period = 21.000 ns )                    ; COUNT140US[2]  ; COUNT140US[1]                    ; CLK_IN_25MHz ; CLK_IN_25MHz ; None                        ; None                      ; 16.500 ns               ;
; N/A                                     ; 47.62 MHz ( period = 21.000 ns )                    ; COUNT140US[1]  ; COUNT140US[1]                    ; CLK_IN_25MHz ; CLK_IN_25MHz ; None                        ; None                      ; 16.500 ns               ;
; N/A                                     ; 47.62 MHz ( period = 21.000 ns )                    ; COUNT140US[6]  ; COUNT140US[1]                    ; CLK_IN_25MHz ; CLK_IN_25MHz ; None                        ; None                      ; 16.500 ns               ;
; N/A                                     ; 47.62 MHz ( period = 21.000 ns )                    ; COUNT140US[5]  ; COUNT140US[1]                    ; CLK_IN_25MHz ; CLK_IN_25MHz ; None                        ; None                      ; 16.500 ns               ;
; N/A                                     ; 47.62 MHz ( period = 21.000 ns )                    ; COUNT140US[4]  ; COUNT140US[1]                    ; CLK_IN_25MHz ; CLK_IN_25MHz ; None                        ; None                      ; 16.500 ns               ;
; N/A                                     ; 47.62 MHz ( period = 21.000 ns )                    ; COUNT140US[7]  ; COUNT140US[1]                    ; CLK_IN_25MHz ; CLK_IN_25MHz ; None                        ; None                      ; 16.500 ns               ;
; N/A                                     ; 47.62 MHz ( period = 21.000 ns )                    ; COUNT140US[0]  ; COUNT140US[6]                    ; CLK_IN_25MHz ; CLK_IN_25MHz ; None                        ; None                      ; 16.500 ns               ;
; N/A                                     ; 47.62 MHz ( period = 21.000 ns )                    ; COUNT140US[8]  ; COUNT140US[6]                    ; CLK_IN_25MHz ; CLK_IN_25MHz ; None                        ; None                      ; 16.500 ns               ;
; N/A                                     ; 47.62 MHz ( period = 21.000 ns )                    ; COUNT140US[3]  ; COUNT140US[6]                    ; CLK_IN_25MHz ; CLK_IN_25MHz ; None                        ; None                      ; 16.500 ns               ;
; N/A                                     ; 47.62 MHz ( period = 21.000 ns )                    ; COUNT140US[2]  ; COUNT140US[6]                    ; CLK_IN_25MHz ; CLK_IN_25MHz ; None                        ; None                      ; 16.500 ns               ;
; N/A                                     ; 47.62 MHz ( period = 21.000 ns )                    ; COUNT140US[1]  ; COUNT140US[6]                    ; CLK_IN_25MHz ; CLK_IN_25MHz ; None                        ; None                      ; 16.500 ns               ;
; N/A                                     ; 47.62 MHz ( period = 21.000 ns )                    ; COUNT140US[6]  ; COUNT140US[6]                    ; CLK_IN_25MHz ; CLK_IN_25MHz ; None                        ; None                      ; 16.500 ns               ;
; N/A                                     ; 47.62 MHz ( period = 21.000 ns )                    ; COUNT140US[5]  ; COUNT140US[6]                    ; CLK_IN_25MHz ; CLK_IN_25MHz ; None                        ; None                      ; 16.500 ns               ;
; N/A                                     ; 47.62 MHz ( period = 21.000 ns )                    ; COUNT140US[4]  ; COUNT140US[6]                    ; CLK_IN_25MHz ; CLK_IN_25MHz ; None                        ; None                      ; 16.500 ns               ;
; N/A                                     ; 47.62 MHz ( period = 21.000 ns )                    ; COUNT140US[7]  ; COUNT140US[6]                    ; CLK_IN_25MHz ; CLK_IN_25MHz ; None                        ; None                      ; 16.500 ns               ;
; N/A                                     ; 47.62 MHz ( period = 21.000 ns )                    ; COUNT140US[0]  ; COUNT140US[5]                    ; CLK_IN_25MHz ; CLK_IN_25MHz ; None                        ; None                      ; 16.500 ns               ;
; N/A                                     ; 47.62 MHz ( period = 21.000 ns )                    ; COUNT140US[8]  ; COUNT140US[5]                    ; CLK_IN_25MHz ; CLK_IN_25MHz ; None                        ; None                      ; 16.500 ns               ;
; N/A                                     ; 47.62 MHz ( period = 21.000 ns )                    ; COUNT140US[3]  ; COUNT140US[5]                    ; CLK_IN_25MHz ; CLK_IN_25MHz ; None                        ; None                      ; 16.500 ns               ;
; N/A                                     ; 47.62 MHz ( period = 21.000 ns )                    ; COUNT140US[2]  ; COUNT140US[5]                    ; CLK_IN_25MHz ; CLK_IN_25MHz ; None                        ; None                      ; 16.500 ns               ;
; N/A                                     ; 47.62 MHz ( period = 21.000 ns )                    ; COUNT140US[1]  ; COUNT140US[5]                    ; CLK_IN_25MHz ; CLK_IN_25MHz ; None                        ; None                      ; 16.500 ns               ;
; N/A                                     ; 47.62 MHz ( period = 21.000 ns )                    ; COUNT140US[6]  ; COUNT140US[5]                    ; CLK_IN_25MHz ; CLK_IN_25MHz ; None                        ; None                      ; 16.500 ns               ;
; N/A                                     ; 47.62 MHz ( period = 21.000 ns )                    ; COUNT140US[5]  ; COUNT140US[5]                    ; CLK_IN_25MHz ; CLK_IN_25MHz ; None                        ; None                      ; 16.500 ns               ;
; N/A                                     ; 47.62 MHz ( period = 21.000 ns )                    ; COUNT140US[4]  ; COUNT140US[5]                    ; CLK_IN_25MHz ; CLK_IN_25MHz ; None                        ; None                      ; 16.500 ns               ;
; N/A                                     ; 47.62 MHz ( period = 21.000 ns )                    ; COUNT140US[7]  ; COUNT140US[5]                    ; CLK_IN_25MHz ; CLK_IN_25MHz ; None                        ; None                      ; 16.500 ns               ;
; N/A                                     ; 47.62 MHz ( period = 21.000 ns )                    ; COUNT140US[0]  ; COUNT140US[7]                    ; CLK_IN_25MHz ; CLK_IN_25MHz ; None                        ; None                      ; 16.500 ns               ;
; N/A                                     ; 47.62 MHz ( period = 21.000 ns )                    ; COUNT140US[8]  ; COUNT140US[7]                    ; CLK_IN_25MHz ; CLK_IN_25MHz ; None                        ; None                      ; 16.500 ns               ;
; N/A                                     ; 47.62 MHz ( period = 21.000 ns )                    ; COUNT140US[3]  ; COUNT140US[7]                    ; CLK_IN_25MHz ; CLK_IN_25MHz ; None                        ; None                      ; 16.500 ns               ;
; N/A                                     ; 47.62 MHz ( period = 21.000 ns )                    ; COUNT140US[2]  ; COUNT140US[7]                    ; CLK_IN_25MHz ; CLK_IN_25MHz ; None                        ; None                      ; 16.500 ns               ;
; N/A                                     ; 47.62 MHz ( period = 21.000 ns )                    ; COUNT140US[1]  ; COUNT140US[7]                    ; CLK_IN_25MHz ; CLK_IN_25MHz ; None                        ; None                      ; 16.500 ns               ;
; N/A                                     ; 47.62 MHz ( period = 21.000 ns )                    ; COUNT140US[6]  ; COUNT140US[7]                    ; CLK_IN_25MHz ; CLK_IN_25MHz ; None                        ; None                      ; 16.500 ns               ;
; N/A                                     ; 47.62 MHz ( period = 21.000 ns )                    ; COUNT140US[5]  ; COUNT140US[7]                    ; CLK_IN_25MHz ; CLK_IN_25MHz ; None                        ; None                      ; 16.500 ns               ;
; N/A                                     ; 47.62 MHz ( period = 21.000 ns )                    ; COUNT140US[4]  ; COUNT140US[7]                    ; CLK_IN_25MHz ; CLK_IN_25MHz ; None                        ; None                      ; 16.500 ns               ;
; N/A                                     ; 47.62 MHz ( period = 21.000 ns )                    ; COUNT140US[7]  ; COUNT140US[7]                    ; CLK_IN_25MHz ; CLK_IN_25MHz ; None                        ; None                      ; 16.500 ns               ;
; N/A                                     ; 52.91 MHz ( period = 18.900 ns )                    ; COUNT140US[0]  ; HRESET_HIGHAFTER40uS             ; CLK_IN_25MHz ; CLK_IN_25MHz ; None                        ; None                      ; 14.400 ns               ;
; N/A                                     ; 52.91 MHz ( period = 18.900 ns )                    ; COUNT140US[9]  ; HRESET_HIGHAFTER40uS             ; CLK_IN_25MHz ; CLK_IN_25MHz ; None                        ; None                      ; 14.400 ns               ;
; N/A                                     ; 52.91 MHz ( period = 18.900 ns )                    ; COUNT140US[8]  ; HRESET_HIGHAFTER40uS             ; CLK_IN_25MHz ; CLK_IN_25MHz ; None                        ; None                      ; 14.400 ns               ;
; N/A                                     ; 52.91 MHz ( period = 18.900 ns )                    ; COUNT140US[3]  ; HRESET_HIGHAFTER40uS             ; CLK_IN_25MHz ; CLK_IN_25MHz ; None                        ; None                      ; 14.400 ns               ;
; N/A                                     ; 52.91 MHz ( period = 18.900 ns )                    ; COUNT140US[2]  ; HRESET_HIGHAFTER40uS             ; CLK_IN_25MHz ; CLK_IN_25MHz ; None                        ; None                      ; 14.400 ns               ;
; N/A                                     ; 52.91 MHz ( period = 18.900 ns )                    ; COUNT140US[1]  ; HRESET_HIGHAFTER40uS             ; CLK_IN_25MHz ; CLK_IN_25MHz ; None                        ; None                      ; 14.400 ns               ;
; N/A                                     ; 52.91 MHz ( period = 18.900 ns )                    ; COUNT140US[6]  ; HRESET_HIGHAFTER40uS             ; CLK_IN_25MHz ; CLK_IN_25MHz ; None                        ; None                      ; 14.400 ns               ;
; N/A                                     ; 52.91 MHz ( period = 18.900 ns )                    ; COUNT140US[5]  ; HRESET_HIGHAFTER40uS             ; CLK_IN_25MHz ; CLK_IN_25MHz ; None                        ; None                      ; 14.400 ns               ;
; N/A                                     ; 52.91 MHz ( period = 18.900 ns )                    ; COUNT140US[4]  ; HRESET_HIGHAFTER40uS             ; CLK_IN_25MHz ; CLK_IN_25MHz ; None                        ; None                      ; 14.400 ns               ;
; N/A                                     ; 52.91 MHz ( period = 18.900 ns )                    ; COUNT140US[7]  ; HRESET_HIGHAFTER40uS             ; CLK_IN_25MHz ; CLK_IN_25MHz ; None                        ; None                      ; 14.400 ns               ;
; N/A                                     ; 52.91 MHz ( period = 18.900 ns )                    ; COUNT140US[0]  ; HRESET_HIGHAFTER40US_PLUS_ONECLK ; CLK_IN_25MHz ; CLK_IN_25MHz ; None                        ; None                      ; 14.400 ns               ;
; N/A                                     ; 52.91 MHz ( period = 18.900 ns )                    ; COUNT140US[9]  ; HRESET_HIGHAFTER40US_PLUS_ONECLK ; CLK_IN_25MHz ; CLK_IN_25MHz ; None                        ; None                      ; 14.400 ns               ;
; N/A                                     ; 52.91 MHz ( period = 18.900 ns )                    ; COUNT140US[8]  ; HRESET_HIGHAFTER40US_PLUS_ONECLK ; CLK_IN_25MHz ; CLK_IN_25MHz ; None                        ; None                      ; 14.400 ns               ;
; N/A                                     ; 52.91 MHz ( period = 18.900 ns )                    ; COUNT140US[3]  ; HRESET_HIGHAFTER40US_PLUS_ONECLK ; CLK_IN_25MHz ; CLK_IN_25MHz ; None                        ; None                      ; 14.400 ns               ;
; N/A                                     ; 52.91 MHz ( period = 18.900 ns )                    ; COUNT140US[2]  ; HRESET_HIGHAFTER40US_PLUS_ONECLK ; CLK_IN_25MHz ; CLK_IN_25MHz ; None                        ; None                      ; 14.400 ns               ;
; N/A                                     ; 52.91 MHz ( period = 18.900 ns )                    ; COUNT140US[1]  ; HRESET_HIGHAFTER40US_PLUS_ONECLK ; CLK_IN_25MHz ; CLK_IN_25MHz ; None                        ; None                      ; 14.400 ns               ;
; N/A                                     ; 52.91 MHz ( period = 18.900 ns )                    ; COUNT140US[6]  ; HRESET_HIGHAFTER40US_PLUS_ONECLK ; CLK_IN_25MHz ; CLK_IN_25MHz ; None                        ; None                      ; 14.400 ns               ;
; N/A                                     ; 52.91 MHz ( period = 18.900 ns )                    ; COUNT140US[5]  ; HRESET_HIGHAFTER40US_PLUS_ONECLK ; CLK_IN_25MHz ; CLK_IN_25MHz ; None                        ; None                      ; 14.400 ns               ;
; N/A                                     ; 52.91 MHz ( period = 18.900 ns )                    ; COUNT140US[4]  ; HRESET_HIGHAFTER40US_PLUS_ONECLK ; CLK_IN_25MHz ; CLK_IN_25MHz ; None                        ; None                      ; 14.400 ns               ;
; N/A                                     ; 52.91 MHz ( period = 18.900 ns )                    ; COUNT140US[7]  ; HRESET_HIGHAFTER40US_PLUS_ONECLK ; CLK_IN_25MHz ; CLK_IN_25MHz ; None                        ; None                      ; 14.400 ns               ;
; N/A                                     ; 53.19 MHz ( period = 18.800 ns )                    ; COUNT140US[0]  ; HRESET_HIGHAFTER140uS            ; CLK_IN_25MHz ; CLK_IN_25MHz ; None                        ; None                      ; 14.300 ns               ;
; N/A                                     ; 53.19 MHz ( period = 18.800 ns )                    ; COUNT140US[8]  ; HRESET_HIGHAFTER140uS            ; CLK_IN_25MHz ; CLK_IN_25MHz ; None                        ; None                      ; 14.300 ns               ;
; N/A                                     ; 53.19 MHz ( period = 18.800 ns )                    ; COUNT140US[3]  ; HRESET_HIGHAFTER140uS            ; CLK_IN_25MHz ; CLK_IN_25MHz ; None                        ; None                      ; 14.300 ns               ;
; N/A                                     ; 53.19 MHz ( period = 18.800 ns )                    ; COUNT140US[2]  ; HRESET_HIGHAFTER140uS            ; CLK_IN_25MHz ; CLK_IN_25MHz ; None                        ; None                      ; 14.300 ns               ;
; N/A                                     ; 53.19 MHz ( period = 18.800 ns )                    ; COUNT140US[1]  ; HRESET_HIGHAFTER140uS            ; CLK_IN_25MHz ; CLK_IN_25MHz ; None                        ; None                      ; 14.300 ns               ;
; N/A                                     ; 53.19 MHz ( period = 18.800 ns )                    ; COUNT140US[6]  ; HRESET_HIGHAFTER140uS            ; CLK_IN_25MHz ; CLK_IN_25MHz ; None                        ; None                      ; 14.300 ns               ;
; N/A                                     ; 53.19 MHz ( period = 18.800 ns )                    ; COUNT140US[5]  ; HRESET_HIGHAFTER140uS            ; CLK_IN_25MHz ; CLK_IN_25MHz ; None                        ; None                      ; 14.300 ns               ;
; N/A                                     ; 53.19 MHz ( period = 18.800 ns )                    ; COUNT140US[4]  ; HRESET_HIGHAFTER140uS            ; CLK_IN_25MHz ; CLK_IN_25MHz ; None                        ; None                      ; 14.300 ns               ;
; N/A                                     ; 53.19 MHz ( period = 18.800 ns )                    ; COUNT140US[7]  ; HRESET_HIGHAFTER140uS            ; CLK_IN_25MHz ; CLK_IN_25MHz ; None                        ; None                      ; 14.300 ns               ;
; N/A                                     ; 53.19 MHz ( period = 18.800 ns )                    ; COUNT140US[11] ; HRESET_HIGHAFTER40uS             ; CLK_IN_25MHz ; CLK_IN_25MHz ; None                        ; None                      ; 14.300 ns               ;
; N/A                                     ; 53.19 MHz ( period = 18.800 ns )                    ; COUNT140US[10] ; HRESET_HIGHAFTER40uS             ; CLK_IN_25MHz ; CLK_IN_25MHz ; None                        ; None                      ; 14.300 ns               ;
; N/A                                     ; 53.19 MHz ( period = 18.800 ns )                    ; COUNT300US[11] ; HIGHAFTER100US                   ; CLK_IN_25MHz ; CLK_IN_25MHz ; None                        ; None                      ; 14.300 ns               ;
; N/A                                     ; 53.19 MHz ( period = 18.800 ns )                    ; COUNT300US[9]  ; HIGHAFTER100US                   ; CLK_IN_25MHz ; CLK_IN_25MHz ; None                        ; None                      ; 14.300 ns               ;
; N/A                                     ; 53.19 MHz ( period = 18.800 ns )                    ; COUNT300US[2]  ; HIGHAFTER100US                   ; CLK_IN_25MHz ; CLK_IN_25MHz ; None                        ; None                      ; 14.300 ns               ;
; N/A                                     ; 53.19 MHz ( period = 18.800 ns )                    ; COUNT300US[5]  ; HIGHAFTER100US                   ; CLK_IN_25MHz ; CLK_IN_25MHz ; None                        ; None                      ; 14.300 ns               ;
; N/A                                     ; 53.19 MHz ( period = 18.800 ns )                    ; COUNT300US[4]  ; HIGHAFTER100US                   ; CLK_IN_25MHz ; CLK_IN_25MHz ; None                        ; None                      ; 14.300 ns               ;
; N/A                                     ; 53.19 MHz ( period = 18.800 ns )                    ; COUNT300US[3]  ; HIGHAFTER100US                   ; CLK_IN_25MHz ; CLK_IN_25MHz ; None                        ; None                      ; 14.300 ns               ;
; N/A                                     ; 53.19 MHz ( period = 18.800 ns )                    ; COUNT300US[10] ; HIGHAFTER100US                   ; CLK_IN_25MHz ; CLK_IN_25MHz ; None                        ; None                      ; 14.300 ns               ;
; N/A                                     ; 53.19 MHz ( period = 18.800 ns )                    ; COUNT140US[11] ; HRESET_HIGHAFTER40US_PLUS_ONECLK ; CLK_IN_25MHz ; CLK_IN_25MHz ; None                        ; None                      ; 14.300 ns               ;
; N/A                                     ; 53.19 MHz ( period = 18.800 ns )                    ; COUNT140US[10] ; HRESET_HIGHAFTER40US_PLUS_ONECLK ; CLK_IN_25MHz ; CLK_IN_25MHz ; None                        ; None                      ; 14.300 ns               ;
; N/A                                     ; 53.48 MHz ( period = 18.700 ns )                    ; COUNT300US[12] ; HIGHAFTER100US                   ; CLK_IN_25MHz ; CLK_IN_25MHz ; None                        ; None                      ; 14.200 ns               ;
; N/A                                     ; 58.48 MHz ( period = 17.100 ns )                    ; COUNT140US[9]  ; COUNT140US[10]                   ; CLK_IN_25MHz ; CLK_IN_25MHz ; None                        ; None                      ; 12.600 ns               ;
; N/A                                     ; 58.48 MHz ( period = 17.100 ns )                    ; COUNT140US[9]  ; COUNT140US[8]                    ; CLK_IN_25MHz ; CLK_IN_25MHz ; None                        ; None                      ; 12.600 ns               ;
; N/A                                     ; 58.48 MHz ( period = 17.100 ns )                    ; COUNT140US[9]  ; COUNT140US[3]                    ; CLK_IN_25MHz ; CLK_IN_25MHz ; None                        ; None                      ; 12.600 ns               ;
; N/A                                     ; 58.48 MHz ( period = 17.100 ns )                    ; COUNT140US[9]  ; COUNT140US[2]                    ; CLK_IN_25MHz ; CLK_IN_25MHz ; None                        ; None                      ; 12.600 ns               ;
; N/A                                     ; 58.48 MHz ( period = 17.100 ns )                    ; COUNT140US[9]  ; COUNT140US[1]                    ; CLK_IN_25MHz ; CLK_IN_25MHz ; None                        ; None                      ; 12.600 ns               ;
; N/A                                     ; 58.48 MHz ( period = 17.100 ns )                    ; COUNT140US[9]  ; COUNT140US[6]                    ; CLK_IN_25MHz ; CLK_IN_25MHz ; None                        ; None                      ; 12.600 ns               ;
; N/A                                     ; 58.48 MHz ( period = 17.100 ns )                    ; COUNT140US[9]  ; COUNT140US[5]                    ; CLK_IN_25MHz ; CLK_IN_25MHz ; None                        ; None                      ; 12.600 ns               ;
; N/A                                     ; 58.48 MHz ( period = 17.100 ns )                    ; COUNT140US[9]  ; COUNT140US[7]                    ; CLK_IN_25MHz ; CLK_IN_25MHz ; None                        ; None                      ; 12.600 ns               ;
; N/A                                     ; 58.82 MHz ( period = 17.000 ns )                    ; COUNT140US[11] ; COUNT140US[10]                   ; CLK_IN_25MHz ; CLK_IN_25MHz ; None                        ; None                      ; 12.500 ns               ;
; N/A                                     ; 58.82 MHz ( period = 17.000 ns )                    ; COUNT140US[10] ; COUNT140US[10]                   ; CLK_IN_25MHz ; CLK_IN_25MHz ; None                        ; None                      ; 12.500 ns               ;
; N/A                                     ; 58.82 MHz ( period = 17.000 ns )                    ; COUNT140US[11] ; COUNT140US[8]                    ; CLK_IN_25MHz ; CLK_IN_25MHz ; None                        ; None                      ; 12.500 ns               ;
; N/A                                     ; 58.82 MHz ( period = 17.000 ns )                    ; COUNT140US[10] ; COUNT140US[8]                    ; CLK_IN_25MHz ; CLK_IN_25MHz ; None                        ; None                      ; 12.500 ns               ;
; N/A                                     ; 58.82 MHz ( period = 17.000 ns )                    ; COUNT140US[11] ; COUNT140US[3]                    ; CLK_IN_25MHz ; CLK_IN_25MHz ; None                        ; None                      ; 12.500 ns               ;
; N/A                                     ; 58.82 MHz ( period = 17.000 ns )                    ; COUNT140US[10] ; COUNT140US[3]                    ; CLK_IN_25MHz ; CLK_IN_25MHz ; None                        ; None                      ; 12.500 ns               ;
; N/A                                     ; 58.82 MHz ( period = 17.000 ns )                    ; COUNT140US[11] ; COUNT140US[2]                    ; CLK_IN_25MHz ; CLK_IN_25MHz ; None                        ; None                      ; 12.500 ns               ;
; N/A                                     ; 58.82 MHz ( period = 17.000 ns )                    ; COUNT140US[10] ; COUNT140US[2]                    ; CLK_IN_25MHz ; CLK_IN_25MHz ; None                        ; None                      ; 12.500 ns               ;
; N/A                                     ; 58.82 MHz ( period = 17.000 ns )                    ; COUNT140US[11] ; COUNT140US[1]                    ; CLK_IN_25MHz ; CLK_IN_25MHz ; None                        ; None                      ; 12.500 ns               ;
; N/A                                     ; 58.82 MHz ( period = 17.000 ns )                    ; COUNT140US[10] ; COUNT140US[1]                    ; CLK_IN_25MHz ; CLK_IN_25MHz ; None                        ; None                      ; 12.500 ns               ;
; N/A                                     ; 58.82 MHz ( period = 17.000 ns )                    ; COUNT140US[11] ; COUNT140US[6]                    ; CLK_IN_25MHz ; CLK_IN_25MHz ; None                        ; None                      ; 12.500 ns               ;
; N/A                                     ; 58.82 MHz ( period = 17.000 ns )                    ; COUNT140US[10] ; COUNT140US[6]                    ; CLK_IN_25MHz ; CLK_IN_25MHz ; None                        ; None                      ; 12.500 ns               ;
; N/A                                     ; 58.82 MHz ( period = 17.000 ns )                    ; COUNT140US[11] ; COUNT140US[5]                    ; CLK_IN_25MHz ; CLK_IN_25MHz ; None                        ; None                      ; 12.500 ns               ;
; N/A                                     ; 58.82 MHz ( period = 17.000 ns )                    ; COUNT140US[10] ; COUNT140US[5]                    ; CLK_IN_25MHz ; CLK_IN_25MHz ; None                        ; None                      ; 12.500 ns               ;
; N/A                                     ; 58.82 MHz ( period = 17.000 ns )                    ; COUNT140US[11] ; COUNT140US[7]                    ; CLK_IN_25MHz ; CLK_IN_25MHz ; None                        ; None                      ; 12.500 ns               ;
; N/A                                     ; 58.82 MHz ( period = 17.000 ns )                    ; COUNT140US[10] ; COUNT140US[7]                    ; CLK_IN_25MHz ; CLK_IN_25MHz ; None                        ; None                      ; 12.500 ns               ;
; N/A                                     ; 62.89 MHz ( period = 15.900 ns )                    ; COUNT300US[0]  ; HIGHAFTER200US                   ; CLK_IN_25MHz ; CLK_IN_25MHz ; None                        ; None                      ; 11.400 ns               ;
; N/A                                     ; 62.89 MHz ( period = 15.900 ns )                    ; COUNT300US[9]  ; HIGHAFTER200US                   ; CLK_IN_25MHz ; CLK_IN_25MHz ; None                        ; None                      ; 11.400 ns               ;
; N/A                                     ; 62.89 MHz ( period = 15.900 ns )                    ; COUNT300US[8]  ; HIGHAFTER200US                   ; CLK_IN_25MHz ; CLK_IN_25MHz ; None                        ; None                      ; 11.400 ns               ;
; N/A                                     ; 62.89 MHz ( period = 15.900 ns )                    ; COUNT300US[2]  ; HIGHAFTER200US                   ; CLK_IN_25MHz ; CLK_IN_25MHz ; None                        ; None                      ; 11.400 ns               ;
; N/A                                     ; 62.89 MHz ( period = 15.900 ns )                    ; COUNT300US[7]  ; HIGHAFTER200US                   ; CLK_IN_25MHz ; CLK_IN_25MHz ; None                        ; None                      ; 11.400 ns               ;
; N/A                                     ; 62.89 MHz ( period = 15.900 ns )                    ; COUNT300US[1]  ; HIGHAFTER200US                   ; CLK_IN_25MHz ; CLK_IN_25MHz ; None                        ; None                      ; 11.400 ns               ;
; N/A                                     ; 67.11 MHz ( period = 14.900 ns )                    ; COUNT140US[9]  ; HRESET_HIGHAFTER140uS            ; CLK_IN_25MHz ; CLK_IN_25MHz ; None                        ; None                      ; 10.400 ns               ;
; N/A                                     ; 67.11 MHz ( period = 14.900 ns )                    ; COUNT300US[11] ; HIGHAFTER200US                   ; CLK_IN_25MHz ; CLK_IN_25MHz ; None                        ; None                      ; 10.400 ns               ;
; N/A                                     ; 67.11 MHz ( period = 14.900 ns )                    ; COUNT300US[5]  ; HIGHAFTER200US                   ; CLK_IN_25MHz ; CLK_IN_25MHz ; None                        ; None                      ; 10.400 ns               ;
; N/A                                     ; 67.11 MHz ( period = 14.900 ns )                    ; COUNT300US[4]  ; HIGHAFTER200US                   ; CLK_IN_25MHz ; CLK_IN_25MHz ; None                        ; None                      ; 10.400 ns               ;
; N/A                                     ; 67.11 MHz ( period = 14.900 ns )                    ; COUNT300US[3]  ; HIGHAFTER200US                   ; CLK_IN_25MHz ; CLK_IN_25MHz ; None                        ; None                      ; 10.400 ns               ;
; N/A                                     ; 67.11 MHz ( period = 14.900 ns )                    ; COUNT300US[6]  ; HIGHAFTER200US                   ; CLK_IN_25MHz ; CLK_IN_25MHz ; None                        ; None                      ; 10.400 ns               ;
; N/A                                     ; 67.11 MHz ( period = 14.900 ns )                    ; COUNT300US[10] ; HIGHAFTER200US                   ; CLK_IN_25MHz ; CLK_IN_25MHz ; None                        ; None                      ; 10.400 ns               ;
; N/A                                     ; 67.57 MHz ( period = 14.800 ns )                    ; COUNT140US[11] ; HRESET_HIGHAFTER140uS            ; CLK_IN_25MHz ; CLK_IN_25MHz ; None                        ; None                      ; 10.300 ns               ;
; N/A                                     ; 67.57 MHz ( period = 14.800 ns )                    ; COUNT140US[10] ; HRESET_HIGHAFTER140uS            ; CLK_IN_25MHz ; CLK_IN_25MHz ; None                        ; None                      ; 10.300 ns               ;
; N/A                                     ; 67.57 MHz ( period = 14.800 ns )                    ; COUNT300US[12] ; HIGHAFTER200US                   ; CLK_IN_25MHz ; CLK_IN_25MHz ; None                        ; None                      ; 10.300 ns               ;
; N/A                                     ; 71.43 MHz ( period = 14.000 ns )                    ; COUNT140US[0]  ; COUNT140US[4]                    ; CLK_IN_25MHz ; CLK_IN_25MHz ; None                        ; None                      ; 9.500 ns                ;
; N/A                                     ; 71.43 MHz ( period = 14.000 ns )                    ; COUNT140US[3]  ; COUNT140US[4]                    ; CLK_IN_25MHz ; CLK_IN_25MHz ; None                        ; None                      ; 9.500 ns                ;
; N/A                                     ; 71.43 MHz ( period = 14.000 ns )                    ; COUNT140US[2]  ; COUNT140US[4]                    ; CLK_IN_25MHz ; CLK_IN_25MHz ; None                        ; None                      ; 9.500 ns                ;
; N/A                                     ; 71.43 MHz ( period = 14.000 ns )                    ; COUNT140US[1]  ; COUNT140US[4]                    ; CLK_IN_25MHz ; CLK_IN_25MHz ; None                        ; None                      ; 9.500 ns                ;
; N/A                                     ; 71.43 MHz ( period = 14.000 ns )                    ; COUNT140US[6]  ; COUNT140US[4]                    ; CLK_IN_25MHz ; CLK_IN_25MHz ; None                        ; None                      ; 9.500 ns                ;
; N/A                                     ; 71.43 MHz ( period = 14.000 ns )                    ; COUNT140US[5]  ; COUNT140US[4]                    ; CLK_IN_25MHz ; CLK_IN_25MHz ; None                        ; None                      ; 9.500 ns                ;
; N/A                                     ; 71.43 MHz ( period = 14.000 ns )                    ; COUNT300US[0]  ; HIGHAFTER200US_PLUS_ONECLK       ; CLK_IN_25MHz ; CLK_IN_25MHz ; None                        ; None                      ; 9.500 ns                ;
; N/A                                     ; 71.43 MHz ( period = 14.000 ns )                    ; COUNT300US[9]  ; HIGHAFTER200US_PLUS_ONECLK       ; CLK_IN_25MHz ; CLK_IN_25MHz ; None                        ; None                      ; 9.500 ns                ;
; N/A                                     ; 71.43 MHz ( period = 14.000 ns )                    ; COUNT300US[8]  ; HIGHAFTER200US_PLUS_ONECLK       ; CLK_IN_25MHz ; CLK_IN_25MHz ; None                        ; None                      ; 9.500 ns                ;
; N/A                                     ; 71.43 MHz ( period = 14.000 ns )                    ; COUNT300US[2]  ; HIGHAFTER200US_PLUS_ONECLK       ; CLK_IN_25MHz ; CLK_IN_25MHz ; None                        ; None                      ; 9.500 ns                ;
; N/A                                     ; 71.43 MHz ( period = 14.000 ns )                    ; COUNT300US[5]  ; HIGHAFTER200US_PLUS_ONECLK       ; CLK_IN_25MHz ; CLK_IN_25MHz ; None                        ; None                      ; 9.500 ns                ;
; N/A                                     ; 71.43 MHz ( period = 14.000 ns )                    ; COUNT300US[4]  ; HIGHAFTER200US_PLUS_ONECLK       ; CLK_IN_25MHz ; CLK_IN_25MHz ; None                        ; None                      ; 9.500 ns                ;
; N/A                                     ; 71.43 MHz ( period = 14.000 ns )                    ; COUNT300US[3]  ; HIGHAFTER200US_PLUS_ONECLK       ; CLK_IN_25MHz ; CLK_IN_25MHz ; None                        ; None                      ; 9.500 ns                ;
; N/A                                     ; 71.43 MHz ( period = 14.000 ns )                    ; COUNT300US[7]  ; HIGHAFTER200US_PLUS_ONECLK       ; CLK_IN_25MHz ; CLK_IN_25MHz ; None                        ; None                      ; 9.500 ns                ;
; N/A                                     ; 71.43 MHz ( period = 14.000 ns )                    ; COUNT300US[6]  ; HIGHAFTER200US_PLUS_ONECLK       ; CLK_IN_25MHz ; CLK_IN_25MHz ; None                        ; None                      ; 9.500 ns                ;
; N/A                                     ; 71.43 MHz ( period = 14.000 ns )                    ; COUNT300US[1]  ; HIGHAFTER200US_PLUS_ONECLK       ; CLK_IN_25MHz ; CLK_IN_25MHz ; None                        ; None                      ; 9.500 ns                ;
; N/A                                     ; 71.43 MHz ( period = 14.000 ns )                    ; COUNT300US[10] ; HIGHAFTER200US_PLUS_ONECLK       ; CLK_IN_25MHz ; CLK_IN_25MHz ; None                        ; None                      ; 9.500 ns                ;
; N/A                                     ; 90.91 MHz ( period = 11.000 ns )                    ; COUNT140US[0]  ; COUNT140US[11]                   ; CLK_IN_25MHz ; CLK_IN_25MHz ; None                        ; None                      ; 6.500 ns                ;
; N/A                                     ; 90.91 MHz ( period = 11.000 ns )                    ; COUNT140US[9]  ; COUNT140US[11]                   ; CLK_IN_25MHz ; CLK_IN_25MHz ; None                        ; None                      ; 6.500 ns                ;
; N/A                                     ; 90.91 MHz ( period = 11.000 ns )                    ; COUNT140US[8]  ; COUNT140US[11]                   ; CLK_IN_25MHz ; CLK_IN_25MHz ; None                        ; None                      ; 6.500 ns                ;
; N/A                                     ; 90.91 MHz ( period = 11.000 ns )                    ; COUNT140US[3]  ; COUNT140US[11]                   ; CLK_IN_25MHz ; CLK_IN_25MHz ; None                        ; None                      ; 6.500 ns                ;
; N/A                                     ; 90.91 MHz ( period = 11.000 ns )                    ; COUNT140US[2]  ; COUNT140US[11]                   ; CLK_IN_25MHz ; CLK_IN_25MHz ; None                        ; None                      ; 6.500 ns                ;
; N/A                                     ; 90.91 MHz ( period = 11.000 ns )                    ; COUNT140US[1]  ; COUNT140US[11]                   ; CLK_IN_25MHz ; CLK_IN_25MHz ; None                        ; None                      ; 6.500 ns                ;
; N/A                                     ; 90.91 MHz ( period = 11.000 ns )                    ; COUNT140US[6]  ; COUNT140US[11]                   ; CLK_IN_25MHz ; CLK_IN_25MHz ; None                        ; None                      ; 6.500 ns                ;
; N/A                                     ; 90.91 MHz ( period = 11.000 ns )                    ; COUNT140US[5]  ; COUNT140US[11]                   ; CLK_IN_25MHz ; CLK_IN_25MHz ; None                        ; None                      ; 6.500 ns                ;
; N/A                                     ; 90.91 MHz ( period = 11.000 ns )                    ; COUNT140US[4]  ; COUNT140US[11]                   ; CLK_IN_25MHz ; CLK_IN_25MHz ; None                        ; None                      ; 6.500 ns                ;
; N/A                                     ; 90.91 MHz ( period = 11.000 ns )                    ; COUNT140US[7]  ; COUNT140US[11]                   ; CLK_IN_25MHz ; CLK_IN_25MHz ; None                        ; None                      ; 6.500 ns                ;
; N/A                                     ; 91.74 MHz ( period = 10.900 ns )                    ; COUNT140US[11] ; COUNT140US[11]                   ; CLK_IN_25MHz ; CLK_IN_25MHz ; None                        ; None                      ; 6.400 ns                ;
; N/A                                     ; 91.74 MHz ( period = 10.900 ns )                    ; COUNT140US[10] ; COUNT140US[11]                   ; CLK_IN_25MHz ; CLK_IN_25MHz ; None                        ; None                      ; 6.400 ns                ;
; N/A                                     ; 99.01 MHz ( period = 10.100 ns )                    ; COUNT300US[10] ; COUNT300US[10]                   ; CLK_IN_25MHz ; CLK_IN_25MHz ; None                        ; None                      ; 5.600 ns                ;
; N/A                                     ; 99.01 MHz ( period = 10.100 ns )                    ; COUNT300US[0]  ; COUNT300US[12]                   ; CLK_IN_25MHz ; CLK_IN_25MHz ; None                        ; None                      ; 5.600 ns                ;
; N/A                                     ; 99.01 MHz ( period = 10.100 ns )                    ; COUNT300US[11] ; COUNT300US[12]                   ; CLK_IN_25MHz ; CLK_IN_25MHz ; None                        ; None                      ; 5.600 ns                ;
; N/A                                     ; 99.01 MHz ( period = 10.100 ns )                    ; COUNT300US[9]  ; COUNT300US[12]                   ; CLK_IN_25MHz ; CLK_IN_25MHz ; None                        ; None                      ; 5.600 ns                ;
; N/A                                     ; 99.01 MHz ( period = 10.100 ns )                    ; COUNT300US[8]  ; COUNT300US[12]                   ; CLK_IN_25MHz ; CLK_IN_25MHz ; None                        ; None                      ; 5.600 ns                ;
; N/A                                     ; 99.01 MHz ( period = 10.100 ns )                    ; COUNT300US[2]  ; COUNT300US[12]                   ; CLK_IN_25MHz ; CLK_IN_25MHz ; None                        ; None                      ; 5.600 ns                ;
; N/A                                     ; 99.01 MHz ( period = 10.100 ns )                    ; COUNT300US[5]  ; COUNT300US[12]                   ; CLK_IN_25MHz ; CLK_IN_25MHz ; None                        ; None                      ; 5.600 ns                ;
; N/A                                     ; 99.01 MHz ( period = 10.100 ns )                    ; COUNT300US[4]  ; COUNT300US[12]                   ; CLK_IN_25MHz ; CLK_IN_25MHz ; None                        ; None                      ; 5.600 ns                ;
; N/A                                     ; 99.01 MHz ( period = 10.100 ns )                    ; COUNT300US[3]  ; COUNT300US[12]                   ; CLK_IN_25MHz ; CLK_IN_25MHz ; None                        ; None                      ; 5.600 ns                ;
; N/A                                     ; 99.01 MHz ( period = 10.100 ns )                    ; COUNT300US[7]  ; COUNT300US[12]                   ; CLK_IN_25MHz ; CLK_IN_25MHz ; None                        ; None                      ; 5.600 ns                ;
; N/A                                     ; 99.01 MHz ( period = 10.100 ns )                    ; COUNT300US[6]  ; COUNT300US[12]                   ; CLK_IN_25MHz ; CLK_IN_25MHz ; None                        ; None                      ; 5.600 ns                ;
; N/A                                     ; 99.01 MHz ( period = 10.100 ns )                    ; COUNT300US[1]  ; COUNT300US[12]                   ; CLK_IN_25MHz ; CLK_IN_25MHz ; None                        ; None                      ; 5.600 ns                ;
; N/A                                     ; 99.01 MHz ( period = 10.100 ns )                    ; COUNT300US[10] ; COUNT300US[12]                   ; CLK_IN_25MHz ; CLK_IN_25MHz ; None                        ; None                      ; 5.600 ns                ;
; Timing analysis restricted to 200 rows. ; To change the limit use Settings (Assignments menu) ;                ;                                  ;              ;              ;                             ;                           ;                         ;
+-----------------------------------------+-----------------------------------------------------+----------------+----------------------------------+--------------+--------------+-----------------------------+---------------------------+-------------------------+


+-----------------------------------------------------------------------------------------------------------+
; tco                                                                                                       ;
+-------+--------------+------------+----------------------------------+---------------------+--------------+
; Slack ; Required tco ; Actual tco ; From                             ; To                  ; From Clock   ;
+-------+--------------+------------+----------------------------------+---------------------+--------------+
; N/A   ; None         ; 20.600 ns  ; HRESET_HIGHAFTER40US_PLUS_ONECLK ; MUX_SEL2            ; CLK_IN_25MHz ;
; N/A   ; None         ; 20.600 ns  ; HIGHAFTER200US_PLUS_ONECLK       ; MUX_SEL2            ; CLK_IN_25MHz ;
; N/A   ; None         ; 20.600 ns  ; HRESET_HIGHAFTER140uS            ; TSEC_PHY_RESET_bar  ; CLK_IN_25MHz ;
; N/A   ; None         ; 20.600 ns  ; HIGHAFTER300US                   ; TSEC_PHY_RESET_bar  ; CLK_IN_25MHz ;
; N/A   ; None         ; 20.600 ns  ; HRESET_HIGHAFTER140uS            ; ENET_PHY_RESET_bar  ; CLK_IN_25MHz ;
; N/A   ; None         ; 20.600 ns  ; HIGHAFTER300US                   ; ENET_PHY_RESET_bar  ; CLK_IN_25MHz ;
; N/A   ; None         ; 17.800 ns  ; HIGHAFTER200US                   ; DDR3_RESET          ; CLK_IN_25MHz ;
; N/A   ; None         ; 17.800 ns  ; HRESET_HIGHAFTER40uS             ; DDR3_RESET          ; CLK_IN_25MHz ;
; N/A   ; None         ; 13.900 ns  ; HIGHAFTER200US                   ; CPU_HRESET_bar      ; CLK_IN_25MHz ;
; N/A   ; None         ; 13.900 ns  ; HRESET_HIGHAFTER40uS             ; CPU_HRESET_bar      ; CLK_IN_25MHz ;
; N/A   ; None         ; 13.800 ns  ; HRESET_HIGHAFTER40US_PLUS_ONECLK ; MUX_SEL1            ; CLK_IN_25MHz ;
; N/A   ; None         ; 13.800 ns  ; HIGHAFTER200US_PLUS_ONECLK       ; MUX_SEL1            ; CLK_IN_25MHz ;
; N/A   ; None         ; 13.800 ns  ; TRESET_HIGHAFTER120nS            ; CPU_TRST_bar        ; CLK_IN_25MHz ;
; N/A   ; None         ; 13.800 ns  ; HIGHAFTER100US                   ; CPU_TRST_bar        ; CLK_IN_25MHz ;
; N/A   ; None         ; 13.800 ns  ; SRESET_HIGHAFTER120nS            ; CPU_SRESET_bar      ; CLK_IN_25MHz ;
; N/A   ; None         ; 13.800 ns  ; HIGHAFTER100US                   ; CPU_SRESET_bar      ; CLK_IN_25MHz ;
; N/A   ; None         ; 13.800 ns  ; HRESET_HIGHAFTER140uS            ; SGMII_PHY_RESET_bar ; CLK_IN_25MHz ;
; N/A   ; None         ; 13.800 ns  ; HIGHAFTER300US                   ; SGMII_PHY_RESET_bar ; CLK_IN_25MHz ;
+-------+--------------+------------+----------------------------------+---------------------+--------------+


+------------------------------------------------------------------------------------+
; tpd                                                                                ;
+-------+-------------------+-----------------+----------------+---------------------+
; Slack ; Required P2P Time ; Actual P2P Time ; From           ; To                  ;
+-------+-------------------+-----------------+----------------+---------------------+
; N/A   ; None              ; 17.100 ns       ; CPLD_RESET_bar ; MUX_SEL2            ;
; N/A   ; None              ; 17.100 ns       ; COP_HRESET_bar ; MUX_SEL2            ;
; N/A   ; None              ; 17.100 ns       ; PGOOD_VDD_CPU  ; MUX_SEL2            ;
; N/A   ; None              ; 17.100 ns       ; PWR_GOOD_DDR3  ; MUX_SEL2            ;
; N/A   ; None              ; 17.100 ns       ; CPLD_RESET_bar ; TSEC_PHY_RESET_bar  ;
; N/A   ; None              ; 17.100 ns       ; COP_HRESET_bar ; TSEC_PHY_RESET_bar  ;
; N/A   ; None              ; 17.100 ns       ; PGOOD_VDD_CPU  ; TSEC_PHY_RESET_bar  ;
; N/A   ; None              ; 17.100 ns       ; PWR_GOOD_DDR3  ; TSEC_PHY_RESET_bar  ;
; N/A   ; None              ; 17.100 ns       ; CPLD_RESET_bar ; ENET_PHY_RESET_bar  ;
; N/A   ; None              ; 17.100 ns       ; COP_HRESET_bar ; ENET_PHY_RESET_bar  ;
; N/A   ; None              ; 17.100 ns       ; PGOOD_VDD_CPU  ; ENET_PHY_RESET_bar  ;
; N/A   ; None              ; 17.100 ns       ; PWR_GOOD_DDR3  ; ENET_PHY_RESET_bar  ;
; N/A   ; None              ; 14.200 ns       ; COP_HRESET_bar ; DDR3_RESET          ;
; N/A   ; None              ; 14.200 ns       ; PGOOD_VDD_CPU  ; DDR3_RESET          ;
; N/A   ; None              ; 14.200 ns       ; PWR_GOOD_DDR3  ; DDR3_RESET          ;
; N/A   ; None              ; 14.200 ns       ; PGOOD_VDD_CPU  ; CPU_HRESET_bar      ;
; N/A   ; None              ; 14.200 ns       ; PWR_GOOD_DDR3  ; CPU_HRESET_bar      ;
; N/A   ; None              ; 14.200 ns       ; PGOOD_VDD_CPU  ; CPU_TRST_bar        ;
; N/A   ; None              ; 14.200 ns       ; PWR_GOOD_DDR3  ; CPU_TRST_bar        ;
; N/A   ; None              ; 14.200 ns       ; PGOOD_VDD_CPU  ; CPU_SRESET_bar      ;
; N/A   ; None              ; 14.200 ns       ; PWR_GOOD_DDR3  ; CPU_SRESET_bar      ;
; N/A   ; None              ; 14.200 ns       ; PGOOD_VDD_CPU  ; RTS_EN_bar          ;
; N/A   ; None              ; 14.200 ns       ; PWR_GOOD_DDR3  ; RTS_EN_bar          ;
; N/A   ; None              ; 14.200 ns       ; PGOOD_VDD_CPU  ; BUF_EN_bar          ;
; N/A   ; None              ; 14.200 ns       ; PWR_GOOD_DDR3  ; BUF_EN_bar          ;
; N/A   ; None              ; 10.300 ns       ; CPLD_RESET_bar ; MUX_SEL1            ;
; N/A   ; None              ; 10.300 ns       ; COP_HRESET_bar ; MUX_SEL1            ;
; N/A   ; None              ; 10.300 ns       ; PGOOD_VDD_CPU  ; MUX_SEL1            ;
; N/A   ; None              ; 10.300 ns       ; PWR_GOOD_DDR3  ; MUX_SEL1            ;
; N/A   ; None              ; 10.300 ns       ; CPLD_RESET_bar ; DDR3_RESET          ;
; N/A   ; None              ; 10.300 ns       ; CPLD_RESET_bar ; CPU_HRESET_bar      ;
; N/A   ; None              ; 10.300 ns       ; COP_HRESET_bar ; CPU_HRESET_bar      ;
; N/A   ; None              ; 10.300 ns       ; CPLD_RESET_bar ; CPU_TRST_bar        ;
; N/A   ; None              ; 10.300 ns       ; CPLD_RESET_bar ; CPU_SRESET_bar      ;
; N/A   ; None              ; 10.300 ns       ; CPLD_RESET_bar ; SGMII_PHY_RESET_bar ;
; N/A   ; None              ; 10.300 ns       ; COP_HRESET_bar ; SGMII_PHY_RESET_bar ;
; N/A   ; None              ; 10.300 ns       ; PGOOD_VDD_CPU  ; SGMII_PHY_RESET_bar ;
; N/A   ; None              ; 10.300 ns       ; PWR_GOOD_DDR3  ; SGMII_PHY_RESET_bar ;
; N/A   ; None              ; 10.300 ns       ; CPLD_RESET_bar ; RTS_EN_bar          ;
; N/A   ; None              ; 10.300 ns       ; CPLD_RESET_bar ; PGOOD_SYS           ;
; N/A   ; None              ; 10.300 ns       ; PGOOD_VDD_CPU  ; PGOOD_SYS           ;
; N/A   ; None              ; 10.300 ns       ; PWR_GOOD_DDR3  ; PGOOD_SYS           ;
; N/A   ; None              ; 10.300 ns       ; CPLD_RESET_bar ; BUF_EN_bar          ;
; N/A   ; None              ; 10.300 ns       ; CPLD_RESET_bar ; PWR_ON_GVDD         ;
; N/A   ; None              ; 10.300 ns       ; PGOOD_VDD_CPU  ; PWR_ON_GVDD         ;
; N/A   ; None              ; 10.000 ns       ; COP_TRST_bar   ; CPU_TRST_bar        ;
; N/A   ; None              ; 10.000 ns       ; COP_SRESET_bar ; CPU_SRESET_bar      ;
+-------+-------------------+-----------------+----------------+---------------------+


+--------------------------+
; Timing Analyzer Messages ;
+--------------------------+
Info: *******************************************************************
Info: Running Quartus II Classic Timing Analyzer
    Info: Version 9.1 Build 222 10/21/2009 SJ Web Edition
    Info: Processing started: Mon Nov 21 18:43:12 2011
Info: Command: quartus_tan --read_settings_files=off --write_settings_files=off APP_CPLD -c APP_TOP
Info: Started post-fitting delay annotation
Info: Delay annotation completed successfully
Warning: Timing Analysis does not support the analysis of latches as synchronous elements for the currently selected device family
Warning: Found combinational loop of 1 nodes
    Warning: Node "MUX_SEL1$latch~24"
Warning: Found combinational loop of 1 nodes
    Warning: Node "DDR3_RESET$latch~21"
Warning: Found combinational loop of 1 nodes
    Warning: Node "CPU_HRESET_bar$latch~20"
Warning: Found combinational loop of 1 nodes
    Warning: Node "CPU_TRST_bar$latch~20"
Warning: Found combinational loop of 1 nodes
    Warning: Node "CPU_SRESET_bar$latch~20"
Warning: Found combinational loop of 1 nodes
    Warning: Node "SGMII_PHY_RESET_bar$latch~28"
Warning: Found combinational loop of 1 nodes
    Warning: Node "RTS_EN_bar$latch~18"
Warning: Found combinational loop of 1 nodes
    Warning: Node "PGOOD_SYS$latch~19"
Warning: Found combinational loop of 1 nodes
    Warning: Node "BUF_EN_bar$latch~18"
Warning: Found combinational loop of 1 nodes
    Warning: Node "PWR_ON_GVDD$latch~19"
Warning: Found pins functioning as undefined clocks and/or memory enables
    Info: Assuming node "CLK_IN_25MHz" is an undefined clock
Info: Clock "CLK_IN_25MHz" has Internal fmax of 44.05 MHz between source register "COUNT300US[0]" and destination register "HIGHAFTER100US" (period= 22.7 ns)
    Info: + Longest register to register delay is 18.200 ns
        Info: 1: + IC(0.000 ns) + CELL(0.000 ns) = 0.000 ns; Loc. = LC38; Fanout = 27; REG Node = 'COUNT300US[0]'
        Info: 2: + IC(2.400 ns) + CELL(3.900 ns) = 6.300 ns; Loc. = SEXP51; Fanout = 1; COMB Node = 'LessThan0~11'
        Info: 3: + IC(0.000 ns) + CELL(4.500 ns) = 10.800 ns; Loc. = LC54; Fanout = 1; COMB Node = 'LessThan0~15'
        Info: 4: + IC(2.300 ns) + CELL(3.900 ns) = 17.000 ns; Loc. = SEXP36; Fanout = 1; COMB Node = 'LessThan0~9'
        Info: 5: + IC(0.000 ns) + CELL(1.200 ns) = 18.200 ns; Loc. = LC47; Fanout = 6; REG Node = 'HIGHAFTER100US'
        Info: Total cell delay = 13.500 ns ( 74.18 % )
        Info: Total interconnect delay = 4.700 ns ( 25.82 % )
    Info: - Smallest clock skew is 0.000 ns
        Info: + Shortest clock path from clock "CLK_IN_25MHz" to destination register is 3.600 ns
            Info: 1: + IC(0.000 ns) + CELL(2.300 ns) = 2.300 ns; Loc. = PIN_37; Fanout = 38; CLK Node = 'CLK_IN_25MHz'
            Info: 2: + IC(0.000 ns) + CELL(1.300 ns) = 3.600 ns; Loc. = LC47; Fanout = 6; REG Node = 'HIGHAFTER100US'
            Info: Total cell delay = 3.600 ns ( 100.00 % )
        Info: - Longest clock path from clock "CLK_IN_25MHz" to source register is 3.600 ns
            Info: 1: + IC(0.000 ns) + CELL(2.300 ns) = 2.300 ns; Loc. = PIN_37; Fanout = 38; CLK Node = 'CLK_IN_25MHz'
            Info: 2: + IC(0.000 ns) + CELL(1.300 ns) = 3.600 ns; Loc. = LC38; Fanout = 27; REG Node = 'COUNT300US[0]'
            Info: Total cell delay = 3.600 ns ( 100.00 % )
    Info: + Micro clock to output delay of source is 1.600 ns
    Info: + Micro setup delay of destination is 2.900 ns
Info: tco from clock "CLK_IN_25MHz" to destination pin "MUX_SEL2" through register "HRESET_HIGHAFTER40US_PLUS_ONECLK" is 20.600 ns
    Info: + Longest clock path from clock "CLK_IN_25MHz" to source register is 3.600 ns
        Info: 1: + IC(0.000 ns) + CELL(2.300 ns) = 2.300 ns; Loc. = PIN_37; Fanout = 38; CLK Node = 'CLK_IN_25MHz'
        Info: 2: + IC(0.000 ns) + CELL(1.300 ns) = 3.600 ns; Loc. = LC32; Fanout = 3; REG Node = 'HRESET_HIGHAFTER40US_PLUS_ONECLK'
        Info: Total cell delay = 3.600 ns ( 100.00 % )
    Info: + Micro clock to output delay of source is 1.600 ns
    Info: + Longest register to pin delay is 15.400 ns
        Info: 1: + IC(0.000 ns) + CELL(0.000 ns) = 0.000 ns; Loc. = LC32; Fanout = 3; REG Node = 'HRESET_HIGHAFTER40US_PLUS_ONECLK'
        Info: 2: + IC(0.000 ns) + CELL(6.800 ns) = 6.800 ns; Loc. = LC57; Fanout = 5; COMB LOOP Node = 'MUX_SEL1$latch~24'
            Info: Loc. = LC57; Node "MUX_SEL1$latch~24"
        Info: 3: + IC(2.300 ns) + CELL(4.500 ns) = 13.600 ns; Loc. = LC53; Fanout = 1; COMB Node = 'MUX_SEL1$latch~26'
        Info: 4: + IC(0.000 ns) + CELL(1.800 ns) = 15.400 ns; Loc. = PIN_31; Fanout = 0; PIN Node = 'MUX_SEL2'
        Info: Total cell delay = 13.100 ns ( 85.06 % )
        Info: Total interconnect delay = 2.300 ns ( 14.94 % )
Info: Longest tpd from source pin "CPLD_RESET_bar" to destination pin "MUX_SEL2" is 17.100 ns
    Info: 1: + IC(0.000 ns) + CELL(2.300 ns) = 2.300 ns; Loc. = PIN_39; Fanout = 51; PIN Node = 'CPLD_RESET_bar'
    Info: 2: + IC(0.000 ns) + CELL(6.200 ns) = 8.500 ns; Loc. = LC57; Fanout = 5; COMB LOOP Node = 'MUX_SEL1$latch~24'
        Info: Loc. = LC57; Node "MUX_SEL1$latch~24"
    Info: 3: + IC(2.300 ns) + CELL(4.500 ns) = 15.300 ns; Loc. = LC53; Fanout = 1; COMB Node = 'MUX_SEL1$latch~26'
    Info: 4: + IC(0.000 ns) + CELL(1.800 ns) = 17.100 ns; Loc. = PIN_31; Fanout = 0; PIN Node = 'MUX_SEL2'
    Info: Total cell delay = 14.800 ns ( 86.55 % )
    Info: Total interconnect delay = 2.300 ns ( 13.45 % )
Info: Quartus II Classic Timing Analyzer was successful. 0 errors, 22 warnings
    Info: Peak virtual memory: 125 megabytes
    Info: Processing ended: Mon Nov 21 18:43:13 2011
    Info: Elapsed time: 00:00:01
    Info: Total CPU time (on all processors): 00:00:00


