Drill Listing
=============
Drill: .012  Tool: 1  Feed: 95  Speed: 300
X 1076230  Y 1089840
X 1076300  Y 1085440
X 1240700  Y 1085940
X 1240770  Y 1090340
X 1333230  Y 1089840
X 1333300  Y 1085440
X 1395500  Y 1099400
X 1482700  Y 1085440
X 1482770  Y 1089840
X 1491920  Y 1072700
X 1515000  Y 1037500
X 1441500  Y 1113000
X 1441500  Y 1118000
X 1427590  Y 1121200
X 1427310  Y 1124790
X 1424350  Y 1120090
X 1418000  Y 1100050
X 1411470  Y 1112630
X 1407000  Y 1100070
X 1390202  Y 1115596
X 1388511  Y 1124721
X 1367500  Y 1114000
X 1367370  Y 1108000
X 1367240  Y 1103000
X 1186500  Y 1114500
X 1182000  Y 1110000
X 1171590  Y 1124330
X 1169900  Y 1121850
X 1157060  Y 1100820
X 1148000  Y 1101760
X 1143000  Y 1115000
X 1143000  Y 1101500
X 1129000  Y 1120640
X 1107800  Y 1114000
X 1107660  Y 1109000
X 1107390  Y 1121350
X 1112140  Y 1148000
X 1129000  Y 1132150
X 1132680  Y 1126260
X 1134730  Y 1134690
X 1136620  Y 1130310
X 1139220  Y 1137840
X 1141360  Y 1142410
X 1147080  Y 1143580
X 1150970  Y 1146100
X 1162270  Y 1141900
X 1167980  Y 1138930
X 1169930  Y 1132530
X 1171760  Y 1135650
X 1172790  Y 1127470
X 1184500  Y 1132500
X 1186500  Y 1127000
X 1191930  Y 1134420
X 1211200  Y 1139300
X 1362120  Y 1146500
X 1369330  Y 1142960
X 1391900  Y 1130000
X 1392800  Y 1132900
X 1394000  Y 1140500
X 1399000  Y 1141500
X 1402600  Y 1144930
X 1407550  Y 1145000
X 1420240  Y 1143390
X 1425430  Y 1137190
X 1427500  Y 1130450
X 1429220  Y 1135360
X 1440880  Y 1133000
X 1546730  Y 1224660
X 1511500  Y 1224500
X 1506000  Y 1218470
X 1501000  Y 1218800
X 1496000  Y 1218670
X 1486000  Y 1224500
X 1464640  Y 1206360
X 1456000  Y 1208000
X 1449900  Y 1157610
X 1412000  Y 1173500
X 1370280  Y 1212000
X 1332410  Y 1224690
X 1323000  Y 1220000
X 1318000  Y 1220000
X 1313000  Y 1218400
X 1307550  Y 1224690
X 1249500  Y 1220330
X 1244500  Y 1220330
X 1239500  Y 1220670
X 1211160  Y 1205480
X 1193370  Y 1211990
X 1166000  Y 1176170
X 1150830  Y 1173900
X 1113360  Y 1210000
X 1109260  Y 1152670
X 1089000  Y 1203500
X 1078970  Y 1217420
X 1075883  Y 1224648
X 1072500  Y 1218720
X 1067500  Y 1218820
X 1062500  Y 1218840
X 1052790  Y 1224630
X 1113360  Y 1225000
X 1193370  Y 1227020
X 1229390  Y 1225730
X 1254600  Y 1225860
X 1370280  Y 1227000
X 1456000  Y 1231000
X 1521600  Y 1237500
X 1525510  Y 1262590
X 1529400  Y 1235400
X 1530900  Y 1242270
X 1530900  Y 1267270
X 1541230  Y 1252110
X 1546610  Y 1249660
X 1551660  Y 1235160
X 1555240  Y 1261950
X 1556496  Y 1259122
X 1557560  Y 1235330
X 1559485  Y 1246523
X 1569550  Y 1233320
X 1536090  Y 1276010
X 1320000  Y 1323500
X 1316510  Y 1300120
X 1297100  Y 1323000
X 1276030  Y 1323000
X 1258700  Y 1296890
X 1258132  Y 1323157
X 1252500  Y 1304500
X 1249350  Y 1289090
X 1245116  Y 1315627
X 1241865  Y 1315288
X 1236924  Y 1313811
X 1224610  Y 1322567
X 1224524  Y 1319119
X 1221010  Y 1319130
X 1212119  Y 1320127
X 1208370  Y 1291810
X 1206880  Y 1315090
X 1204620  Y 1313110
X 1198500  Y 1314500
X 1187110  Y 1314500
X 1187016  Y 1321985
X 1179500  Y 1317970
X 1162700  Y 1323500
X 1147420  Y 1314980
X 1141435  Y 1313011
X 1111274  Y 1316452
X 1104372  Y 1309126
X 1101366  Y 1309009
X 1096000  Y 1309100
X 1076885  Y 1307000
X 1076885  Y 1313500
X 1058000  Y 1309000
X 1055500  Y 1306000
X 1052000  Y 1309000
X 1015000  Y 1341500
X 1033385  Y 1343227
X 1039000  Y 1337000
X 1039000  Y 1341000
X 1056000  Y 1339500
X 1070500  Y 1340500
X 1085500  Y 1339500
X 1085500  Y 1335500
X 1099500  Y 1342000
X 1102500  Y 1339000
X 1131000  Y 1329620
X 1141250  Y 1343900
X 1153710  Y 1333700
X 1153740  Y 1328700
X 1157300  Y 1345600
X 1162700  Y 1328600
X 1167890  Y 1337300
X 1175530  Y 1340310
X 1179500  Y 1325470
X 1179500  Y 1333000
X 1183500  Y 1333000
X 1185000  Y 1339500
X 1186620  Y 1349340
X 1187000  Y 1329000
X 1190500  Y 1340000
X 1191657  Y 1349390
X 1197600  Y 1344300
X 1197634  Y 1348356
X 1201009  Y 1348607
X 1205000  Y 1348000
X 1213500  Y 1329500
X 1217104  Y 1332368
X 1221347  Y 1334817
X 1224805  Y 1330299
X 1224885  Y 1337338
X 1232500  Y 1341000
X 1234000  Y 1344000
X 1237500  Y 1344500
X 1241000  Y 1349500
X 1243709  Y 1344648
X 1249860  Y 1342560
X 1250820  Y 1333760
X 1250982  Y 1328741
X 1253099  Y 1325392
X 1297000  Y 1349880
X 1302630  Y 1331560
X 1451580  Y 1373770
X 1434020  Y 1374500
X 1286400  Y 1370510
X 1285050  Y 1350230
X 1232020  Y 1369000
X 1232020  Y 1374000
X 1230500  Y 1355760
X 1224500  Y 1355800
X 1220369  Y 1362899
X 1210520  Y 1360740
X 1209000  Y 1353000
X 1205950  Y 1360770
X 1184500  Y 1358800
X 1179420  Y 1354730
X 1175530  Y 1353200
X 1168520  Y 1369000
X 1157500  Y 1354000
X 1153360  Y 1353900
X 1153330  Y 1358900
X 1114340  Y 1357500
X 1091490  Y 1370310
X 1080520  Y 1366660
X 1047000  Y 1366000
X 1044700  Y 1369560
X 1039900  Y 1361500
X 1038800  Y 1358400
X 1033100  Y 1351500
X 1030610  Y 1374330
X 1028410  Y 1361500
X 1018680  Y 1369540
X 1023700  Y 1382070
X 1035370  Y 1399180
X 1078540  Y 1388320
X 1089100  Y 1384600
X 1091518  Y 1381000
X 1092600  Y 1384600
X 1096200  Y 1384700
X 1109120  Y 1379000
X 1145220  Y 1387470
X 1145220  Y 1377338
X 1168520  Y 1379000
X 1208140  Y 1387760
X 1208141  Y 1377334
X 1232020  Y 1379000
X 1410000  Y 1399700
X 1430000  Y 1390620
X 1436320  Y 1390770
X 1442000  Y 1390390
X 1445800  Y 1381500
X 1446300  Y 1385900
X 1447500  Y 1390390
X 1453500  Y 1390510
X 1456020  Y 1386010
X 1459000  Y 1390510
X 1465000  Y 1390470
X 1470490  Y 1390480
X 1470500  Y 1378540
X 1476000  Y 1378620
X 1479990  Y 1395000
X 1484520  Y 1392420
X 1520280  Y 1397780
X 1517410  Y 1415720
X 1476150  Y 1412330
X 1470500  Y 1401180
X 1466040  Y 1402210
X 1465480  Y 1412220
X 1462350  Y 1401170
X 1459580  Y 1412340
X 1453500  Y 1401370
X 1451500  Y 1421000
X 1451500  Y 1409000
X 1447490  Y 1402650
X 1446000  Y 1409110
X 1438920  Y 1412410
X 1435940  Y 1401800
X 1432980  Y 1412640
X 1432190  Y 1402320
X 1429860  Y 1418150
X 1428000  Y 1401880
X 1423740  Y 1418860
X 1423500  Y 1414500
X 1423000  Y 1410000
X 1418010  Y 1402490
X 1380600  Y 1414800
X 1081500  Y 1413000
X 1052900  Y 1418000
X 1041650  Y 1419480
X 1016000  Y 1448500
X 1022460  Y 1460000
X 1041180  Y 1433250
X 1049510  Y 1444710
X 1053165  Y 1433248
X 1053840  Y 1428220
X 1081500  Y 1460000
X 1094500  Y 1459500
X 1106000  Y 1430500
X 1429000  Y 1465000
X 1429940  Y 1430230
X 1431200  Y 1437000
X 1457670  Y 1449580
X 1474100  Y 1449500
X 1488810  Y 1431070
Drill: .02  Tool: 2  Feed: 197  Speed: 550
X 1072500  Y 1025000
X 1080500  Y 1068000
X 1090000  Y 1025000
X 1112500  Y 1025000
X 1128500  Y 1029500
X 1140000  Y 1025000
X 1174500  Y 1029500
X 1202500  Y 1025000
X 1220000  Y 1025000
X 1235000  Y 1025000
X 1250000  Y 1025000
X 1265000  Y 1025000
X 1280000  Y 1025000
X 1295000  Y 1025000
X 1325000  Y 1025000
X 1337930  Y 1074600
X 1338000  Y 1067000
X 1340000  Y 1025000
X 1355000  Y 1025000
X 1372500  Y 1025000
X 1387500  Y 1029000
X 1433000  Y 1030500
X 1452500  Y 1025000
X 1479000  Y 1067000
X 1502500  Y 1025000
X 1520000  Y 1025000
X 1538000  Y 1033000
X 1414000  Y 1127000
X 1414000  Y 1132000
X 1407000  Y 1127000
X 1407000  Y 1132000
X 1158000  Y 1132000
X 1158000  Y 1126000
X 1150000  Y 1132000
X 1150000  Y 1126000
X 1109040  Y 1135470
X 1080500  Y 1076000
X 1107500  Y 1192500
X 1130000  Y 1192500
X 1140000  Y 1192500
X 1150000  Y 1192500
X 1160000  Y 1192500
X 1172300  Y 1192420
X 1182500  Y 1192500
X 1199160  Y 1192270
X 1365000  Y 1192500
X 1377500  Y 1192500
X 1387500  Y 1192500
X 1397500  Y 1192500
X 1417500  Y 1192500
X 1427500  Y 1192500
X 1437500  Y 1192500
X 1447500  Y 1192500
X 1457500  Y 1192500
X 1502500  Y 1202500
X 1502500  Y 1212500
X 1492500  Y 1212500
X 1492500  Y 1202500
X 1482500  Y 1242500
X 1352000  Y 1205000
X 1340000  Y 1242500
X 1328000  Y 1205000
X 1328000  Y 1212500
X 1317500  Y 1205000
X 1317500  Y 1212500
X 1250000  Y 1212500
X 1250000  Y 1202500
X 1240000  Y 1202500
X 1240000  Y 1212500
X 1227500  Y 1242500
X 1082500  Y 1240000
X 1067500  Y 1202500
X 1067500  Y 1212500
X 1057500  Y 1202500
X 1057500  Y 1212500
X 1065000  Y 1260000
X 1082500  Y 1260000
X 1140000  Y 1287500
X 1140000  Y 1277500
X 1167500  Y 1287500
X 1167500  Y 1277500
X 1217500  Y 1285000
X 1227500  Y 1260000
X 1240000  Y 1285000
X 1242500  Y 1260000
X 1322500  Y 1257500
X 1340000  Y 1262500
X 1395000  Y 1277500
X 1397500  Y 1287500
X 1425000  Y 1277500
X 1427500  Y 1287500
X 1482500  Y 1262500
X 1497500  Y 1262500
X 1364290  Y 1354760
X 1310200  Y 1365800
X 1308200  Y 1358900
X 1307580  Y 1350690
X 1300100  Y 1365600
X 1299800  Y 1358900
X 1290400  Y 1355200
X 1290200  Y 1366000
X 1290200  Y 1360800
X 1250000  Y 1374500
X 1241000  Y 1325000
X 1241000  Y 1331000
X 1236000  Y 1325000
X 1236000  Y 1331000
X 1222040  Y 1312770
X 1203000  Y 1325000
X 1203000  Y 1331000
X 1198000  Y 1331000
X 1198000  Y 1325000
X 1112381  Y 1342297
X 1074740  Y 1357580
X 1074200  Y 1347970
X 1064500  Y 1341000
X 1242000  Y 1396500
X 1250000  Y 1381500
X 1258500  Y 1418500
X 1268500  Y 1382000
X 1275000  Y 1382000
X 1304380  Y 1413710
X 1337810  Y 1413710
X 1380500  Y 1399600
X 1392000  Y 1407000
X 1398500  Y 1407000
X 1410500  Y 1414700
X 1488540  Y 1415720
X 1499500  Y 1423500
X 1507500  Y 1423500
X 1571000  Y 1415500
X 1536080  Y 1467040
X 1517500  Y 1431000
X 1442000  Y 1474500
X 1428500  Y 1474500
X 1414000  Y 1474500
X 1396500  Y 1474500
X 1381000  Y 1474500
X 1364500  Y 1452500
X 1364500  Y 1461500
X 1364500  Y 1474500
X 1364500  Y 1443000
X 1351000  Y 1474500
X 1337500  Y 1474500
X 1337500  Y 1461500
X 1337500  Y 1452500
X 1337500  Y 1443000
X 1306500  Y 1451500
X 1306500  Y 1461500
X 1306500  Y 1473500
X 1306500  Y 1442000
X 1290500  Y 1473500
X 1274500  Y 1461500
X 1274500  Y 1451500
X 1274500  Y 1442000
X 1274500  Y 1473500
X 1258500  Y 1431000
X 1258500  Y 1462500
X 1258500  Y 1451500
X 1258500  Y 1442000
X 1243000  Y 1462500
X 1454500  Y 1475000
Drill: .03937  Tool: 3  Feed: 197  Speed: 550
X 1577949  Y 1142496
X 1577949  Y 1152496
X 1577949  Y 1167496
X 1587949  Y 1142496
X 1587949  Y 1152496
X 1587949  Y 1167496
X 1597949  Y 1142496
X 1597949  Y 1152496
X 1597949  Y 1167496
X 1607949  Y 1142496
X 1607949  Y 1152496
X 1607949  Y 1167496
X 1607949  Y 1177496
X 1607949  Y 1192496
X 1607949  Y 1217496
X 1607949  Y 1202496
X 1597949  Y 1177496
X 1597949  Y 1192496
X 1597949  Y 1217496
X 1597949  Y 1202496
X 1587949  Y 1177496
X 1587949  Y 1192496
X 1587949  Y 1217496
X 1587949  Y 1202496
X 1577949  Y 1177496
X 1577949  Y 1192496
X 1577949  Y 1217496
X 1577949  Y 1202496
X 1577949  Y 1240015
X 1577949  Y 1227496
X 1577949  Y 1272496
X 1577949  Y 1260015
X 1577949  Y 1250015
X 1587949  Y 1227496
X 1587949  Y 1260015
X 1587949  Y 1250015
X 1587949  Y 1240015
X 1587949  Y 1272496
X 1597949  Y 1260015
X 1597949  Y 1250015
X 1597949  Y 1240015
X 1597949  Y 1272496
X 1597949  Y 1227496
X 1607949  Y 1227496
X 1607949  Y 1260015
X 1607949  Y 1272496
X 1607949  Y 1250015
X 1607949  Y 1240015
X 1607949  Y 1282496
X 1607949  Y 1297496
X 1607949  Y 1307496
X 1607949  Y 1322496
X 1597949  Y 1297496
X 1597949  Y 1282496
X 1597949  Y 1307496
X 1597949  Y 1322496
X 1587949  Y 1307496
X 1587949  Y 1282496
X 1587949  Y 1297496
X 1587949  Y 1322496
X 1577949  Y 1282496
X 1577949  Y 1307496
X 1577949  Y 1297496
X 1577949  Y 1322496
X 1135500  Y 1369657
X 1196190  Y 1369657
X 1577949  Y 1347496
X 1577949  Y 1332496
X 1577949  Y 1357496
X 1587949  Y 1332496
X 1587949  Y 1347496
X 1587949  Y 1357496
X 1597949  Y 1357496
X 1597949  Y 1332496
X 1597949  Y 1347496
X 1607949  Y 1347496
X 1607949  Y 1332496
X 1607949  Y 1357496
X 1258500  Y 1382157
X 1258500  Y 1401842
X 1196190  Y 1389342
X 1135500  Y 1389342
Drill: .04291  Tool: 4  Feed: 139  Speed: 550
X 1021889  Y 1272591
X 1475413  Y 1034251
X 1485413  Y 1034251
X 1021889  Y 1291095
X 1021889  Y 1282591
X 1021889  Y 1301095
X 1015984  Y 1392788
X 1015984  Y 1402788
X 1015984  Y 1420504
X 1015984  Y 1410504
X 1459645  Y 1465748
X 1469645  Y 1465748
Drill: .07  Tool: 5  Feed: 81  Speed: 550
X 1476000  Y 1313800
X 1476000  Y 1328200
X 1476000  Y 1345800
X 1534000  Y 1346800
X 1534000  Y 1361200
X 1534000  Y 1393200
X 1534000  Y 1378800
X 1476000  Y 1360200
Drill: .094  Tool: 6  Feed: 66  Speed: 550
X 1348500  Y 1292000
X 1534500  Y 1197000
X 1534500  Y 1173000
X 1348500  Y 1315000
X 1014500  Y 1328500
Drill: .09843  Tool: 7  Feed: 66  Speed: 550
X 1597949  Y 1117496
X 1597949  Y 1382496
Drill: .15748  Tool: 8  Feed: 35  Speed: 900
X 1569271  Y 1040913
X 1595334  Y 1040913
X 1617500  Y 1040913
X 1617500  Y 1459040
X 1595334  Y 1459040
X 1569271  Y 1459040
End of Listing
