Drill Listing
=============
Drill: .012  Tool: 1  Feed: 95  Speed: 300
X 1057200  Y 1033600
X 1021500  Y 1244500
X 1021500  Y 1248500
X 1021500  Y 1268000
X 1021500  Y 1273000
X 1062800  Y 1312500
X 1027500  Y 1313000
X 1038200  Y 1322700
X 1033800  Y 1323400
X 1087000  Y 1426600
X 1076600  Y 1424700
X 1068900  Y 1420000
X 1073200  Y 1418500
X 1076100  Y 1414200
X 1084600  Y 1410600
X 1070800  Y 1326600
X 1087000  Y 1189811
X 1070000  Y 1183800
X 1086000  Y 1181311
X 1066700  Y 1176700
X 1078600  Y 1174800
X 1078300  Y 1170800
X 1070700  Y 1169600
X 1084000  Y 1165811
X 1073600  Y 1157500
X 1083000  Y 1156811
X 1067500  Y 1140311
X 1088000  Y 1140311
X 1075000  Y 1136811
X 1085118  Y 1134311
X 1088500  Y 1121811
X 1070000  Y 1117811
X 1082500  Y 1117811
X 1074500  Y 1043500
X 1101500  Y 1117311
X 1113500  Y 1117811
X 1095000  Y 1117811
X 1101000  Y 1126311
X 1097500  Y 1134311
X 1105000  Y 1140311
X 1105000  Y 1156811
X 1110000  Y 1156811
X 1101500  Y 1156811
X 1098000  Y 1163811
X 1102500  Y 1166311
X 1113000  Y 1192811
X 1093000  Y 1288400
X 1111600  Y 1291000
X 1104000  Y 1409500
X 1110200  Y 1409700
X 1091900  Y 1410100
X 1091900  Y 1425500
X 1109100  Y 1426300
X 1104100  Y 1426500
X 1114800  Y 1425400
X 1122000  Y 1425300
X 1129600  Y 1425100
X 1137000  Y 1425100
X 1137000  Y 1410500
X 1129600  Y 1410300
X 1124100  Y 1409400
X 1114500  Y 1409200
X 1120000  Y 1301000
X 1121500  Y 1297000
X 1125900  Y 1289900
X 1124500  Y 1195311
X 1129000  Y 1189811
X 1132300  Y 1173900
X 1130600  Y 1168000
X 1127500  Y 1165811
X 1120500  Y 1160811
X 1125000  Y 1158811
X 1135000  Y 1157311
X 1117000  Y 1156811
X 1122500  Y 1138811
X 1117500  Y 1134311
X 1130000  Y 1134311
X 1126000  Y 1126311
X 1135000  Y 1117811
X 1121500  Y 1117811
X 1134800  Y 1037700
X 1157500  Y 1117811
X 1147000  Y 1117811
X 1163500  Y 1132811
X 1147618  Y 1134311
X 1142500  Y 1134311
X 1163000  Y 1140311
X 1142500  Y 1140311
X 1142500  Y 1156811
X 1155500  Y 1156811
X 1147000  Y 1156811
X 1160500  Y 1156811
X 1147400  Y 1176800
X 1144600  Y 1189300
X 1157500  Y 1190311
X 1151900  Y 1409500
X 1144500  Y 1410200
X 1159600  Y 1410800
X 1159600  Y 1425200
X 1152200  Y 1425200
X 1144600  Y 1425400
X 1165800  Y 1425600
X 1182000  Y 1425300
X 1175600  Y 1425300
X 1166900  Y 1410500
X 1174400  Y 1410200
X 1182000  Y 1410100
X 1167500  Y 1193811
X 1174800  Y 1186200
X 1179000  Y 1183200
X 1170000  Y 1178500
X 1185000  Y 1157311
X 1172618  Y 1156811
X 1173000  Y 1140811
X 1185000  Y 1140311
X 1172500  Y 1134311
X 1176500  Y 1134311
X 1185118  Y 1134311
X 1164000  Y 1126811
X 1176500  Y 1126000
X 1170000  Y 1117811
X 1185000  Y 1117811
X 1220000  Y 1117500
X 1220000  Y 1127500
X 1208400  Y 1131900
X 1220000  Y 1137500
X 1202400  Y 1144600
X 1220000  Y 1147500
X 1196500  Y 1151000
X 1220000  Y 1157500
X 1197100  Y 1171400
X 1201500  Y 1404000
X 1218400  Y 1404600
X 1189500  Y 1410600
X 1197000  Y 1410700
X 1196900  Y 1426400
X 1189400  Y 1426700
X 1248000  Y 1157500
X 1248000  Y 1147500
X 1248000  Y 1137500
X 1248000  Y 1127500
X 1248000  Y 1117500

Drill: .01969  Tool: 2  Feed: 95  Speed: 300
X 1055019  Y 1202031
X 1062893  Y 1202425
X 1055019  Y 1207543
X 1062893  Y 1207936
X 1055019  Y 1213054
X 1062893  Y 1213448
X 1055019  Y 1218566
X 1062893  Y 1218960
X 1055019  Y 1224078
X 1062893  Y 1224472
X 1055019  Y 1229590
X 1062893  Y 1229984
X 1055019  Y 1235102
X 1062893  Y 1235495
X 1055019  Y 1240613
X 1062893  Y 1241007
X 1055019  Y 1246125
X 1062893  Y 1246519
X 1055019  Y 1251637
X 1062893  Y 1252031
X 1055019  Y 1257149
X 1062893  Y 1257543
X 1055019  Y 1262661
X 1062893  Y 1263054
X 1055019  Y 1268173
X 1062893  Y 1268566
X 1055019  Y 1273684
X 1062893  Y 1274078
X 1055019  Y 1279196
X 1062893  Y 1279590
X 1078641  Y 1279590
X 1070767  Y 1279196
X 1086515  Y 1279196
X 1078641  Y 1274078
X 1070767  Y 1273684
X 1086515  Y 1273684
X 1078641  Y 1268566
X 1070767  Y 1268173
X 1086515  Y 1268173
X 1078641  Y 1263054
X 1086515  Y 1262661
X 1070767  Y 1262661
X 1078641  Y 1257543
X 1086515  Y 1257149
X 1070767  Y 1257149
X 1078641  Y 1252031
X 1086515  Y 1251637
X 1070767  Y 1251637
X 1078641  Y 1246519
X 1086515  Y 1246125
X 1070767  Y 1246125
X 1078641  Y 1241007
X 1086515  Y 1240613
X 1070767  Y 1240613
X 1078641  Y 1235495
X 1070767  Y 1235102
X 1086515  Y 1235102
X 1078641  Y 1229984
X 1070767  Y 1229590
X 1086515  Y 1229590
X 1078641  Y 1224472
X 1086515  Y 1224078
X 1070767  Y 1224078
X 1078641  Y 1218960
X 1086515  Y 1218566
X 1070767  Y 1218566
X 1078641  Y 1213448
X 1086515  Y 1213054
X 1070767  Y 1213054
X 1078641  Y 1207936
X 1086515  Y 1207543
X 1070767  Y 1207543
X 1078641  Y 1202425
X 1086515  Y 1202031
X 1070767  Y 1202031
X 1102263  Y 1202031
X 1110137  Y 1202425
X 1094389  Y 1202425
X 1102263  Y 1207543
X 1110137  Y 1207936
X 1094389  Y 1207936
X 1102263  Y 1213054
X 1094389  Y 1213448
X 1110137  Y 1213448
X 1102263  Y 1218566
X 1110137  Y 1218960
X 1094389  Y 1218960
X 1102263  Y 1224078
X 1094389  Y 1224472
X 1110137  Y 1224472
X 1102263  Y 1229590
X 1094389  Y 1229984
X 1110137  Y 1229984
X 1102263  Y 1235102
X 1094389  Y 1235495
X 1110137  Y 1235495
X 1102263  Y 1240613
X 1094389  Y 1241007
X 1110137  Y 1241007
X 1102263  Y 1246125
X 1110137  Y 1246519
X 1094389  Y 1246519
X 1102263  Y 1251637
X 1110137  Y 1252031
X 1094389  Y 1252031
X 1102263  Y 1257149
X 1094389  Y 1257543
X 1110137  Y 1257543
X 1102263  Y 1262661
X 1110137  Y 1263054
X 1094389  Y 1263054
X 1102263  Y 1268173
X 1094389  Y 1268566
X 1110137  Y 1268566
X 1102263  Y 1273684
X 1094389  Y 1274078
X 1110137  Y 1274078
X 1102263  Y 1279196
X 1094389  Y 1279590
X 1110137  Y 1279590
X 1125886  Y 1279590
X 1118011  Y 1279196
X 1125886  Y 1274078
X 1118011  Y 1273684
X 1125886  Y 1268566
X 1118011  Y 1268173
X 1125886  Y 1263054
X 1118011  Y 1262661
X 1125886  Y 1257543
X 1118011  Y 1257149
X 1125886  Y 1252031
X 1118011  Y 1251637
X 1125886  Y 1246519
X 1118011  Y 1246125
X 1125886  Y 1241007
X 1118011  Y 1240613
X 1125886  Y 1235495
X 1118011  Y 1235102
X 1125886  Y 1229984
X 1118011  Y 1229590
X 1125886  Y 1224472
X 1118011  Y 1224078
X 1125886  Y 1218960
X 1118011  Y 1218566
X 1125886  Y 1213448
X 1118011  Y 1213054
X 1125886  Y 1207936
X 1118011  Y 1207543
X 1125886  Y 1202425
X 1118011  Y 1202031
X 1157578  Y 1202031
X 1141830  Y 1202031
X 1149704  Y 1202425
X 1141830  Y 1207543
X 1157578  Y 1207543
X 1149704  Y 1207937
X 1141830  Y 1213055
X 1157578  Y 1213055
X 1149704  Y 1213448
X 1141830  Y 1218566
X 1157578  Y 1218566
X 1149704  Y 1218960
X 1141830  Y 1224078
X 1157578  Y 1224078
X 1149704  Y 1224472
X 1141830  Y 1229590
X 1157578  Y 1229590
X 1149704  Y 1229984
X 1141830  Y 1235102
X 1157578  Y 1235102
X 1149704  Y 1235496
X 1141830  Y 1240614
X 1157578  Y 1240614
X 1149704  Y 1241007
X 1141830  Y 1246125
X 1157578  Y 1246125
X 1149704  Y 1246519
X 1141830  Y 1251637
X 1157578  Y 1251637
X 1149704  Y 1252031
X 1141830  Y 1257149
X 1157578  Y 1257149
X 1149704  Y 1257543
X 1141830  Y 1262661
X 1157578  Y 1262661
X 1149704  Y 1263055
X 1141830  Y 1268173
X 1157578  Y 1268173
X 1149704  Y 1268566
X 1141830  Y 1273685
X 1157578  Y 1273685
X 1149704  Y 1274078
X 1141830  Y 1279196
X 1157578  Y 1279196
X 1149704  Y 1279590
X 1165452  Y 1279590
X 1181200  Y 1279590
X 1173326  Y 1279196
X 1165452  Y 1274078
X 1181200  Y 1274078
X 1173326  Y 1273685
X 1165452  Y 1268566
X 1181200  Y 1268566
X 1173326  Y 1268173
X 1181200  Y 1263055
X 1165452  Y 1263055
X 1173326  Y 1262661
X 1181200  Y 1257543
X 1165452  Y 1257543
X 1173326  Y 1257149
X 1181200  Y 1252031
X 1165452  Y 1252031
X 1173326  Y 1251637
X 1165452  Y 1246519
X 1181200  Y 1246519
X 1173326  Y 1246125
X 1165452  Y 1241007
X 1181200  Y 1241007
X 1173326  Y 1240614
X 1181200  Y 1235496
X 1165452  Y 1235496
X 1173326  Y 1235102
X 1181200  Y 1229984
X 1165452  Y 1229984
X 1173326  Y 1229590
X 1181200  Y 1224472
X 1165452  Y 1224472
X 1173326  Y 1224078
X 1181200  Y 1218960
X 1165452  Y 1218960
X 1173326  Y 1218566
X 1181200  Y 1213448
X 1165452  Y 1213448
X 1173326  Y 1213055
X 1165452  Y 1207937
X 1181200  Y 1207937
X 1173326  Y 1207543
X 1165452  Y 1202425
X 1181200  Y 1202425
X 1173326  Y 1202031
X 1204822  Y 1202031
X 1189074  Y 1202031
X 1196948  Y 1202425
X 1212696  Y 1202425
X 1189074  Y 1207543
X 1204822  Y 1207543
X 1196948  Y 1207937
X 1212696  Y 1207937
X 1189074  Y 1213055
X 1204822  Y 1213055
X 1212696  Y 1213448
X 1196948  Y 1213448
X 1204822  Y 1218566
X 1189074  Y 1218566
X 1196948  Y 1218960
X 1212696  Y 1218960
X 1204822  Y 1224078
X 1189074  Y 1224078
X 1212696  Y 1224472
X 1196948  Y 1224472
X 1204822  Y 1229590
X 1189074  Y 1229590
X 1212696  Y 1229984
X 1196948  Y 1229984
X 1204822  Y 1235102
X 1189074  Y 1235102
X 1196948  Y 1235496
X 1212696  Y 1235496
X 1204822  Y 1240614
X 1189074  Y 1240614
X 1212696  Y 1241007
X 1196948  Y 1241007
X 1189074  Y 1246125
X 1204822  Y 1246125
X 1196948  Y 1246519
X 1212696  Y 1246519
X 1189074  Y 1251637
X 1204822  Y 1251637
X 1196948  Y 1252031
X 1212696  Y 1252031
X 1189074  Y 1257149
X 1204822  Y 1257149
X 1196948  Y 1257543
X 1212696  Y 1257543
X 1204822  Y 1262661
X 1189074  Y 1262661
X 1212696  Y 1263055
X 1196948  Y 1263055
X 1204822  Y 1268173
X 1189074  Y 1268173
X 1212696  Y 1268566
X 1196948  Y 1268566
X 1189074  Y 1273685
X 1204822  Y 1273685
X 1212696  Y 1274078
X 1196948  Y 1274078
X 1189074  Y 1279196
X 1204822  Y 1279196
X 1212696  Y 1279590
X 1196948  Y 1279590

Drill: .02  Tool: 3  Feed: 197  Speed: 550
X 1047100  Y 1075000
X 1034900  Y 1079300
X 1036525  Y 1096331
X 1031525  Y 1096331
X 1031525  Y 1106331
X 1036525  Y 1106331
X 1039000  Y 1190500
X 1031000  Y 1190500
X 1032500  Y 1269000
X 1032500  Y 1278500
X 1042200  Y 1342100
X 1056000  Y 1344500
X 1045000  Y 1345500
X 1088000  Y 1403500
X 1099500  Y 1403500
X 1133400  Y 1397600
X 1088000  Y 1397500
X 1099500  Y 1397500
X 1104200  Y 1330300
X 1091600  Y 1330200
X 1125900  Y 1328700
X 1114100  Y 1328700
X 1134821  Y 1106927
X 1134821  Y 1096927
X 1148100  Y 1055000
X 1148200  Y 1075500
X 1139821  Y 1096927
X 1139821  Y 1106927
X 1178400  Y 1327700
X 1167700  Y 1327800
X 1142000  Y 1328900
X 1154500  Y 1329000
X 1164500  Y 1397000
X 1177500  Y 1397000
X 1144900  Y 1397500
X 1177500  Y 1403000
X 1164500  Y 1403000
X 1220400  Y 1395000
X 1228300  Y 1387200
X 1234200  Y 1384700

Drill: .03937  Tool: 4  Feed: 197  Speed: 550
X 1014000  Y 1061000
X 1024000  Y 1061000
X 1024000  Y 1071000
X 1014000  Y 1071000
X 1014000  Y 1378000
X 1024000  Y 1378000
X 1024000  Y 1388000
X 1014000  Y 1388000
X 1240000  Y 1366500
X 1250000  Y 1366500
X 1240000  Y 1356500
X 1250000  Y 1356500
X 1240000  Y 1071000
X 1250000  Y 1071000
X 1240000  Y 1061000
X 1250000  Y 1061000

Drill: .04  Tool: 5  Feed: 139  Speed: 550
X 1063857  Y 1011826
X 1083857  Y 1011826
X 1073857  Y 1011826
X 1063857  Y 1021826
X 1083857  Y 1021826
X 1073857  Y 1021826
X 1063857  Y 1436173
X 1073857  Y 1436173
X 1083857  Y 1436173
X 1073857  Y 1446173
X 1063857  Y 1446173
X 1083857  Y 1446173
X 1093857  Y 1446173
X 1103857  Y 1446173
X 1113857  Y 1446173
X 1123857  Y 1446173
X 1133857  Y 1446173
X 1093857  Y 1436173
X 1103857  Y 1436173
X 1113857  Y 1436173
X 1123857  Y 1436173
X 1133857  Y 1436173
X 1123857  Y 1021826
X 1133857  Y 1021826
X 1113857  Y 1021826
X 1103857  Y 1021826
X 1093857  Y 1021826
X 1103857  Y 1011826
X 1123857  Y 1011826
X 1093857  Y 1011826
X 1133857  Y 1011826
X 1113857  Y 1011826
X 1143857  Y 1011826
X 1153857  Y 1011826
X 1163857  Y 1011826
X 1183857  Y 1011826
X 1173857  Y 1011826
X 1163857  Y 1021826
X 1153857  Y 1021826
X 1183857  Y 1021826
X 1143857  Y 1021826
X 1173857  Y 1021826
X 1163857  Y 1436173
X 1143857  Y 1436173
X 1153857  Y 1436173
X 1173857  Y 1436173
X 1183857  Y 1436173
X 1153857  Y 1446173
X 1143857  Y 1446173
X 1173857  Y 1446173
X 1163857  Y 1446173
X 1183857  Y 1446173
X 1193857  Y 1446173
X 1203857  Y 1446173
X 1193857  Y 1436173
X 1203857  Y 1436173
X 1203857  Y 1021826
X 1193857  Y 1021826
X 1203857  Y 1011826
X 1193857  Y 1011826

Drill: .12795  Tool: 6  Feed: 35  Speed: 794
X 1181102  Y 1077086

Drill: .21063  Tool: 7  Feed: 0  Speed: 0
X 1039371  Y 1164055
X 1228347  Y 1317598

End of Listing
