Drill Listing
=============
Drill: .008  Tool: 1  Feed: 0  Speed: 0
X 1306800  Y 1105800
X 1306900  Y 1108400
X 1307259  Y 1098500
X 1307259  Y 1102100
X 1310400  Y 1102100
X 1310409  Y 1105308
X 1310409  Y 1108457
X 1310500  Y 1098700
X 1313500  Y 1098500
X 1313700  Y 1105600
X 1313700  Y 1108600
X 1316708  Y 1108457
X 1316708  Y 1105308
X 1317000  Y 1102100
X 1317000  Y 1098500
X 1319858  Y 1108457
X 1319858  Y 1105308
X 1320500  Y 1098500
X 1323000  Y 1108500
X 1323007  Y 1102158
X 1323007  Y 1105308
X 1323500  Y 1098500
X 1329200  Y 1093200
X 1329307  Y 1102158
X 1329307  Y 1108457
X 1329307  Y 1105308
X 1332100  Y 1108500
X 1332456  Y 1102158
X 1332456  Y 1105308
X 1332456  Y 1098500
X 1335500  Y 1102158
X 1335500  Y 1108400
X 1335606  Y 1098500
X 1338600  Y 1105400
X 1338600  Y 1102200
X 1338800  Y 1108400
X 1338900  Y 1098500
X 1341800  Y 1102400
X 1341905  Y 1105308
X 1341905  Y 1108457
X 1342500  Y 1098500
X 1345000  Y 1102400
X 1345055  Y 1105308
X 1345500  Y 1108000
X 1345500  Y 1111500
X 1345100  Y 1133654
X 1341905  Y 1111607
X 1341905  Y 1127355
X 1341905  Y 1133654
X 1341700  Y 1115000
X 1338800  Y 1111600
X 1338755  Y 1121056
X 1338755  Y 1133654
X 1338755  Y 1130504
X 1338755  Y 1124205
X 1338755  Y 1127355
X 1338500  Y 1115000
X 1335700  Y 1111600
X 1335606  Y 1133654
X 1335606  Y 1130504
X 1335606  Y 1127355
X 1335606  Y 1124205
X 1335606  Y 1121056
X 1335500  Y 1115000
X 1332456  Y 1133654
X 1332456  Y 1127355
X 1332456  Y 1130504
X 1329307  Y 1127355
X 1329307  Y 1133654
X 1329307  Y 1130504
X 1323007  Y 1133654
X 1323007  Y 1127355
X 1323007  Y 1130504
X 1321000  Y 1115000
X 1319858  Y 1127355
X 1319858  Y 1130504
X 1319858  Y 1133654
X 1317000  Y 1115000
X 1316708  Y 1121056
X 1316708  Y 1133654
X 1316708  Y 1127355
X 1316708  Y 1124205
X 1316708  Y 1130504
X 1316708  Y 1111607
X 1313559  Y 1130504
X 1313559  Y 1124205
X 1313559  Y 1114756
X 1313559  Y 1133654
X 1313559  Y 1127355
X 1313559  Y 1121056
X 1310409  Y 1121056
X 1310409  Y 1127355
X 1310409  Y 1133654
X 1310409  Y 1124205
X 1310409  Y 1130504
X 1307259  Y 1130504
X 1307259  Y 1121056
X 1306000  Y 1210800
X 1307100  Y 1192000
X 1307300  Y 1195500
X 1310409  Y 1195308
X 1310409  Y 1192158
X 1310409  Y 1211056
X 1310500  Y 1201600
X 1313559  Y 1195308
X 1313559  Y 1211056
X 1313600  Y 1198700
X 1313600  Y 1201600
X 1313600  Y 1204900
X 1316708  Y 1195308
X 1316708  Y 1211056
X 1316800  Y 1198700
X 1316800  Y 1188900
X 1316800  Y 1204800
X 1316800  Y 1201600
X 1317100  Y 1192300
X 1318617  Y 1137500
X 1319800  Y 1198700
X 1319858  Y 1192158
X 1319858  Y 1189008
X 1319900  Y 1195200
X 1320600  Y 1204700
X 1321097  Y 1137500
X 1323007  Y 1192158
X 1323007  Y 1189008
X 1323007  Y 1195308
X 1323200  Y 1198700
X 1325852  Y 1138025
X 1328400  Y 1186800
X 1329307  Y 1192158
X 1329307  Y 1195308
X 1329307  Y 1198457
X 1329900  Y 1137400
X 1332456  Y 1189008
X 1332456  Y 1198457
X 1332456  Y 1195308
X 1332456  Y 1192158
X 1335400  Y 1201900
X 1335600  Y 1198457
X 1335600  Y 1204700
X 1335606  Y 1192300
X 1335606  Y 1195308
X 1335606  Y 1189008
X 1338400  Y 1198600
X 1338400  Y 1195500
X 1338500  Y 1189008
X 1338500  Y 1202000
X 1338500  Y 1192300
X 1338700  Y 1204700
X 1338755  Y 1136804
X 1338755  Y 1211056
X 1341700  Y 1210900
X 1341800  Y 1192300
X 1341900  Y 1198500
X 1341900  Y 1195400
X 1342000  Y 1208000
X 1345000  Y 1201800
X 1345500  Y 1195300
X 1346000  Y 1198000
X 1346400  Y 1192500
X 1346500  Y 1189000
X 1345055  Y 1226804
X 1345055  Y 1223654
X 1341905  Y 1223654
X 1341905  Y 1226804
X 1341905  Y 1217355
X 1338755  Y 1223654
X 1338755  Y 1220504
X 1338755  Y 1214205
X 1338755  Y 1217355
X 1338755  Y 1226804
X 1335606  Y 1220504
X 1335606  Y 1217355
X 1335606  Y 1223654
X 1335606  Y 1214205
X 1335606  Y 1226804
X 1332456  Y 1217355
X 1332456  Y 1223654
X 1332456  Y 1220504
X 1329307  Y 1223654
X 1329307  Y 1226804
X 1329307  Y 1220504
X 1324851  Y 1228260
X 1323007  Y 1220504
X 1323007  Y 1217355
X 1323007  Y 1223654
X 1319858  Y 1217355
X 1319858  Y 1220504
X 1319858  Y 1223654
X 1316708  Y 1217355
X 1316708  Y 1220504
X 1316708  Y 1214205
X 1316708  Y 1223654
X 1313559  Y 1214205
X 1313559  Y 1217355
X 1313559  Y 1220504
X 1313559  Y 1223654
X 1310600  Y 1220200
X 1310500  Y 1223500
X 1310409  Y 1214205
X 1310409  Y 1217355
X 1307100  Y 1226800
X 1306000  Y 1221500
X 1073641  Y 1265688
X 1073641  Y 1271594
X 1073641  Y 1268641
X 1073641  Y 1283405
X 1073641  Y 1286358
X 1076594  Y 1274547
X 1076594  Y 1268641
X 1076594  Y 1280452
X 1076594  Y 1265688
X 1076594  Y 1271594
X 1076594  Y 1283405
X 1079547  Y 1265688
X 1079547  Y 1268641
X 1079547  Y 1274547
X 1079547  Y 1286358
X 1079547  Y 1283405
X 1079547  Y 1271594
X 1085452  Y 1280452
X 1085452  Y 1265688
X 1085452  Y 1286358
X 1085452  Y 1268641
X 1085452  Y 1274547
X 1085452  Y 1283405
X 1085452  Y 1271594
X 1088405  Y 1283405
X 1088405  Y 1265688
X 1088405  Y 1280452
X 1088405  Y 1274547
X 1088405  Y 1271594
X 1088405  Y 1286358
X 1088405  Y 1268641
X 1091358  Y 1286358
X 1091358  Y 1283405
X 1091400  Y 1271600
X 1091400  Y 1268641
X 1126043  Y 1265590
X 1126141  Y 1268641
X 1126141  Y 1271594
X 1126141  Y 1286358
X 1126141  Y 1283405
X 1128996  Y 1268642
X 1129094  Y 1280453
X 1129094  Y 1265688
X 1129094  Y 1271594
X 1129094  Y 1274547
X 1129094  Y 1283405
X 1131948  Y 1265590
X 1132047  Y 1280453
X 1132047  Y 1271594
X 1132047  Y 1268641
X 1132047  Y 1274547
X 1132047  Y 1283405
X 1132047  Y 1286358
X 1137952  Y 1268641
X 1137952  Y 1280452
X 1137952  Y 1274547
X 1137952  Y 1283405
X 1137952  Y 1286358
X 1137952  Y 1271594
X 1138051  Y 1265590
X 1140900  Y 1286400
X 1140905  Y 1271594
X 1140905  Y 1274547
X 1140905  Y 1283405
X 1140905  Y 1280452
X 1141000  Y 1268600
X 1141003  Y 1265590
X 1143858  Y 1268641
X 1143858  Y 1271594
X 1143858  Y 1283405
X 1143858  Y 1286358
X 1181551  Y 1265401
X 1181551  Y 1271700
X 1181551  Y 1284299
X 1181551  Y 1281149
X 1181649  Y 1274948
X 1181649  Y 1268649
X 1184700  Y 1284299
X 1184700  Y 1281149
X 1184799  Y 1268649
X 1184799  Y 1274948
X 1184799  Y 1265500
X 1184799  Y 1271799
X 1187850  Y 1268551
X 1187948  Y 1265500
X 1187948  Y 1271799
X 1187948  Y 1274948
X 1194051  Y 1274948
X 1194051  Y 1265500
X 1194051  Y 1271799
X 1194051  Y 1284200
X 1194051  Y 1268649
X 1197200  Y 1274948
X 1197200  Y 1265500
X 1197200  Y 1271799
X 1197200  Y 1268649
X 1197200  Y 1281051
X 1197200  Y 1284200
X 1200448  Y 1268551
X 1200448  Y 1271700
X 1200448  Y 1265401
X 1200448  Y 1274850
X 1200448  Y 1281149
X 1200448  Y 1284299
X 1200350  Y 1287350
X 1200350  Y 1290500
X 1197200  Y 1287350
X 1197200  Y 1290500
X 1194149  Y 1287448
X 1188000  Y 1293000
X 1187850  Y 1290598
X 1184700  Y 1287448
X 1184700  Y 1290598
X 1181551  Y 1287448
X 1181551  Y 1290598
X 1143956  Y 1289409
X 1140905  Y 1289311
X 1137952  Y 1289311
X 1132047  Y 1289311
X 1129094  Y 1289311
X 1126043  Y 1289409
X 1088405  Y 1289311
X 1085400  Y 1289400
X 1079547  Y 1289311
X 1076596  Y 1289311
X 1073641  Y 1289311
Drill: .01  Tool: 2  Feed: 95  Speed: 300
X 1043400  Y 1045600
X 1051100  Y 1043400
X 1058300  Y 1042500
X 1061000  Y 1060200
X 1064600  Y 1050600
X 1065500  Y 1060000
X 1065500  Y 1057000
X 1070200  Y 1046700
X 1070400  Y 1040500
X 1072000  Y 1052500
X 1073600  Y 1038900
X 1078700  Y 1030400
X 1081800  Y 1046300
X 1085000  Y 1043100
X 1086800  Y 1052300
X 1092500  Y 1051800
X 1094400  Y 1057100
X 1097900  Y 1043000
X 1098300  Y 1047600
X 1100800  Y 1054000
X 1101000  Y 1036500
X 1101300  Y 1041600
X 1103000  Y 1034000
X 1105400  Y 1024200
X 1114200  Y 1039000
X 1114300  Y 1051400
X 1114500  Y 1048000
X 1129500  Y 1041700
X 1131600  Y 1059100
X 1131800  Y 1044200
X 1131900  Y 1051500
X 1144400  Y 1047800
X 1144800  Y 1056000
X 1145400  Y 1052000
X 1147000  Y 1059000
X 1188700  Y 1058900
X 1188800  Y 1053400
X 1201200  Y 1042200
X 1248000  Y 1036000
X 1252426  Y 1053556
X 1415200  Y 1054300
X 1428600  Y 1059600
X 1447500  Y 1048000
X 1454500  Y 1048500
X 1467500  Y 1063500
X 1467500  Y 1068000
X 1467500  Y 1082000
X 1452000  Y 1066500
X 1449400  Y 1078000
X 1449300  Y 1083500
X 1447500  Y 1062300
X 1442500  Y 1077000
X 1431700  Y 1066600
X 1421000  Y 1072500
X 1420100  Y 1085200
X 1408600  Y 1079500
X 1408400  Y 1083600
X 1406000  Y 1070100
X 1397300  Y 1074100
X 1392800  Y 1079600
X 1386600  Y 1080100
X 1382600  Y 1080400
X 1312500  Y 1078000
X 1283000  Y 1077900
X 1272500  Y 1063000
X 1269000  Y 1064500
X 1261000  Y 1077000
X 1251000  Y 1080000
X 1246300  Y 1063700
X 1243600  Y 1062000
X 1241100  Y 1063800
X 1239000  Y 1083800
X 1237600  Y 1063500
X 1217500  Y 1064000
X 1207000  Y 1083000
X 1151000  Y 1075100
X 1143700  Y 1063100
X 1143700  Y 1068100
X 1132000  Y 1074000
X 1131800  Y 1068900
X 1130400  Y 1077900
X 1129400  Y 1071400
X 1129300  Y 1066400
X 1129300  Y 1082900
X 1124500  Y 1084500
X 1107500  Y 1082500
X 1100900  Y 1065393
X 1100900  Y 1069200
X 1100858  Y 1061500
X 1097000  Y 1069000
X 1088700  Y 1072700
X 1085500  Y 1064500
X 1085000  Y 1069500
X 1084000  Y 1072500
X 1082500  Y 1075400
X 1074100  Y 1084800
X 1070800  Y 1079800
X 1069400  Y 1069000
X 1067100  Y 1075800
X 1066900  Y 1064500
X 1065800  Y 1067200
X 1046000  Y 1077000
X 1008700  Y 1106700
X 1008700  Y 1109900
X 1029900  Y 1099200
X 1030200  Y 1110200
X 1030500  Y 1102400
X 1045500  Y 1105800
X 1049300  Y 1106100
X 1058800  Y 1108500
X 1064700  Y 1089500
X 1074000  Y 1089600
X 1074100  Y 1095000
X 1074100  Y 1097600
X 1074100  Y 1092400
X 1074200  Y 1100400
X 1074700  Y 1108900
X 1086400  Y 1087600
X 1099200  Y 1110900
X 1105400  Y 1103000
X 1108000  Y 1090000
X 1110100  Y 1108100
X 1110400  Y 1101400
X 1116500  Y 1099500
X 1116900  Y 1102400
X 1122000  Y 1101600
X 1122000  Y 1111000
X 1131000  Y 1100000
X 1153600  Y 1108500
X 1154700  Y 1105100
X 1164500  Y 1111000
X 1172700  Y 1102500
X 1186500  Y 1103000
X 1200500  Y 1109500
X 1201600  Y 1106200
X 1206000  Y 1106200
X 1209000  Y 1106200
X 1213400  Y 1094800
X 1226500  Y 1095000
X 1238600  Y 1098600
X 1241200  Y 1095300
X 1254900  Y 1104200
X 1255500  Y 1093500
X 1259000  Y 1093500
X 1262500  Y 1093500
X 1267500  Y 1093000
X 1271500  Y 1103000
X 1275000  Y 1095000
X 1278000  Y 1092000
X 1296000  Y 1092000
X 1300000  Y 1097500
X 1356500  Y 1094000
X 1359000  Y 1090000
X 1375000  Y 1095200
X 1380000  Y 1095200
X 1391300  Y 1087300
X 1420100  Y 1089700
X 1424800  Y 1099500
X 1425000  Y 1106000
X 1429000  Y 1100600
X 1429500  Y 1094000
X 1449000  Y 1100500
X 1452000  Y 1110900
X 1463500  Y 1094500
X 1467500  Y 1104500
X 1463500  Y 1118500
X 1463500  Y 1111500
X 1429600  Y 1116700
X 1410842  Y 1132656
X 1410597  Y 1125332
X 1397234  Y 1122054
X 1392839  Y 1132782
X 1391791  Y 1119755
X 1371100  Y 1134800
X 1370400  Y 1132100
X 1369500  Y 1117000
X 1366500  Y 1112500
X 1366500  Y 1123000
X 1356500  Y 1123000
X 1355000  Y 1119500
X 1354000  Y 1113600
X 1349100  Y 1124200
X 1282800  Y 1128000
X 1282800  Y 1133500
X 1267500  Y 1123000
X 1267500  Y 1132000
X 1238500  Y 1129500
X 1238500  Y 1125000
X 1231000  Y 1121200
X 1228307  Y 1133503
X 1228307  Y 1129567
X 1228307  Y 1121693
X 1228300  Y 1125630
X 1224370  Y 1133503
X 1224370  Y 1125630
X 1224370  Y 1121700
X 1224370  Y 1129567
X 1220600  Y 1121100
X 1220433  Y 1125630
X 1220433  Y 1129567
X 1220433  Y 1133504
X 1212600  Y 1121400
X 1212559  Y 1125630
X 1212559  Y 1129567
X 1211000  Y 1115200
X 1208622  Y 1133504
X 1208622  Y 1125630
X 1208600  Y 1129567
X 1204685  Y 1121600
X 1204684  Y 1133503
X 1204684  Y 1129566
X 1204684  Y 1125629
X 1200748  Y 1125630
X 1200748  Y 1121700
X 1200747  Y 1133503
X 1200747  Y 1129566
X 1196810  Y 1133503
X 1196810  Y 1129566
X 1196370  Y 1125630
X 1196000  Y 1121700
X 1192433  Y 1129567
X 1192170  Y 1125630
X 1191800  Y 1121300
X 1188936  Y 1129566
X 1188936  Y 1133503
X 1187500  Y 1121200
X 1184800  Y 1125630
X 1181063  Y 1133504
X 1181063  Y 1129567
X 1180600  Y 1121000
X 1177500  Y 1117000
X 1177126  Y 1133504
X 1177126  Y 1129567
X 1177126  Y 1125630
X 1176400  Y 1121100
X 1173267  Y 1129567
X 1173267  Y 1125630
X 1173189  Y 1133504
X 1172100  Y 1120700
X 1169252  Y 1133504
X 1169252  Y 1121693
X 1169252  Y 1129567
X 1169252  Y 1125630
X 1165600  Y 1125630
X 1165600  Y 1121700
X 1165396  Y 1133504
X 1165396  Y 1129567
X 1161378  Y 1125630
X 1161378  Y 1129567
X 1161378  Y 1133504
X 1161100  Y 1121500
X 1157441  Y 1129567
X 1157441  Y 1133504
X 1157440  Y 1125629
X 1153504  Y 1133504
X 1153504  Y 1125630
X 1153504  Y 1129567
X 1149567  Y 1125630
X 1149567  Y 1121693
X 1149567  Y 1129567
X 1149566  Y 1133504
X 1145630  Y 1125630
X 1145629  Y 1129567
X 1145629  Y 1133504
X 1145600  Y 1121800
X 1141693  Y 1121693
X 1141693  Y 1125630
X 1141692  Y 1129567
X 1141692  Y 1133504
X 1123000  Y 1121500
X 1105300  Y 1113200
X 1103600  Y 1135400
X 1085300  Y 1126100
X 1083300  Y 1122800
X 1083200  Y 1132300
X 1083200  Y 1135300
X 1072800  Y 1117500
X 1070300  Y 1120800
X 1067100  Y 1115100
X 1063300  Y 1133500
X 1061900  Y 1128000
X 1061400  Y 1135600
X 1043500  Y 1132500
X 1008700  Y 1113000
X 1008700  Y 1135600
X 1008700  Y 1125600
X 1008700  Y 1131900
X 1008700  Y 1119300
X 1008700  Y 1116200
X 1008700  Y 1122500
X 1008700  Y 1128800
X 1008500  Y 1138500
X 1008700  Y 1141400
X 1008700  Y 1160300
X 1050500  Y 1146500
X 1063100  Y 1154000
X 1063700  Y 1159700
X 1067300  Y 1159100
X 1068200  Y 1154500
X 1068600  Y 1147100
X 1072600  Y 1146600
X 1111000  Y 1143500
X 1111000  Y 1158500
X 1113000  Y 1160500
X 1114000  Y 1143100
X 1115800  Y 1159800
X 1117700  Y 1140600
X 1125900  Y 1141000
X 1141500  Y 1153189
X 1141500  Y 1157500
X 1141500  Y 1145315
X 1141500  Y 1149252
X 1141692  Y 1137441
X 1141692  Y 1141378
X 1145629  Y 1137441
X 1145629  Y 1141378
X 1145629  Y 1145315
X 1145630  Y 1149252
X 1145630  Y 1153189
X 1145630  Y 1157126
X 1145630  Y 1161063
X 1149566  Y 1137441
X 1149567  Y 1145315
X 1149567  Y 1149252
X 1149567  Y 1157126
X 1149567  Y 1161063
X 1149567  Y 1141378
X 1149567  Y 1153189
X 1153500  Y 1153189
X 1153500  Y 1157126
X 1153500  Y 1161063
X 1153500  Y 1149252
X 1153504  Y 1145315
X 1153504  Y 1141378
X 1159000  Y 1157500
X 1173189  Y 1161063
X 1173189  Y 1157126
X 1173189  Y 1153189
X 1177126  Y 1161063
X 1177126  Y 1157126
X 1177126  Y 1153189
X 1181063  Y 1161063
X 1181063  Y 1157126
X 1181063  Y 1153189
X 1185000  Y 1153189
X 1188937  Y 1161063
X 1188937  Y 1153189
X 1188937  Y 1157126
X 1188937  Y 1137300
X 1192874  Y 1161063
X 1192874  Y 1157126
X 1192874  Y 1153189
X 1196811  Y 1161063
X 1209500  Y 1153500
X 1212441  Y 1137441
X 1216495  Y 1145315
X 1216496  Y 1149252
X 1216496  Y 1161063
X 1216496  Y 1153189
X 1216496  Y 1137441
X 1216496  Y 1141378
X 1216496  Y 1157126
X 1220432  Y 1137441
X 1220433  Y 1149252
X 1220433  Y 1153189
X 1220433  Y 1157126
X 1220433  Y 1141378
X 1220433  Y 1161063
X 1224370  Y 1161063
X 1224370  Y 1149252
X 1224370  Y 1157126
X 1224370  Y 1137441
X 1224370  Y 1141378
X 1224370  Y 1153189
X 1228307  Y 1161063
X 1228307  Y 1137441
X 1230000  Y 1151000
X 1230800  Y 1158800
X 1232500  Y 1137500
X 1238000  Y 1149000
X 1243600  Y 1148800
X 1257500  Y 1143500
X 1263500  Y 1145500
X 1264000  Y 1140000
X 1270200  Y 1151800
X 1278500  Y 1151500
X 1282800  Y 1144500
X 1282800  Y 1139000
X 1289000  Y 1148000
X 1289500  Y 1158500
X 1318618  Y 1145100
X 1321400  Y 1145200
X 1339000  Y 1160800
X 1342272  Y 1146313
X 1345711  Y 1146402
X 1356500  Y 1139800
X 1367600  Y 1141500
X 1370399  Y 1148802
X 1383400  Y 1154600
X 1384515  Y 1144378
X 1392000  Y 1152400
X 1397400  Y 1160000
X 1399300  Y 1143800
X 1402400  Y 1141600
X 1405500  Y 1155500
X 1405500  Y 1143500
X 1411900  Y 1143800
X 1415000  Y 1143800
X 1427598  Y 1153000
X 1430748  Y 1153000
X 1442200  Y 1155300
X 1446900  Y 1158400
X 1460800  Y 1172600
X 1451500  Y 1172500
X 1444500  Y 1171000
X 1442200  Y 1161600
X 1433000  Y 1177299
X 1410800  Y 1181800
X 1406200  Y 1182000
X 1400400  Y 1182000
X 1397800  Y 1171000
X 1397000  Y 1174200
X 1387400  Y 1177800
X 1387000  Y 1163800
X 1387000  Y 1171000
X 1386200  Y 1167000
X 1384900  Y 1182700
X 1379200  Y 1182200
X 1377000  Y 1161800
X 1372600  Y 1182400
X 1368000  Y 1165600
X 1367000  Y 1180000
X 1366000  Y 1171200
X 1362600  Y 1171300
X 1345500  Y 1180000
X 1344846  Y 1176095
X 1339000  Y 1163500
X 1335500  Y 1179000
X 1329500  Y 1179000
X 1324000  Y 1179000
X 1318000  Y 1179000
X 1313000  Y 1166000
X 1312500  Y 1179000
X 1305500  Y 1179000
X 1280500  Y 1168100
X 1261400  Y 1174000
X 1255800  Y 1174300
X 1253900  Y 1180000
X 1252500  Y 1176100
X 1234200  Y 1179600
X 1229300  Y 1167900
X 1228307  Y 1180748
X 1228307  Y 1184685
X 1228307  Y 1172874
X 1228300  Y 1176811
X 1224370  Y 1168830
X 1224370  Y 1180748
X 1224370  Y 1176811
X 1220433  Y 1176811
X 1220433  Y 1172874
X 1220433  Y 1184685
X 1220433  Y 1180748
X 1216496  Y 1172874
X 1216496  Y 1176811
X 1216496  Y 1180748
X 1216496  Y 1184685
X 1211000  Y 1179200
X 1209500  Y 1165500
X 1202000  Y 1178500
X 1202000  Y 1165500
X 1196811  Y 1176811
X 1196811  Y 1172874
X 1196811  Y 1168937
X 1196811  Y 1165000
X 1192874  Y 1176811
X 1192874  Y 1172874
X 1192874  Y 1168937
X 1188937  Y 1176811
X 1188937  Y 1168937
X 1188937  Y 1172874
X 1181063  Y 1176811
X 1181063  Y 1168937
X 1181063  Y 1172874
X 1177126  Y 1172874
X 1177126  Y 1168937
X 1177126  Y 1176811
X 1173189  Y 1172874
X 1173189  Y 1168937
X 1173189  Y 1176811
X 1162400  Y 1176400
X 1153500  Y 1172874
X 1153500  Y 1169000
X 1153500  Y 1176811
X 1149567  Y 1176811
X 1149567  Y 1180748
X 1149567  Y 1169000
X 1149567  Y 1172874
X 1149567  Y 1184685
X 1145629  Y 1176811
X 1145629  Y 1180748
X 1145629  Y 1172874
X 1141692  Y 1176811
X 1141692  Y 1180748
X 1141500  Y 1161500
X 1130500  Y 1180000
X 1127100  Y 1165200
X 1124600  Y 1179800
X 1124400  Y 1165000
X 1123000  Y 1185500
X 1121900  Y 1179700
X 1121200  Y 1165100
X 1119500  Y 1185500
X 1119300  Y 1179800
X 1118500  Y 1165100
X 1116700  Y 1179700
X 1115900  Y 1165100
X 1114500  Y 1181200
X 1113000  Y 1164500
X 1111100  Y 1185400
X 1110300  Y 1179600
X 1109000  Y 1165100
X 1108200  Y 1162100
X 1071800  Y 1169800
X 1070600  Y 1167400
X 1070000  Y 1164400
X 1068100  Y 1161900
X 1067500  Y 1179700
X 1065000  Y 1184000
X 1051100  Y 1175900
X 1008700  Y 1185500
X 1008700  Y 1179200
X 1008700  Y 1176000
X 1008700  Y 1172900
X 1008700  Y 1169700
X 1008700  Y 1166600
X 1008700  Y 1163400
X 1008700  Y 1188600
X 1008700  Y 1198100
X 1008700  Y 1191800
X 1008700  Y 1194900
X 1008700  Y 1207500
X 1008700  Y 1210700
X 1008700  Y 1201200
X 1043200  Y 1201300
X 1043200  Y 1207500
X 1043300  Y 1210800
X 1043600  Y 1204700
X 1065900  Y 1186500
X 1067000  Y 1189000
X 1072900  Y 1192000
X 1084000  Y 1198100
X 1084000  Y 1194900
X 1084400  Y 1201000
X 1111500  Y 1201500
X 1111500  Y 1204700
X 1113500  Y 1188800
X 1115500  Y 1186500
X 1116800  Y 1208600
X 1117400  Y 1188800
X 1119500  Y 1208500
X 1121500  Y 1188800
X 1121500  Y 1202500
X 1122500  Y 1209000
X 1123493  Y 1205559
X 1125800  Y 1188500
X 1126900  Y 1202100
X 1132800  Y 1187000
X 1140500  Y 1199500
X 1141692  Y 1204370
X 1142500  Y 1208400
X 1145630  Y 1196496
X 1145630  Y 1204370
X 1146800  Y 1208400
X 1149567  Y 1188500
X 1149567  Y 1200433
X 1149567  Y 1192300
X 1149567  Y 1196496
X 1149567  Y 1204370
X 1150400  Y 1208300
X 1153500  Y 1188500
X 1153500  Y 1192300
X 1153504  Y 1200433
X 1153504  Y 1196496
X 1153504  Y 1204370
X 1157441  Y 1196496
X 1157441  Y 1200433
X 1161378  Y 1200433
X 1161378  Y 1196496
X 1161378  Y 1204370
X 1165315  Y 1196496
X 1165315  Y 1200433
X 1165315  Y 1204370
X 1167500  Y 1186500
X 1169252  Y 1200433
X 1169252  Y 1196496
X 1173189  Y 1196496
X 1173189  Y 1200433
X 1175600  Y 1209600
X 1177000  Y 1196495
X 1177000  Y 1192000
X 1177000  Y 1200433
X 1177000  Y 1204370
X 1179000  Y 1209500
X 1181063  Y 1200433
X 1181063  Y 1204370
X 1181063  Y 1196496
X 1184900  Y 1204370
X 1188600  Y 1208300
X 1188937  Y 1200433
X 1188937  Y 1196496
X 1188937  Y 1204370
X 1192874  Y 1200433
X 1192874  Y 1196496
X 1192874  Y 1204370
X 1193000  Y 1188000
X 1193600  Y 1208800
X 1196500  Y 1196000
X 1197000  Y 1200433
X 1197000  Y 1204370
X 1197500  Y 1210300
X 1200000  Y 1188000
X 1200796  Y 1196496
X 1200800  Y 1200433
X 1200800  Y 1204370
X 1200800  Y 1208200
X 1204533  Y 1200433
X 1204600  Y 1196496
X 1204684  Y 1204370
X 1204800  Y 1208400
X 1206500  Y 1187500
X 1208400  Y 1200433
X 1208600  Y 1196496
X 1208600  Y 1208300
X 1208621  Y 1204370
X 1212433  Y 1200433
X 1212500  Y 1196496
X 1212559  Y 1204370
X 1216100  Y 1208500
X 1216496  Y 1196496
X 1216496  Y 1188622
X 1216496  Y 1192559
X 1216496  Y 1204370
X 1219900  Y 1208300
X 1220296  Y 1200433
X 1220296  Y 1196496
X 1220433  Y 1188622
X 1220433  Y 1192559
X 1220600  Y 1204370
X 1224370  Y 1196496
X 1224370  Y 1200433
X 1224370  Y 1192559
X 1224370  Y 1188622
X 1224370  Y 1204370
X 1228307  Y 1196496
X 1229400  Y 1201500
X 1229500  Y 1207000
X 1231400  Y 1203400
X 1237900  Y 1208270
X 1244100  Y 1189600
X 1252900  Y 1202000
X 1267000  Y 1192000
X 1295500  Y 1193500
X 1295500  Y 1199000
X 1295500  Y 1204500
X 1295500  Y 1210000
X 1350700  Y 1200700
X 1390600  Y 1208500
X 1399000  Y 1198500
X 1402400  Y 1198200
X 1408700  Y 1198700
X 1418100  Y 1198200
X 1421300  Y 1198200
X 1451600  Y 1192200
X 1454400  Y 1207600
X 1460600  Y 1207600
X 1460800  Y 1188600
X 1460800  Y 1192600
X 1463400  Y 1230000
X 1463400  Y 1233100
X 1406000  Y 1233000
X 1392000  Y 1233000
X 1390500  Y 1213500
X 1381000  Y 1236100
X 1378500  Y 1234800
X 1371500  Y 1223500
X 1371500  Y 1226200
X 1350500  Y 1211500
X 1321121  Y 1228639
X 1318478  Y 1228695
X 1304000  Y 1219000
X 1295500  Y 1221000
X 1295500  Y 1215500
X 1269000  Y 1212000
X 1268500  Y 1216500
X 1235500  Y 1224500
X 1235500  Y 1214500
X 1228000  Y 1224000
X 1215000  Y 1229000
X 1214900  Y 1235800
X 1210500  Y 1230500
X 1209900  Y 1213000
X 1204400  Y 1213200
X 1197200  Y 1224800
X 1194100  Y 1224000
X 1192800  Y 1221500
X 1188900  Y 1220400
X 1187200  Y 1222700
X 1185500  Y 1236400
X 1185004  Y 1220873
X 1183000  Y 1222700
X 1181500  Y 1236400
X 1179600  Y 1221900
X 1176900  Y 1223500
X 1172300  Y 1214300
X 1153500  Y 1215000
X 1116600  Y 1224000
X 1102000  Y 1224000
X 1097000  Y 1213500
X 1043300  Y 1220100
X 1043300  Y 1216900
X 1043300  Y 1214000
X 1021000  Y 1217000
X 1015000  Y 1234500
X 1015000  Y 1225500
X 1008700  Y 1220100
X 1008700  Y 1213800
X 1095000  Y 1251000
X 1100700  Y 1242800
X 1116500  Y 1242500
X 1136300  Y 1244500
X 1138600  Y 1241500
X 1140600  Y 1245500
X 1142500  Y 1241500
X 1144500  Y 1244500
X 1146400  Y 1241200
X 1148400  Y 1244500
X 1152800  Y 1242600
X 1157800  Y 1244500
X 1160100  Y 1241500
X 1162000  Y 1244500
X 1164000  Y 1241500
X 1166000  Y 1246800
X 1168500  Y 1244500
X 1171800  Y 1248400
X 1174500  Y 1246500
X 1178600  Y 1239700
X 1183500  Y 1238400
X 1189800  Y 1241600
X 1192300  Y 1245500
X 1198900  Y 1244500
X 1212500  Y 1256500
X 1212500  Y 1246500
X 1212500  Y 1241500
X 1212500  Y 1251500
X 1213400  Y 1261400
X 1215000  Y 1259000
X 1215000  Y 1249000
X 1215000  Y 1254000
X 1216000  Y 1244000
X 1240500  Y 1249000
X 1242000  Y 1254000
X 1242500  Y 1251000
X 1242500  Y 1259000
X 1244500  Y 1256500
X 1258500  Y 1258000
X 1263400  Y 1255000
X 1265800  Y 1257700
X 1268500  Y 1257700
X 1268500  Y 1255000
X 1271100  Y 1257700
X 1288500  Y 1256500
X 1292500  Y 1256500
X 1298000  Y 1256500
X 1305747  Y 1237514
X 1310000  Y 1254800
X 1313000  Y 1237900
X 1315491  Y 1237638
X 1318382  Y 1237482
X 1318675  Y 1252833
X 1321062  Y 1237482
X 1325774  Y 1258372
X 1327243  Y 1237143
X 1329074  Y 1258372
X 1336000  Y 1254200
X 1339000  Y 1237500
X 1344570  Y 1237500
X 1366000  Y 1251400
X 1402400  Y 1255600
X 1403400  Y 1239400
X 1407500  Y 1247000
X 1407700  Y 1254800
X 1410800  Y 1236700
X 1410900  Y 1240800
X 1427500  Y 1251700
X 1430500  Y 1238500
X 1431800  Y 1240900
X 1434900  Y 1241200
X 1436400  Y 1249400
X 1453300  Y 1250600
X 1454100  Y 1258300
X 1454400  Y 1247300
X 1456900  Y 1260100
X 1463600  Y 1261400
X 1463600  Y 1258200
X 1476000  Y 1242520
X 1476000  Y 1239370
X 1476000  Y 1252000
X 1476000  Y 1249000
X 1476000  Y 1245500
X 1476700  Y 1276300
X 1475700  Y 1273700
X 1475700  Y 1283500
X 1475500  Y 1267700
X 1475500  Y 1270900
X 1439600  Y 1274600
X 1438000  Y 1283000
X 1435600  Y 1280200
X 1435200  Y 1277000
X 1372906  Y 1265899
X 1355145  Y 1282524
X 1355071  Y 1279544
X 1355054  Y 1276692
X 1346300  Y 1279800
X 1329900  Y 1272900
X 1328500  Y 1283000
X 1326700  Y 1273000
X 1325000  Y 1283000
X 1321600  Y 1272900
X 1316600  Y 1283500
X 1316500  Y 1265500
X 1313000  Y 1263500
X 1309900  Y 1262100
X 1282500  Y 1262500
X 1258500  Y 1271000
X 1244500  Y 1261500
X 1244500  Y 1266500
X 1244500  Y 1271500
X 1244500  Y 1276500
X 1244400  Y 1285100
X 1244000  Y 1281500
X 1242500  Y 1264000
X 1241500  Y 1269000
X 1241500  Y 1274000
X 1241500  Y 1279000
X 1215000  Y 1269000
X 1215000  Y 1264000
X 1214500  Y 1274000
X 1214500  Y 1279000
X 1213900  Y 1283700
X 1212000  Y 1266500
X 1211500  Y 1271500
X 1211500  Y 1276500
X 1147000  Y 1281500
X 1147000  Y 1276000
X 1122200  Y 1281200
X 1122100  Y 1276300
X 1112200  Y 1281500
X 1111800  Y 1276200
X 1095500  Y 1275500
X 1094800  Y 1280700
X 1071500  Y 1278500
X 1069500  Y 1275000
X 1114100  Y 1296700
X 1160000  Y 1303100
X 1209900  Y 1297900
X 1216000  Y 1289600
X 1226500  Y 1290800
X 1244400  Y 1288400
X 1260800  Y 1289300
X 1263300  Y 1290400
X 1265900  Y 1289300
X 1270400  Y 1289800
X 1273300  Y 1289700
X 1290900  Y 1290100
X 1312800  Y 1289100
X 1314500  Y 1307500
X 1319000  Y 1307500
X 1329500  Y 1307500
X 1332300  Y 1307700
X 1340392  Y 1289500
X 1344500  Y 1303000
X 1435800  Y 1308700
X 1439500  Y 1286600
X 1440600  Y 1291500
X 1463500  Y 1308500
X 1475700  Y 1286800
X 1463548  Y 1337020
X 1463500  Y 1312000
X 1463500  Y 1317500
X 1463500  Y 1349400
X 1463500  Y 1340100
X 1463491  Y 1346320
X 1463400  Y 1314700
X 1462000  Y 1325000
X 1462000  Y 1321260
X 1462000  Y 1328500
X 1458000  Y 1314500
X 1440000  Y 1311800
X 1439800  Y 1318100
X 1439400  Y 1330600
X 1439300  Y 1324500
X 1436100  Y 1333000
X 1435900  Y 1321300
X 1435800  Y 1327300
X 1435700  Y 1315200
X 1432500  Y 1335200
X 1388100  Y 1446700
X 1388200  Y 1449400
X 1390000  Y 1432300
X 1394200  Y 1459100
X 1398800  Y 1432700
X 1401000  Y 1427500
X 1403100  Y 1430500
X 1405100  Y 1432900
X 1411700  Y 1453800
X 1412500  Y 1457300
X 1413600  Y 1433000
X 1415000  Y 1448300
X 1424100  Y 1454300
X 1431300  Y 1466000
X 1394000  Y 1476100
X 1389300  Y 1486500
X 1386000  Y 1474500
Drill: .012  Tool: 3  Feed: 95  Speed: 300
X 1072200  Y 1049400
X 1136600  Y 1027900
X 1141000  Y 1028500
X 1155400  Y 1057600
X 1167000  Y 1056000
X 1171000  Y 1031000
X 1174000  Y 1035000
X 1178000  Y 1045000
X 1187500  Y 1035000
X 1187500  Y 1048500
X 1193000  Y 1030500
X 1197000  Y 1035000
X 1198000  Y 1049500
X 1204500  Y 1031000
X 1205000  Y 1049500
X 1244500  Y 1038500
X 1254000  Y 1031500
X 1255500  Y 1046000
X 1257000  Y 1036500
X 1263900  Y 1031500
X 1277000  Y 1046500
X 1283500  Y 1045000
X 1283600  Y 1031300
X 1286900  Y 1036500
X 1293300  Y 1031600
X 1296900  Y 1042600
X 1303000  Y 1031600
X 1306500  Y 1036500
X 1429400  Y 1052500
X 1432200  Y 1047600
X 1442500  Y 1059500
X 1443700  Y 1052500
X 1451500  Y 1048500
X 1460500  Y 1048700
X 1466900  Y 1049700
X 1463200  Y 1081400
X 1463000  Y 1070400
X 1448000  Y 1066000
X 1446000  Y 1068500
X 1446000  Y 1082100
X 1444000  Y 1066000
X 1439500  Y 1066000
X 1428700  Y 1081400
X 1425000  Y 1063000
X 1419600  Y 1081500
X 1403600  Y 1080500
X 1380400  Y 1076000
X 1376200  Y 1085200
X 1365500  Y 1077500
X 1359000  Y 1079000
X 1353500  Y 1079000
X 1348200  Y 1079000
X 1343600  Y 1079000
X 1339000  Y 1079000
X 1334600  Y 1079000
X 1329400  Y 1079000
X 1324000  Y 1079600
X 1318000  Y 1079600
X 1307000  Y 1079000
X 1300500  Y 1079000
X 1286100  Y 1081900
X 1272500  Y 1078000
X 1266000  Y 1078600
X 1259700  Y 1064500
X 1257500  Y 1078500
X 1256600  Y 1064500
X 1235500  Y 1070500
X 1226500  Y 1063500
X 1211700  Y 1063400
X 1204800  Y 1064500
X 1200800  Y 1064500
X 1197000  Y 1064500
X 1195000  Y 1078000
X 1191500  Y 1078098
X 1187948  Y 1078098
X 1175000  Y 1071500
X 1175000  Y 1066500
X 1175000  Y 1061500
X 1171500  Y 1061500
X 1171500  Y 1066500
X 1171500  Y 1071500
X 1169897  Y 1080152
X 1169500  Y 1085000
X 1168200  Y 1066500
X 1168200  Y 1071500
X 1168200  Y 1061500
X 1154500  Y 1085500
X 1083900  Y 1084100
X 1083500  Y 1067000
X 1050200  Y 1073700
X 1049500  Y 1070000
X 1026000  Y 1073000
X 1025900  Y 1087300
X 1061100  Y 1099800
X 1083800  Y 1098700
X 1095700  Y 1102500
X 1145376  Y 1105261
X 1148400  Y 1100800
X 1149486  Y 1105261
X 1151800  Y 1100700
X 1155400  Y 1100700
X 1169700  Y 1100800
X 1174000  Y 1095400
X 1174000  Y 1099700
X 1174600  Y 1088500
X 1191000  Y 1086500
X 1196200  Y 1092000
X 1201500  Y 1086500
X 1202000  Y 1090600
X 1206000  Y 1090400
X 1246500  Y 1105000
X 1249500  Y 1097500
X 1259000  Y 1108000
X 1267000  Y 1108000
X 1286000  Y 1103500
X 1286000  Y 1098000
X 1286100  Y 1087100
X 1286200  Y 1092500
X 1286500  Y 1108900
X 1295500  Y 1103500
X 1295500  Y 1108500
X 1303000  Y 1090000
X 1307000  Y 1090000
X 1318000  Y 1090000
X 1324000  Y 1090000
X 1329500  Y 1090000
X 1339000  Y 1089800
X 1343400  Y 1089800
X 1356500  Y 1101000
X 1356500  Y 1106500
X 1365500  Y 1087500
X 1366000  Y 1106500
X 1366000  Y 1103000
X 1366500  Y 1094000
X 1367000  Y 1099500
X 1369500  Y 1106500
X 1383600  Y 1110400
X 1385000  Y 1095200
X 1389900  Y 1105500
X 1389900  Y 1110300
X 1402600  Y 1102500
X 1421100  Y 1110600
X 1421200  Y 1100500
X 1421200  Y 1105500
X 1421200  Y 1095500
X 1429050  Y 1088030
X 1429500  Y 1110500
X 1432000  Y 1106500
X 1442990  Y 1088000
X 1443500  Y 1101000
X 1449400  Y 1093000
X 1449400  Y 1088000
X 1452200  Y 1106100
X 1463130  Y 1088000
X 1464500  Y 1123500
X 1463220  Y 1131900
X 1449200  Y 1128800
X 1448500  Y 1122800
X 1446900  Y 1132600
X 1444000  Y 1122700
X 1443000  Y 1135500
X 1429500  Y 1134500
X 1429500  Y 1123200
X 1429400  Y 1128000
X 1425400  Y 1120800
X 1394400  Y 1113600
X 1383600  Y 1123700
X 1382000  Y 1132000
X 1381900  Y 1135700
X 1366500  Y 1128500
X 1366000  Y 1134000
X 1356500  Y 1128500
X 1356500  Y 1134000
X 1296000  Y 1120000
X 1295500  Y 1131000
X 1295500  Y 1125500
X 1295500  Y 1114500
X 1286500  Y 1131000
X 1286500  Y 1120000
X 1286500  Y 1115500
X 1286100  Y 1125500
X 1273200  Y 1128000
X 1273200  Y 1133500
X 1263600  Y 1135500
X 1246000  Y 1120800
X 1242800  Y 1135500
X 1192000  Y 1116000
X 1153700  Y 1119000
X 1152500  Y 1114800
X 1149600  Y 1117800
X 1133300  Y 1115200
X 1119000  Y 1131500
X 1109300  Y 1131500
X 1084700  Y 1112600
X 1049800  Y 1132600
X 1026000  Y 1135000
X 1026000  Y 1149800
X 1050800  Y 1136500
X 1083300  Y 1154400
X 1134600  Y 1144600
X 1233200  Y 1150800
X 1234600  Y 1158000
X 1258500  Y 1149600
X 1264200  Y 1157700
X 1265500  Y 1161100
X 1273200  Y 1139000
X 1273200  Y 1144500
X 1312291  Y 1147315
X 1312700  Y 1157300
X 1315668  Y 1147352
X 1318500  Y 1157000
X 1321493  Y 1156989
X 1324400  Y 1147100
X 1336500  Y 1148000
X 1339000  Y 1157200
X 1344500  Y 1157200
X 1350000  Y 1157200
X 1350000  Y 1147800
X 1355900  Y 1147800
X 1356000  Y 1157200
X 1360000  Y 1157400
X 1365000  Y 1146400
X 1384000  Y 1141000
X 1385678  Y 1137549
X 1409800  Y 1141000
X 1424400  Y 1143800
X 1453000  Y 1139000
X 1442700  Y 1183600
X 1442200  Y 1164700
X 1442200  Y 1167900
X 1420500  Y 1163000
X 1420500  Y 1173248
X 1410000  Y 1163000
X 1410000  Y 1173200
X 1397000  Y 1164600
X 1387800  Y 1181300
X 1372200  Y 1174400
X 1366500  Y 1174600
X 1366500  Y 1185500
X 1358000  Y 1171300
X 1352500  Y 1171300
X 1347000  Y 1171300
X 1341900  Y 1170000
X 1335500  Y 1170100
X 1329500  Y 1170000
X 1324000  Y 1170000
X 1318000  Y 1170000
X 1312500  Y 1170000
X 1305500  Y 1170000
X 1298600  Y 1164700
X 1297500  Y 1169400
X 1286500  Y 1162000
X 1286200  Y 1171500
X 1286200  Y 1176900
X 1286200  Y 1182500
X 1250700  Y 1172900
X 1245800  Y 1164600
X 1244500  Y 1172800
X 1073500  Y 1176484
X 1069600  Y 1182000
X 1062900  Y 1175700
X 1062900  Y 1169200
X 1022600  Y 1167100
X 1021500  Y 1178000
X 1022000  Y 1207000
X 1026000  Y 1189500
X 1061400  Y 1201600
X 1138000  Y 1209000
X 1286200  Y 1188100
X 1286500  Y 1193500
X 1286500  Y 1199000
X 1286500  Y 1204500
X 1286500  Y 1210000
X 1328000  Y 1205000
X 1329500  Y 1209500
X 1356500  Y 1196500
X 1357000  Y 1191500
X 1366500  Y 1191000
X 1366500  Y 1196500
X 1366500  Y 1202400
X 1369500  Y 1206900
X 1381000  Y 1195000
X 1384000  Y 1197500
X 1384000  Y 1200500
X 1387500  Y 1187000
X 1411900  Y 1198200
X 1415000  Y 1198200
X 1419800  Y 1187000
X 1423000  Y 1208500
X 1454000  Y 1189000
X 1476500  Y 1236000
X 1457900  Y 1235100
X 1423000  Y 1213400
X 1423000  Y 1218400
X 1423000  Y 1223500
X 1411100  Y 1223800
X 1403000  Y 1212500
X 1391400  Y 1218300
X 1391200  Y 1223500
X 1383905  Y 1230975
X 1383600  Y 1222200
X 1383500  Y 1212500
X 1383500  Y 1217800
X 1381500  Y 1225500
X 1367000  Y 1225000
X 1366500  Y 1218000
X 1366500  Y 1230500
X 1366500  Y 1213000
X 1366100  Y 1234900
X 1356500  Y 1213000
X 1356500  Y 1218000
X 1356500  Y 1230500
X 1354500  Y 1225000
X 1325900  Y 1213600
X 1286500  Y 1221000
X 1286500  Y 1215500
X 1273200  Y 1223500
X 1273200  Y 1218000
X 1273200  Y 1234500
X 1273200  Y 1228700
X 1264100  Y 1214000
X 1263600  Y 1228000
X 1244700  Y 1214000
X 1242400  Y 1228100
X 1232000  Y 1213700
X 1231900  Y 1224100
X 1212500  Y 1226100
X 1132400  Y 1229300
X 1127700  Y 1215100
X 1025900  Y 1229300
X 1023300  Y 1213400
X 1030400  Y 1241100
X 1030400  Y 1255800
X 1040400  Y 1255800
X 1132600  Y 1237900
X 1242630  Y 1237300
X 1256400  Y 1245600
X 1263800  Y 1237500
X 1268500  Y 1242000
X 1275600  Y 1242000
X 1283500  Y 1242100
X 1285500  Y 1246500
X 1297242  Y 1237548
X 1304500  Y 1255500
X 1313000  Y 1247000
X 1318500  Y 1247500
X 1339000  Y 1247500
X 1344500  Y 1247500
X 1350000  Y 1237500
X 1350000  Y 1247500
X 1356000  Y 1237500
X 1356000  Y 1247500
X 1385000  Y 1247000
X 1392000  Y 1247000
X 1420100  Y 1239500
X 1476000  Y 1255100
X 1475500  Y 1280500
X 1475500  Y 1264500
X 1458000  Y 1284000
X 1458000  Y 1299000
X 1388500  Y 1305500
X 1388500  Y 1310000
X 1364525  Y 1286011
X 1347825  Y 1296500
X 1344000  Y 1266000
X 1338500  Y 1266000
X 1333000  Y 1266000
X 1305400  Y 1271000
X 1305200  Y 1289300
X 1300500  Y 1306000
X 1299500  Y 1275000
X 1297500  Y 1271000
X 1292500  Y 1306000
X 1292500  Y 1276000
X 1276200  Y 1289300
X 1274600  Y 1274600
X 1274500  Y 1306000
X 1273500  Y 1272000
X 1266600  Y 1274800
X 1266500  Y 1306000
X 1265900  Y 1271700
X 1258500  Y 1306500
X 1254500  Y 1306500
X 1165300  Y 1288000
X 1053543  Y 1272047
X 1053543  Y 1282283
X 1408000  Y 1353500
X 1420500  Y 1342000
X 1420500  Y 1347500
X 1422000  Y 1359000
X 1425500  Y 1347500
X 1425500  Y 1342000
X 1427000  Y 1359000
X 1431000  Y 1342000
X 1431000  Y 1347500
X 1431500  Y 1359000
X 1440500  Y 1344000
X 1440500  Y 1356000
X 1440500  Y 1352500
X 1440500  Y 1349500
X 1458100  Y 1337500
X 1462900  Y 1359000
X 1462900  Y 1355800
X 1476000  Y 1365400
X 1462800  Y 1368400
X 1462800  Y 1362200
X 1462500  Y 1387500
X 1461000  Y 1390500
X 1458300  Y 1362700
X 1458100  Y 1377300
X 1457500  Y 1390500
X 1442500  Y 1387500
X 1440500  Y 1368500
X 1440500  Y 1365400
X 1437500  Y 1390000
X 1432500  Y 1387500
X 1431500  Y 1363500
X 1429500  Y 1401000
X 1429500  Y 1405500
X 1427500  Y 1390000
X 1427000  Y 1363500
X 1425000  Y 1387500
X 1425000  Y 1401000
X 1425000  Y 1410000
X 1425000  Y 1405500
X 1422000  Y 1363500
X 1422000  Y 1372000
X 1422000  Y 1368000
X 1420000  Y 1401000
X 1420000  Y 1410000
X 1420000  Y 1405500
X 1416500  Y 1393500
X 1410000  Y 1402500
X 1410000  Y 1410000
X 1405000  Y 1410000
X 1405000  Y 1402500
X 1400000  Y 1410000
X 1400000  Y 1402500
X 1396500  Y 1402500
X 1396500  Y 1410000
X 1392500  Y 1410000
X 1392500  Y 1402500
X 1383000  Y 1408500
X 1383000  Y 1398500
X 1383000  Y 1403500
X 1381000  Y 1393500
X 1381000  Y 1389000
X 1377500  Y 1398500
X 1377500  Y 1408500
X 1377500  Y 1403500
X 1376000  Y 1393500
X 1355000  Y 1387500
X 1350000  Y 1387500
X 1348000  Y 1382500
X 1345000  Y 1370000
X 1345000  Y 1385000
X 1345000  Y 1380000
X 1345000  Y 1375000
X 1359000  Y 1455000
X 1367400  Y 1455000
X 1376500  Y 1423500
X 1376500  Y 1418500
X 1376500  Y 1413500
X 1384000  Y 1458600
X 1385000  Y 1427500
X 1390000  Y 1435500
X 1397500  Y 1447500
X 1397500  Y 1442500
X 1398000  Y 1456700
X 1402500  Y 1447500
X 1402500  Y 1442500
X 1405000  Y 1440000
X 1405600  Y 1456700
X 1407500  Y 1442500
X 1407500  Y 1447500
X 1409000  Y 1455900
X 1416100  Y 1454100
X 1418000  Y 1427500
X 1427000  Y 1420500
X 1427000  Y 1414500
X 1434000  Y 1458500
X 1438500  Y 1457000
X 1412500  Y 1471000
X 1408500  Y 1472000
X 1403000  Y 1474000
X 1402600  Y 1490800
X 1398000  Y 1471500
X 1390000  Y 1474400
X 1386500  Y 1478000
X 1371600  Y 1469700
Drill: .034  Tool: 4  Feed: 197  Speed: 550
X 1123000  Y 1036500
X 1123000  Y 1046500
X 1123000  Y 1056500
X 1123000  Y 1066500
X 1123000  Y 1076500
X 1236000  Y 1253900
X 1236000  Y 1243900
X 1236000  Y 1263900
X 1236000  Y 1283900
X 1236000  Y 1273900
Drill: .04  Tool: 5  Feed: 139  Speed: 550
X 1350800  Y 1040000
X 1360800  Y 1040000
X 1370800  Y 1040000
X 1380800  Y 1040000
X 1390800  Y 1040000
X 1400800  Y 1040000
Drill: .04  Tool: 6  Feed: 139  Speed: 550
X 1036557  Y 1071843
X 1036557  Y 1229834
X 1468683  Y 1220217
X 1468683  Y 1378208
Drill: .096  Tool: 7  Feed: 66  Speed: 550
X 1123000  Y 1011500
X 1236000  Y 1308900
Drill: .12795  Tool: 8  Feed: 35  Speed: 794
X 1345622  Y 1016142
X 1373181  Y 1483858
Drill: .15748  Tool: 9  Feed: 35  Speed: 900
X 1037277  Y 1023535
X 1450663  Y 1023535
X 1450663  Y 1476291
X 1016805  Y 1275503
End of Listing
