Drill Listing
=============
Drill: .012  Tool: 1  Feed: 95  Speed: 300
X 1144000  Y 1118000
X 1144000  Y 1122000
X 1181400  Y 1166600
X 1187400  Y 1176000
X 1183700  Y 1181100
X 1118200  Y 1280300
X 1180900  Y 1282300
X 1183600  Y 1285600
X 1190000  Y 1292000
X 1196500  Y 1179100
Drill: .01969  Tool: 2  Feed: 95  Speed: 300
X 1055019  Y 1190220
X 1062893  Y 1190614
X 1055019  Y 1195732
X 1062893  Y 1196125
X 1055019  Y 1201243
X 1062893  Y 1201637
X 1055019  Y 1206755
X 1062893  Y 1207149
X 1055019  Y 1212267
X 1062893  Y 1212661
X 1055019  Y 1217779
X 1062893  Y 1218173
X 1055019  Y 1223291
X 1062893  Y 1223684
X 1055019  Y 1228802
X 1062893  Y 1229196
X 1055019  Y 1234314
X 1062893  Y 1234708
X 1055019  Y 1239826
X 1062893  Y 1240220
X 1055019  Y 1245338
X 1062893  Y 1245732
X 1055019  Y 1250850
X 1062893  Y 1251243
X 1055019  Y 1256362
X 1062893  Y 1256755
X 1055019  Y 1261873
X 1062893  Y 1262267
X 1055019  Y 1267385
X 1062893  Y 1267779
X 1078641  Y 1267779
X 1070767  Y 1267385
X 1086515  Y 1267385
X 1078641  Y 1262267
X 1070767  Y 1261873
X 1086515  Y 1261873
X 1078641  Y 1256755
X 1070767  Y 1256362
X 1086515  Y 1256362
X 1078641  Y 1251243
X 1086515  Y 1250850
X 1070767  Y 1250850
X 1078641  Y 1245732
X 1086515  Y 1245338
X 1070767  Y 1245338
X 1078641  Y 1240220
X 1086515  Y 1239826
X 1070767  Y 1239826
X 1078641  Y 1234708
X 1086515  Y 1234314
X 1070767  Y 1234314
X 1078641  Y 1229196
X 1086515  Y 1228802
X 1070767  Y 1228802
X 1078641  Y 1223684
X 1070767  Y 1223291
X 1086515  Y 1223291
X 1078641  Y 1218173
X 1070767  Y 1217779
X 1086515  Y 1217779
X 1078641  Y 1212661
X 1086515  Y 1212267
X 1070767  Y 1212267
X 1078641  Y 1207149
X 1086515  Y 1206755
X 1070767  Y 1206755
X 1078641  Y 1201637
X 1086515  Y 1201243
X 1070767  Y 1201243
X 1078641  Y 1196125
X 1086515  Y 1195732
X 1070767  Y 1195732
X 1078641  Y 1190614
X 1086515  Y 1190220
X 1070767  Y 1190220
X 1102263  Y 1190220
X 1110137  Y 1190614
X 1094389  Y 1190614
X 1102263  Y 1195732
X 1110137  Y 1196125
X 1094389  Y 1196125
X 1102263  Y 1201243
X 1094389  Y 1201637
X 1110137  Y 1201637
X 1102263  Y 1206755
X 1110137  Y 1207149
X 1094389  Y 1207149
X 1102263  Y 1212267
X 1094389  Y 1212661
X 1110137  Y 1212661
X 1102263  Y 1217779
X 1094389  Y 1218173
X 1110137  Y 1218173
X 1102263  Y 1223291
X 1094389  Y 1223684
X 1110137  Y 1223684
X 1102263  Y 1228802
X 1094389  Y 1229196
X 1110137  Y 1229196
X 1102263  Y 1234314
X 1110137  Y 1234708
X 1094389  Y 1234708
X 1102263  Y 1239826
X 1110137  Y 1240220
X 1094389  Y 1240220
X 1102263  Y 1245338
X 1094389  Y 1245732
X 1110137  Y 1245732
X 1102263  Y 1250850
X 1110137  Y 1251243
X 1094389  Y 1251243
X 1102263  Y 1256362
X 1094389  Y 1256755
X 1110137  Y 1256755
X 1102263  Y 1261873
X 1094389  Y 1262267
X 1110137  Y 1262267
X 1102263  Y 1267385
X 1094389  Y 1267779
X 1110137  Y 1267779
X 1125886  Y 1267779
X 1118011  Y 1267385
X 1125886  Y 1262267
X 1118011  Y 1261873
X 1125886  Y 1256755
X 1118011  Y 1256362
X 1125886  Y 1251243
X 1118011  Y 1250850
X 1125886  Y 1245732
X 1118011  Y 1245338
X 1125886  Y 1240220
X 1118011  Y 1239826
X 1125886  Y 1234708
X 1118011  Y 1234314
X 1125886  Y 1229196
X 1118011  Y 1228802
X 1125886  Y 1223684
X 1118011  Y 1223291
X 1125886  Y 1218173
X 1118011  Y 1217779
X 1125886  Y 1212661
X 1118011  Y 1212267
X 1125886  Y 1207149
X 1118011  Y 1206755
X 1125886  Y 1201637
X 1118011  Y 1201243
X 1125886  Y 1196125
X 1118011  Y 1195732
X 1125886  Y 1190614
X 1118011  Y 1190220
X 1157578  Y 1190220
X 1141830  Y 1190220
X 1149704  Y 1190614
X 1141830  Y 1195732
X 1157578  Y 1195732
X 1149704  Y 1196125
X 1141830  Y 1201243
X 1157578  Y 1201243
X 1149704  Y 1201637
X 1141830  Y 1206755
X 1157578  Y 1206755
X 1149704  Y 1207149
X 1141830  Y 1212267
X 1157578  Y 1212267
X 1149704  Y 1212661
X 1141830  Y 1217779
X 1157578  Y 1217779
X 1149704  Y 1218173
X 1141830  Y 1223291
X 1157578  Y 1223291
X 1149704  Y 1223684
X 1141830  Y 1228802
X 1157578  Y 1228802
X 1149704  Y 1229196
X 1141830  Y 1234314
X 1157578  Y 1234314
X 1149704  Y 1234708
X 1141830  Y 1239826
X 1157578  Y 1239826
X 1149704  Y 1240220
X 1141830  Y 1245338
X 1157578  Y 1245338
X 1149704  Y 1245732
X 1141830  Y 1250850
X 1157578  Y 1250850
X 1149704  Y 1251243
X 1141830  Y 1256362
X 1157578  Y 1256362
X 1149704  Y 1256755
X 1141830  Y 1261873
X 1157578  Y 1261873
X 1149704  Y 1262267
X 1141830  Y 1267385
X 1157578  Y 1267385
X 1149704  Y 1267779
X 1165452  Y 1267779
X 1181200  Y 1267779
X 1173326  Y 1267385
X 1189074  Y 1267385
X 1165452  Y 1262267
X 1181200  Y 1262267
X 1173326  Y 1261873
X 1189074  Y 1261873
X 1165452  Y 1256755
X 1181200  Y 1256755
X 1173326  Y 1256362
X 1189074  Y 1256362
X 1181200  Y 1251243
X 1165452  Y 1251243
X 1189074  Y 1250850
X 1173326  Y 1250850
X 1181200  Y 1245732
X 1165452  Y 1245732
X 1189074  Y 1245338
X 1173326  Y 1245338
X 1181200  Y 1240220
X 1165452  Y 1240220
X 1173326  Y 1239826
X 1189074  Y 1239826
X 1165452  Y 1234708
X 1181200  Y 1234708
X 1173326  Y 1234314
X 1189074  Y 1234314
X 1165452  Y 1229196
X 1181200  Y 1229196
X 1189074  Y 1228802
X 1173326  Y 1228802
X 1165452  Y 1223684
X 1181200  Y 1223684
X 1189074  Y 1223291
X 1173326  Y 1223291
X 1181200  Y 1218173
X 1165452  Y 1218173
X 1189074  Y 1217779
X 1173326  Y 1217779
X 1181200  Y 1212661
X 1165452  Y 1212661
X 1173326  Y 1212267
X 1189074  Y 1212267
X 1165452  Y 1207149
X 1181200  Y 1207149
X 1173326  Y 1206755
X 1189074  Y 1206755
X 1181200  Y 1201637
X 1165452  Y 1201637
X 1189074  Y 1201243
X 1173326  Y 1201243
X 1181200  Y 1196125
X 1165452  Y 1196125
X 1189074  Y 1195732
X 1173326  Y 1195732
X 1181200  Y 1190614
X 1165452  Y 1190614
X 1189074  Y 1190220
X 1173326  Y 1190220
X 1204822  Y 1190220
X 1196948  Y 1190614
X 1212697  Y 1190614
X 1204822  Y 1195732
X 1212697  Y 1196125
X 1196948  Y 1196125
X 1204822  Y 1201243
X 1212697  Y 1201637
X 1196948  Y 1201637
X 1204822  Y 1206755
X 1212697  Y 1207149
X 1196948  Y 1207149
X 1204822  Y 1212267
X 1212697  Y 1212661
X 1196948  Y 1212661
X 1204822  Y 1217779
X 1196948  Y 1218173
X 1212697  Y 1218173
X 1204822  Y 1223291
X 1196948  Y 1223684
X 1212697  Y 1223684
X 1204822  Y 1228802
X 1212697  Y 1229196
X 1196948  Y 1229196
X 1204822  Y 1234314
X 1196948  Y 1234708
X 1212697  Y 1234708
X 1204822  Y 1239826
X 1196948  Y 1240220
X 1212697  Y 1240220
X 1204822  Y 1245338
X 1212697  Y 1245732
X 1196948  Y 1245732
X 1204822  Y 1250850
X 1212697  Y 1251243
X 1196948  Y 1251243
X 1204822  Y 1256362
X 1212697  Y 1256755
X 1196948  Y 1256755
X 1204822  Y 1261873
X 1212697  Y 1262267
X 1196948  Y 1262267
X 1204822  Y 1267385
X 1212697  Y 1267779
X 1196948  Y 1267779
Drill: .02  Tool: 3  Feed: 197  Speed: 550
X 1056500  Y 1082000
X 1042500  Y 1089500
X 1071000  Y 1089500
X 1071000  Y 1110500
X 1042500  Y 1110500
X 1056500  Y 1118000
X 1058000  Y 1314000
X 1089000  Y 1320500
X 1072360  Y 1321000
X 1043860  Y 1321000
X 1043860  Y 1342000
X 1072360  Y 1342000
X 1057860  Y 1349500
X 1073000  Y 1373500
X 1042630  Y 1373550
X 1043640  Y 1394500
X 1072140  Y 1394500
X 1058140  Y 1402000
X 1104140  Y 1349000
X 1089640  Y 1341500
X 1119500  Y 1320500
X 1104000  Y 1314000
X 1177500  Y 1130810
X 1232000  Y 1160400
Drill: .037  Tool: 4  Feed: 197  Speed: 550
X 1175610  Y 1056750
X 1213890  Y 1056750
X 1175610  Y 1076250
X 1205000  Y 1086300
X 1232100  Y 1086500
X 1240890  Y 1056750
Drill: .04  Tool: 5  Feed: 139  Speed: 550
X 1063858  Y 1009859
X 1073858  Y 1009859
X 1083858  Y 1009859
X 1063858  Y 1019859
X 1073858  Y 1019859
X 1083858  Y 1019859
X 1073858  Y 1438141
X 1063858  Y 1438141
X 1083858  Y 1438141
X 1083858  Y 1448141
X 1063858  Y 1448141
X 1073858  Y 1448141
X 1093858  Y 1448141
X 1103858  Y 1448141
X 1113858  Y 1448141
X 1123858  Y 1448141
X 1133858  Y 1448141
X 1113858  Y 1438141
X 1103858  Y 1438141
X 1123858  Y 1438141
X 1093858  Y 1438141
X 1133858  Y 1438141
X 1113858  Y 1019859
X 1093858  Y 1019859
X 1103858  Y 1019859
X 1123858  Y 1019859
X 1133858  Y 1019859
X 1093858  Y 1009859
X 1123858  Y 1009859
X 1113858  Y 1009859
X 1133858  Y 1009859
X 1103858  Y 1009859
X 1143858  Y 1009859
X 1153858  Y 1009859
X 1163858  Y 1009859
X 1173858  Y 1009859
X 1183858  Y 1009859
X 1143858  Y 1019859
X 1153858  Y 1019859
X 1163858  Y 1019859
X 1173858  Y 1019859
X 1183858  Y 1019859
X 1163858  Y 1438141
X 1183858  Y 1438141
X 1173858  Y 1438141
X 1153858  Y 1438141
X 1143858  Y 1438141
X 1183858  Y 1448141
X 1153858  Y 1448141
X 1173858  Y 1448141
X 1163858  Y 1448141
X 1143858  Y 1448141
X 1193858  Y 1448141
X 1203858  Y 1448141
X 1193858  Y 1438141
X 1203858  Y 1438141
X 1193858  Y 1019859
X 1203858  Y 1019859
X 1203858  Y 1009859
X 1193858  Y 1009859
Drill: .10039  Tool: 6  Feed: 69  Speed: 658
X 1039370  Y 1165432
X 1228346  Y 1318975
Drill: .20276  Tool: 7  Feed: 0  Speed: 0
X 1039370  Y 1152244
X 1228346  Y 1305787
End of Listing
