Drill Listing
=============
Drill: .012  Tool: 1  Feed: 95  Speed: 300
X 1059400  Y 1057600
X 1045700  Y 1069500
X 1070000  Y 1117811
X 1067500  Y 1140311
X 1070900  Y 1172700
X 1070800  Y 1177000
X 1021500  Y 1244500
X 1021500  Y 1248500
X 1021500  Y 1268000
X 1021500  Y 1273000
X 1071000  Y 1295000
X 1033900  Y 1322700
X 1070800  Y 1326600
X 1038100  Y 1327100
X 1092000  Y 1425500
X 1088000  Y 1425200
X 1084500  Y 1411000
X 1092000  Y 1410500
X 1077500  Y 1295500
X 1087000  Y 1189811
X 1086000  Y 1181311
X 1078500  Y 1173311
X 1084000  Y 1165811
X 1083000  Y 1156811
X 1072500  Y 1156811
X 1088000  Y 1140311
X 1075000  Y 1136811
X 1085118  Y 1134311
X 1088500  Y 1121811
X 1082500  Y 1117811
X 1095000  Y 1117811
X 1074500  Y 1043500
X 1101500  Y 1117311
X 1113500  Y 1117811
X 1101000  Y 1126311
X 1117500  Y 1134311
X 1097500  Y 1134311
X 1105000  Y 1140311
X 1105000  Y 1156811
X 1117000  Y 1156811
X 1110000  Y 1156811
X 1101500  Y 1156811
X 1120500  Y 1160811
X 1098000  Y 1163811
X 1102500  Y 1166311
X 1113000  Y 1192811
X 1107800  Y 1288711
X 1120000  Y 1301000
X 1114500  Y 1410000
X 1099500  Y 1410500
X 1107000  Y 1410500
X 1099500  Y 1426000
X 1114500  Y 1426000
X 1107000  Y 1426000
X 1144500  Y 1426500
X 1129500  Y 1426000
X 1137000  Y 1426000
X 1122000  Y 1426000
X 1144500  Y 1411500
X 1129500  Y 1411000
X 1122000  Y 1410500
X 1137500  Y 1409500
X 1136000  Y 1308000
X 1141000  Y 1304500
X 1121500  Y 1297000
X 1126100  Y 1288411
X 1124500  Y 1195311
X 1129000  Y 1189811
X 1144500  Y 1186811
X 1132500  Y 1178811
X 1130500  Y 1171311
X 1127500  Y 1165811
X 1125000  Y 1158811
X 1135000  Y 1157311
X 1142500  Y 1156811
X 1142500  Y 1140311
X 1122500  Y 1138811
X 1142500  Y 1134311
X 1130000  Y 1134311
X 1126000  Y 1126311
X 1121500  Y 1117811
X 1135000  Y 1117811
X 1170000  Y 1117811
X 1157500  Y 1117811
X 1147000  Y 1117811
X 1164000  Y 1126811
X 1163500  Y 1132811
X 1147618  Y 1134311
X 1163000  Y 1140311
X 1155500  Y 1156811
X 1147000  Y 1156811
X 1160500  Y 1156811
X 1147000  Y 1181311
X 1167000  Y 1183811
X 1157500  Y 1190311
X 1167500  Y 1193811
X 1158500  Y 1299500
X 1168000  Y 1300500
X 1152000  Y 1409500
X 1167000  Y 1411000
X 1159500  Y 1411500
X 1159500  Y 1425700
X 1166500  Y 1425700
X 1152000  Y 1428500
X 1186400  Y 1425800
X 1174500  Y 1425700
X 1193300  Y 1425600
X 1179000  Y 1425400
X 1182000  Y 1411000
X 1174500  Y 1410500
X 1189500  Y 1410500
X 1197000  Y 1410000
X 1218400  Y 1404600
X 1201500  Y 1404000
X 1197900  Y 1309200
X 1192500  Y 1178811
X 1185000  Y 1157311
X 1172618  Y 1156811
X 1220000  Y 1155000
X 1196500  Y 1151000
X 1220000  Y 1145000
X 1203000  Y 1144500
X 1173000  Y 1140811
X 1185000  Y 1140311
X 1203500  Y 1139500
X 1220000  Y 1136000
X 1185118  Y 1134311
X 1176500  Y 1134311
X 1172500  Y 1134311
X 1220000  Y 1127500
X 1176500  Y 1126000
X 1220000  Y 1118500
X 1185000  Y 1117811
X 1198400  Y 1113800
X 1248000  Y 1118500
X 1248000  Y 1127500
X 1248000  Y 1136000
X 1248000  Y 1145000
X 1248000  Y 1155000
X 1240100  Y 1395000
Drill: .01969  Tool: 2  Feed: 95  Speed: 300
X 1070767  Y 1202031
X 1055019  Y 1202031
X 1062893  Y 1202425
X 1055019  Y 1207543
X 1070767  Y 1207543
X 1062893  Y 1207936
X 1055019  Y 1213054
X 1070767  Y 1213054
X 1062893  Y 1213448
X 1055019  Y 1218566
X 1070767  Y 1218566
X 1062893  Y 1218960
X 1055019  Y 1224078
X 1070767  Y 1224078
X 1062893  Y 1224472
X 1055019  Y 1229590
X 1070767  Y 1229590
X 1062893  Y 1229984
X 1055019  Y 1235102
X 1070767  Y 1235102
X 1062893  Y 1235495
X 1055019  Y 1240613
X 1070767  Y 1240613
X 1062893  Y 1241007
X 1055019  Y 1246125
X 1070767  Y 1246125
X 1062893  Y 1246519
X 1055019  Y 1251637
X 1070767  Y 1251637
X 1062893  Y 1252031
X 1055019  Y 1257149
X 1070767  Y 1257149
X 1062893  Y 1257543
X 1055019  Y 1262661
X 1070767  Y 1262661
X 1062893  Y 1263054
X 1055019  Y 1268173
X 1070767  Y 1268173
X 1062893  Y 1268566
X 1055019  Y 1273684
X 1070767  Y 1273684
X 1062893  Y 1274078
X 1055019  Y 1279196
X 1070767  Y 1279196
X 1062893  Y 1279590
X 1078641  Y 1279590
X 1094389  Y 1279590
X 1086515  Y 1279196
X 1078641  Y 1274078
X 1094389  Y 1274078
X 1086515  Y 1273684
X 1078641  Y 1268566
X 1094389  Y 1268566
X 1086515  Y 1268173
X 1094389  Y 1263054
X 1078641  Y 1263054
X 1086515  Y 1262661
X 1094389  Y 1257543
X 1078641  Y 1257543
X 1086515  Y 1257149
X 1094389  Y 1252031
X 1078641  Y 1252031
X 1086515  Y 1251637
X 1078641  Y 1246519
X 1094389  Y 1246519
X 1086515  Y 1246125
X 1078641  Y 1241007
X 1094389  Y 1241007
X 1086515  Y 1240613
X 1094389  Y 1235495
X 1078641  Y 1235495
X 1086515  Y 1235102
X 1094389  Y 1229984
X 1078641  Y 1229984
X 1086515  Y 1229590
X 1094389  Y 1224472
X 1078641  Y 1224472
X 1086515  Y 1224078
X 1094389  Y 1218960
X 1078641  Y 1218960
X 1086515  Y 1218566
X 1094389  Y 1213448
X 1078641  Y 1213448
X 1086515  Y 1213054
X 1078641  Y 1207936
X 1094389  Y 1207936
X 1086515  Y 1207543
X 1078641  Y 1202425
X 1094389  Y 1202425
X 1086515  Y 1202031
X 1118011  Y 1202031
X 1102263  Y 1202031
X 1110137  Y 1202425
X 1102263  Y 1207543
X 1118011  Y 1207543
X 1110137  Y 1207936
X 1102263  Y 1213054
X 1118011  Y 1213054
X 1110137  Y 1213448
X 1118011  Y 1218566
X 1102263  Y 1218566
X 1110137  Y 1218960
X 1118011  Y 1224078
X 1102263  Y 1224078
X 1110137  Y 1224472
X 1118011  Y 1229590
X 1102263  Y 1229590
X 1110137  Y 1229984
X 1102263  Y 1235102
X 1118011  Y 1235102
X 1110137  Y 1235495
X 1118011  Y 1240613
X 1102263  Y 1240613
X 1110137  Y 1241007
X 1118011  Y 1246125
X 1102263  Y 1246125
X 1110137  Y 1246519
X 1118011  Y 1251637
X 1102263  Y 1251637
X 1110137  Y 1252031
X 1102263  Y 1257149
X 1118011  Y 1257149
X 1110137  Y 1257543
X 1118011  Y 1262661
X 1102263  Y 1262661
X 1110137  Y 1263054
X 1118011  Y 1268173
X 1102263  Y 1268173
X 1110137  Y 1268566
X 1118011  Y 1273684
X 1102263  Y 1273684
X 1110137  Y 1274078
X 1118011  Y 1279196
X 1102263  Y 1279196
X 1110137  Y 1279590
X 1125886  Y 1279590
X 1141830  Y 1279196
X 1125886  Y 1274078
X 1141830  Y 1273685
X 1125886  Y 1268566
X 1141830  Y 1268173
X 1125886  Y 1263054
X 1141830  Y 1262661
X 1125886  Y 1257543
X 1141830  Y 1257149
X 1125886  Y 1252031
X 1141830  Y 1251637
X 1125886  Y 1246519
X 1141830  Y 1246125
X 1125886  Y 1241007
X 1141830  Y 1240614
X 1125886  Y 1235495
X 1141830  Y 1235102
X 1125886  Y 1229984
X 1141830  Y 1229590
X 1125886  Y 1224472
X 1141830  Y 1224078
X 1125886  Y 1218960
X 1141830  Y 1218566
X 1125886  Y 1213448
X 1141830  Y 1213055
X 1125886  Y 1207936
X 1141830  Y 1207543
X 1125886  Y 1202425
X 1141830  Y 1202031
X 1157578  Y 1202031
X 1165452  Y 1202425
X 1149704  Y 1202425
X 1157578  Y 1207543
X 1165452  Y 1207937
X 1149704  Y 1207937
X 1157578  Y 1213055
X 1165452  Y 1213448
X 1149704  Y 1213448
X 1157578  Y 1218566
X 1165452  Y 1218960
X 1149704  Y 1218960
X 1157578  Y 1224078
X 1165452  Y 1224472
X 1149704  Y 1224472
X 1157578  Y 1229590
X 1165452  Y 1229984
X 1149704  Y 1229984
X 1157578  Y 1235102
X 1165452  Y 1235496
X 1149704  Y 1235496
X 1157578  Y 1240614
X 1149704  Y 1241007
X 1165452  Y 1241007
X 1157578  Y 1246125
X 1165452  Y 1246519
X 1149704  Y 1246519
X 1157578  Y 1251637
X 1165452  Y 1252031
X 1149704  Y 1252031
X 1157578  Y 1257149
X 1165452  Y 1257543
X 1149704  Y 1257543
X 1157578  Y 1262661
X 1165452  Y 1263055
X 1149704  Y 1263055
X 1157578  Y 1268173
X 1149704  Y 1268566
X 1165452  Y 1268566
X 1157578  Y 1273685
X 1149704  Y 1274078
X 1165452  Y 1274078
X 1157578  Y 1279196
X 1149704  Y 1279590
X 1165452  Y 1279590
X 1181200  Y 1279590
X 1173326  Y 1279196
X 1189074  Y 1279196
X 1181200  Y 1274078
X 1173326  Y 1273685
X 1189074  Y 1273685
X 1181200  Y 1268566
X 1173326  Y 1268173
X 1189074  Y 1268173
X 1181200  Y 1263055
X 1189074  Y 1262661
X 1173326  Y 1262661
X 1181200  Y 1257543
X 1189074  Y 1257149
X 1173326  Y 1257149
X 1181200  Y 1252031
X 1173326  Y 1251637
X 1189074  Y 1251637
X 1181200  Y 1246519
X 1173326  Y 1246125
X 1189074  Y 1246125
X 1181200  Y 1241007
X 1189074  Y 1240614
X 1173326  Y 1240614
X 1181200  Y 1235496
X 1189074  Y 1235102
X 1173326  Y 1235102
X 1181200  Y 1229984
X 1173326  Y 1229590
X 1189074  Y 1229590
X 1181200  Y 1224472
X 1173326  Y 1224078
X 1189074  Y 1224078
X 1181200  Y 1218960
X 1173326  Y 1218566
X 1189074  Y 1218566
X 1181200  Y 1213448
X 1173326  Y 1213055
X 1189074  Y 1213055
X 1181200  Y 1207937
X 1189074  Y 1207543
X 1173326  Y 1207543
X 1181200  Y 1202425
X 1189074  Y 1202031
X 1173326  Y 1202031
X 1204822  Y 1202031
X 1212696  Y 1202425
X 1196948  Y 1202425
X 1204822  Y 1207543
X 1212696  Y 1207937
X 1196948  Y 1207937
X 1204822  Y 1213055
X 1212696  Y 1213448
X 1196948  Y 1213448
X 1204822  Y 1218566
X 1212696  Y 1218960
X 1196948  Y 1218960
X 1204822  Y 1224078
X 1212696  Y 1224472
X 1196948  Y 1224472
X 1204822  Y 1229590
X 1212696  Y 1229984
X 1196948  Y 1229984
X 1204822  Y 1235102
X 1196948  Y 1235496
X 1212696  Y 1235496
X 1204822  Y 1240614
X 1212696  Y 1241007
X 1196948  Y 1241007
X 1204822  Y 1246125
X 1212696  Y 1246519
X 1196948  Y 1246519
X 1204822  Y 1251637
X 1196948  Y 1252031
X 1212696  Y 1252031
X 1204822  Y 1257149
X 1212696  Y 1257543
X 1196948  Y 1257543
X 1204822  Y 1262661
X 1212696  Y 1263055
X 1196948  Y 1263055
X 1204822  Y 1268173
X 1212696  Y 1268566
X 1196948  Y 1268566
X 1204822  Y 1273685
X 1212696  Y 1274078
X 1196948  Y 1274078
X 1204822  Y 1279196
X 1212696  Y 1279590
X 1196948  Y 1279590
Drill: .02  Tool: 3  Feed: 197  Speed: 550
X 1048000  Y 1075000
X 1036500  Y 1075500
X 1036500  Y 1084500
X 1036525  Y 1096331
X 1031525  Y 1096331
X 1031525  Y 1106331
X 1036525  Y 1106331
X 1039000  Y 1190500
X 1031000  Y 1190500
X 1032500  Y 1269000
X 1032500  Y 1278500
X 1042200  Y 1342100
X 1056000  Y 1344500
X 1045000  Y 1345500
X 1088000  Y 1403500
X 1099500  Y 1403500
X 1088000  Y 1397500
X 1099500  Y 1397500
X 1103400  Y 1331000
X 1114700  Y 1331000
X 1090900  Y 1331000
X 1103500  Y 1325000
X 1091000  Y 1325000
X 1114500  Y 1325000
X 1148000  Y 1053500
X 1148000  Y 1061500
X 1148000  Y 1069500
X 1148000  Y 1076500
X 1139821  Y 1096927
X 1134821  Y 1096927
X 1139821  Y 1106927
X 1134821  Y 1106927
X 1126500  Y 1325000
X 1154500  Y 1325000
X 1141000  Y 1325000
X 1166000  Y 1325000
X 1126700  Y 1331000
X 1154600  Y 1331000
X 1166000  Y 1331000
X 1141100  Y 1331000
X 1135000  Y 1393500
X 1164500  Y 1397000
X 1142500  Y 1399500
X 1135000  Y 1399500
X 1164500  Y 1403000
X 1177500  Y 1403000
X 1177500  Y 1397000
X 1220400  Y 1395000
X 1228300  Y 1387200
X 1234200  Y 1384700
X 1179000  Y 1331000
X 1179000  Y 1325000
Drill: .03937  Tool: 4  Feed: 197  Speed: 550
X 1022500  Y 1050866
X 1022500  Y 1060866
X 1022500  Y 1070866
X 1022500  Y 1354016
X 1022500  Y 1364016
X 1022500  Y 1374016
X 1245000  Y 1374016
X 1245000  Y 1364016
X 1245000  Y 1354016
X 1245000  Y 1070866
X 1245000  Y 1060866
X 1245000  Y 1050866
Drill: .04  Tool: 5  Feed: 139  Speed: 550
X 1063857  Y 1011826
X 1073857  Y 1011826
X 1083857  Y 1011826
X 1093857  Y 1011826
X 1073857  Y 1021826
X 1083857  Y 1021826
X 1063857  Y 1021826
X 1093857  Y 1021826
X 1073857  Y 1436173
X 1083857  Y 1436173
X 1063857  Y 1436173
X 1093857  Y 1436173
X 1063857  Y 1446173
X 1083857  Y 1446173
X 1073857  Y 1446173
X 1093857  Y 1446173
X 1103857  Y 1446173
X 1113857  Y 1446173
X 1143857  Y 1446173
X 1123857  Y 1446173
X 1133857  Y 1446173
X 1143857  Y 1436173
X 1113857  Y 1436173
X 1123857  Y 1436173
X 1103857  Y 1436173
X 1133857  Y 1436173
X 1113857  Y 1021826
X 1103857  Y 1021826
X 1123857  Y 1021826
X 1133857  Y 1021826
X 1143857  Y 1021826
X 1113857  Y 1011826
X 1133857  Y 1011826
X 1103857  Y 1011826
X 1143857  Y 1011826
X 1123857  Y 1011826
X 1153857  Y 1011826
X 1163857  Y 1011826
X 1173857  Y 1011826
X 1183857  Y 1011826
X 1193857  Y 1011826
X 1153857  Y 1021826
X 1163857  Y 1021826
X 1173857  Y 1021826
X 1183857  Y 1021826
X 1193857  Y 1021826
X 1173857  Y 1436173
X 1183857  Y 1436173
X 1153857  Y 1436173
X 1193857  Y 1436173
X 1163857  Y 1436173
X 1163857  Y 1446173
X 1153857  Y 1446173
X 1183857  Y 1446173
X 1173857  Y 1446173
X 1193857  Y 1446173
X 1203857  Y 1446173
X 1203857  Y 1436173
X 1203857  Y 1021826
X 1203857  Y 1011826
Drill: .12795  Tool: 6  Feed: 35  Speed: 794
X 1181102  Y 1077086
Drill: .21063  Tool: 7  Feed: 0  Speed: 0
X 1039371  Y 1164055
X 1228347  Y 1317598
End of Listing
