Drill Listing
=============
Drill: .01  Tool: 1  Feed: 95  Speed: 300
X 1147637  Y 1092519
X 1147637  Y 1088582
X 1147637  Y 1112204
X 1147637  Y 1108267
X 1147637  Y 1104330
X 1147637  Y 1100393
X 1147637  Y 1096456
X 1151574  Y 1088582
X 1151574  Y 1096456
X 1151574  Y 1112204
X 1151574  Y 1108267
X 1151574  Y 1092519
X 1151574  Y 1104330
X 1151574  Y 1100393
X 1155511  Y 1096456
X 1155511  Y 1108267
X 1155511  Y 1112204
X 1155511  Y 1088582
X 1155511  Y 1092519
X 1155511  Y 1100393
X 1155511  Y 1104330
X 1159448  Y 1092519
X 1159448  Y 1112204
X 1159448  Y 1100393
X 1159448  Y 1108267
X 1159448  Y 1104330
X 1159448  Y 1096456
X 1163385  Y 1092519
X 1163385  Y 1104330
X 1163385  Y 1108267
X 1163385  Y 1112204
X 1163385  Y 1088582
X 1163385  Y 1096456
X 1163385  Y 1100393
X 1167322  Y 1104330
X 1167322  Y 1108267
X 1167322  Y 1092519
X 1167322  Y 1100393
X 1167322  Y 1096456
X 1167322  Y 1112204
X 1171259  Y 1104330
X 1171259  Y 1096456
X 1171259  Y 1100393
X 1171259  Y 1108267
X 1171259  Y 1112204
X 1175196  Y 1092519
X 1175196  Y 1088582
X 1175196  Y 1096456
X 1175196  Y 1100393
X 1175196  Y 1108267
X 1175196  Y 1112204
X 1175196  Y 1104330
X 1183070  Y 1096456
X 1183070  Y 1100393
X 1183070  Y 1088582
X 1183070  Y 1092519
X 1183070  Y 1104330
X 1183070  Y 1108267
X 1183070  Y 1112204
X 1187007  Y 1096456
X 1187007  Y 1100393
X 1187007  Y 1104330
X 1187007  Y 1092519
X 1187007  Y 1112204
X 1187007  Y 1108267
X 1188200  Y 1082200
X 1190944  Y 1108267
X 1190944  Y 1100393
X 1190944  Y 1096456
X 1190944  Y 1112204
X 1190944  Y 1104330
X 1194881  Y 1100393
X 1194881  Y 1096456
X 1194881  Y 1104330
X 1194881  Y 1112204
X 1194881  Y 1108267
X 1198818  Y 1108267
X 1198818  Y 1112204
X 1198818  Y 1100393
X 1198818  Y 1096456
X 1198818  Y 1104330
X 1202755  Y 1092519
X 1202755  Y 1100393
X 1202755  Y 1088582
X 1202755  Y 1096456
X 1202755  Y 1112204
X 1202755  Y 1108267
X 1202755  Y 1104330
X 1206692  Y 1096456
X 1206692  Y 1100393
X 1206692  Y 1092519
X 1206692  Y 1104330
X 1210629  Y 1100393
X 1210629  Y 1088582
X 1210629  Y 1096456
X 1202755  Y 1127952
X 1202755  Y 1131889
X 1202755  Y 1116141
X 1202755  Y 1124015
X 1202755  Y 1135826
X 1198818  Y 1116141
X 1198818  Y 1127952
X 1198818  Y 1131889
X 1198818  Y 1135826
X 1194882  Y 1124016
X 1194881  Y 1131889
X 1194881  Y 1127952
X 1194881  Y 1116141
X 1194881  Y 1135826
X 1190944  Y 1127952
X 1190944  Y 1116141
X 1190944  Y 1131889
X 1190944  Y 1135826
X 1190944  Y 1124015
X 1187007  Y 1127952
X 1187007  Y 1124015
X 1187007  Y 1116141
X 1187007  Y 1135826
X 1187007  Y 1131889
X 1183070  Y 1124015
X 1183070  Y 1131889
X 1183070  Y 1116141
X 1183070  Y 1127952
X 1183070  Y 1135826
X 1175196  Y 1124015
X 1175196  Y 1127952
X 1175196  Y 1131889
X 1175196  Y 1135826
X 1175196  Y 1116141
X 1171259  Y 1124015
X 1171259  Y 1116141
X 1171259  Y 1127952
X 1171259  Y 1135826
X 1171259  Y 1131889
X 1167322  Y 1124015
X 1167322  Y 1127952
X 1167322  Y 1116141
X 1167322  Y 1135826
X 1167322  Y 1131889
X 1163386  Y 1124016
X 1163385  Y 1116141
X 1163385  Y 1127952
X 1163385  Y 1135826
X 1163385  Y 1131889
X 1159448  Y 1131889
X 1159448  Y 1116141
X 1159448  Y 1135826
X 1159448  Y 1127952
X 1155511  Y 1135826
X 1155511  Y 1131889
X 1155511  Y 1124015
X 1155511  Y 1127952
X 1155511  Y 1116141
X 1151574  Y 1124015
X 1151574  Y 1131889
X 1151574  Y 1116141
X 1151574  Y 1127952
X 1147637  Y 1116141
X 1147637  Y 1127952
X 1147637  Y 1124015
X 1124000  Y 1156000
X 1146600  Y 1141700
X 1147637  Y 1151574
X 1151000  Y 1152000
X 1151574  Y 1139763
X 1151574  Y 1147637
X 1155511  Y 1143700
X 1155511  Y 1151574
X 1155511  Y 1139763
X 1155511  Y 1147637
X 1159448  Y 1143700
X 1159448  Y 1147637
X 1159448  Y 1139763
X 1163385  Y 1139763
X 1163385  Y 1143700
X 1163385  Y 1147637
X 1167322  Y 1139763
X 1167322  Y 1147637
X 1167322  Y 1143700
X 1171259  Y 1143700
X 1171259  Y 1147637
X 1171259  Y 1139763
X 1175196  Y 1143700
X 1175196  Y 1147637
X 1175196  Y 1139763
X 1183070  Y 1143700
X 1183070  Y 1147637
X 1183070  Y 1139763
X 1187007  Y 1139763
X 1187007  Y 1143700
X 1187007  Y 1147637
X 1190944  Y 1143700
X 1190944  Y 1151574
X 1190944  Y 1139763
X 1190944  Y 1147637
X 1194881  Y 1151574
X 1194881  Y 1139763
X 1194881  Y 1147637
X 1194881  Y 1143700
X 1198818  Y 1147637
X 1198818  Y 1151574
X 1198818  Y 1139763
X 1198818  Y 1143700
X 1202755  Y 1147637
X 1202755  Y 1139763
X 1202755  Y 1143700
X 1202755  Y 1151574
X 1206692  Y 1139763
X 1206692  Y 1143700
X 1206692  Y 1147637
X 1210629  Y 1139763
X 1210629  Y 1143700
X 1210629  Y 1151574
X 1210629  Y 1147637
X 1419800  Y 1303400
X 1417900  Y 1308700
X 1415700  Y 1268600
X 1408000  Y 1268500
X 1404500  Y 1269000
X 1024000  Y 1357600
X 1051000  Y 1340900
X 1057200  Y 1340300
X 1136800  Y 1378900
X 1203500  Y 1354800
X 1206900  Y 1354400
X 1241564  Y 1315914
X 1244900  Y 1315528
X 1482000  Y 1470300
X 1451900  Y 1469800
X 1352500  Y 1430100
X 1021600  Y 1583600

Drill: .012  Tool: 2  Feed: 95  Speed: 300
X 1073500  Y 1026000
X 1162500  Y 1021000
X 1165500  Y 1020500
X 1168000  Y 1033500
X 1168500  Y 1020500
X 1171000  Y 1033000
X 1171500  Y 1020500
X 1174642  Y 1021373
X 1181500  Y 1021500
X 1184500  Y 1023000
X 1189000  Y 1033500
X 1191000  Y 1021000
X 1194000  Y 1021000
X 1202800  Y 1035000
X 1221700  Y 1035600
X 1225900  Y 1033200
X 1260000  Y 1032500
X 1263000  Y 1032500
X 1266500  Y 1032500
X 1269500  Y 1032500
X 1272500  Y 1032500
X 1275700  Y 1020500
X 1276000  Y 1032500
X 1278900  Y 1020500
X 1279000  Y 1032500
X 1282000  Y 1032500
X 1282000  Y 1020500
X 1285000  Y 1020500
X 1285500  Y 1035500
X 1288400  Y 1020500
X 1288500  Y 1035500
X 1291500  Y 1035500
X 1291500  Y 1020500
X 1294500  Y 1035500
X 1294500  Y 1020500
X 1297500  Y 1035500
X 1297700  Y 1020500
X 1311100  Y 1019100
X 1311200  Y 1025500
X 1311300  Y 1022300
X 1311400  Y 1028700
X 1333200  Y 1022100
X 1333200  Y 1025400
X 1333200  Y 1028600
X 1333200  Y 1018900
X 1356300  Y 1035800
X 1359300  Y 1034600
X 1408000  Y 1029500
X 1408000  Y 1026500
X 1426500  Y 1032500
X 1426500  Y 1027500
X 1428200  Y 1024500
X 1428400  Y 1021300
X 1414100  Y 1055000
X 1414100  Y 1060000
X 1413900  Y 1048100
X 1413800  Y 1051700
X 1383300  Y 1046200
X 1383300  Y 1055800
X 1383200  Y 1049400
X 1383200  Y 1052600
X 1361800  Y 1048700
X 1361700  Y 1045300
X 1361600  Y 1056600
X 1361500  Y 1059900
X 1358900  Y 1050200
X 1358900  Y 1053400
X 1358300  Y 1056700
X 1358200  Y 1047000
X 1336800  Y 1046500
X 1336800  Y 1043300
X 1336800  Y 1059900
X 1336600  Y 1056500
X 1333400  Y 1059100
X 1333300  Y 1044500
X 1333200  Y 1049700
X 1333200  Y 1053100
X 1311600  Y 1048200
X 1311500  Y 1054600
X 1297800  Y 1058700
X 1297700  Y 1061900
X 1272500  Y 1063000
X 1271100  Y 1051700
X 1267600  Y 1051700
X 1265900  Y 1063000
X 1252800  Y 1062700
X 1247000  Y 1048400
X 1244000  Y 1048300
X 1194000  Y 1045500
X 1191100  Y 1051200
X 1191000  Y 1045500
X 1189000  Y 1053400
X 1187500  Y 1045500
X 1181000  Y 1045500
X 1171500  Y 1045500
X 1157500  Y 1047000
X 1150000  Y 1047500
X 1142500  Y 1047500
X 1132000  Y 1062500
X 1105000  Y 1055000
X 1086900  Y 1055000
X 1052800  Y 1083700
X 1053200  Y 1065000
X 1061000  Y 1079000
X 1066519  Y 1067516
X 1082500  Y 1066000
X 1090000  Y 1073500
X 1097500  Y 1067500
X 1128500  Y 1078500
X 1147500  Y 1072200
X 1174100  Y 1081600
X 1197500  Y 1070900
X 1199300  Y 1075400
X 1199300  Y 1067200
X 1206600  Y 1071600
X 1213000  Y 1079100
X 1214200  Y 1088100
X 1218800  Y 1067000
X 1218800  Y 1063800
X 1224900  Y 1088000
X 1230800  Y 1067000
X 1231000  Y 1063800
X 1241700  Y 1063900
X 1241800  Y 1067100
X 1244000  Y 1082000
X 1247000  Y 1081100
X 1249900  Y 1082300
X 1253000  Y 1075400
X 1253100  Y 1072200
X 1253100  Y 1065900
X 1253300  Y 1081900
X 1253900  Y 1069000
X 1265700  Y 1074600
X 1267600  Y 1085800
X 1270800  Y 1085800
X 1272400  Y 1074600
X 1280200  Y 1087900
X 1297400  Y 1078900
X 1298200  Y 1069400
X 1298200  Y 1066200
X 1300600  Y 1078600
X 1311600  Y 1074000
X 1311700  Y 1083900
X 1311700  Y 1077400
X 1311800  Y 1080700
X 1333300  Y 1085600
X 1333300  Y 1072500
X 1333600  Y 1077500
X 1333600  Y 1080700
X 1362300  Y 1078200
X 1362400  Y 1075000
X 1376200  Y 1085000
X 1376200  Y 1081300
X 1381300  Y 1069000
X 1384400  Y 1065900
X 1384500  Y 1069000
X 1387200  Y 1064400
X 1391700  Y 1085500
X 1393900  Y 1078700
X 1394000  Y 1082200
X 1444000  Y 1081500
X 1444000  Y 1078300
X 1487800  Y 1078800
X 1491000  Y 1078700
X 1391600  Y 1088700
X 1391600  Y 1110100
X 1391500  Y 1106900
X 1375200  Y 1112000
X 1367800  Y 1091200
X 1356600  Y 1100000
X 1348500  Y 1100000
X 1337400  Y 1091400
X 1334500  Y 1089900
X 1328700  Y 1102900
X 1260400  Y 1106200
X 1259100  Y 1089500
X 1256100  Y 1105900
X 1253100  Y 1105700
X 1250000  Y 1091800
X 1249000  Y 1105800
X 1244900  Y 1105700
X 1227100  Y 1109300
X 1141500  Y 1103500
X 1123700  Y 1099900
X 1110100  Y 1102500
X 1108500  Y 1097500
X 1108500  Y 1107500
X 1108500  Y 1112500
X 1106500  Y 1110000
X 1106500  Y 1095000
X 1106500  Y 1100000
X 1106500  Y 1105000
X 1080000  Y 1096500
X 1064500  Y 1104000
X 1061000  Y 1106000
X 1053020  Y 1109910
X 1047500  Y 1104000
X 1042800  Y 1133600
X 1047500  Y 1121000
X 1050500  Y 1121500
X 1063500  Y 1133500
X 1066000  Y 1115500
X 1066000  Y 1124500
X 1066000  Y 1120000
X 1070000  Y 1120000
X 1070000  Y 1115500
X 1070000  Y 1124500
X 1074000  Y 1120000
X 1074000  Y 1124500
X 1074000  Y 1115500
X 1085000  Y 1122500
X 1087500  Y 1116500
X 1087500  Y 1120000
X 1095000  Y 1132500
X 1106500  Y 1130000
X 1106500  Y 1125000
X 1106500  Y 1120000
X 1106500  Y 1115000
X 1106500  Y 1135000
X 1108500  Y 1127500
X 1108500  Y 1122500
X 1110400  Y 1118200
X 1141500  Y 1119800
X 1142000  Y 1128000
X 1143400  Y 1132600
X 1227700  Y 1122200
X 1228000  Y 1128500
X 1239000  Y 1129100
X 1255900  Y 1123700
X 1259100  Y 1124700
X 1271400  Y 1116000
X 1280200  Y 1121300
X 1305100  Y 1135600
X 1311200  Y 1122300
X 1335500  Y 1122200
X 1336000  Y 1135900
X 1349500  Y 1124000
X 1356500  Y 1130800
X 1356500  Y 1127800
X 1356600  Y 1124400
X 1357900  Y 1118800
X 1368900  Y 1134900
X 1369700  Y 1120700
X 1378600  Y 1124900
X 1388800  Y 1132800
X 1391200  Y 1114100
X 1391200  Y 1117700
X 1393600  Y 1137700
X 1393600  Y 1134500
X 1428000  Y 1134500
X 1428300  Y 1119100
X 1428000  Y 1138600
X 1395100  Y 1162300
X 1394000  Y 1144900
X 1393600  Y 1141700
X 1391000  Y 1139800
X 1370000  Y 1153900
X 1356800  Y 1155200
X 1353800  Y 1155800
X 1352500  Y 1138300
X 1352300  Y 1144800
X 1352200  Y 1141300
X 1348900  Y 1154700
X 1348800  Y 1144000
X 1324000  Y 1143500
X 1256700  Y 1139500
X 1250700  Y 1139900
X 1247700  Y 1139900
X 1244700  Y 1139200
X 1224800  Y 1155900
X 1128051  Y 1144827
X 1118100  Y 1142900
X 1113100  Y 1145000
X 1050600  Y 1178200
X 1057300  Y 1174700
X 1059500  Y 1177000
X 1078200  Y 1180800
X 1080400  Y 1183000
X 1082500  Y 1180500
X 1121000  Y 1169500
X 1125000  Y 1169500
X 1125000  Y 1165500
X 1147200  Y 1171200
X 1147400  Y 1167200
X 1149500  Y 1173200
X 1199079  Y 1164440
X 1199466  Y 1169821
X 1214200  Y 1166200
X 1216300  Y 1168500
X 1240800  Y 1174100
X 1243600  Y 1172900
X 1245700  Y 1170300
X 1247800  Y 1167700
X 1260000  Y 1174300
X 1263600  Y 1174100
X 1264200  Y 1167100
X 1266300  Y 1169700
X 1268700  Y 1164700
X 1273473  Y 1174162
X 1285700  Y 1173600
X 1288700  Y 1174300
X 1296000  Y 1165000
X 1306600  Y 1168300
X 1309600  Y 1167600
X 1312700  Y 1167600
X 1315200  Y 1170000
X 1327100  Y 1174100
X 1330100  Y 1174300
X 1331300  Y 1168400
X 1352500  Y 1174000
X 1356321  Y 1174060
X 1371800  Y 1172800
X 1394600  Y 1173200
X 1394800  Y 1170000
X 1395100  Y 1166500
X 1404500  Y 1221000
X 1353800  Y 1234800
X 1352100  Y 1231900
X 1351500  Y 1214500
X 1342500  Y 1212500
X 1332200  Y 1215800
X 1327600  Y 1212600
X 1317500  Y 1205800
X 1317000  Y 1211500
X 1314600  Y 1209300
X 1314500  Y 1206000
X 1310000  Y 1212600
X 1286200  Y 1236700
X 1284300  Y 1233900
X 1284000  Y 1217000
X 1278500  Y 1217000
X 1264500  Y 1212000
X 1261500  Y 1214500
X 1243600  Y 1216200
X 1242200  Y 1213400
X 1216300  Y 1234900
X 1213800  Y 1214000
X 1212500  Y 1233900
X 1208600  Y 1214100
X 1197000  Y 1215000
X 1194000  Y 1215000
X 1174500  Y 1216000
X 1152000  Y 1213500
X 1151000  Y 1216500
X 1145500  Y 1236600
X 1131300  Y 1206300
X 1123500  Y 1216500
X 1119500  Y 1214000
X 1105500  Y 1208000
X 1102000  Y 1208000
X 1091000  Y 1208000
X 1054300  Y 1198700
X 1044000  Y 1189500
X 1044000  Y 1206000
X 1043000  Y 1195000
X 1140000  Y 1251600
X 1173200  Y 1250400
X 1176200  Y 1250300
X 1202500  Y 1253500
X 1204700  Y 1247400
X 1242500  Y 1250200
X 1246100  Y 1249800
X 1270000  Y 1250700
X 1273500  Y 1248600
X 1313500  Y 1249500
X 1316500  Y 1249400
X 1326800  Y 1251900
X 1344700  Y 1245800
X 1405900  Y 1260300
X 1411000  Y 1245000
X 1411500  Y 1249000
X 1412000  Y 1256500
X 1425500  Y 1241500
X 1425900  Y 1256500
X 1426000  Y 1249000
X 1427600  Y 1269400
X 1425500  Y 1264000
X 1422200  Y 1282500
X 1414800  Y 1305600
X 1413000  Y 1282000
X 1412100  Y 1268600
X 1411500  Y 1264000
X 1411200  Y 1294700
X 1410000  Y 1279500
X 1399100  Y 1291800
X 1389000  Y 1281000
X 1374000  Y 1301500
X 1359500  Y 1310000
X 1356500  Y 1311900
X 1353300  Y 1311900
X 1290000  Y 1302500
X 1273500  Y 1311500
X 1272400  Y 1301100
X 1270300  Y 1311600
X 1192000  Y 1311100
X 1188800  Y 1311100
X 1109200  Y 1311600
X 1106000  Y 1311600
X 1078780  Y 1308555
X 1029700  Y 1340720
X 1035400  Y 1316600
X 1037440  Y 1351940
X 1044180  Y 1316030
X 1047400  Y 1316100
X 1048820  Y 1356840
X 1052930  Y 1357830
X 1054200  Y 1349900
X 1081529  Y 1316522
X 1103500  Y 1361000
X 1124200  Y 1354900
X 1127400  Y 1354900
X 1130500  Y 1354900
X 1133500  Y 1354900
X 1135836  Y 1331026
X 1136700  Y 1354900
X 1137400  Y 1322500
X 1138600  Y 1346200
X 1140000  Y 1354800
X 1141700  Y 1346200
X 1143000  Y 1354800
X 1144700  Y 1346200
X 1146000  Y 1354900
X 1152700  Y 1354900
X 1155700  Y 1354900
X 1160087  Y 1315921
X 1160100  Y 1350300
X 1160200  Y 1353300
X 1163537  Y 1316011
X 1165000  Y 1354500
X 1168330  Y 1354910
X 1171470  Y 1354910
X 1182120  Y 1356940
X 1184250  Y 1360480
X 1199500  Y 1354500
X 1210100  Y 1314400
X 1210400  Y 1353900
X 1218072  Y 1321091
X 1218179  Y 1331976
X 1225000  Y 1349400
X 1230500  Y 1349400
X 1237700  Y 1349370
X 1245150  Y 1347800
X 1247950  Y 1346010
X 1251980  Y 1353450
X 1252010  Y 1350440
X 1292100  Y 1314800
X 1300315  Y 1336267
X 1300375  Y 1320623
X 1325022  Y 1316148
X 1326900  Y 1319052
X 1376500  Y 1325200
X 1381413  Y 1313952
X 1383701  Y 1322496
X 1300000  Y 1381500
X 1300000  Y 1385000
X 1295050  Y 1371400
X 1295000  Y 1381500
X 1295000  Y 1385000
X 1289500  Y 1385000
X 1289500  Y 1381500
X 1229500  Y 1366800
X 1220300  Y 1367600
X 1215500  Y 1364100
X 1212500  Y 1364200
X 1152800  Y 1375900
X 1152500  Y 1379000
X 1149500  Y 1379000
X 1146000  Y 1379000
X 1144600  Y 1376100
X 1133600  Y 1376000
X 1133500  Y 1379000
X 1130500  Y 1379000
X 1127500  Y 1379000
X 1124000  Y 1379000
X 1121000  Y 1379000
X 1119300  Y 1376000
X 1118000  Y 1379000
X 1109700  Y 1364200
X 1099400  Y 1386900
X 1098800  Y 1376200
X 1082770  Y 1382500
X 1070180  Y 1363290
X 1070000  Y 1376000
X 1062500  Y 1375300
X 1043570  Y 1377800
X 1043430  Y 1386590
X 1041130  Y 1412550
X 1044000  Y 1411000
X 1060090  Y 1397680
X 1075000  Y 1391900
X 1080000  Y 1391800
X 1090000  Y 1394200
X 1096100  Y 1402200
X 1098700  Y 1400700
X 1099000  Y 1403700
X 1104400  Y 1395100
X 1105800  Y 1392400
X 1152300  Y 1388800
X 1155500  Y 1388900
X 1178500  Y 1393400
X 1181600  Y 1393200
X 1194100  Y 1392600
X 1216800  Y 1402200
X 1220000  Y 1402200
X 1233000  Y 1391800
X 1235900  Y 1393600
X 1239000  Y 1393200
X 1242000  Y 1393400
X 1265750  Y 1410210
X 1269000  Y 1410180
X 1282000  Y 1390500
X 1289500  Y 1388500
X 1295000  Y 1388500
X 1300000  Y 1388500
X 1465760  Y 1436030
X 1279600  Y 1424500
X 1279500  Y 1433000
X 1279500  Y 1427800
X 1260500  Y 1422300
X 1260500  Y 1425500
X 1256500  Y 1426400
X 1246000  Y 1436000
X 1245000  Y 1426300
X 1229500  Y 1431000
X 1221500  Y 1429000
X 1219900  Y 1421500
X 1219900  Y 1418300
X 1213000  Y 1431500
X 1201300  Y 1423400
X 1201200  Y 1420100
X 1198100  Y 1423600
X 1195900  Y 1425800
X 1185100  Y 1425900
X 1177600  Y 1426300
X 1167000  Y 1430000
X 1161900  Y 1423800
X 1161800  Y 1419700
X 1155700  Y 1437400
X 1146000  Y 1436400
X 1143300  Y 1421400
X 1143300  Y 1424600
X 1129500  Y 1426300
X 1128500  Y 1436800
X 1124800  Y 1426300
X 1107700  Y 1432500
X 1099500  Y 1438000
X 1099100  Y 1426400
X 1088800  Y 1424200
X 1088600  Y 1421000
X 1088500  Y 1417500
X 1085000  Y 1426300
X 1080000  Y 1426300
X 1070900  Y 1426400
X 1060390  Y 1413490
X 1038500  Y 1425500
X 1035000  Y 1431500
X 1035000  Y 1420500
X 1029000  Y 1431500
X 1026500  Y 1427000
X 1049500  Y 1438500
X 1068500  Y 1438500
X 1069000  Y 1458400
X 1072500  Y 1446500
X 1077000  Y 1446000
X 1089200  Y 1441200
X 1096500  Y 1449000
X 1099000  Y 1445000
X 1112500  Y 1446500
X 1121200  Y 1446700
X 1128500  Y 1459000
X 1136400  Y 1444100
X 1145000  Y 1446500
X 1146000  Y 1439800
X 1146400  Y 1449200
X 1156831  Y 1449662
X 1159600  Y 1458400
X 1175100  Y 1462500
X 1177700  Y 1446500
X 1186000  Y 1448800
X 1186100  Y 1438200
X 1188000  Y 1458800
X 1199995  Y 1459128
X 1201500  Y 1447500
X 1204100  Y 1449200
X 1216492  Y 1446113
X 1229300  Y 1438800
X 1235700  Y 1448100
X 1246000  Y 1444500
X 1253500  Y 1447000
X 1257000  Y 1440500
X 1257500  Y 1448000
X 1267500  Y 1438500
X 1268517  Y 1444820
X 1301500  Y 1457000
X 1464600  Y 1459300
X 1460400  Y 1484800
X 1313900  Y 1476500
X 1294000  Y 1485500
X 1278500  Y 1475000
X 1270500  Y 1485000
X 1265000  Y 1483500
X 1241000  Y 1467000
X 1238500  Y 1488000
X 1222600  Y 1475000
X 1210500  Y 1482000
X 1207500  Y 1481000
X 1202500  Y 1472000
X 1202500  Y 1466500
X 1180000  Y 1463500
X 1169000  Y 1475000
X 1156000  Y 1484500
X 1151000  Y 1481500
X 1145000  Y 1485500
X 1123900  Y 1474300
X 1111200  Y 1474900
X 1107400  Y 1487200
X 1101500  Y 1485500
X 1095000  Y 1484000
X 1092500  Y 1487000
X 1075200  Y 1479700
X 1054600  Y 1485700
X 1046000  Y 1474000
X 1020000  Y 1491000
X 1033000  Y 1500700
X 1086500  Y 1505000
X 1087000  Y 1495000
X 1090000  Y 1511000
X 1095500  Y 1500000
X 1095500  Y 1495500
X 1095500  Y 1504500
X 1100000  Y 1504500
X 1100000  Y 1495500
X 1100000  Y 1500000
X 1104500  Y 1495500
X 1104500  Y 1500000
X 1104500  Y 1504500
X 1113000  Y 1495000
X 1113000  Y 1503000
X 1113000  Y 1499600
X 1113100  Y 1510000
X 1113500  Y 1506500
X 1137000  Y 1506500
X 1140000  Y 1509000
X 1141000  Y 1513000
X 1145500  Y 1500000
X 1145500  Y 1495500
X 1145500  Y 1504500
X 1150000  Y 1504500
X 1150000  Y 1495500
X 1150000  Y 1500000
X 1154500  Y 1504500
X 1154500  Y 1495500
X 1154500  Y 1500000
X 1162500  Y 1507000
X 1163500  Y 1503500
X 1192000  Y 1506500
X 1194500  Y 1512500
X 1200500  Y 1500000
X 1200500  Y 1495500
X 1200500  Y 1504500
X 1205000  Y 1504500
X 1205000  Y 1495500
X 1205000  Y 1500000
X 1209500  Y 1495500
X 1209500  Y 1500000
X 1209500  Y 1504500
X 1216000  Y 1490500
X 1217500  Y 1507000
X 1218000  Y 1503500
X 1218000  Y 1495000
X 1218000  Y 1500000
X 1234000  Y 1506500
X 1236100  Y 1510300
X 1237500  Y 1513000
X 1243000  Y 1495500
X 1243000  Y 1500000
X 1243000  Y 1504500
X 1247500  Y 1504500
X 1247500  Y 1495500
X 1247500  Y 1500000
X 1252000  Y 1495500
X 1252000  Y 1504500
X 1252000  Y 1500000
X 1261000  Y 1503800
X 1261100  Y 1507300
X 1319000  Y 1505500
X 1360000  Y 1502000
X 1393000  Y 1502500
X 1417100  Y 1511100
X 1432000  Y 1496200
X 1474200  Y 1492100
X 1335400  Y 1553300
X 1322300  Y 1560100
X 1196900  Y 1515100
X 1147200  Y 1549800
X 1132500  Y 1548200
X 1127400  Y 1548500
X 1102000  Y 1548000
X 1095500  Y 1514000
X 1094900  Y 1548000
X 1070300  Y 1551500
X 1052000  Y 1561000
X 1047000  Y 1541500
X 1011700  Y 1562100
X 1010000  Y 1518700
X 1009400  Y 1548100
X 1061500  Y 1570500
X 1061800  Y 1585500
X 1111800  Y 1583500
X 1312000  Y 1573000

Drill: .016  Tool: 3  Feed: 95  Speed: 300
X 1061500  Y 1034000
X 1078500  Y 1030500
X 1088300  Y 1037400
X 1131500  Y 1027500
X 1146100  Y 1022500
X 1151500  Y 1032000
X 1155000  Y 1034000
X 1176500  Y 1032000
X 1178000  Y 1021000
X 1187500  Y 1021000
X 1197000  Y 1022500
X 1198500  Y 1033400
X 1202300  Y 1022000
X 1214900  Y 1028100
X 1242500  Y 1028000
X 1247500  Y 1035200
X 1293000  Y 1028000
X 1334300  Y 1014300
X 1383800  Y 1034700
X 1386100  Y 1025900
X 1386100  Y 1030100
X 1386100  Y 1020100
X 1392400  Y 1014900
X 1406600  Y 1022500
X 1427000  Y 1037500
X 1427700  Y 1015100
X 1427000  Y 1042500
X 1413000  Y 1040000
X 1407000  Y 1048500
X 1407000  Y 1040000
X 1389600  Y 1054500
X 1387000  Y 1060000
X 1334200  Y 1040300
X 1290600  Y 1049000
X 1286600  Y 1049400
X 1253000  Y 1051300
X 1175000  Y 1053000
X 1170500  Y 1059500
X 1165500  Y 1045500
X 1165000  Y 1060500
X 1156500  Y 1060500
X 1145600  Y 1044900
X 1105100  Y 1041000
X 1097400  Y 1040900
X 1092000  Y 1041200
X 1085500  Y 1048500
X 1074500  Y 1047500
X 1066918  Y 1047067
X 1060500  Y 1052500
X 1064000  Y 1075500
X 1073500  Y 1067000
X 1079000  Y 1067000
X 1085500  Y 1073000
X 1104000  Y 1081500
X 1107000  Y 1086500
X 1126000  Y 1068500
X 1146500  Y 1080000
X 1160000  Y 1074000
X 1161500  Y 1070000
X 1170500  Y 1070500
X 1181800  Y 1070500
X 1206500  Y 1067200
X 1207600  Y 1076200
X 1219000  Y 1070700
X 1219800  Y 1081700
X 1235300  Y 1086300
X 1286800  Y 1080300
X 1366900  Y 1085700
X 1377500  Y 1069400
X 1391100  Y 1069900
X 1409500  Y 1073900
X 1427500  Y 1065000
X 1409800  Y 1098300
X 1388600  Y 1101600
X 1377700  Y 1096600
X 1372600  Y 1108000
X 1372000  Y 1094000
X 1356300  Y 1105000
X 1356200  Y 1111400
X 1348700  Y 1110000
X 1342500  Y 1095300
X 1328600  Y 1096900
X 1306800  Y 1112400
X 1306600  Y 1095000
X 1290000  Y 1110000
X 1290000  Y 1095000
X 1286000  Y 1098500
X 1274300  Y 1099300
X 1274100  Y 1103800
X 1274000  Y 1109500
X 1273900  Y 1113100
X 1261400  Y 1110500
X 1254400  Y 1089600
X 1228600  Y 1102700
X 1142000  Y 1096500
X 1137200  Y 1110200
X 1136200  Y 1091500
X 1123400  Y 1089900
X 1107000  Y 1091000
X 1093500  Y 1111000
X 1087500  Y 1090000
X 1087000  Y 1098500
X 1085500  Y 1110500
X 1074000  Y 1089500
X 1072500  Y 1106500
X 1071000  Y 1099000
X 1070500  Y 1091500
X 1059400  Y 1136100
X 1075000  Y 1134000
X 1086000  Y 1126500
X 1213600  Y 1120000
X 1222500  Y 1124000
X 1226500  Y 1115500
X 1238500  Y 1114500
X 1238900  Y 1122300
X 1239100  Y 1118600
X 1240300  Y 1125800
X 1242500  Y 1119500
X 1244200  Y 1123700
X 1247500  Y 1122500
X 1250000  Y 1119700
X 1250900  Y 1124300
X 1261400  Y 1114600
X 1268000  Y 1134500
X 1272800  Y 1121700
X 1286500  Y 1113500
X 1291500  Y 1124900
X 1322000  Y 1116300
X 1325200  Y 1136100
X 1328500  Y 1115500
X 1335800  Y 1127600
X 1349500  Y 1129400
X 1370100  Y 1116800
X 1387900  Y 1129500
X 1409200  Y 1126300
X 1408800  Y 1154900
X 1388000  Y 1154500
X 1387900  Y 1158100
X 1370100  Y 1138700
X 1369200  Y 1150500
X 1367500  Y 1161500
X 1350000  Y 1149000
X 1335300  Y 1150100
X 1331600  Y 1149000
X 1324900  Y 1147200
X 1314500  Y 1156300
X 1296600  Y 1141200
X 1264000  Y 1155500
X 1244500  Y 1153000
X 1230800  Y 1152600
X 1227000  Y 1143600
X 1224000  Y 1141000
X 1223500  Y 1148500
X 1212000  Y 1161000
X 1181000  Y 1154000
X 1169000  Y 1159000
X 1146500  Y 1159500
X 1135500  Y 1138500
X 1133000  Y 1159500
X 1131000  Y 1141500
X 1082000  Y 1140000
X 1090000  Y 1174000
X 1109500  Y 1164500
X 1114600  Y 1169900
X 1116000  Y 1179000
X 1120000  Y 1174000
X 1130000  Y 1170500
X 1130000  Y 1164500
X 1138500  Y 1170500
X 1138500  Y 1164500
X 1139000  Y 1179000
X 1153500  Y 1164500
X 1153500  Y 1170500
X 1169000  Y 1164500
X 1169000  Y 1170500
X 1179000  Y 1170500
X 1179500  Y 1164500
X 1191500  Y 1170500
X 1192000  Y 1164500
X 1202500  Y 1174000
X 1206000  Y 1166500
X 1214000  Y 1172600
X 1224000  Y 1172500
X 1224000  Y 1166500
X 1228000  Y 1164500
X 1228500  Y 1169500
X 1228500  Y 1179000
X 1242100  Y 1167200
X 1251000  Y 1170900
X 1259000  Y 1170500
X 1259500  Y 1164500
X 1267500  Y 1173000
X 1272500  Y 1169300
X 1273500  Y 1164500
X 1283000  Y 1164500
X 1287000  Y 1164500
X 1287422  Y 1167976
X 1292500  Y 1165500
X 1304000  Y 1170500
X 1311400  Y 1172300
X 1315000  Y 1173500
X 1318500  Y 1166500
X 1318500  Y 1173000
X 1326500  Y 1170500
X 1338900  Y 1165000
X 1339000  Y 1170500
X 1341000  Y 1179000
X 1347500  Y 1174000
X 1356000  Y 1165200
X 1366000  Y 1174000
X 1368100  Y 1165100
X 1376000  Y 1178000
X 1388100  Y 1183300
X 1399200  Y 1185800
X 1403400  Y 1205000
X 1402000  Y 1210500
X 1362400  Y 1206000
X 1347500  Y 1208500
X 1341000  Y 1201000
X 1336500  Y 1207500
X 1321000  Y 1213000
X 1305900  Y 1212600
X 1290800  Y 1207900
X 1267500  Y 1207500
X 1262500  Y 1207000
X 1249500  Y 1212700
X 1225000  Y 1206500
X 1224500  Y 1211200
X 1206900  Y 1210700
X 1202400  Y 1207100
X 1195000  Y 1206500
X 1187600  Y 1212400
X 1169500  Y 1209000
X 1157500  Y 1211500
X 1153900  Y 1210200
X 1146700  Y 1208600
X 1139000  Y 1200000
X 1138500  Y 1204500
X 1122600  Y 1209900
X 1122400  Y 1206400
X 1116700  Y 1200300
X 1112000  Y 1205500
X 1107000  Y 1211500
X 1086200  Y 1200700
X 1082500  Y 1211500
X 1075800  Y 1208800
X 1049500  Y 1212000
X 1042000  Y 1200000
X 1082500  Y 1234500
X 1083000  Y 1218500
X 1083000  Y 1226000
X 1090000  Y 1235000
X 1090000  Y 1229500
X 1090000  Y 1225000
X 1095000  Y 1225000
X 1095000  Y 1229500
X 1095000  Y 1235000
X 1100000  Y 1225000
X 1100000  Y 1235000
X 1100000  Y 1230000
X 1105000  Y 1225000
X 1105000  Y 1235000
X 1105000  Y 1230000
X 1110000  Y 1225000
X 1110000  Y 1230000
X 1110000  Y 1235000
X 1117500  Y 1218500
X 1118000  Y 1223300
X 1120400  Y 1226700
X 1135500  Y 1220500
X 1141500  Y 1237000
X 1152500  Y 1237000
X 1155000  Y 1229000
X 1155000  Y 1233000
X 1159088  Y 1236989
X 1167000  Y 1227500
X 1171000  Y 1216000
X 1172000  Y 1238000
X 1172000  Y 1227500
X 1172000  Y 1232500
X 1177000  Y 1238000
X 1177000  Y 1232500
X 1177000  Y 1227500
X 1182500  Y 1227500
X 1182500  Y 1232500
X 1182500  Y 1238000
X 1183800  Y 1213800
X 1188000  Y 1238000
X 1188000  Y 1232500
X 1188000  Y 1227500
X 1193000  Y 1232500
X 1193000  Y 1238000
X 1193000  Y 1227500
X 1199600  Y 1221100
X 1203300  Y 1237600
X 1208372  Y 1233705
X 1218700  Y 1232400
X 1221200  Y 1226100
X 1226032  Y 1231118
X 1233000  Y 1227500
X 1237000  Y 1227000
X 1239000  Y 1215600
X 1242000  Y 1238000
X 1242000  Y 1227000
X 1242000  Y 1232500
X 1247500  Y 1227000
X 1247500  Y 1238000
X 1247500  Y 1232500
X 1253500  Y 1238000
X 1253500  Y 1227000
X 1253500  Y 1232500
X 1254000  Y 1213500
X 1259000  Y 1227000
X 1259000  Y 1238000
X 1259000  Y 1232500
X 1263500  Y 1238000
X 1263500  Y 1227000
X 1263500  Y 1232500
X 1265500  Y 1215500
X 1277100  Y 1236000
X 1281200  Y 1235500
X 1291300  Y 1236700
X 1292500  Y 1228500
X 1296000  Y 1216500
X 1303500  Y 1228000
X 1307500  Y 1228000
X 1311000  Y 1216000
X 1312000  Y 1228000
X 1312000  Y 1232500
X 1312000  Y 1237500
X 1317000  Y 1237500
X 1317000  Y 1228000
X 1317000  Y 1232500
X 1322500  Y 1237500
X 1322500  Y 1228000
X 1322500  Y 1232500
X 1327500  Y 1228000
X 1327500  Y 1237500
X 1328000  Y 1232500
X 1333000  Y 1228000
X 1333000  Y 1232500
X 1333000  Y 1237500
X 1336400  Y 1215500
X 1339600  Y 1220900
X 1345900  Y 1229500
X 1348700  Y 1232600
X 1354500  Y 1227500
X 1357300  Y 1233200
X 1358500  Y 1227500
X 1358800  Y 1214000
X 1360800  Y 1233300
X 1362500  Y 1227500
X 1366143  Y 1233670
X 1390000  Y 1237500
X 1394500  Y 1237500
X 1399000  Y 1213500
X 1415500  Y 1237700
X 1394500  Y 1242000
X 1390900  Y 1250500
X 1390000  Y 1242000
X 1354400  Y 1256600
X 1348700  Y 1255300
X 1342300  Y 1253200
X 1335000  Y 1251700
X 1331400  Y 1249600
X 1308400  Y 1249600
X 1301000  Y 1254500
X 1300000  Y 1259000
X 1275000  Y 1254000
X 1265100  Y 1249400
X 1261500  Y 1249500
X 1258300  Y 1254600
X 1238500  Y 1250000
X 1221200  Y 1245900
X 1214600  Y 1258300
X 1208900  Y 1257800
X 1195000  Y 1253000
X 1190800  Y 1249800
X 1182000  Y 1250500
X 1168400  Y 1249900
X 1155541  Y 1248874
X 1136100  Y 1257500
X 1135000  Y 1246000
X 1126700  Y 1258900
X 1119700  Y 1241200
X 1118000  Y 1254000
X 1103900  Y 1246600
X 1100200  Y 1246500
X 1040000  Y 1240500
X 1065000  Y 1284000
X 1070000  Y 1284000
X 1070000  Y 1264500
X 1082500  Y 1287500
X 1089000  Y 1284000
X 1092500  Y 1271000
X 1102500  Y 1271000
X 1108500  Y 1276500
X 1112500  Y 1266000
X 1146846  Y 1275763
X 1147500  Y 1281000
X 1157500  Y 1281000
X 1172500  Y 1274000
X 1179800  Y 1283100
X 1181000  Y 1274000
X 1193500  Y 1275500
X 1193600  Y 1282700
X 1197500  Y 1277600
X 1199000  Y 1267500
X 1229500  Y 1275000
X 1230000  Y 1280500
X 1250000  Y 1274500
X 1256500  Y 1278000
X 1268500  Y 1285500
X 1268500  Y 1274500
X 1268500  Y 1281000
X 1271000  Y 1265500
X 1308000  Y 1282500
X 1308400  Y 1270600
X 1322000  Y 1280000
X 1324900  Y 1276100
X 1342500  Y 1267500
X 1343100  Y 1277100
X 1343500  Y 1283000
X 1344000  Y 1288100
X 1399000  Y 1268700
X 1417000  Y 1282000
X 1449770  Y 1312850
X 1416900  Y 1294000
X 1404180  Y 1309970
X 1403500  Y 1294000
X 1383500  Y 1297500
X 1375000  Y 1289000
X 1360100  Y 1291600
X 1343300  Y 1298100
X 1342800  Y 1308400
X 1339300  Y 1295800
X 1325000  Y 1312500
X 1317500  Y 1290500
X 1309500  Y 1300000
X 1307000  Y 1309000
X 1292500  Y 1294500
X 1282500  Y 1294500
X 1268000  Y 1291500
X 1257000  Y 1293000
X 1252000  Y 1312500
X 1247500  Y 1295500
X 1242500  Y 1290000
X 1242100  Y 1312600
X 1234400  Y 1308200
X 1211500  Y 1298000
X 1210200  Y 1289400
X 1197000  Y 1303500
X 1193000  Y 1290500
X 1192500  Y 1295500
X 1192200  Y 1299200
X 1184000  Y 1311000
X 1180500  Y 1293500
X 1175500  Y 1291500
X 1175200  Y 1295700
X 1165000  Y 1312500
X 1160000  Y 1312500
X 1136000  Y 1300500
X 1131600  Y 1310600
X 1129000  Y 1300500
X 1123000  Y 1289500
X 1087500  Y 1312500
X 1077500  Y 1312500
X 1070000  Y 1291000
X 1065000  Y 1291000
X 1049300  Y 1292900
X 1045600  Y 1300300
X 1044700  Y 1307700
X 1031700  Y 1328500
X 1043400  Y 1330700
X 1050700  Y 1314400
X 1087500  Y 1322500
X 1099000  Y 1329000
X 1099000  Y 1333500
X 1103000  Y 1329000
X 1110000  Y 1329500
X 1110000  Y 1333500
X 1114000  Y 1329500
X 1114000  Y 1333500
X 1130500  Y 1330900
X 1130800  Y 1326500
X 1131600  Y 1318400
X 1135000  Y 1314200
X 1136000  Y 1318300
X 1137200  Y 1327400
X 1160451  Y 1320741
X 1163996  Y 1319593
X 1180000  Y 1331500
X 1185000  Y 1328500
X 1204000  Y 1334500
X 1212500  Y 1336000
X 1213600  Y 1314200
X 1217678  Y 1335813
X 1218319  Y 1313907
X 1229600  Y 1331600
X 1245000  Y 1319000
X 1248200  Y 1314900
X 1263010  Y 1332660
X 1267500  Y 1329500
X 1286400  Y 1336000
X 1294900  Y 1336200
X 1295600  Y 1314800
X 1299711  Y 1314376
X 1304800  Y 1337300
X 1310000  Y 1332000
X 1321472  Y 1336824
X 1324576  Y 1322373
X 1328400  Y 1322600
X 1332500  Y 1313300
X 1345200  Y 1332500
X 1348600  Y 1329900
X 1378300  Y 1338000
X 1380000  Y 1331000
X 1380000  Y 1317500
X 1382100  Y 1327500
X 1384500  Y 1317500
X 1404500  Y 1328500
X 1404000  Y 1354500
X 1403000  Y 1361000
X 1400000  Y 1354500
X 1398000  Y 1361000
X 1396000  Y 1354500
X 1394000  Y 1361000
X 1392000  Y 1354500
X 1315000  Y 1357500
X 1307790  Y 1356340
X 1305500  Y 1348600
X 1295600  Y 1348000
X 1270900  Y 1354590
X 1262470  Y 1358110
X 1245550  Y 1353960
X 1240900  Y 1347000
X 1198500  Y 1349500
X 1194500  Y 1349000
X 1086600  Y 1361900
X 1042800  Y 1343200
X 1039300  Y 1343000
X 1032850  Y 1339460
X 1012100  Y 1376200
X 1062500  Y 1372000
X 1073000  Y 1366000
X 1074500  Y 1377500
X 1081900  Y 1387000
X 1104500  Y 1365000
X 1111300  Y 1375100
X 1129000  Y 1375500
X 1142000  Y 1371900
X 1148000  Y 1376000
X 1157500  Y 1376000
X 1166500  Y 1368500
X 1186600  Y 1380500
X 1188700  Y 1366000
X 1194000  Y 1366000
X 1207500  Y 1366900
X 1254160  Y 1366540
X 1255000  Y 1385900
X 1260750  Y 1375120
X 1261000  Y 1385500
X 1281000  Y 1378800
X 1302500  Y 1373500
X 1367500  Y 1364000
X 1367500  Y 1369000
X 1367500  Y 1373500
X 1372500  Y 1369000
X 1372500  Y 1373500
X 1372500  Y 1364000
X 1395500  Y 1371500
X 1395500  Y 1367000
X 1399500  Y 1367000
X 1399500  Y 1371500
X 1438500  Y 1401000
X 1438500  Y 1405500
X 1434500  Y 1405500
X 1434500  Y 1401000
X 1430500  Y 1405500
X 1430500  Y 1401000
X 1362000  Y 1398500
X 1362000  Y 1394000
X 1357500  Y 1394000
X 1357500  Y 1398500
X 1352500  Y 1398500
X 1352500  Y 1394000
X 1302300  Y 1400700
X 1299900  Y 1397400
X 1297700  Y 1400800
X 1295000  Y 1397500
X 1264300  Y 1399900
X 1262000  Y 1391000
X 1230000  Y 1393500
X 1225400  Y 1400200
X 1221500  Y 1391500
X 1221500  Y 1395500
X 1217000  Y 1391500
X 1217000  Y 1395500
X 1213000  Y 1395500
X 1213000  Y 1391500
X 1192800  Y 1399800
X 1167800  Y 1394600
X 1165500  Y 1390500
X 1155500  Y 1399000
X 1155500  Y 1403000
X 1155500  Y 1395000
X 1151500  Y 1399000
X 1151500  Y 1395000
X 1151500  Y 1403000
X 1147000  Y 1403000
X 1143000  Y 1403000
X 1137000  Y 1390000
X 1134500  Y 1393500
X 1131500  Y 1390000
X 1127000  Y 1390000
X 1122500  Y 1390000
X 1118000  Y 1390000
X 1113000  Y 1394400
X 1099600  Y 1394400
X 1089400  Y 1399900
X 1063600  Y 1389800
X 1043500  Y 1392900
X 1021000  Y 1418000
X 1048000  Y 1426000
X 1048500  Y 1434000
X 1065500  Y 1420500
X 1072000  Y 1437000
X 1086300  Y 1436300
X 1112500  Y 1425500
X 1116500  Y 1427500
X 1132300  Y 1436300
X 1136200  Y 1436100
X 1139700  Y 1420100
X 1139800  Y 1424500
X 1172500  Y 1427000
X 1191500  Y 1425000
X 1193500  Y 1436500
X 1196800  Y 1420200
X 1199400  Y 1416900
X 1225500  Y 1426000
X 1229500  Y 1426000
X 1241100  Y 1436200
X 1256000  Y 1436400
X 1286300  Y 1425000
X 1319200  Y 1432600
X 1492000  Y 1458500
X 1489500  Y 1462500
X 1487000  Y 1458500
X 1484500  Y 1462500
X 1482000  Y 1458500
X 1480000  Y 1462500
X 1477500  Y 1458500
X 1459000  Y 1459000
X 1459000  Y 1463000
X 1455000  Y 1459000
X 1455000  Y 1463000
X 1450500  Y 1459000
X 1450500  Y 1463000
X 1446500  Y 1459000
X 1446500  Y 1463000
X 1439700  Y 1462000
X 1426800  Y 1459600
X 1422500  Y 1459500
X 1418400  Y 1459500
X 1297500  Y 1455500
X 1286000  Y 1442500
X 1270200  Y 1459800
X 1267295  Y 1450641
X 1244000  Y 1439000
X 1243500  Y 1448000
X 1239600  Y 1441600
X 1231000  Y 1448500
X 1213081  Y 1461466
X 1192500  Y 1441600
X 1191500  Y 1447500
X 1186600  Y 1441500
X 1163381  Y 1458137
X 1156100  Y 1458200
X 1136100  Y 1440500
X 1134500  Y 1448000
X 1132300  Y 1459300
X 1131000  Y 1448000
X 1128900  Y 1441300
X 1124200  Y 1448300
X 1123500  Y 1461000
X 1117400  Y 1457500
X 1104500  Y 1458500
X 1102183  Y 1447055
X 1099500  Y 1462500
X 1082500  Y 1447500
X 1072700  Y 1461500
X 1072500  Y 1441000
X 1059000  Y 1446000
X 1058400  Y 1451500
X 1054500  Y 1450500
X 1032800  Y 1478200
X 1036300  Y 1476300
X 1044500  Y 1478000
X 1062500  Y 1485000
X 1072400  Y 1486400
X 1075000  Y 1475800
X 1075000  Y 1472000
X 1075000  Y 1468000
X 1088500  Y 1483500
X 1100000  Y 1475000
X 1117500  Y 1485100
X 1134500  Y 1486500
X 1146500  Y 1482000
X 1156100  Y 1474500
X 1163000  Y 1485100
X 1172000  Y 1485000
X 1177000  Y 1485000
X 1188600  Y 1483600
X 1190000  Y 1487500
X 1200000  Y 1484500
X 1202500  Y 1479000
X 1217500  Y 1487000
X 1225700  Y 1463800
X 1228500  Y 1484000
X 1232000  Y 1467000
X 1245000  Y 1467000
X 1258000  Y 1483500
X 1270500  Y 1463500
X 1286800  Y 1463600
X 1313500  Y 1480000
X 1396500  Y 1483500
X 1399500  Y 1480500
X 1402500  Y 1483500
X 1405500  Y 1480500
X 1408000  Y 1483500
X 1419500  Y 1464500
X 1422000  Y 1484000
X 1426000  Y 1464500
X 1426000  Y 1484000
X 1430000  Y 1484000
X 1430000  Y 1489000
X 1426000  Y 1489000
X 1422000  Y 1489000
X 1414200  Y 1491300
X 1397900  Y 1502600
X 1306000  Y 1509000
X 1297500  Y 1488500
X 1266100  Y 1492100
X 1261200  Y 1494900
X 1261100  Y 1499900
X 1232000  Y 1512800
X 1221000  Y 1489500
X 1192600  Y 1490900
X 1191700  Y 1495000
X 1191500  Y 1510500
X 1173000  Y 1511000
X 1163300  Y 1500000
X 1163300  Y 1495000
X 1159000  Y 1490500
X 1140000  Y 1490000
X 1136500  Y 1510500
X 1136500  Y 1492000
X 1112000  Y 1489000
X 1084000  Y 1491000
X 1084000  Y 1508000
X 1072500  Y 1490000
X 1071000  Y 1494000
X 1062500  Y 1511600
X 1008300  Y 1524200
X 1022000  Y 1529500
X 1053500  Y 1522200
X 1054600  Y 1518300
X 1057500  Y 1532000
X 1079500  Y 1513500
X 1097500  Y 1534500
X 1102500  Y 1515500
X 1105900  Y 1522500
X 1110000  Y 1518200
X 1110000  Y 1533000
X 1125500  Y 1521000
X 1149500  Y 1535000
X 1152500  Y 1515500
X 1157500  Y 1520500
X 1157500  Y 1535000
X 1160000  Y 1517500
X 1175500  Y 1520000
X 1181000  Y 1529500
X 1197500  Y 1520000
X 1197500  Y 1534500
X 1203500  Y 1514500
X 1206000  Y 1521000
X 1206100  Y 1524700
X 1210000  Y 1535500
X 1228000  Y 1522500
X 1248000  Y 1536500
X 1250000  Y 1514500
X 1300000  Y 1515000
X 1314500  Y 1533500
X 1410700  Y 1534100
X 1401500  Y 1541000
X 1368500  Y 1541500
X 1351500  Y 1551000
X 1342500  Y 1555000
X 1339500  Y 1557500
X 1336500  Y 1542000
X 1316500  Y 1547500
X 1315500  Y 1542500
X 1310500  Y 1561000
X 1289000  Y 1561000
X 1284200  Y 1545200
X 1278500  Y 1545500
X 1245000  Y 1551500
X 1244000  Y 1561000
X 1242000  Y 1555500
X 1239500  Y 1551500
X 1237500  Y 1555500
X 1235000  Y 1551500
X 1232500  Y 1555500
X 1230500  Y 1551500
X 1228000  Y 1555500
X 1226000  Y 1551500
X 1160100  Y 1561900
X 1136500  Y 1562000
X 1120000  Y 1548000
X 1115500  Y 1547000
X 1103500  Y 1562000
X 1087600  Y 1547800
X 1071300  Y 1562300
X 1057000  Y 1561500
X 1039000  Y 1582000
X 1045500  Y 1580000
X 1116000  Y 1573200
X 1121500  Y 1577500
X 1146000  Y 1577500
X 1146500  Y 1583000
X 1164500  Y 1582500
X 1215000  Y 1582500
X 1240500  Y 1582500
X 1327600  Y 1580800
X 1339000  Y 1574500
X 1346500  Y 1580500
X 1400700  Y 1564100

Drill: .0197  Tool: 4  Feed: 95  Speed: 300
X 1447636  Y 1090866
X 1447636  Y 1106614
X 1448030  Y 1098740
X 1453148  Y 1090866
X 1453148  Y 1106614
X 1453542  Y 1098740
X 1458660  Y 1090866
X 1458660  Y 1106614
X 1459054  Y 1098740
X 1464172  Y 1090866
X 1464172  Y 1106614
X 1464566  Y 1098740
X 1469684  Y 1090866
X 1469684  Y 1106614
X 1470078  Y 1098740
X 1475196  Y 1090866
X 1475196  Y 1106614
X 1475590  Y 1098740
X 1480708  Y 1090866
X 1480708  Y 1106614
X 1481102  Y 1098740
X 1486220  Y 1090866
X 1486220  Y 1106614
X 1486614  Y 1098740
X 1491732  Y 1090866
X 1491732  Y 1106614
X 1492125  Y 1098740
X 1492125  Y 1114488
X 1492125  Y 1130236
X 1491732  Y 1122362
X 1491732  Y 1138110
X 1486614  Y 1114488
X 1486614  Y 1130236
X 1486220  Y 1122362
X 1486220  Y 1138110
X 1481102  Y 1114488
X 1481102  Y 1130236
X 1480708  Y 1122362
X 1480708  Y 1138110
X 1475590  Y 1114488
X 1475590  Y 1130236
X 1475196  Y 1122362
X 1475196  Y 1138110
X 1470078  Y 1114488
X 1470078  Y 1130236
X 1469684  Y 1122362
X 1469684  Y 1138110
X 1464566  Y 1114488
X 1464566  Y 1130236
X 1464172  Y 1122362
X 1464172  Y 1138110
X 1459054  Y 1114488
X 1459054  Y 1130236
X 1458660  Y 1122362
X 1458660  Y 1138110
X 1453542  Y 1114488
X 1453542  Y 1130236
X 1453148  Y 1122362
X 1453148  Y 1138110
X 1448030  Y 1114488
X 1448030  Y 1130236
X 1447636  Y 1122362
X 1447636  Y 1138110
X 1448030  Y 1145984
X 1453542  Y 1145984
X 1459054  Y 1145984
X 1464566  Y 1145984
X 1470078  Y 1145984
X 1475590  Y 1145984
X 1481102  Y 1145984
X 1486614  Y 1145984
X 1492125  Y 1145984
X 1492125  Y 1245669
X 1492125  Y 1261417
X 1491732  Y 1237795
X 1491732  Y 1253543
X 1486614  Y 1245669
X 1486614  Y 1261417
X 1486220  Y 1237795
X 1486220  Y 1253543
X 1481102  Y 1245669
X 1481102  Y 1261417
X 1480708  Y 1237795
X 1480708  Y 1253543
X 1475590  Y 1261417
X 1475590  Y 1245669
X 1475196  Y 1237795
X 1475196  Y 1253543
X 1470078  Y 1245669
X 1470078  Y 1261417
X 1469684  Y 1253543
X 1469684  Y 1237795
X 1464566  Y 1261417
X 1464566  Y 1245669
X 1464172  Y 1253543
X 1464172  Y 1237795
X 1459054  Y 1245669
X 1459054  Y 1261417
X 1458660  Y 1253543
X 1458660  Y 1237795
X 1453542  Y 1245669
X 1453542  Y 1261417
X 1453148  Y 1253543
X 1453148  Y 1237795
X 1448030  Y 1261417
X 1448030  Y 1245669
X 1447636  Y 1253543
X 1447636  Y 1237795
X 1447636  Y 1269291
X 1447636  Y 1285039
X 1448030  Y 1277165
X 1453148  Y 1269291
X 1453148  Y 1285039
X 1453542  Y 1277165
X 1458660  Y 1269291
X 1458660  Y 1285039
X 1459054  Y 1277165
X 1464172  Y 1269291
X 1464172  Y 1285039
X 1464566  Y 1277165
X 1469684  Y 1269291
X 1469684  Y 1285039
X 1470078  Y 1277165
X 1475196  Y 1269291
X 1475196  Y 1285039
X 1475590  Y 1277165
X 1480708  Y 1269291
X 1480708  Y 1285039
X 1481102  Y 1277165
X 1486220  Y 1285039
X 1486220  Y 1269291
X 1486614  Y 1277165
X 1491732  Y 1269291
X 1491732  Y 1285039
X 1492125  Y 1277165
X 1492125  Y 1292913
X 1486614  Y 1292913
X 1481102  Y 1292913
X 1475590  Y 1292913
X 1470078  Y 1292913
X 1464566  Y 1292913
X 1459054  Y 1292913
X 1453542  Y 1292913
X 1448030  Y 1292913

Drill: .02  Tool: 5  Feed: 197  Speed: 550
X 1397000  Y 1069100
X 1398000  Y 1095000
X 1404200  Y 1069100
X 1409100  Y 1068800
X 1409300  Y 1104000
X 1411700  Y 1021700
X 1408100  Y 1159100
X 1398000  Y 1122500
X 1397900  Y 1149900
X 1393500  Y 1183300
X 1349400  Y 1166000
X 1086000  Y 1134500
X 1048500  Y 1142500
X 1081000  Y 1271000
X 1092000  Y 1306500
X 1102000  Y 1307000
X 1166300  Y 1290900
X 1287500  Y 1297900
X 1322700  Y 1293500
X 1396000  Y 1256300
X 1354500  Y 1347500
X 1341000  Y 1337800
X 1317400  Y 1353500
X 1312200  Y 1353500
X 1310000  Y 1337500
X 1282020  Y 1356780
X 1226900  Y 1335600
X 1221000  Y 1346500
X 1160052  Y 1334740
X 1111200  Y 1339900
X 1078000  Y 1322500
X 1070900  Y 1334500
X 1066500  Y 1346000
X 1047100  Y 1339900
X 1098100  Y 1517800
X 1132000  Y 1529000
X 1147600  Y 1519000
X 1248300  Y 1519000
X 1258000  Y 1389800
X 1321870  Y 1421990
X 1324000  Y 1442000
X 1301000  Y 1550000
X 1251500  Y 1576000

Drill: .028  Tool: 6  Feed: 197  Speed: 550
X 1342900  Y 1225200
X 1410200  Y 1197100
X 1453500  Y 1428500
X 1429020  Y 1353230
X 1413600  Y 1312000
X 1385500  Y 1358200
X 1064300  Y 1548900
X 1117100  Y 1566500
X 1271000  Y 1549300
X 1436100  Y 1526000

Drill: .0315  Tool: 7  Feed: 197  Speed: 550
X 1022540  Y 1430048
X 1042540  Y 1430048
X 1407540  Y 1512548
X 1407540  Y 1502548
X 1387540  Y 1502548
X 1387540  Y 1512548
X 1375040  Y 1512548
X 1375040  Y 1502548
X 1355040  Y 1502548
X 1355040  Y 1512548
X 1342540  Y 1512548
X 1342540  Y 1502548
X 1322540  Y 1502548
X 1322540  Y 1512548
X 1042540  Y 1470048
X 1042540  Y 1450048
X 1042540  Y 1440048
X 1042500  Y 1507500
X 1042500  Y 1497500
X 1022540  Y 1450048
X 1022540  Y 1470048
X 1022540  Y 1440048
X 1022500  Y 1497500
X 1022500  Y 1507500
X 1022500  Y 1517500
X 1022500  Y 1537500
X 1042500  Y 1537500
X 1042500  Y 1517500
X 1322540  Y 1522548
X 1322540  Y 1542548
X 1342540  Y 1522548
X 1342540  Y 1542548
X 1355040  Y 1522548
X 1355040  Y 1542548
X 1375040  Y 1522548
X 1375040  Y 1542548
X 1387540  Y 1542548
X 1387540  Y 1522548
X 1407540  Y 1522548
X 1407540  Y 1542548

Drill: .03228  Tool: 8  Feed: 197  Speed: 550
X 1117500  Y 1017500
X 1117500  Y 1047500
X 1127500  Y 1047500
X 1127500  Y 1017500
X 1137500  Y 1017500
X 1137500  Y 1047500

Drill: .034  Tool: 9  Feed: 197  Speed: 550
X 1115000  Y 1092500
X 1115000  Y 1102500
X 1115000  Y 1112500
X 1115000  Y 1122500
X 1115000  Y 1132500

Drill: .03543  Tool: 10  Feed: 197  Speed: 550
X 1440944  Y 1497913
X 1448818  Y 1497913
X 1456692  Y 1497913
X 1472440  Y 1497913
X 1480314  Y 1497913
X 1488188  Y 1497913
X 1488188  Y 1521535
X 1480314  Y 1521535
X 1472440  Y 1521535
X 1456692  Y 1521535
X 1448818  Y 1521535
X 1440944  Y 1521535

Drill: .036  Tool: 11  Feed: 197  Speed: 550
X 1346000  Y 1561811
X 1356000  Y 1561811
X 1366000  Y 1561811
X 1376000  Y 1561811
X 1386000  Y 1561811
X 1386000  Y 1571811
X 1376000  Y 1571811
X 1366000  Y 1571811
X 1356000  Y 1571811
X 1346000  Y 1571811

Drill: .03937  Tool: 12  Feed: 197  Speed: 550
X 1053346  Y 1035826
X 1053346  Y 1018110
X 1415000  Y 1220500
X 1425000  Y 1220500
X 1435000  Y 1220500
X 1455000  Y 1220500
X 1465000  Y 1220500
X 1475000  Y 1220500
X 1485000  Y 1220500
X 1485000  Y 1342500
X 1475000  Y 1342500
X 1465000  Y 1342500
X 1455000  Y 1342500
X 1435000  Y 1342500
X 1425000  Y 1342500
X 1415000  Y 1342500
X 1326762  Y 1377311
X 1326762  Y 1397311
X 1386762  Y 1377311
X 1386762  Y 1397311
X 1415000  Y 1385000
X 1425000  Y 1385000
X 1435000  Y 1385000
X 1455000  Y 1385000
X 1465000  Y 1385000
X 1475000  Y 1385000
X 1485000  Y 1385000
X 1485000  Y 1430000
X 1475000  Y 1430000
X 1465000  Y 1430000
X 1445000  Y 1430000
X 1435000  Y 1430000
X 1425000  Y 1430000
X 1415000  Y 1430000
X 1386762  Y 1457311
X 1386762  Y 1467311
X 1326762  Y 1457311
X 1326762  Y 1477311
X 1326762  Y 1467311

Drill: .04  Tool: 13  Feed: 139  Speed: 550
X 1018346  Y 1386692
X 1018346  Y 1374488
X 1018346  Y 1364488
X 1028346  Y 1374488
X 1028346  Y 1364488
X 1028346  Y 1386692
X 1038346  Y 1364488
X 1038346  Y 1374488
X 1038346  Y 1386692
X 1038346  Y 1396692
X 1028346  Y 1396692
X 1018346  Y 1396692
X 1320000  Y 1577500
X 1320000  Y 1567500

Drill: .04016  Tool: 14  Feed: 139  Speed: 550
X 1152716  Y 1019921
X 1304212  Y 1019921
X 1256653  Y 1379763
X 1105157  Y 1379763

Drill: .043  Tool: 15  Feed: 139  Speed: 550
X 1036889  Y 1108464
X 1039094  Y 1088897
X 1039094  Y 1098897
X 1041338  Y 1079370
X 1041338  Y 1069370
X 1043543  Y 1059803
X 1043543  Y 1049803
X 1036889  Y 1118464
X 1034645  Y 1138031
X 1034645  Y 1128031
X 1032440  Y 1147598
X 1032440  Y 1157598
X 1030196  Y 1167165
X 1030196  Y 1177165
X 1027992  Y 1186692
X 1021299  Y 1255393
X 1021299  Y 1245393
X 1023543  Y 1235826
X 1023543  Y 1225826
X 1025748  Y 1216259
X 1025748  Y 1206259
X 1027992  Y 1196692
X 1019094  Y 1274960
X 1019094  Y 1264960
X 1016889  Y 1284488
X 1016889  Y 1294488
X 1014645  Y 1304055
X 1014645  Y 1314055
X 1012440  Y 1333622
X 1012440  Y 1323622
X 1007125  Y 1410511
X 1007125  Y 1420511
X 1007125  Y 1429015
X 1010196  Y 1343188
X 1010196  Y 1353188
X 1007125  Y 1439015
X 1007125  Y 1447519
X 1007125  Y 1457519
X 1007125  Y 1484527
X 1007125  Y 1466023
X 1007125  Y 1476023
X 1007125  Y 1494527
X 1007125  Y 1513031
X 1007125  Y 1503031

Drill: .05118  Tool: 16  Feed: 107  Speed: 550
X 1063188  Y 1013188
X 1063188  Y 1040748

Drill: .08268  Tool: 17  Feed: 74  Speed: 550
X 1484251  Y 1509724

Drill: .096  Tool: 18  Feed: 66  Speed: 550
X 1115000  Y 1067500

Drill: .14  Tool: 19  Feed: 35  Speed: 900
X 1095708  Y 1023622
X 1369094  Y 1023622
X 1282677  Y 1576377
X 1077952  Y 1576377

Drill: .15748  Tool: 20  Feed: 35  Speed: 900
X 1432086  Y 1559055
X 1458149  Y 1559055
X 1480314  Y 1559055

End of Listing
