Archive Project report for IOP
Tue Aug 23 13:49:01 2011
Quartus II Version 9.1 Build 222 10/21/2009 SJ Web Edition


---------------------
; Table of Contents ;
---------------------
  1. Legal Notice
  2. Archive Project Summary
  3. Archive Project Messages
  4. Files Archived



----------------
; Legal Notice ;
----------------
Copyright (C) 1991-2009 Altera Corporation
Your use of Altera Corporation's design tools, logic functions 
and other software and tools, and its AMPP partner logic 
functions, and any output files from any of the foregoing 
(including device programming or simulation files), and any 
associated documentation or information are expressly subject 
to the terms and conditions of the Altera Program License 
Subscription Agreement, Altera MegaCore Function License 
Agreement, or other applicable license agreement, including, 
without limitation, that your use is for the sole purpose of 
programming logic devices manufactured by Altera and sold by 
Altera or its authorized distributors.  Please refer to the 
applicable agreement for further details.



+----------------------------------------------------------------+
; Archive Project Summary                                        ;
+------------------------+---------------------------------------+
; Archive Project Status ; Successful - Tue Aug 23 13:49:01 2011 ;
; Revision Name          ; IOP                                   ;
; Top-level Entity Name  ; IOP                                   ;
; Family                 ; MAX II                                ;
+------------------------+---------------------------------------+


+--------------------------+
; Archive Project Messages ;
+--------------------------+
Info: File Set 'Source control' contains:
    Info: Project source and settings files
    Info: Automatically detected source files
Info: ----------------------------------------------------------
Info: ----------------------------------------------------------
Info: Generated archive 'E:/Projects/ngp/schematic design/IOP ANALOG/CPLD/IOP_ANALOG/IOP_TEST.qar'
Info: ----------------------------------------------------------
Info: ----------------------------------------------------------
Info: Generated report 'IOP.archive.rpt'
Info: Evaluation of Tcl script c:/altera/91/quartus/common/tcl/apps/qpm/qar.tcl was successful
Info: Quartus II Shell was successful. 0 errors, 1 warning
    Info: Peak virtual memory: 117 megabytes
    Info: Processing ended: Tue Aug 23 13:49:01 2011
    Info: Elapsed time: 00:00:07
    Info: Total CPU time (on all processors): 00:00:04


+---------------------------------------------------------------------+
; Files Archived                                                      ;
+---------------------------------------------------------------------+
; File Name                                                           ;
+---------------------------------------------------------------------+
; ADC_CONV.bsf                                                        ;
; ADC_CONV.cmp                                                        ;
; ADC_CONV.qip                                                        ;
; ADC_CONV.vhd                                                        ;
; AND_2.bsf                                                           ;
; AND_2.cmp                                                           ;
; AND_2.qip                                                           ;
; AND_2.vhd                                                           ;
; AND_3.bsf                                                           ;
; AND_3.cmp                                                           ;
; AND_3.qip                                                           ;
; AND_3.vhd                                                           ;
; AND_4.bsf                                                           ;
; AND_4.cmp                                                           ;
; AND_4.qip                                                           ;
; AND_4.vhd                                                           ;
; assignment_defaults.qdf                                             ;
; CNT3.bsf                                                            ;
; CNT3.cmp                                                            ;
; CNT3.qip                                                            ;
; CNT3.vhd                                                            ;
; CNT4.bsf                                                            ;
; CNT4.cmp                                                            ;
; CNT4.qip                                                            ;
; CNT4.vhd                                                            ;
; CONV_ST.bsf                                                         ;
; CONV_ST.cmp                                                         ;
; CONV_ST.qip                                                         ;
; CONV_ST.vhd                                                         ;
; COUNTER4.bsf                                                        ;
; COUNTER4.cmp                                                        ;
; COUNTER4.qip                                                        ;
; COUNTER4.vhd                                                        ;
; COUNTER5.bsf                                                        ;
; COUNTER5.cmp                                                        ;
; COUNTER5.qip                                                        ;
; COUNTER5.vhd                                                        ;
; counter8.bsf                                                        ;
; counter8.cmp                                                        ;
; counter8.qip                                                        ;
; counter8.vhd                                                        ;
; DELAY_500ns.bsf                                                     ;
; DELAY_500ns.cmp                                                     ;
; DELAY_500ns.qip                                                     ;
; DELAY_500ns.vhd                                                     ;
; DFF_1.bsf                                                           ;
; DFF_1.cmp                                                           ;
; DFF_1.qip                                                           ;
; DFF_1.vhd                                                           ;
; DFF_16.bsf                                                          ;
; DFF_16.cmp                                                          ;
; DFF_16.qip                                                          ;
; DFF_16.vhd                                                          ;
; DFF_CD.vhd                                                          ;
; E:/Projects/ngp/schematic design/IOP ANALOG/CPLD/IOP_ANALOG/IOP.dpf ;
; fifo16.vhd                                                          ;
; IOP.bdf                                                             ;
; IOP.dpf                                                             ;
; IOP.pin                                                             ;
; IOP.qpf                                                             ;
; IOP.qsf                                                             ;
; lLED_FF.bsf                                                         ;
; lLED_FF.cmp                                                         ;
; lLED_FF.qip                                                         ;
; lLED_FF.vhd                                                         ;
; m2.bsf                                                              ;
; m2.cmp                                                              ;
; m2.qip                                                              ;
; m2.tdf                                                              ;
; MEM_1.bsf                                                           ;
; MEM_1.cmp                                                           ;
; MEM_1.qip                                                           ;
; MEM_1.vhd                                                           ;
; MEMORY.bsf                                                          ;
; MEMORY.cmp                                                          ;
; MEMORY.qip                                                          ;
; MEMORY.vhd                                                          ;
; NAND_2.bsf                                                          ;
; NAND_2.cmp                                                          ;
; NAND_2.qip                                                          ;
; NAND_2.vhd                                                          ;
; noninv16.vhd                                                        ;
; NOR_4.bsf                                                           ;
; NOR_4.cmp                                                           ;
; NOR_4.qip                                                           ;
; NOR_4.vhd                                                           ;
; not2.vhd                                                            ;
; OR4.bsf                                                             ;
; OR4.cmp                                                             ;
; OR4.qip                                                             ;
; OR4.vhd                                                             ;
; OR_2.bsf                                                            ;
; OR_2.cmp                                                            ;
; OR_2.qip                                                            ;
; OR_2.vhd                                                            ;
; OR_4.bsf                                                            ;
; OR_4.cmp                                                            ;
; OR_4.qip                                                            ;
; OR_4.vhd                                                            ;
; oscillator.bsf                                                      ;
; oscillator.cmp                                                      ;
; oscillator.qip                                                      ;
; oscillator.vhd                                                      ;
; S_16.bsf                                                            ;
; S_16.cmp                                                            ;
; S_16.qip                                                            ;
; S_16.vhd                                                            ;
; T_FF.bsf                                                            ;
; T_FF.cmp                                                            ;
; T_FF.qip                                                            ;
; T_FF.vhd                                                            ;
; tr16.tdf                                                            ;
; VHI.vhd                                                             ;
; VLO.bsf                                                             ;
; VLO.cmp                                                             ;
; VLO.qip                                                             ;
; VLO.vhd                                                             ;
+---------------------------------------------------------------------+


