Drill Listing
=============
Drill: .01  Tool: 1  Feed: 95  Speed: 300
X 1145291  Y 1115141
X 1145291  Y 1123015
X 1149228  Y 1123015
X 1149228  Y 1119078
X 1153165  Y 1119078
X 1153165  Y 1123015
X 1153165  Y 1115141
X 1157102  Y 1126952
X 1157102  Y 1123015
X 1161039  Y 1123015
X 1164976  Y 1123015
X 1172850  Y 1123015
X 1176500  Y 1123016
X 1180724  Y 1123015
X 1200409  Y 1115141
X 1200409  Y 1126952
X 1204346  Y 1123015
X 1204346  Y 1119078
X 1208283  Y 1119078
X 1208283  Y 1123015
X 1208283  Y 1115141
X 1200409  Y 1138763
X 1200409  Y 1130889
X 1200409  Y 1134826
X 1200409  Y 1142700
X 1196472  Y 1142701
X 1192600  Y 1142800
X 1188598  Y 1142700
X 1188598  Y 1150574
X 1188598  Y 1138900
X 1184661  Y 1150574
X 1184661  Y 1134826
X 1184661  Y 1138900
X 1184661  Y 1142700
X 1180724  Y 1130889
X 1180724  Y 1134826
X 1180724  Y 1142700
X 1180724  Y 1150574
X 1180700  Y 1138900
X 1173200  Y 1142800
X 1172900  Y 1138900
X 1172900  Y 1134900
X 1172850  Y 1150574
X 1172850  Y 1130889
X 1169000  Y 1138900
X 1168913  Y 1150574
X 1168913  Y 1142700
X 1168900  Y 1134900
X 1165000  Y 1138800
X 1165000  Y 1142600
X 1164976  Y 1134826
X 1164976  Y 1150574
X 1161039  Y 1130889
X 1153165  Y 1138763
X 1153165  Y 1134826
X 1153165  Y 1150574
X 1153165  Y 1142700
X 1142900  Y 1153100
X 1145000  Y 1174300
X 1145291  Y 1166322
X 1145291  Y 1162385
X 1145291  Y 1158448
X 1145291  Y 1170259
X 1145291  Y 1178133
X 1149228  Y 1166322
X 1149228  Y 1162385
X 1149228  Y 1170259
X 1149228  Y 1178133
X 1149228  Y 1174196
X 1149500  Y 1158200
X 1153165  Y 1166322
X 1153165  Y 1154511
X 1153165  Y 1174196
X 1153165  Y 1170259
X 1153165  Y 1158448
X 1153165  Y 1162385
X 1153165  Y 1178133
X 1157100  Y 1162300
X 1157102  Y 1178133
X 1157102  Y 1174196
X 1157102  Y 1170259
X 1161039  Y 1174196
X 1161039  Y 1170259
X 1161039  Y 1178133
X 1164976  Y 1170259
X 1164976  Y 1178133
X 1164976  Y 1174196
X 1165000  Y 1154500
X 1168800  Y 1154600
X 1168913  Y 1170259
X 1168913  Y 1158448
X 1168913  Y 1174196
X 1172850  Y 1174196
X 1172850  Y 1170259
X 1172850  Y 1158448
X 1172900  Y 1154600
X 1180700  Y 1154600
X 1180724  Y 1170259
X 1180724  Y 1174196
X 1180724  Y 1158448
X 1184661  Y 1174196
X 1184661  Y 1170259
X 1184661  Y 1158448
X 1184700  Y 1154600
X 1188598  Y 1178133
X 1188598  Y 1170259
X 1188598  Y 1166322
X 1188598  Y 1174196
X 1188598  Y 1154511
X 1192535  Y 1166322
X 1192535  Y 1174196
X 1192535  Y 1178133
X 1192535  Y 1170259
X 1196472  Y 1162385
X 1196472  Y 1166322
X 1196472  Y 1174196
X 1196472  Y 1170259
X 1196472  Y 1178133
X 1200409  Y 1162385
X 1200409  Y 1174196
X 1200409  Y 1170259
X 1200409  Y 1178133
X 1204346  Y 1170259
X 1204346  Y 1166322
X 1204346  Y 1174196
X 1208283  Y 1170259
X 1208283  Y 1178133
X 1208283  Y 1154511
X 1300000  Y 1396000

Drill: .012  Tool: 2  Feed: 95  Speed: 300
X 1042000  Y 1026000
X 1044000  Y 1016000
X 1058000  Y 1004000
X 1059300  Y 1019600
X 1060000  Y 1025500
X 1063070  Y 1017320
X 1070000  Y 1004000
X 1082000  Y 1004000
X 1094000  Y 1004000
X 1106000  Y 1004000
X 1116000  Y 1004000
X 1210000  Y 1004000
X 1220000  Y 1004000
X 1230000  Y 1004000
X 1240000  Y 1004000
X 1250000  Y 1004000
X 1260000  Y 1004000
X 1270000  Y 1004000
X 1272500  Y 1027500
X 1280000  Y 1004000
X 1281500  Y 1024500
X 1290000  Y 1004000
X 1300000  Y 1004000
X 1310000  Y 1004000
X 1310500  Y 1026000
X 1314000  Y 1026000
X 1320000  Y 1004000
X 1330000  Y 1004000
X 1340000  Y 1004000
X 1350000  Y 1004000
X 1360000  Y 1004000
X 1370000  Y 1004000
X 1380000  Y 1004000
X 1390000  Y 1004000
X 1402000  Y 1004000
X 1412000  Y 1004000
X 1422000  Y 1004000
X 1432000  Y 1004000
X 1442000  Y 1004000
X 1452000  Y 1004000
X 1462000  Y 1004000
X 1472000  Y 1004000
X 1482000  Y 1004000
X 1492000  Y 1004000
X 1502000  Y 1004000
X 1512000  Y 1004000
X 1522000  Y 1004000
X 1532000  Y 1004000
X 1542000  Y 1004000
X 1552000  Y 1004000
X 1562000  Y 1004000
X 1572000  Y 1004000
X 1582000  Y 1004000
X 1592000  Y 1004000
X 1568500  Y 1039000
X 1511000  Y 1052000
X 1501000  Y 1052000
X 1482000  Y 1052000
X 1464500  Y 1052000
X 1406000  Y 1038000
X 1406000  Y 1046000
X 1398000  Y 1046000
X 1398000  Y 1038000
X 1390000  Y 1038000
X 1390000  Y 1046000
X 1382000  Y 1038000
X 1382000  Y 1046000
X 1353743  Y 1037260
X 1338243  Y 1048260
X 1338243  Y 1042760
X 1280200  Y 1044700
X 1273900  Y 1048200
X 1273100  Y 1041300
X 1245000  Y 1049500
X 1237700  Y 1047700
X 1237500  Y 1052700
X 1181500  Y 1040000
X 1181500  Y 1033500
X 1171500  Y 1040500
X 1168000  Y 1036000
X 1161500  Y 1040500
X 1141500  Y 1040000
X 1141500  Y 1034000
X 1063030  Y 1040130
X 1059220  Y 1030090
X 1056800  Y 1047000
X 1055600  Y 1043600
X 1055400  Y 1032200
X 1052800  Y 1049700
X 1040000  Y 1036000
X 1035900  Y 1053900
X 1032500  Y 1076400
X 1034100  Y 1065400
X 1046700  Y 1068500
X 1049650  Y 1078880
X 1052000  Y 1059730
X 1054700  Y 1066000
X 1064200  Y 1054600
X 1067500  Y 1075500
X 1070900  Y 1073200
X 1074300  Y 1067400
X 1089000  Y 1059700
X 1091000  Y 1078200
X 1106600  Y 1075600
X 1131000  Y 1065500
X 1133500  Y 1061500
X 1136000  Y 1065000
X 1140300  Y 1069300
X 1140500  Y 1078000
X 1147000  Y 1065500
X 1149500  Y 1062500
X 1152000  Y 1065500
X 1156500  Y 1069500
X 1156500  Y 1078000
X 1161000  Y 1073500
X 1161500  Y 1055500
X 1170000  Y 1065000
X 1171500  Y 1055500
X 1172500  Y 1069500
X 1173000  Y 1078000
X 1181500  Y 1055500
X 1199300  Y 1066800
X 1232100  Y 1058100
X 1242000  Y 1066000
X 1243700  Y 1074000
X 1249600  Y 1066100
X 1250100  Y 1059600
X 1272500  Y 1060500
X 1273100  Y 1068000
X 1273700  Y 1078700
X 1280000  Y 1065000
X 1310500  Y 1055500
X 1310500  Y 1075500
X 1314000  Y 1055500
X 1314000  Y 1075500
X 1340243  Y 1054260
X 1340500  Y 1058500
X 1357800  Y 1058400
X 1358600  Y 1055000
X 1366600  Y 1065000
X 1367200  Y 1072000
X 1377100  Y 1061000
X 1381000  Y 1078500
X 1382000  Y 1054000
X 1390000  Y 1054000
X 1392000  Y 1063500
X 1398000  Y 1054000
X 1406000  Y 1054000
X 1412000  Y 1078500
X 1426000  Y 1059000
X 1426000  Y 1065500
X 1426500  Y 1073500
X 1465000  Y 1068500
X 1523000  Y 1059000
X 1530500  Y 1058000
X 1562491  Y 1088839
X 1554500  Y 1083500
X 1551500  Y 1089000
X 1541899  Y 1089105
X 1518500  Y 1095000
X 1518000  Y 1083500
X 1518000  Y 1100000
X 1494000  Y 1087000
X 1427000  Y 1102500
X 1426500  Y 1079000
X 1426000  Y 1095500
X 1391400  Y 1098000
X 1379900  Y 1095900
X 1367500  Y 1081500
X 1365500  Y 1096100
X 1314000  Y 1095500
X 1314000  Y 1086000
X 1310500  Y 1095500
X 1310500  Y 1086000
X 1282500  Y 1085000
X 1276500  Y 1102500
X 1273300  Y 1088100
X 1273000  Y 1100000
X 1249000  Y 1099800
X 1244900  Y 1088200
X 1243900  Y 1099200
X 1240000  Y 1089500
X 1238900  Y 1100800
X 1236000  Y 1087000
X 1232500  Y 1083500
X 1168000  Y 1082500
X 1167100  Y 1101300
X 1162500  Y 1082500
X 1162000  Y 1096500
X 1158500  Y 1101500
X 1152000  Y 1082000
X 1147000  Y 1082000
X 1143500  Y 1100500
X 1136000  Y 1082000
X 1131000  Y 1082000
X 1127300  Y 1099700
X 1125000  Y 1096000
X 1121000  Y 1096000
X 1091000  Y 1099000
X 1070300  Y 1088000
X 1070300  Y 1081400
X 1070300  Y 1094000
X 1070300  Y 1091000
X 1070200  Y 1097200
X 1070200  Y 1084700
X 1070000  Y 1100200
X 1069900  Y 1103600
X 1066500  Y 1079000
X 1046380  Y 1088880
X 1046070  Y 1097720
X 1045500  Y 1093500
X 1043500  Y 1102000
X 1030800  Y 1087600
X 1029000  Y 1099400
X 1024800  Y 1126000
X 1026900  Y 1111900
X 1040090  Y 1125630
X 1041000  Y 1119500
X 1042530  Y 1105740
X 1043120  Y 1114930
X 1044000  Y 1110500
X 1044850  Y 1126530
X 1052000  Y 1127500
X 1055490  Y 1124910
X 1059000  Y 1122500
X 1069800  Y 1107900
X 1070000  Y 1116000
X 1070200  Y 1122500
X 1070300  Y 1119500
X 1070300  Y 1112700
X 1070300  Y 1128900
X 1070300  Y 1125500
X 1091000  Y 1124500
X 1135500  Y 1122800
X 1135800  Y 1126900
X 1136600  Y 1116900
X 1225600  Y 1122100
X 1234000  Y 1114000
X 1237000  Y 1124000
X 1240200  Y 1113100
X 1250500  Y 1111000
X 1251600  Y 1117000
X 1272500  Y 1121000
X 1272800  Y 1107900
X 1276000  Y 1124000
X 1340500  Y 1128700
X 1343700  Y 1126200
X 1364800  Y 1104500
X 1365000  Y 1109000
X 1380400  Y 1115600
X 1411500  Y 1115500
X 1412200  Y 1106200
X 1426500  Y 1115500
X 1499000  Y 1118500
X 1506000  Y 1113000
X 1507500  Y 1105500
X 1515000  Y 1119000
X 1537500  Y 1114500
X 1542000  Y 1118500
X 1557500  Y 1135500
X 1547500  Y 1135500
X 1331000  Y 1145900
X 1331000  Y 1142600
X 1328500  Y 1153000
X 1314000  Y 1135500
X 1314000  Y 1146000
X 1310500  Y 1135500
X 1310500  Y 1146000
X 1274600  Y 1138900
X 1274000  Y 1149000
X 1274000  Y 1143000
X 1268800  Y 1146200
X 1264600  Y 1131200
X 1264500  Y 1150000
X 1262000  Y 1144000
X 1249700  Y 1134700
X 1246000  Y 1136000
X 1245000  Y 1143900
X 1240500  Y 1139500
X 1237200  Y 1134800
X 1104100  Y 1132400
X 1102500  Y 1144500
X 1095500  Y 1146900
X 1091000  Y 1145000
X 1083500  Y 1146800
X 1083000  Y 1150100
X 1070900  Y 1143800
X 1070600  Y 1150600
X 1070300  Y 1138400
X 1070300  Y 1132000
X 1070300  Y 1135400
X 1066000  Y 1144000
X 1066000  Y 1152700
X 1056800  Y 1150000
X 1051300  Y 1141900
X 1050000  Y 1153000
X 1046900  Y 1143700
X 1039610  Y 1130800
X 1039000  Y 1137500
X 1037500  Y 1141500
X 1037420  Y 1145650
X 1022800  Y 1137400
X 1021000  Y 1148800
X 1017300  Y 1173300
X 1018900  Y 1162500
X 1030610  Y 1177990
X 1033560  Y 1166920
X 1033800  Y 1160580
X 1033930  Y 1171220
X 1034740  Y 1175290
X 1036130  Y 1155680
X 1038500  Y 1176500
X 1042500  Y 1169000
X 1045000  Y 1155500
X 1047500  Y 1168500
X 1053000  Y 1168500
X 1056100  Y 1155800
X 1058100  Y 1169100
X 1060500  Y 1156000
X 1063000  Y 1168000
X 1070100  Y 1163500
X 1071000  Y 1157000
X 1080500  Y 1165800
X 1082500  Y 1175000
X 1091000  Y 1160100
X 1134700  Y 1168500
X 1213610  Y 1162810
X 1226000  Y 1167500
X 1226500  Y 1174000
X 1231100  Y 1168900
X 1234100  Y 1166300
X 1236000  Y 1162000
X 1241900  Y 1169900
X 1248000  Y 1170500
X 1249000  Y 1166000
X 1263500  Y 1173500
X 1265000  Y 1157000
X 1269000  Y 1161500
X 1273500  Y 1169500
X 1273500  Y 1158000
X 1274500  Y 1177500
X 1275700  Y 1165800
X 1275700  Y 1162200
X 1310500  Y 1155500
X 1312000  Y 1171500
X 1314000  Y 1166000
X 1314000  Y 1155500
X 1326100  Y 1159900
X 1495200  Y 1173200
X 1499500  Y 1167600
X 1503000  Y 1167700
X 1506600  Y 1167800
X 1513700  Y 1168900
X 1547500  Y 1167000
X 1557500  Y 1191400
X 1541200  Y 1192100
X 1535500  Y 1185800
X 1531000  Y 1185500
X 1529200  Y 1191900
X 1528000  Y 1187000
X 1525000  Y 1185000
X 1521500  Y 1186500
X 1518000  Y 1187000
X 1517200  Y 1191800
X 1514500  Y 1187000
X 1512400  Y 1191200
X 1510000  Y 1186500
X 1508300  Y 1190100
X 1502700  Y 1187800
X 1499200  Y 1191300
X 1314000  Y 1186000
X 1314000  Y 1195500
X 1310500  Y 1186000
X 1310500  Y 1195500
X 1276000  Y 1202500
X 1276000  Y 1185500
X 1273500  Y 1199000
X 1273200  Y 1180500
X 1272500  Y 1187500
X 1265500  Y 1180300
X 1258000  Y 1190000
X 1249350  Y 1194150
X 1239800  Y 1189900
X 1235900  Y 1188700
X 1231500  Y 1192800
X 1216500  Y 1185000
X 1214500  Y 1189000
X 1212000  Y 1182500
X 1206000  Y 1196000
X 1195300  Y 1190700
X 1195300  Y 1203300
X 1137600  Y 1179000
X 1133500  Y 1198000
X 1131000  Y 1179000
X 1126800  Y 1187800
X 1123500  Y 1191000
X 1106500  Y 1201000
X 1087500  Y 1189400
X 1082000  Y 1179000
X 1081000  Y 1191900
X 1069500  Y 1201000
X 1065000  Y 1197600
X 1057000  Y 1199500
X 1056000  Y 1181000
X 1049500  Y 1179500
X 1046500  Y 1184000
X 1045000  Y 1180000
X 1039000  Y 1181500
X 1038000  Y 1200000
X 1031510  Y 1182490
X 1031070  Y 1187900
X 1030570  Y 1191770
X 1028130  Y 1200840
X 1015300  Y 1185900
X 1013400  Y 1200300
X 1009900  Y 1223800
X 1011500  Y 1212500
X 1026180  Y 1218240
X 1026330  Y 1224350
X 1026680  Y 1213470
X 1027900  Y 1205520
X 1031900  Y 1226000
X 1034490  Y 1212700
X 1035600  Y 1226400
X 1038000  Y 1205500
X 1039500  Y 1211500
X 1041900  Y 1208000
X 1044500  Y 1213000
X 1047500  Y 1209500
X 1049500  Y 1226000
X 1051500  Y 1211500
X 1054400  Y 1206800
X 1054500  Y 1225500
X 1069500  Y 1204400
X 1069800  Y 1217100
X 1081100  Y 1219900
X 1087000  Y 1214500
X 1105000  Y 1207000
X 1105300  Y 1221400
X 1108000  Y 1216700
X 1109000  Y 1211500
X 1112700  Y 1204500
X 1118000  Y 1210500
X 1151700  Y 1206800
X 1195300  Y 1217300
X 1227000  Y 1217500
X 1232500  Y 1205500
X 1237600  Y 1222100
X 1238000  Y 1208500
X 1242800  Y 1210000
X 1254100  Y 1221000
X 1254100  Y 1217700
X 1254100  Y 1224500
X 1268000  Y 1219000
X 1268000  Y 1225000
X 1499700  Y 1214400
X 1503600  Y 1214100
X 1506800  Y 1214300
X 1509400  Y 1216200
X 1511500  Y 1211500
X 1514800  Y 1216900
X 1515000  Y 1211500
X 1520500  Y 1214000
X 1522500  Y 1211500
X 1525400  Y 1225000
X 1526000  Y 1212500
X 1530000  Y 1213000
X 1535400  Y 1211200
X 1541100  Y 1209800
X 1557500  Y 1224000
X 1546500  Y 1246000
X 1546500  Y 1242400
X 1544900  Y 1234800
X 1544900  Y 1238400
X 1538500  Y 1245500
X 1525200  Y 1236000
X 1522500  Y 1234000
X 1519500  Y 1236000
X 1515700  Y 1240100
X 1515000  Y 1236000
X 1514000  Y 1252000
X 1512500  Y 1230000
X 1490200  Y 1244600
X 1484300  Y 1242200
X 1268000  Y 1249500
X 1268000  Y 1240500
X 1268000  Y 1234000
X 1254500  Y 1253500
X 1254100  Y 1242500
X 1254100  Y 1237000
X 1254100  Y 1232700
X 1237700  Y 1237000
X 1237500  Y 1252000
X 1226900  Y 1232500
X 1226800  Y 1246900
X 1215600  Y 1250400
X 1209200  Y 1248500
X 1173000  Y 1251000
X 1170500  Y 1248000
X 1116700  Y 1233000
X 1087000  Y 1231000
X 1065000  Y 1234600
X 1055500  Y 1240900
X 1049000  Y 1251000
X 1046800  Y 1229000
X 1043500  Y 1251500
X 1041000  Y 1229000
X 1038400  Y 1249600
X 1028900  Y 1240100
X 1028600  Y 1231400
X 1026400  Y 1229200
X 1024800  Y 1252000
X 1022810  Y 1247790
X 1022500  Y 1234190
X 1008000  Y 1236000
X 1006000  Y 1246000
X 1004000  Y 1266000
X 1004000  Y 1256000
X 1004000  Y 1276000
X 1019000  Y 1277000
X 1019150  Y 1271100
X 1021500  Y 1265200
X 1021800  Y 1261520
X 1021860  Y 1254580
X 1024500  Y 1259000
X 1027500  Y 1263900
X 1031600  Y 1268000
X 1034000  Y 1254000
X 1037000  Y 1256000
X 1038000  Y 1268500
X 1042000  Y 1269000
X 1047000  Y 1268500
X 1052000  Y 1254500
X 1052000  Y 1275500
X 1055710  Y 1255180
X 1105000  Y 1256500
X 1119000  Y 1261500
X 1122500  Y 1255500
X 1124000  Y 1262000
X 1127000  Y 1259000
X 1129000  Y 1274850
X 1213100  Y 1263900
X 1222500  Y 1259500
X 1258400  Y 1254800
X 1325000  Y 1262500
X 1341600  Y 1272000
X 1350000  Y 1255500
X 1493000  Y 1258000
X 1500200  Y 1269600
X 1501000  Y 1274500
X 1502500  Y 1263700
X 1502600  Y 1260400
X 1514000  Y 1268000
X 1515500  Y 1265000
X 1519500  Y 1259500
X 1525000  Y 1255000
X 1536400  Y 1267700
X 1536400  Y 1270900
X 1536500  Y 1274000
X 1536500  Y 1277200
X 1537500  Y 1264500
X 1560700  Y 1261700
X 1571600  Y 1277900
X 1572500  Y 1269600
X 1579200  Y 1269700
X 1586500  Y 1269600
X 1593500  Y 1270000
X 1601100  Y 1269500
X 1613000  Y 1258000
X 1604400  Y 1282500
X 1604000  Y 1293800
X 1599000  Y 1294500
X 1593500  Y 1293000
X 1593300  Y 1286300
X 1588900  Y 1296400
X 1583000  Y 1287500
X 1576000  Y 1286500
X 1572500  Y 1286500
X 1562900  Y 1287800
X 1537500  Y 1280500
X 1519500  Y 1283500
X 1514200  Y 1287600
X 1513480  Y 1297490
X 1502200  Y 1291300
X 1501000  Y 1286000
X 1236200  Y 1301000
X 1233100  Y 1295500
X 1229200  Y 1292900
X 1213000  Y 1297500
X 1210500  Y 1293000
X 1208000  Y 1297500
X 1205500  Y 1293000
X 1203000  Y 1297500
X 1200500  Y 1293000
X 1198000  Y 1297500
X 1195500  Y 1293000
X 1193000  Y 1297500
X 1189500  Y 1294500
X 1185500  Y 1293000
X 1177000  Y 1293000
X 1172500  Y 1292500
X 1170500  Y 1295500
X 1129000  Y 1290000
X 1126500  Y 1302500
X 1118700  Y 1288300
X 1116500  Y 1302500
X 1112000  Y 1289000
X 1106000  Y 1289000
X 1055000  Y 1282600
X 1023400  Y 1286100
X 1021500  Y 1295500
X 1018860  Y 1299300
X 1018770  Y 1280940
X 1018370  Y 1289670
X 1004000  Y 1294000
X 1004000  Y 1284000
X 1004000  Y 1304000
X 1004000  Y 1314000
X 1004000  Y 1324000
X 1004000  Y 1334000
X 1004000  Y 1344000
X 1013500  Y 1306300
X 1057000  Y 1353500
X 1093000  Y 1324200
X 1093000  Y 1332300
X 1093000  Y 1348400
X 1104000  Y 1320000
X 1104500  Y 1336500
X 1104500  Y 1343500
X 1105500  Y 1310500
X 1108500  Y 1325000
X 1113500  Y 1309500
X 1121000  Y 1313500
X 1124000  Y 1306000
X 1174700  Y 1308500
X 1198000  Y 1342500
X 1231000  Y 1308500
X 1355000  Y 1350000
X 1357000  Y 1339000
X 1357500  Y 1333000
X 1360200  Y 1350000
X 1371500  Y 1333000
X 1380000  Y 1345000
X 1386000  Y 1352500
X 1390000  Y 1352500
X 1395900  Y 1342400
X 1399500  Y 1342000
X 1409500  Y 1346500
X 1422400  Y 1349500
X 1422500  Y 1344000
X 1426400  Y 1349500
X 1426500  Y 1344000
X 1513000  Y 1343500
X 1513500  Y 1353000
X 1513500  Y 1349500
X 1519500  Y 1338000
X 1525600  Y 1305400
X 1526800  Y 1318000
X 1526800  Y 1321200
X 1536300  Y 1327900
X 1536400  Y 1324400
X 1536700  Y 1349600
X 1536700  Y 1346500
X 1537100  Y 1340200
X 1537100  Y 1337000
X 1540000  Y 1316000
X 1540000  Y 1308200
X 1540000  Y 1311200
X 1561500  Y 1304500
X 1570000  Y 1316700
X 1549500  Y 1364300
X 1549400  Y 1373200
X 1538000  Y 1362200
X 1538000  Y 1356000
X 1536500  Y 1359100
X 1536400  Y 1369200
X 1524200  Y 1354700
X 1519500  Y 1364000
X 1519400  Y 1378700
X 1513500  Y 1356000
X 1506000  Y 1372040
X 1501500  Y 1365500
X 1501000  Y 1359000
X 1501000  Y 1362000
X 1398800  Y 1356700
X 1397100  Y 1359600
X 1377000  Y 1356000
X 1357500  Y 1367500
X 1352500  Y 1360000
X 1352500  Y 1367500
X 1347500  Y 1360000
X 1347500  Y 1367500
X 1086000  Y 1368000
X 1068000  Y 1375000
X 1057000  Y 1371000
X 1004000  Y 1374000
X 1004000  Y 1354000
X 1004000  Y 1364000
X 1004000  Y 1384000
X 1004000  Y 1394000
X 1004000  Y 1404000
X 1004000  Y 1414000
X 1004000  Y 1424000
X 1057000  Y 1406500
X 1057000  Y 1424500
X 1063000  Y 1399500
X 1068000  Y 1428000
X 1068000  Y 1410500
X 1255500  Y 1424000
X 1266000  Y 1426000
X 1304000  Y 1384000
X 1319200  Y 1393000
X 1319400  Y 1389400
X 1320000  Y 1405000
X 1332000  Y 1411000
X 1335000  Y 1422500
X 1341500  Y 1402000
X 1341500  Y 1386000
X 1402800  Y 1415300
X 1423000  Y 1427300
X 1424000  Y 1420500
X 1442000  Y 1399000
X 1442500  Y 1427000
X 1445200  Y 1397400
X 1448000  Y 1428500
X 1454100  Y 1425900
X 1468200  Y 1414700
X 1473000  Y 1418500
X 1480500  Y 1412200
X 1481900  Y 1408800
X 1484300  Y 1412500
X 1489000  Y 1408800
X 1489800  Y 1423900
X 1495400  Y 1414800
X 1497000  Y 1385800
X 1498500  Y 1419900
X 1501000  Y 1410600
X 1503900  Y 1384500
X 1534400  Y 1389100
X 1528500  Y 1440000
X 1523000  Y 1455000
X 1522500  Y 1439500
X 1511500  Y 1440500
X 1499500  Y 1449000
X 1496500  Y 1453000
X 1493000  Y 1452000
X 1463000  Y 1467500
X 1446000  Y 1467000
X 1445500  Y 1471500
X 1435000  Y 1460000
X 1434500  Y 1439000
X 1430500  Y 1439000
X 1427000  Y 1447500
X 1426500  Y 1439000
X 1413000  Y 1437000
X 1349000  Y 1458000
X 1343000  Y 1469500
X 1325000  Y 1450000
X 1317500  Y 1450000
X 1262000  Y 1455000
X 1255000  Y 1454000
X 1248500  Y 1436500
X 1247000  Y 1452500
X 1154000  Y 1432000
X 1068000  Y 1446000
X 1057000  Y 1442500
X 1029000  Y 1449500
X 1004000  Y 1464000
X 1004000  Y 1454000
X 1004000  Y 1474000
X 1004000  Y 1434000
X 1004000  Y 1444000
X 1008000  Y 1480000
X 1016000  Y 1488000
X 1024000  Y 1496000
X 1036000  Y 1496000
X 1046000  Y 1496000
X 1056000  Y 1496000
X 1066000  Y 1496000
X 1076000  Y 1496000
X 1086000  Y 1496000
X 1096000  Y 1496000
X 1106000  Y 1496000
X 1116000  Y 1496000
X 1126000  Y 1496000
X 1136000  Y 1496000
X 1146000  Y 1496000
X 1156000  Y 1496000
X 1166000  Y 1496000
X 1176000  Y 1496000
X 1186000  Y 1496000
X 1196000  Y 1496000
X 1206000  Y 1496000
X 1216000  Y 1496000
X 1226000  Y 1496000
X 1236000  Y 1496000
X 1246000  Y 1496000
X 1256000  Y 1496000
X 1266000  Y 1496000
X 1276000  Y 1496000
X 1286000  Y 1496000
X 1296000  Y 1496000
X 1306000  Y 1496000
X 1316000  Y 1496000
X 1326000  Y 1496000
X 1336000  Y 1496000
X 1346000  Y 1496000
X 1356000  Y 1496000
X 1366000  Y 1496000
X 1376000  Y 1496000
X 1386000  Y 1496000
X 1396000  Y 1496000
X 1406000  Y 1496000
X 1416000  Y 1496000
X 1426000  Y 1496000
X 1436000  Y 1496000
X 1446000  Y 1496000
X 1456000  Y 1496000
X 1466000  Y 1496000
X 1476000  Y 1496000
X 1486000  Y 1496000
X 1496000  Y 1496000
X 1506000  Y 1496000
X 1516000  Y 1496000
X 1526000  Y 1496000
X 1536000  Y 1496000
X 1546000  Y 1496000
X 1556000  Y 1496000
X 1566000  Y 1496000
X 1576000  Y 1496000
X 1586000  Y 1496000
X 1596000  Y 1496000
X 1606000  Y 1496000
X 1616000  Y 1496000
X 1626000  Y 1496000

Drill: .01969  Tool: 3  Feed: 95  Speed: 300
X 1584724  Y 1090866
X 1585118  Y 1098740
X 1590236  Y 1090866
X 1590629  Y 1098740
X 1595748  Y 1090866
X 1596141  Y 1098740
X 1601259  Y 1090866
X 1601653  Y 1098740
X 1606771  Y 1090866
X 1607165  Y 1098740
X 1612283  Y 1090866
X 1612677  Y 1098740
X 1617795  Y 1090866
X 1618188  Y 1098740
X 1623307  Y 1090866
X 1623700  Y 1098740
X 1628818  Y 1090866
X 1629212  Y 1098740
X 1629212  Y 1114488
X 1628818  Y 1106614
X 1628818  Y 1122362
X 1623700  Y 1114488
X 1623307  Y 1106614
X 1623307  Y 1122362
X 1618188  Y 1114488
X 1617795  Y 1106614
X 1617795  Y 1122362
X 1612677  Y 1114488
X 1612283  Y 1106614
X 1612283  Y 1122362
X 1607165  Y 1114488
X 1606771  Y 1106614
X 1606771  Y 1122362
X 1601653  Y 1114488
X 1601259  Y 1106614
X 1601259  Y 1122362
X 1596141  Y 1114488
X 1595748  Y 1106614
X 1595748  Y 1122362
X 1590629  Y 1114488
X 1590236  Y 1106614
X 1590236  Y 1122362
X 1585118  Y 1114488
X 1584724  Y 1106614
X 1584724  Y 1122362
X 1584724  Y 1138110
X 1585118  Y 1130236
X 1585118  Y 1145984
X 1590236  Y 1138110
X 1590629  Y 1130236
X 1590629  Y 1145984
X 1595748  Y 1138110
X 1596141  Y 1130236
X 1596141  Y 1145984
X 1601259  Y 1138110
X 1601653  Y 1130236
X 1601653  Y 1145984
X 1606771  Y 1138110
X 1607165  Y 1130236
X 1607165  Y 1145984
X 1612283  Y 1138110
X 1612677  Y 1130236
X 1612677  Y 1145984
X 1617795  Y 1138110
X 1618188  Y 1130236
X 1618188  Y 1145984
X 1623307  Y 1138110
X 1623700  Y 1130236
X 1623700  Y 1145984
X 1628818  Y 1138110
X 1629212  Y 1130236
X 1629212  Y 1145984
X 1629212  Y 1196850
X 1628818  Y 1188976
X 1623700  Y 1196850
X 1623307  Y 1188976
X 1618188  Y 1196850
X 1617795  Y 1188976
X 1612677  Y 1196850
X 1612283  Y 1188976
X 1607165  Y 1196850
X 1606771  Y 1188976
X 1601653  Y 1196850
X 1601259  Y 1188976
X 1596141  Y 1196850
X 1595748  Y 1188976
X 1590629  Y 1196850
X 1590236  Y 1188976
X 1585118  Y 1196850
X 1584724  Y 1188976
X 1584724  Y 1204724
X 1584724  Y 1220472
X 1585118  Y 1212598
X 1585118  Y 1228346
X 1590236  Y 1204724
X 1590236  Y 1220472
X 1590629  Y 1212598
X 1590629  Y 1228346
X 1595748  Y 1220472
X 1595748  Y 1204724
X 1596141  Y 1228346
X 1596141  Y 1212598
X 1601259  Y 1204724
X 1601259  Y 1220472
X 1601653  Y 1228346
X 1601653  Y 1212598
X 1606771  Y 1204724
X 1606771  Y 1220472
X 1607165  Y 1212598
X 1607165  Y 1228346
X 1612283  Y 1220472
X 1612283  Y 1204724
X 1612677  Y 1228346
X 1612677  Y 1212598
X 1617795  Y 1204724
X 1617795  Y 1220472
X 1618188  Y 1212598
X 1618188  Y 1228346
X 1623307  Y 1204724
X 1623307  Y 1220472
X 1623700  Y 1212598
X 1623700  Y 1228346
X 1628818  Y 1220472
X 1628818  Y 1204724
X 1629212  Y 1228346
X 1629212  Y 1212598
X 1629212  Y 1244094
X 1628818  Y 1236220
X 1623700  Y 1244094
X 1623307  Y 1236220
X 1618188  Y 1244094
X 1617795  Y 1236220
X 1612677  Y 1244094
X 1612283  Y 1236220
X 1607165  Y 1244094
X 1606771  Y 1236220
X 1601653  Y 1244094
X 1601259  Y 1236220
X 1596141  Y 1244094
X 1595748  Y 1236220
X 1590629  Y 1244094
X 1590236  Y 1236220
X 1585118  Y 1244094
X 1584724  Y 1236220

Drill: .02953  Tool: 4  Feed: 197  Speed: 550
X 1578192  Y 1374066
X 1586066  Y 1374066
X 1593940  Y 1374066
X 1609688  Y 1374066
X 1617562  Y 1374066
X 1625437  Y 1374066
X 1625437  Y 1397688
X 1625437  Y 1421311
X 1617562  Y 1397688
X 1617562  Y 1421311
X 1609688  Y 1397688
X 1609688  Y 1421311
X 1593940  Y 1421311
X 1593940  Y 1397688
X 1586066  Y 1397688
X 1586066  Y 1421311
X 1578192  Y 1421311
X 1578192  Y 1397688

Drill: .0315  Tool: 5  Feed: 197  Speed: 550
X 1216400  Y 1021099
X 1216400  Y 1029073

Drill: .034  Tool: 6  Feed: 197  Speed: 550
X 1173000  Y 1272000
X 1183000  Y 1272000
X 1193000  Y 1272000
X 1203000  Y 1272000
X 1213000  Y 1272000

Drill: .03543  Tool: 7  Feed: 197  Speed: 550
X 1016456  Y 1316653
X 1026456  Y 1316653
X 1036456  Y 1316653
X 1046456  Y 1316653
X 1046456  Y 1340275
X 1036456  Y 1340275
X 1026456  Y 1340275
X 1016456  Y 1340275

Drill: .04016  Tool: 8  Feed: 139  Speed: 550
X 1079178  Y 1075169
X 1079178  Y 1226666
X 1511358  Y 1223464
X 1511358  Y 1374960

Drill: .044  Tool: 9  Feed: 139  Speed: 550
X 1015984  Y 1375079
X 1015984  Y 1357362
X 1015984  Y 1367362
X 1046929  Y 1469016
X 1036929  Y 1469016
X 1026929  Y 1469016
X 1015984  Y 1410512
X 1015984  Y 1420512
X 1015984  Y 1428228
X 1015984  Y 1445945
X 1015984  Y 1438228
X 1015984  Y 1392795
X 1015984  Y 1455945
X 1015984  Y 1385079
X 1015984  Y 1402795
X 1026929  Y 1479016
X 1036929  Y 1479016
X 1046929  Y 1479016

Drill: .08268  Tool: 10  Feed: 74  Speed: 550
X 1590003  Y 1385877
X 1621500  Y 1409500

Drill: .096  Tool: 11  Feed: 66  Speed: 550
X 1148000  Y 1272000

Drill: .12795  Tool: 12  Feed: 35  Speed: 794
X 1406772  Y 1016229
X 1434331  Y 1483946

Drill: .14  Tool: 13  Feed: 35  Speed: 900
X 1077952  Y 1275590
X 1098425  Y 1023622
X 1511811  Y 1023622
X 1511811  Y 1476377

Drill: .15748  Tool: 14  Feed: 35  Speed: 900
X 1569173  Y 1459035
X 1595236  Y 1459035
X 1617401  Y 1459035

End of Listing
