Flow report for IOP_Analog_Proto
Wed Jan 16 17:23:46 2013
Quartus II 32-bit Version 12.0 Build 178 05/31/2012 SJ Web Edition


---------------------
; Table of Contents ;
---------------------
  1. Legal Notice
  2. Flow Summary
  3. Flow Settings
  4. Flow Non-Default Global Settings
  5. Flow Elapsed Time
  6. Flow OS Summary
  7. Flow Log



----------------
; Legal Notice ;
----------------
Copyright (C) 1991-2012 Altera Corporation
Your use of Altera Corporation's design tools, logic functions 
and other software and tools, and its AMPP partner logic 
functions, and any output files from any of the foregoing 
(including device programming or simulation files), and any 
associated documentation or information are expressly subject 
to the terms and conditions of the Altera Program License 
Subscription Agreement, Altera MegaCore Function License 
Agreement, or other applicable license agreement, including, 
without limitation, that your use is for the sole purpose of 
programming logic devices manufactured by Altera and sold by 
Altera or its authorized distributors.  Please refer to the 
applicable agreement for further details.



+----------------------------------------------------------------------+
; Flow Summary                                                         ;
+---------------------------+------------------------------------------+
; Flow Status               ; Successful - Wed Jan 16 17:23:46 2013    ;
; Quartus II 32-bit Version ; 12.0 Build 178 05/31/2012 SJ Web Edition ;
; Revision Name             ; IOP_Analog_Proto                         ;
; Top-level Entity Name     ; IOP_Analog_Proto                         ;
; Family                    ; MAX II                                   ;
; Device                    ; EPM2210F256I5                            ;
; Timing Models             ; Final                                    ;
; Total logic elements      ; 1,780 / 2,210 ( 81 % )                   ;
; Total pins                ; 122 / 204 ( 60 % )                       ;
; Total virtual pins        ; 0                                        ;
; UFM blocks                ; 0 / 1 ( 0 % )                            ;
+---------------------------+------------------------------------------+


+-----------------------------------------+
; Flow Settings                           ;
+-------------------+---------------------+
; Option            ; Setting             ;
+-------------------+---------------------+
; Start date & time ; 01/16/2013 17:22:55 ;
; Main task         ; Compilation         ;
; Revision Name     ; IOP_Analog_Proto    ;
+-------------------+---------------------+


+------------------------------------------------------------------------------------------------------------------------------------------------------------------------+
; Flow Non-Default Global Settings                                                                                                                                       ;
+---------------------------------------+---------------------------------------------------------------------------+---------------+-------------+----------------------+
; Assignment Name                       ; Value                                                                     ; Default Value ; Entity Name ; Section Id           ;
+---------------------------------------+---------------------------------------------------------------------------+---------------+-------------+----------------------+
; COMPILER_SIGNATURE_ID                 ; 132224515107.135833717502964                                              ; --            ; --          ; --                   ;
; EDA_DESIGN_ENTRY_SYNTHESIS_TOOL       ; Design Compiler                                                           ; <None>        ; --          ; --                   ;
; EDA_INPUT_DATA_FORMAT                 ; Vhdl                                                                      ; --            ; --          ; eda_design_synthesis ;
; EDA_INPUT_VCC_NAME                    ; Vdd                                                                       ; --            ; --          ; eda_design_synthesis ;
; EDA_LMF_FILE                          ; altsyn.lmf                                                                ; --            ; --          ; eda_design_synthesis ;
; IP_TOOL_NAME                          ; FIFO                                                                      ; --            ; --          ; --                   ;
; IP_TOOL_VERSION                       ; 11.0                                                                      ; --            ; --          ; --                   ;
; MAXII_OPTIMIZATION_TECHNIQUE          ; Speed                                                                     ; Balanced      ; --          ; --                   ;
; MAX_CORE_JUNCTION_TEMP                ; 100                                                                       ; --            ; --          ; --                   ;
; MIN_CORE_JUNCTION_TEMP                ; -40                                                                       ; --            ; --          ; --                   ;
; MISC_FILE                             ; AI_FIFO_S_inst.vhd                                                        ; --            ; --          ; --                   ;
; MISC_FILE                             ; AI_FIFO_S.cmp                                                             ; --            ; --          ; --                   ;
; MISC_FILE                             ; E:/CCC/IOP_ADCmodf/IOP_Analog_Proto.dpf                                   ; --            ; --          ; --                   ;
; MISC_FILE                             ; E:/CCC/IOP_ADCmodf2/IOP_Analog_Proto.dpf                                  ; --            ; --          ; --                   ;
; MISC_FILE                             ; E:/CCC/ADC_softwaretest/IOP_ADC_30bit_2/IOP_ADCmodf2/IOP_Analog_Proto.dpf ; --            ; --          ; --                   ;
; POWER_DEFAULT_INPUT_IO_TOGGLE_RATE    ; 100000 TRANSITIONS/S                                                      ; 12.5%         ; --          ; --                   ;
; POWER_DEFAULT_TOGGLE_RATE             ; 100000 TRANSITIONS/S                                                      ; 12.5%         ; --          ; --                   ;
; POWER_EXT_SUPPLY_VOLTAGE_TO_REGULATOR ; 3.3V                                                                      ; --            ; --          ; --                   ;
; POWER_PRESET_COOLING_SOLUTION         ; No Heat Sink With Still Air                                               ; --            ; --          ; --                   ;
; POWER_USE_PVA                         ; Off                                                                       ; On            ; --          ; --                   ;
; POWER_USE_TA_VALUE                    ; 60                                                                        ; 25            ; --          ; --                   ;
; VHDL_INPUT_VERSION                    ; VHDL_2008                                                                 ; VHDL_1993     ; --          ; --                   ;
; VHDL_SHOW_LMF_MAPPING_MESSAGES        ; Off                                                                       ; --            ; --          ; --                   ;
+---------------------------------------+---------------------------------------------------------------------------+---------------+-------------+----------------------+


+-------------------------------------------------------------------------------------------------------------------------------+
; Flow Elapsed Time                                                                                                             ;
+---------------------------+--------------+-------------------------+---------------------+------------------------------------+
; Module Name               ; Elapsed Time ; Average Processors Used ; Peak Virtual Memory ; Total CPU Time (on all processors) ;
+---------------------------+--------------+-------------------------+---------------------+------------------------------------+
; Analysis & Synthesis      ; 00:00:13     ; 1.0                     ; 302 MB              ; 00:00:13                           ;
; Fitter                    ; 00:00:25     ; 1.0                     ; 318 MB              ; 00:00:25                           ;
; Assembler                 ; 00:00:02     ; 1.0                     ; 254 MB              ; 00:00:02                           ;
; TimeQuest Timing Analyzer ; 00:00:07     ; 1.0                     ; 241 MB              ; 00:00:07                           ;
; Total                     ; 00:00:47     ; --                      ; --                  ; 00:00:47                           ;
+---------------------------+--------------+-------------------------+---------------------+------------------------------------+


+-----------------------------------------------------------------------------------------+
; Flow OS Summary                                                                         ;
+---------------------------+------------------+------------+------------+----------------+
; Module Name               ; Machine Hostname ; OS Name    ; OS Version ; Processor type ;
+---------------------------+------------------+------------+------------+----------------+
; Analysis & Synthesis      ; Dt-GibinG        ; Windows XP ; 5.1        ; i686           ;
; Fitter                    ; Dt-GibinG        ; Windows XP ; 5.1        ; i686           ;
; Assembler                 ; Dt-GibinG        ; Windows XP ; 5.1        ; i686           ;
; TimeQuest Timing Analyzer ; Dt-GibinG        ; Windows XP ; 5.1        ; i686           ;
+---------------------------+------------------+------------+------------+----------------+


------------
; Flow Log ;
------------
quartus_map --read_settings_files=on --write_settings_files=off IOP_Analog_Proto -c IOP_Analog_Proto
quartus_fit --read_settings_files=off --write_settings_files=off IOP_Analog_Proto -c IOP_Analog_Proto
quartus_asm --read_settings_files=off --write_settings_files=off IOP_Analog_Proto -c IOP_Analog_Proto
quartus_sta IOP_Analog_Proto -c IOP_Analog_Proto
quartus_eda --read_settings_files=off --write_settings_files=off IOP_Analog_Proto -c IOP_Analog_Proto



