       PADS LIBRARY (CAP Part Types) DIRECTORY LISTING


Library: CAP
--------------------------------------------------------------------------------------------------------------------------------------------------------------------------------------------------------------------------
|Part Name                                |CCC P/N |PCB Decal          |VALUE   |DESCRIPTION                             |MFG #1          |MFG #1 P/N         |PACKAGE        |ESR    |POLARITY |TOLERANCE |VOLTAGE |ROHS 
--------------------------------------------------------------------------------------------------------------------------------------------------------------------------------------------------------------------------
|CAP-0.001UF-2000V-1206-10%-1206GC102KAT# |        |C1206              |0.001UF |CAP,CER,1000PF,2000V,10%,X7R,1206       |AVX             |1206GC102KAT1A     |1206           |-      |NO       |10%       |2000V   |YES  
|CAP-0.015UF-16V-0402-10%-C0402C153K4RAC# |        |C0402              |0.015UF |CAP,CER,15000PF,16V,10%,X7R,0402        |KEMET           |C0402C153K4RACTU   |0402           |-      |NO       |10%       |16V     |YES  
|CAP-0.015UF-50V-0603-10%-06035C153KAT2A  |        |C0603              |0.015UF |CAP,CER,15000PF,50V,10%,X7R,0603        |AVX             |06035C153KAT2A     |0603           |-      |NO       |10%       |50V     |YES  
|CAP-0.01UF-100V-0603-5%-06031C103JAT2A   |        |C0603              |0.01UF  |CAP,CER,10000PF,100V,5%,X7R,0603        |AVX             |06031C103JAT2A     |0603           |-      |NO       |5%        |100V    |YES  
|CAP-0.01UF-16V-0402-10%-0402YC103KAT2A   |        |C0402              |0.01UF  |CAP,CER,10000PF,16V,10%,X7R,0402        |AVX             |0402YC103KAT2A     |0402           |-      |NO       |10%       |16V     |YES  
|CAP-0.01UF-50V-0402-10%-04025C103KAT2A   |        |C0402              |0.01UF  |CAP,CER,10000PF,50V,10%,X7R,0402        |AVX             |04025C103KAT2A     |0402           |-      |NO       |10%       |50V     |YES  
|CAP-0.01UF-50V-0603-10%-06035C103KAT2A   |        |C0603              |0.01UF  |CAP,CER,10000PF,50V,10%,X7R,0603        |AVX             |06035C103KAT2A     |0603           |-      |NO       |10%       |50V     |YES  
|CAP-0.01UF-50V-0805-10%-08055C103KAT2A   |        |C0805              |10000PF |CAP,CER,10000PF,50V,10%,X7R,0805        |AVX             |08055C103KAT2A     |0805           |-      |NO       |10%       |50V     |YES  
|CAP-0.01UF-50V-0805-5%-08055C103JAT2A    |        |C0805              |0.01UF  |CAP,CER,0.01UF,50V,5%,X7R,0805          |AVX             |08055C103JAT2A     |0805           |-      |NO       |5%        |50V     |YES  
|CAP-0.01UF-50V-1206-10%-12065C103KAT2A   |        |C1206              |0.01UF  |CAP,CER,0.01UF,50V,10%,X7R,1206         |AVX             |12065C103KAT2A     |1206           |-      |NO       |10%       |50V     |YES  
|CAP-0.022UF-100V-0603-10%-C0603C223K1#   |        |C0603              |0.022UF |CAP,CER,0.022UF,100V,10%,X7R,0603       |KEMET           |C0603C223K1RACTU   |0603           |-      |NO       |10%       |100V    |YES  
|CAP-0.033UF-50V-0603-5%-06035C333JAT2A   |        |C0603              |0.033UF |CAP,CER,33000PF,50V,5%,X7R,0603         |AVX             |06035C333JAT2A     |0603           |-      |NO       |5%        |50V     |YES  
|CAP-0.1UF-10V-0402-10%-0402ZD104KAT2A    |        |C0402              |0.1UF   |CAP,CER,0.1UF,10V,10%,X5R,0402          |AVX             |0402ZD104KAT2A     |0402           |-      |NO       |10%       |10V     |YES  
|CAP-0.1UF-250V-7.3LX4.5WX9.5H-10%-B3252# |        |B32529C3104K       |0.1UF   |CAP,FILM,0.1UF,250V,10%,7.3Lx4.5Wx9.5H  |EPCOS INC       |B32529C3104K       |7.3Lx4.5Wx9.5H |-      |NO       |10%       |250V    |YES  
|CAP-0.1UF-50V-0402-20%-C1005X7R1H104M    |        |C0402              |0.1UF   |CAP,CER,0.1UF,50V,20%,X7R,0402          |TDK             |C1005X7R1H104M     |0402           |-      |NO       |20%       |50V     |YES  
|CAP-0.1UF-50V-0603-10%-06035C104KAT2A    |        |C0603              |0.1UF   |CAP,CER,0.1UF,50V,10%,X7R,0603          |AVX             |06035C104KAT2A     |0603           |-      |NO       |10%       |50V     |YES  
|CAP-0.1UF-50V-0805-10%-08055C104KAT2A    |        |C0805              |0.1UF   |CAP,CER,0.1UF,50V,10%,X7R,0805          |AVX             |08055C104KAT2A     |0805           |-      |NO       |10%       |50V     |YES  
|CAP-0.22UF-50V-0805-10%-08055C224KAZ2A   |        |C0805              |0.22UF  |CAP,CER,0.22UF,50V,10%,X7R,0805         |AVX             |08055C224KAZ2A     |0805           |-      |NO       |10%       |50V     |YES  
|CAP-0.33UF-25V-0603-10%-C1608X7R1E334K   |        |C0603              |0.33UF  |CAP,CER,0.33UF,25V,10%,X7R,0603         |TDK             |C1608X7R1E334K     |0603           |-      |NO       |10%       |25V     |YES  
|CAP-0.47UF-50V-1206-10%-12065C474KAT2A   |        |C1206              |0.47UF  |CAP,CER,0.47UF,50V,10%,X7R,1206         |AVX             |12065C474KAT2A     |1206           |-      |NO       |10%       |50V     |YES  
|CAP-0.68UF-50V-1206-10%-C1206C684K5RACTU |        |C1206              |0.68UF  |CAP,CER,0.68UF,50V,10%,X7R,1206         |KEMET           |C1206C684K5RACTU   |1206           |-      |NO       |10%       |50V     |YES  
|CAP-1000PF-50V-0603-10%-06035C102KAT2A   |        |C0603              |1000PF  |CAP,CER,1000PF,50V,10%,X7R,0603         |AVX             |06035C102KAT2A     |0603           |-      |NO       |10%       |50V     |YES  
|CAP-1000PF-50V-0603-5%-C0603C102J5GACTU  |        |C0603              |1000PF  |CAP,MLCC,1000PF,50V,5%,NP0,0603         |KEMET           |C0603C102J5GACTU   |0603           |-      |NO       |5%        |50V     |YES  
|CAP-1000PF-50V-0805-10%-08055C102KAT2A   |        |C0805              |1000PF  |CAP,CER,1000PF,50V,10%,X7R,0805         |AVX             |08055C102KAT2A     |0805           |-      |NO       |10%       |50V     |YES  
|CAP-100PF-50V-0603-10%-C1608X7R1H101K    |        |C0603              |100PF   |CAP,CER,100PF,50V,10%,X7R,0603          |TDK             |C1608X7R1H101K     |0603           |-      |NO       |10%       |50V     |YES  
|CAP-100PF-50V-0603-5%-06035A101JAT2A     |        |C0603              |100PF   |CAP,MLCC,100PF,50V,5%,NP0,0603          |AVX             |06035A101JAT2A     |0603           |-      |NO       |5%        |50V     |YES  
|CAP-100PF-50V-0805-10%-08055A101JAT2A    |        |C0805              |100PF   |CAP,CER,100PF,50V,5%,NP0,0805           |AVX             |08055A101JAT2A     |0805           |-      |NO       |5%        |50V     |YES  
|CAP-100UF-10V-1210-20%-TPSB107M010R0400  |        |C1210              |100UF   |CAP,TANT,100UF,10V,20%,1210             |AVX             |TPSB107M010R0400   |1210           |0.4E   |YES      |20%       |10V     |YES  
|CAP-100UF-16V-2312-10%-TPSC107K016R0200  |        |C2312              |100UF   |CAP,TANT,LOESR,100UF,16V,10%,2312       |AVX             |TPSC107K016R0200   |2312           |0.2E   |YES      |10%       |16V     |YES  
|CAP-100UF-20V-2917-10%-TPSE107K020R0150  |        |C2917              |100UF   |CAP,TANT,100UF,20V,10%,2917             |AVX             |TPSE107K020R0150   |2917           |0.15E  |YES      |10%       |20V     |YES  
|CAP-100UF-6.3V-1206-20%-C1206C107M9PACTU |        |C1206              |100UF   |CAP,CER,100UF,6.3V,20%,X5R,1206         |KEMET           |C1206C107M9PACTU   |1206           |-      |NO       |20%       |6.3V    |YES  
|CAP-10UF-100V-2220-20%-C5750X7S2A106M    |        |C2220              |10UF    |CAP,CER,10UF,100V,20%,X7S,2220          |AVX             |C5750X7S2A106M     |2220           |-      |NO       |20%       |100V    |YES  
|CAP-10UF-10V-0603-20%-0603ZD104MAT2A     |        |C0603              |10UF    |CAP,CER,10UF,10V,20%,X5R,0603           |TDK             |C1608X5R1A106M     |0603           |-      |NO       |20%       |10V     |YES  
|CAP-10UF-16V-1206-10%-TAJA106K016RNJ     |        |C1206              |10UF    |CAP,TANT,10UF,16V,10%,1206              |AVX             |TAJA106K016RNJ     |1206           |3E     |YES      |10%       |16V     |YES  
|CAP-10UF-16V-1210-20%-TPSB106M016R0800   |        |C1210              |10UF    |CAP,TANT,LOESR,10UF,16V,20%,1210        |AVX             |TPSB106M016R0800   |1210           |0.8E   |YES      |10%       |16V     |YES  
|CAP-10UF-16V-2312-10%-TPSC106K016R0500   |        |C2312              |10UF    |CAP,TANT,10UF,16V,10%,2312              |AVX             |TPSC106K016R0500   |2312           |0.5E   |YES      |10%       |16V     |YES  
|CAP-10UF-25V-0805-10%-GRM21BR61E106KA73L |        |C0805              |10UF    |CAP,CER,10UF,25V,10%,X5R,0805           |MURATA          |GRM21BR61E106KA73L |0805           |-      |NO       |10%       |25V     |YES  
|CAP-10UF-25V-1206-10%-TMK316B7106KL-TD   |        |C1206              |10UF    |CAP,CER,10UF,25V,10%,X7R,1206           |TAIYO YUDEN     |TMK316B7106KL-TD   |1206           |-      |NO       |10%       |25V     |YES  
|CAP-10UF-50V-2917-10%-T495X106K050ATE300 |        |C2917              |10UF    |CAP,TANT,10UF,50V,10%,2917              |KEMET           |T495X106K050ATE300 |2917           |0.3E   |YES      |10%       |50V     |YES  
|CAP-1200PF-50V-0603-10%-06035C122KAT2A   |        |C0603              |1200PF  |CAP,CER,1200PF,50V,10%,X7R,0603         |AVX             |06035C122KAT2A     |0603           |-      |NO       |10%       |50V     |YES  
|CAP-12PF-50V-0603-5%-06035A120JAT2A      |        |C0603              |12PF    |CAP,CER,12PF,50V,5%,NP0,0603            |AVX             |06035A120JAT2A     |0603           |-      |NO       |5%        |50V     |YES  
|CAP-150PF-100V-0603-5%-GRM1885C2A151JA#  |        |C0603              |150PF   |CAP,CER,150PF,100V,5%,NP0,0603          |MURATA          |GRM1885C2A151JA01D |0603           |-      |NO       |5%        |100V    |YES  
|CAP-150UF-6.3V-2917-20%-T520D157M006ATE# |        |C2917              |150UF   |CAP,TANT,150UF,6.3V,20%,2917            |KEMET           |T520D157M006ATE015 |2917           |0.15E  |YES      |20%       |6.3V    |YES  
|CAP-15PF-50V-0603-0.5%-C0603C150D5GACTU  |        |C0603              |15PF    |CAP,MLCC,15PF,50V,0.5%,NP0,0603         |KEMET           |C0603C150D5GACTU   |0603           |-      |NO       |0.5%      |50V     |YES  
|CAP-1UF-100V-0805-20%-C2012X7S2A105M     |        |C0805              |1UF     |CAP,CER,1UF,100V,20%,X7S,0805           |TDK             |C2012X7S2A105M     |0805           |-      |NO       |20%       |100V    |YES  
|CAP-1UF-100V-1206-10%-12061C105KAT2A     |        |C1206              |1UF     |CAP,CER,1UF,100V,10%,X7R,1206           |AVX             |12061C105KAT2A     |1206           |-      |NO       |10%       |100V    |YES  
|CAP-1UF-16V-0402-10%-0402YD105KAT2A      |        |C0402              |1UF     |CAP,CER,1UF,16V,10%,X5R,0402            |AVX             |0402YD105KAT2A     |0402           |-      |NO       |10%       |16V     |YES  
|CAP-1UF-16V-1206-10%-TAJA105K016RNJ      |        |C1206              |1UF     |CAP,TANT,1UF,16V,10%,1206               |AVX             |TAJA105K016RNJ     |1206           |11E    |YES      |10%       |16V     |YES  
|CAP-1UF-25V-1206-10%-12063C105KAT2A      |        |C1206              |1UF     |CAP,CER,1UF,25V,10%,X7R,1206            |AVX             |12063C105KAT2A     |1206           |-      |NO       |10%       |25V     |YES  
|CAP-1UF-50V-0603-10%-UMK107BJ105KA-T     |        |C0603              |1UF     |CAP,CER,1UF,50V,10%,X5R,0603            |TAIYO YUDEN     |UMK107BJ105KA-T    |0603           |-      |NO       |10%       |50V     |YES  
|CAP-1UF-50V-0805-10%-C0805C103K5RACTU    |        |C0805              |1UF     |CAP,CER,1UF,50V,10%,X7R,0805            |KEMET           |C0805C103K5RACTU   |0805           |-      |NO       |10%       |50V     |YES  
|CAP-1UF-50V-1206-10%-12065C105KAT2A      |        |C1206              |1UF     |CAP,CER,1UF,50V,10%,X7R,1206            |AVX             |12065C105KAT2A     |1206           |-      |NO       |10%       |50V     |YES  
|CAP-1UF-50V-1210-5%-C1210C105J5NACTU     |        |C1210              |1UF     |CAP,CER,1UF,50V,5%,X8L,1210             |KEMET           |C1210C105J5NACTU   |1210           |-      |NO       |5%        |50V     |YES  
|CAP-2.2UF-100V-1206-20%-C3216X7S2A225M   |        |C1206              |2.2UF   |CAP,MLCC,2.2UF,100V,20%,X7S,1206        |TDK             |C3216X7S2A225M     |1206           |-      |NO       |20%       |100V    |YES  
|CAP-2.2UF-16V-0603-10%-0603YD225KAT2A    |        |C0603              |2.2UF   |CAP,CER,2.2UF,16V,10%,X5R,0603          |AVX             |0603YD225KAT2A     |0603           |-      |NO       |10%       |16V     |YES  
|CAP-2.2UF-16V-1206-10%-1206YC225KAT2A    |        |C1206              |2.2UF   |CAP,CER,2.2UF,16V,10%,X7R,1206          |AVX             |1206YC225KAT2A     |1206           |-      |NO       |10%       |16V     |YES  
|CAP-2.2UF-6.3V-0402-20%-C1005X5R0J225M   |        |C0402              |2.2UF   |CAP,CER,2.2UF,6.3V,20%,X5R,0402         |TDK             |C1005X5R0J225M     |0402           |-      |NO       |20%       |6.3V    |YES  
|CAP-20PF-50V-0603-5%-06035A200JAT4A      |        |C0603              |20PF    |CAP,CER,20PF,50V,5%,NP0,0603            |AVX             |06035A200JAT4A     |0603           |-      |NO       |5%        |50V     |YES  
|CAP-2200PF-100V-0603-5%-06031C222JAT2A   |        |C0603              |2200PF  |CAP,CER,2200PF,100V,5%,X7R,0603         |AVX             |06031C222JAT2A     |0603           |-      |NO       |5%        |100V    |YES  
|CAP-2200PF-50V-0603-10%-GRM188R61H222KA# |        |C0603              |2200PF  |CAP,CER,2200PF,50V,10%,X5R,0603         |MURATA          |GRM188R61H222KA01D |0603           |-      |NO       |10%       |50V     |YES  
|CAP-220PF-10V-01005-10%-C0402X5R1A221K   |        |C0402              |220PF   |CAP,CER,220PF,10V,10%,X7R,01005         |TDK             |C0402X5R1A221K     |01005          |-      |NO       |10%       |10V     |YES  
|CAP-220PF-50V-0402-10%-04025C221KAT2A    |        |C0402              |220PF   |CAP,CER,220PF,50V,10%,X7R,0402          |AVX             |04025C221KAT2A     |0402           |-      |NO       |10%       |50V     |YES  
|CAP-220PF-50V-0603-20%-C0603C221M5RACTU  |        |C0603              |220PF   |CAP,CER,220PF,50V,20%,X7R,0603          |AVX             |C0603C221M5RACTU   |0603           |-      |NO       |20%       |50V     |YES  
|CAP-220UF-10V-10DX12.5L-20%-RR71A221MDN1 |        |RR71A221MDN1       |220UF   |CAP,ALUM,220UF,10V,20%,10Dx12.5L        |NICHICON        |RR71A221MDN1       |10Dx12.5L      |0.007E |YES      |20%       |10V     |YES  
|CAP-22PF-100V-0603-1%-06031A220FAT2A     |        |C0603              |22PF    |CAP,CER,22PF,100V,1%,NP0,0603           |AVX             |06031A220FAT2A     |0603           |-      |NO       |1%        |100V    |YES  
|CAP-22UF-10V-1206-10%-GRM31CR71A226KE15L |        |C1206              |22UF    |CAP,CER,22UF,10V,10%,X7R,1206           |MURATA          |GRM31CR71A226KE15L |1206           |-      |NO       |10%       |10V     |YES  
|CAP-22UF-16V-1210-20%-1210YC226KAT2A     |        |C1210              |22UF    |CAP,CER,22UF,16V,10%,X7R,1210           |AVX             |1210YC226KAT2A     |1210           |-      |NO       |20%       |16V     |YES  
|CAP-22UF-20V-1210-10%-TPSB226K020R0400   |        |C1210              |22UF    |CAP,TANT,22UF,20V,10%,1210              |AVX             |TPSB226K020R0400   |1210           |0.4E   |YES      |10%       |20V     |YES  
|CAP-22UF-25V-2312-10%-TPSC226K025R0275   |        |C2312              |22UF    |CAP,TANT,22UF,25V,10%,2312              |AVX             |TPSC226K025R0275   |2312           |0.275E |YES      |10%       |25V     |YES  
|CAP-27PF-100V-0603-1%-06031A270FAT2A     |        |C0603              |27PF    |CAP,CER,27PF,100V,1%,NP0,0603           |AVX             |06031A270FAT2A     |0603           |-      |NO       |1%        |100V    |YES  
|CAP-300PF-100V-0603-5%-GRM1885C2A301JA#  |        |C0603              |300PF   |CAP,CER,300PF,100V,5%,NP0,0603          |MURATA          |GRM1885C2A301JA01D |0603           |-      |NO       |5%        |100V    |YES  
|CAP-3300PF-50V-0402-10%-04025C332KAT2A   |        |C0402              |3300PF  |CAP,CER,3300PF,50V,10%,X7R,0402         |AVX             |04025C332KAT2A     |0402           |-      |NO       |10%       |50V     |YES  
|CAP-33PF-100V-0603-1%-06031A330FAT2A     |        |C0603              |33PF    |CAP,CER,33PF,100V,1%,NP0,0603           |AVX             |06031A330FAT2A     |0603           |-      |NO       |1%        |100V    |YES  
|CAP-39PF-50V-0402-5%-04025A390JAT2A      |        |C0402              |39PF    |CAP,CER,39PF,50V,5%,NP0,0402            |AVX             |04025A390JAT2A     |0402           |-      |NO       |5%        |50V     |YES  
|CAP-4.7NF-50V-0603-10%-06035C472KAT2A    |        |C0603              |4.7NF   |CAP,CER,4700PF,50V,10%,X7R,0603         |AVX             |06035C472KAT2A     |0603           |-      |NO       |10%       |50V     |YES  
|CAP-4.7PF-50V-0603-5%-06035A4R7CAT2A     |        |C1206              |4.7PF   |CAP,CER,4.7PF,50V,5%,NP0,0603           |AVX             |06035A4R7CAT2A     |0603           |-      |NO       |5%        |50V     |YES  
|CAP-4.7UF-100V-1210-20%-C3225X7S2A475MT  |        |C1210              |4.7UF   |CAP,MLCC,4.7UF,100V,20%,X7S,1210        |TDK             |C3225X7S2A475MT    |1210           |-      |NO       |20%       |100V    |YES  
|CAP-4.7UF-10V-0603-10%-C1608X5R1A475K    |        |C0805              |4.7UF   |CAP,CER,4.7UF,10V,10%,X5R,0603          |TDK             |C1608X5R1A475K     |0603           |-      |NO       |10%       |10V     |YES  
|CAP-4.7UF-16V-1206-10%-1206YD475KAT2A    |        |C1206              |4.7UF   |CAP,CER,4.7UF,16V,10%,X5R,1206          |AVX             |1206YD475KAT2A     |1206           |-      |NO       |10%       |16V     |YES  
|CAP-4.7UF-25V-0805-10%-08053D475KAT2A    |        |C0805              |4.7UF   |CAP,CER,4.7UF,25V,10%,X5R,0805          |AVX             |08053D475KAT2A     |0805           |-      |NO       |10%       |25V     |YES  
|CAP-4.7UF-35V-1210-10%-TPSB475K035R0700  |        |C1210              |4.7UF   |CAP,TANT,4.7UF,35V,10%,1210             |AVX             |TPSB475K035R0700   |1210           |0.7E   |YES      |10%       |35V     |YES  
|CAP-4.7UF-50V-5.5LX3.2WX4H-10%-RDEC71H4# |        |RDEC71H475K2K1C03B |4.7UF   |CAP,CER,4.7UF,50V,10%,5.5Lx3.2Wx4H      |MURATA          |RDEC71H475K2K1C03B |5.5Lx3.2Wx4H   |-      |NO       |10%       |50V     |YES  
|CAP-4700PF-100V-0603-5%-06031C472JAT2A   |        |C0603              |4700PF  |CAP,CER,4700PF,100V,5%,X7R,0603         |AVX             |06031C472JAT2A     |0603           |-      |NO       |5%        |100V    |YES  
|CAP-470PF-50V-0603-10%-06035C471KAT2A    |        |C0603              |470PF   |CAP,CER,470PF,50V,10%,X7R,0603          |AVX             |06035C471KAT2A     |0603           |-      |NO       |10%       |50V     |YES  
|CAP-470UF-50V-12.5DX20L-20%-EEUFM1H471   |        |EEUFM1H471         |470UF   |CAP,ALUM,470UF,50V,20%,12.5Dx20L        |PANASONIC - ECG |EEUFM1H471         |12.5Dx20L      |0.22E  |YES      |20%       |50V     |YES  
|CAP-47PF-50V-0603-5%-06035A470JAT2A      |        |C0603              |47PF    |CAP,CER,47PF,50V,5%,NP0,0603            |AVX             |06035A470JAT2A     |0603           |-      |NO       |5%        |50V     |YES  
|CAP-47UF-10V-1210-10%-TPSB476K010R0250   |        |C1210              |47UF    |CAP,TANT,LOWESR,47UF,10V,10%,1210       |AVX             |TPSB476K010R0250   |1210           |0.25E  |YES      |10%       |10V     |YES  
|CAP-47UF-10V-1411-20%-T520B476M010ATE035 |        |C1411              |47UF    |CAP,TANT,47UF,10V,20%,1411              |KEMET           |T520B476M010ATE035 |1411           |0.35E  |YES      |20%       |10V     |YES  
|CAP-47UF-10V-7.5LX8WX4T-20%-FK22X5R1A4#  |        |FK22X5R1A476M      |47 UF   |CAP,CER,47 UF,10V,20%,7.5Lx8Wx4T        |TDK             |FK22X5R1A476M      |7.5Lx8Wx4T     |-      |NO       |20%       |10V     |YES  
|CAP-6800PF-50V-0603-5%-C0603C682J5GACTU  |        |C0603              |6800PF  |CAP,CER,6800PF,50V,5%,C0G,0603          |KEMET           |C0603C682J5GACTU   |0603           |-      |NO       |5%        |50V     |YES  
|CAP-8200PF-100V-0603-10%-06031C822KAT2A  |        |C0603              |8200PF  |CAP-8200PF-100V-0603-10%-06031C822KAT2A |AVX             |06031C822KAT2A     |0603           |-      |NO       |10%       |100V    |YES  
|CAP-82PF-50V-0805-5%-08055A820JAT2A      |        |C0805              |82PF    |CAP,CER,82PF,50V,5%,NP0,0805            |AVX             |08055A820JAT2A     |0805           |-      |NO       |5%        |50V     |YES  
