       PADS LIBRARY (CONNECTORS Part Types) DIRECTORY LISTING


Library: CONNECTORS
--------------------------------------------------------------------------------------------------------------------------------------------------------------------------------------------------------------------------------------------------------------------------------------------------------------------
|Part Name                                |CCC P/N |VALUE                                |MFG #1                       |MFG #1 P/N         |PCB Decal                 |DESCRIPTION                                |ROHS |PACKAGE     |CONTACT TYPE               |PITCH  |Logic Decal              |NO OF POSITIONS 
--------------------------------------------------------------------------------------------------------------------------------------------------------------------------------------------------------------------------------------------------------------------------------------------------------------------
|CON-FREE_HANG-14-20020620-M141A01LF      |        |PLUGGABLE                            |FCI                          |20020620-M141A01LF |CON19_0                   |TERM. BLOCKS, PLUGGABLE,14,7.62MM          |YES  |FREE HANG   |SOCKET                     |7.62mm |CON_20020620-M141A01LF   |14              
|CON-FRONT_MOUNT-12X1-SAL-12D-FKW4        |        |ETHERNET                             |CONEC                        |SAL-12D-FKW4       |43K1542, CON_SAL-12D-FKW4 |CONNECTOR,ETHERNET,12 x 1                  |YES  |FRONT MOUNT |Male                       |-      |CON_SAL-12D-FKW4         |12x1            
|CON-SM-2X5-15916102                      |        |HEADER                               |MOLEX                        |15916102           |BERG5PX2R_254             |HEADER,2 x 5,2.54mm,SM,GOLD                |YES  |SM          |Male                       |2.54mm |CON_15916102             |2x5             
|CON-SMT-204-2013310-1                    |        |DDR3 SDRAM                           |TE CONNECTIVITY              |2013310-1          |SODIMM_MB-0213-1E_MM80    |CONNECTOR,DDR3 SDRAM,204,SMT               |YES  |SMT         |-                          |-      |CON_2013310-1            |204             
|CON-SMT-2X19-5767054-1                   |        |CONNECTOR                            |TE CONNECTIVITY              |5767054-1          |CON_38P_25_TE             |RECEPTACLE,2 x 19,0.64mm,SMT               |YES  |SMT         |Receptacle                 |0.64mm |CON_5767054-1            |2x19            
|CON-SMT-2X40-QSE-040-01-L-D-A            |        |Receptacle                           |SAMTEC                       |QSE-040-01-L-D-A   |QTE-040-02-X-D-A          |RECEPTACLE,2 x 40,0.80mm,SMT               |YES  |SMT         |Female                     |0.80mm |CON-QSE-040-01-L-D-A     |2x40            
|CON-SMT-2X40-QTE-040-02-L-D-A            |        |HEADER                               |SAMTEC                       |QTE-040-02-L-D-A   |QTE-040-02-X-D-A          |HEADER,2 x 40,0.80mm,SMT                   |YES  |SMT         |Male                       |0.80mm |CON_QTE-040-02-L-D-A     |2x40            
|CON-SMT_RA-8-ST1W008S4AR1500             |        |MICRO SD                             |JAE ELECTRONICS              |ST1W008S4AR1500    |SDCARD_16P3X13P6          |CONNECTOR,MICRO SD,8,SMT,RA                |YES  |SMT,RA      |-                          |-      |CON_ST1W008S4AR1500      |8               
|CON-TH-1X12-20020107-H121A01LF           |        |Header, Male Pins, Shrouded (4 Side) |FCI                          |20020107-H121A01LF |20020107-H121A01LF        |HEADER,1 x 12,5.08mm,TH                    |YES  |TH          |Male                       |5.08mm |CON_20020107-H121A01LF   |1x12            
|CON-TH-1X2-22-28-4020                    |        |HEADER                               |MOLEX                        |22-28-4020         |BERG2P_2.54               |HEADER,1 x 2,2.54mm,TH                     |YES  |TH          |Male                       |2.54mm |CON_22-28-4020           |1x2             
|CON-TH-2X20-ESQ-120-23-L-D-001           |        |Receptacle                           |SAMTEC                       |ESQ-120-23-L-D-001 |EQH_TH_40                 |RECEPTACLE,2 x 20,2.54mm,TH                |YES  |TH          |Female                     |2.54mm |CON_ESQ-120-23-L-D-001   |2x20            
|CON-TH-2X5-N2510-6002-RB                 |        |HEADER                               |3M                           |N2510-6002-RB      |BERG5PX2R_254             |HEADER,2 x 5,2.54mm,TH,GOLD                |YES  |TH          |Male                       |2.54mm |CON_15916102             |2x5             
|CON-TH-2X8-5103309-3                     |        |HEADER                               |TE CONNECTIVITY              |5103309-3          |HEADER_8PX2R_100_SHROUDED |HEADER,2 x 8,2.54mm,TH,GOLD                |YES  |TH          |Male                       |2.54mm |CON_5103309-3            |2x8             
|CON-TH-8PINS_8CONTACTS-RJHSE-5380-02     |        |JACK                                 |AMPHENOL COMMERCIAL PRODUCTS |RJHSE-5380-02      |CONN_MODULARJACK_6116522  |CONNECTOR,JACK,1 X 2 MOD,TH,RA             |YES  |TH          |-                          |-      |CON_RJHSE-5380-02        |8PINS,8CONTACTS 
|CON-TH-9X6-10043546-101LF                |        |Receptacle                           |FCI                          |10043546-101LF     |CON_APPA, CON_APP         |RECEPTACLE,9 x 6,1.40mm,TH                 |YES  |TH          |Receptacle, Female Sockets |1.40mm |CON_10043546-101LF       |9x6             
|CON-TH-9X8-10045271-101LF                |        |Receptacle                           |FCI                          |10045271-101LF     |CON_2                     |RECEPTACLE,9 x 8,1.40mm,TH                 |YES  |TH          |Receptacle, Female Sockets |1.40mm |CON_10045271-101LF       |9x8             
|CON-TH_RA-12X8-10052838-101LF            |        |HEADER                               |FCI                          |10052838-101LF     |FCI_CON_DC_96             |HEADER,12 x 8,2mm,TH,RA                    |YES  |TH,RA       |Male                       |2mm    |CON_10052838-101LF       |12x8            
|CON-TH_RA-1X6-640453-6                   |        |HEADER                               |TE CONNECTIVITY              |640453-6           |CON_6P_100_RA             |HEADER,1X6,2.54mm,                         |YES  |TH,RA       |Male                       |2.54mm |CON_640453-6             |1 X 6           
|CON-TH_RA-2X2-10028917-001LF             |        |HEADER                               |FCI                          |10028917-001LF     |CONN_10028917-001LF       |HEADER,2 x 2,2mm,TH,RA                     |YES  |TH,RA       |Male                       |2mm    |CON_10028917-001LF       |2x2             
|CON-TH_RA-2X20-TSW-120-07-L-D-001        |        |HEADER                               |SAMTEC                       |TSW-120-07-L-D-001 |TSW-120-07-T-D            |HEADER,2 x 20,2.54mm,TH,RA                 |YES  |TH,RA       |Male                       |2.54mm |CON_TSW-120-07-L-D-001   |2x20            
|CON-TH_RA-2X5-68021-210HLF               |        |HEADER                               |FCI                          |68021-210HLF       |HEADER_5PX2R_254_SHROUDED |HEADER,2 x 5,2.54mm,TH,RA                  |YES  |TH,RA       |Male                       |2.54mm |CON_68021-210HLF         |2x5             
|CON-TH_RA-2X7-68021-214HLF               |        |HEADER                               |FCI                          |68021-214HLF       |CON_14P_100_RA            |HEADER,2 X 7,2.54mm,TH,RA,GOLD             |YES  |TH,RA       |Male                       |2.54mm |CON_68021-214HLF         |2x7             
|CON-TH_RA-9-1734354-1                    |        |D-SUB                                |TE CONNECTIVITY              |1734354-1          |DB9_FEMALE                |CONNECTOR,D-SUB,9,TH,RA                    |YES  |TH,RA       |Female                     |-      |CON_1734354-1            |                
|CON-TH_RA-9X6-10039851-111LF             |        |HEADER                               |FCI                          |10039851-111LF     |CONN_FCI_54               |HEADER,9 x 6,2mm,TH,RA                     |YES  |TH,RA       |Male                       |2mm    |CON_10039851-111LF       |9x6             
|CON-TH_RA-9X8-10045267-111LF             |        |HEADER                               |FCI                          |10045267-111LF     |CON3_0                    |HEADER,9 x 8,2mm,TH,RA                     |YES  |TH,RA       |Male                       |2mm    |CON_10045267-111LF       |9x8             
|CON-TH_RA-9X8-10045267-111LF_IOP_A       |        |HEADER                               |SAMTEC                       |QTE-040-02-L-D-A   |CON_72PIN                 |HEADER,2 x 40,0.80mm,SMT                   |YES  |SMT         |Male                       |0.80mm |CON_10045267-111LF_IOP_A |2x40            
|CON-TH_RA-9X8-10045267-111LF_IOP_B       |        |HEADER                               |FCI                          |10045267-111LF     |CON_72PIN                 |HEADER,9 x 8,2mm,TH,RA                     |YES  |TH,RA       |Male                       |2mm    |CON_10045267-111LF_IOP_B |9x8             
|CON-TH_VR-1X3-22-28-5033                 |        |HEADER                               |MOLEX                        |22-28-5033         |BERG3P_2P54               |HEADER,1 x 3,2.54mm,TH,VERTICAL            |YES  |TH,VR       |Male                       |2.54mm |CON_22-28-5033           |1x3             
|CON-TH_VR-2X2-10028916-4554P00LF         |        |POWER RECEPTACLE                     |FCI                          |10028916-4554P00LF |POWER_CON                 |RECEPTACLE,POWER,2 x 2,17mm,TH,VERTICAL    |YES  |TH,VR       |Female                     |17mm   |CON_10028916-4554P00LF   |2x2             
|CON-TH_VR-5-5000750517                   |        |USB - OTG Mini-B                     |MOLEX                        |5000750517         |CONN_MOLEX_MUSB_B_5P      |CONNECTOR,USB MINI-B,TH,VERTICAL           |YES  |TH,VR       |Receptacle                 |-      |CON_5000750517           |5               
|CON-TH_VR-8POWER_8SIGNAL-51740-10400804# |        |Receptacle                           |FCI                          |51740-10400804CALF |CON_EISA62_0              |RECEPTACLE,8 power, 8 signal,-,TH,VERTICAL |YES  |TH,VR       |Female                     |-      |CON_51740-10400804CALF   |8power,8signal  
