Flow report for IOP_DIGITAL_MAIN
Mon Aug 08 15:20:04 2011
Quartus II Version 9.1 Build 222 10/21/2009 SJ Web Edition


---------------------
; Table of Contents ;
---------------------
  1. Legal Notice
  2. Flow Summary
  3. Flow Settings
  4. Flow Non-Default Global Settings
  5. Flow Elapsed Time
  6. Flow OS Summary
  7. Flow Log



----------------
; Legal Notice ;
----------------
Copyright (C) 1991-2009 Altera Corporation
Your use of Altera Corporation's design tools, logic functions 
and other software and tools, and its AMPP partner logic 
functions, and any output files from any of the foregoing 
(including device programming or simulation files), and any 
associated documentation or information are expressly subject 
to the terms and conditions of the Altera Program License 
Subscription Agreement, Altera MegaCore Function License 
Agreement, or other applicable license agreement, including, 
without limitation, that your use is for the sole purpose of 
programming logic devices manufactured by Altera and sold by 
Altera or its authorized distributors.  Please refer to the 
applicable agreement for further details.



+-------------------------------------------------------------------+
; Flow Summary                                                      ;
+-------------------------+-----------------------------------------+
; Flow Status             ; Successful - Mon Aug 08 15:20:04 2011   ;
; Quartus II Version      ; 9.1 Build 222 10/21/2009 SJ Web Edition ;
; Revision Name           ; IOP_DIGITAL_MAIN                        ;
; Top-level Entity Name   ; IOP_DIGITAL_MAIN                        ;
; Family                  ; MAX II                                  ;
; Device                  ; EPM2210F256I5                           ;
; Timing Models           ; Final                                   ;
; Met timing requirements ; Yes                                     ;
; Total logic elements    ; 66 / 2,210 ( 3 % )                      ;
; Total pins              ; 69 / 204 ( 34 % )                       ;
; Total virtual pins      ; 0                                       ;
; UFM blocks              ; 0 / 1 ( 0 % )                           ;
+-------------------------+-----------------------------------------+


+-----------------------------------------+
; Flow Settings                           ;
+-------------------+---------------------+
; Option            ; Setting             ;
+-------------------+---------------------+
; Start date & time ; 08/08/2011 15:19:41 ;
; Main task         ; Compilation         ;
; Revision Name     ; IOP_DIGITAL_MAIN    ;
+-------------------+---------------------+


+----------------------------------------------------------------------------------------------------------------------------------------------+
; Flow Non-Default Global Settings                                                                                                             ;
+---------------------------------------+-------------------------------------------------------+---------------+-------------+----------------+
; Assignment Name                       ; Value                                                 ; Default Value ; Entity Name ; Section Id     ;
+---------------------------------------+-------------------------------------------------------+---------------+-------------+----------------+
; COMPILER_SIGNATURE_ID                 ; 132224852024.131279698103732                          ; --            ; --          ; --             ;
; MAXII_OPTIMIZATION_TECHNIQUE          ; Speed                                                 ; Balanced      ; --          ; --             ;
; MAX_CORE_JUNCTION_TEMP                ; 100                                                   ; --            ; --          ; --             ;
; MIN_CORE_JUNCTION_TEMP                ; -40                                                   ; --            ; --          ; --             ;
; MISC_FILE                             ; C:/altera/91/quartus/IOP_Digital/IOP_DIGITAL_MAIN.dpf ; --            ; --          ; --             ;
; MISC_FILE                             ; E:/cpld/IOP_DM/temp/IOP_Digital/IOP_DIGITAL_MAIN.dpf  ; --            ; --          ; --             ;
; POWER_EXT_SUPPLY_VOLTAGE_TO_REGULATOR ; 3.3V                                                  ; --            ; --          ; --             ;
; USE_GENERATED_PHYSICAL_CONSTRAINTS    ; Off                                                   ; --            ; --          ; eda_blast_fpga ;
+---------------------------------------+-------------------------------------------------------+---------------+-------------+----------------+


+-----------------------------------------------------------------------------------------------------------------------------+
; Flow Elapsed Time                                                                                                           ;
+-------------------------+--------------+-------------------------+---------------------+------------------------------------+
; Module Name             ; Elapsed Time ; Average Processors Used ; Peak Virtual Memory ; Total CPU Time (on all processors) ;
+-------------------------+--------------+-------------------------+---------------------+------------------------------------+
; Analysis & Synthesis    ; 00:00:05     ; 1.0                     ; 190 MB              ; 00:00:03                           ;
; Fitter                  ; 00:00:06     ; 1.0                     ; 161 MB              ; 00:00:02                           ;
; Assembler               ; 00:00:02     ; 1.0                     ; 146 MB              ; 00:00:01                           ;
; Classic Timing Analyzer ; 00:00:02     ; 1.0                     ; 117 MB              ; 00:00:01                           ;
; Total                   ; 00:00:15     ; --                      ; --                  ; 00:00:07                           ;
+-------------------------+--------------+-------------------------+---------------------+------------------------------------+


+---------------------------------------------------------------------------------------+
; Flow OS Summary                                                                       ;
+-------------------------+------------------+------------+------------+----------------+
; Module Name             ; Machine Hostname ; OS Name    ; OS Version ; Processor type ;
+-------------------------+------------------+------------+------------+----------------+
; Analysis & Synthesis    ; dt-vasavir       ; Windows XP ; 5.1        ; i686           ;
; Fitter                  ; dt-vasavir       ; Windows XP ; 5.1        ; i686           ;
; Assembler               ; dt-vasavir       ; Windows XP ; 5.1        ; i686           ;
; Classic Timing Analyzer ; dt-vasavir       ; Windows XP ; 5.1        ; i686           ;
+-------------------------+------------------+------------+------------+----------------+


------------
; Flow Log ;
------------
quartus_map --read_settings_files=on --write_settings_files=off IOP_DIGITAL -c IOP_DIGITAL_MAIN
quartus_fit --read_settings_files=off --write_settings_files=off IOP_DIGITAL -c IOP_DIGITAL_MAIN
quartus_asm --read_settings_files=off --write_settings_files=off IOP_DIGITAL -c IOP_DIGITAL_MAIN
quartus_tan --read_settings_files=off --write_settings_files=off IOP_DIGITAL -c IOP_DIGITAL_MAIN



