Drill Listing
=============
Drill: .024  Tool: 1  Feed: 197  Speed: 550
X 256299  Y 194921
X 256496  Y 225590
Drill: .04  Tool: 2  Feed: 139  Speed: 550
X 192362  Y 134921
X 192362  Y 144921
X 192362  Y 154921
X 192362  Y 164921
X 202362  Y 134921
X 202362  Y 154921
X 202362  Y 144921
X 202362  Y 164921
X 202362  Y 174921
X 202362  Y 184921
X 202362  Y 194921
X 202362  Y 204921
X 202362  Y 214921
X 192362  Y 184921
X 192362  Y 204921
X 192362  Y 174921
X 192362  Y 214921
X 192362  Y 194921
X 192362  Y 224921
X 192362  Y 234921
X 192362  Y 244921
X 192362  Y 254921
X 192362  Y 264921
X 202362  Y 244921
X 202362  Y 234921
X 202362  Y 254921
X 202362  Y 224921
X 202362  Y 264921
X 202362  Y 274921
X 202362  Y 284921
X 202362  Y 294921
X 202362  Y 304921
X 202362  Y 314921
X 192362  Y 284921
X 192362  Y 304921
X 192362  Y 274921
X 192362  Y 314921
X 192362  Y 294921
X 192362  Y 324921
X 202362  Y 324921
Drill: .04134  Tool: 3  Feed: 139  Speed: 550
X 226889  Y 167165
X 313503  Y 167165
X 313503  Y 265000
X 226889  Y 265000
Drill: .06299  Tool: 4  Feed: 89  Speed: 550
X 116850  Y 123937
X 116850  Y 143937
X 116850  Y 163937
X 116850  Y 183937
X 116850  Y 203937
X 116850  Y 223937
X 116850  Y 243937
X 116850  Y 263937
X 116850  Y 283937
X 116850  Y 303937
X 116850  Y 323937
X 116850  Y 343937
Drill: .10237  Tool: 5  Feed: 69  Speed: 658
X 144094  Y 119685
X 144094  Y 340157
Drill: .1378  Tool: 6  Feed: 35  Speed: 794
X 237795  Y 131496
X 237795  Y 328346
End of Listing
