Drill Listing
=============
Drill: .012  Tool: 1  Feed: 95  Speed: 300
X 1109000  Y 1148000
X 1105000  Y 1148000
X 1096000  Y 1152000
X 1100000  Y 1152000
X 1089000  Y 1159000
X 1093000  Y 1159000
X 1104000  Y 1292000
X 1091400  Y 1293500
X 1096200  Y 1293700
X 1104000  Y 1296000
X 1073400  Y 1317400
X 1038200  Y 1322700
X 1070800  Y 1326600
X 1127000  Y 1311000
X 1119000  Y 1308600
X 1127000  Y 1307000
X 1119000  Y 1305000
X 1112000  Y 1301000
X 1124800  Y 1300100
X 1128600  Y 1299900
X 1112000  Y 1297000
X 1151500  Y 1169000
X 1116000  Y 1141000
X 1112000  Y 1141000
X 1124000  Y 1135000
X 1120000  Y 1135000
X 1129000  Y 1129000
X 1133000  Y 1129000
X 1138000  Y 1102000
X 1161000  Y 1115000
X 1167000  Y 1115000
X 1173300  Y 1118800
X 1169600  Y 1118900
X 1177000  Y 1120000
X 1182000  Y 1120000
X 1194000  Y 1125000
X 1190000  Y 1125000
X 1201500  Y 1404000
X 1218400  Y 1404600

Drill: .01969  Tool: 2  Feed: 95  Speed: 300
X 1055019  Y 1202031
X 1055019  Y 1207543
X 1055019  Y 1213054
X 1055019  Y 1218566
X 1055019  Y 1224078
X 1055019  Y 1229590
X 1055019  Y 1235102
X 1055019  Y 1240613
X 1055019  Y 1246125
X 1055019  Y 1251637
X 1055019  Y 1257149
X 1055019  Y 1262661
X 1055019  Y 1268173
X 1055019  Y 1273684
X 1055019  Y 1279196
X 1062893  Y 1279590
X 1078641  Y 1279590
X 1070767  Y 1279196
X 1062893  Y 1274078
X 1078641  Y 1274078
X 1070767  Y 1273684
X 1062893  Y 1268566
X 1078641  Y 1268566
X 1070767  Y 1268173
X 1078641  Y 1263054
X 1062893  Y 1263054
X 1070767  Y 1262661
X 1078641  Y 1257543
X 1062893  Y 1257543
X 1070767  Y 1257149
X 1078641  Y 1252031
X 1062893  Y 1252031
X 1070767  Y 1251637
X 1078641  Y 1246519
X 1062893  Y 1246519
X 1070767  Y 1246125
X 1062893  Y 1241007
X 1078641  Y 1241007
X 1070767  Y 1240613
X 1062893  Y 1235495
X 1078641  Y 1235495
X 1070767  Y 1235102
X 1078641  Y 1229984
X 1062893  Y 1229984
X 1070767  Y 1229590
X 1078641  Y 1224472
X 1062893  Y 1224472
X 1070767  Y 1224078
X 1078641  Y 1218960
X 1062893  Y 1218960
X 1070767  Y 1218566
X 1078641  Y 1213448
X 1062893  Y 1213448
X 1070767  Y 1213054
X 1078641  Y 1207936
X 1062893  Y 1207936
X 1070767  Y 1207543
X 1062893  Y 1202425
X 1078641  Y 1202425
X 1070767  Y 1202031
X 1086515  Y 1202031
X 1102263  Y 1202031
X 1094389  Y 1202425
X 1102263  Y 1207543
X 1086515  Y 1207543
X 1094389  Y 1207936
X 1102263  Y 1213054
X 1086515  Y 1213054
X 1094389  Y 1213448
X 1086515  Y 1218566
X 1102263  Y 1218566
X 1094389  Y 1218960
X 1102263  Y 1224078
X 1086515  Y 1224078
X 1094389  Y 1224472
X 1102263  Y 1229590
X 1086515  Y 1229590
X 1094389  Y 1229984
X 1102263  Y 1235102
X 1086515  Y 1235102
X 1094389  Y 1235495
X 1086515  Y 1240613
X 1102263  Y 1240613
X 1094389  Y 1241007
X 1102263  Y 1246125
X 1086515  Y 1246125
X 1094389  Y 1246519
X 1102263  Y 1251637
X 1086515  Y 1251637
X 1094389  Y 1252031
X 1086515  Y 1257149
X 1102263  Y 1257149
X 1094389  Y 1257543
X 1102263  Y 1262661
X 1086515  Y 1262661
X 1094389  Y 1263054
X 1086515  Y 1268173
X 1102263  Y 1268173
X 1094389  Y 1268566
X 1086515  Y 1273684
X 1102263  Y 1273684
X 1094389  Y 1274078
X 1086515  Y 1279196
X 1102263  Y 1279196
X 1094389  Y 1279590
X 1125886  Y 1279590
X 1110137  Y 1279590
X 1118011  Y 1279196
X 1125886  Y 1274078
X 1110137  Y 1274078
X 1118011  Y 1273684
X 1125886  Y 1268566
X 1110137  Y 1268566
X 1118011  Y 1268173
X 1125886  Y 1263054
X 1110137  Y 1263054
X 1118011  Y 1262661
X 1125886  Y 1257543
X 1110137  Y 1257543
X 1118011  Y 1257149
X 1125886  Y 1252031
X 1110137  Y 1252031
X 1118011  Y 1251637
X 1110137  Y 1246519
X 1125886  Y 1246519
X 1118011  Y 1246125
X 1125886  Y 1241007
X 1110137  Y 1241007
X 1118011  Y 1240613
X 1110137  Y 1235495
X 1125886  Y 1235495
X 1118011  Y 1235102
X 1110137  Y 1229984
X 1125886  Y 1229984
X 1118011  Y 1229590
X 1110137  Y 1224472
X 1125886  Y 1224472
X 1118011  Y 1224078
X 1110137  Y 1218960
X 1125886  Y 1218960
X 1118011  Y 1218566
X 1110137  Y 1213448
X 1125886  Y 1213448
X 1118011  Y 1213054
X 1110137  Y 1207936
X 1125886  Y 1207936
X 1118011  Y 1207543
X 1125886  Y 1202425
X 1110137  Y 1202425
X 1118011  Y 1202031
X 1157578  Y 1202031
X 1141830  Y 1202031
X 1149704  Y 1202425
X 1141830  Y 1207543
X 1157578  Y 1207543
X 1149704  Y 1207937
X 1141830  Y 1213055
X 1157578  Y 1213055
X 1149704  Y 1213448
X 1141830  Y 1218566
X 1157578  Y 1218566
X 1149704  Y 1218960
X 1141830  Y 1224078
X 1157578  Y 1224078
X 1149704  Y 1224472
X 1141830  Y 1229590
X 1157578  Y 1229590
X 1149704  Y 1229984
X 1141830  Y 1235102
X 1157578  Y 1235102
X 1149704  Y 1235496
X 1141830  Y 1240614
X 1157578  Y 1240614
X 1149704  Y 1241007
X 1141830  Y 1246125
X 1157578  Y 1246125
X 1149704  Y 1246519
X 1141830  Y 1251637
X 1157578  Y 1251637
X 1149704  Y 1252031
X 1141830  Y 1257149
X 1157578  Y 1257149
X 1149704  Y 1257543
X 1141830  Y 1262661
X 1157578  Y 1262661
X 1149704  Y 1263055
X 1141830  Y 1268173
X 1157578  Y 1268173
X 1149704  Y 1268566
X 1141830  Y 1273685
X 1157578  Y 1273685
X 1149704  Y 1274078
X 1141830  Y 1279196
X 1157578  Y 1279196
X 1149704  Y 1279590
X 1165452  Y 1279590
X 1181200  Y 1279590
X 1173326  Y 1279196
X 1165452  Y 1274078
X 1181200  Y 1274078
X 1173326  Y 1273685
X 1165452  Y 1268566
X 1181200  Y 1268566
X 1173326  Y 1268173
X 1181200  Y 1263055
X 1165452  Y 1263055
X 1173326  Y 1262661
X 1181200  Y 1257543
X 1165452  Y 1257543
X 1173326  Y 1257149
X 1181200  Y 1252031
X 1165452  Y 1252031
X 1173326  Y 1251637
X 1165452  Y 1246519
X 1181200  Y 1246519
X 1173326  Y 1246125
X 1165452  Y 1241007
X 1181200  Y 1241007
X 1173326  Y 1240614
X 1181200  Y 1235496
X 1165452  Y 1235496
X 1173326  Y 1235102
X 1181200  Y 1229984
X 1165452  Y 1229984
X 1173326  Y 1229590
X 1181200  Y 1224472
X 1165452  Y 1224472
X 1173326  Y 1224078
X 1181200  Y 1218960
X 1165452  Y 1218960
X 1173326  Y 1218566
X 1181200  Y 1213448
X 1165452  Y 1213448
X 1173326  Y 1213055
X 1165452  Y 1207937
X 1181200  Y 1207937
X 1173326  Y 1207543
X 1165452  Y 1202425
X 1181200  Y 1202425
X 1173326  Y 1202031
X 1204822  Y 1202031
X 1189074  Y 1202031
X 1196948  Y 1202425
X 1189074  Y 1207543
X 1204822  Y 1207543
X 1196948  Y 1207937
X 1189074  Y 1213055
X 1204822  Y 1213055
X 1196948  Y 1213448
X 1204822  Y 1218566
X 1189074  Y 1218566
X 1196948  Y 1218960
X 1204822  Y 1224078
X 1189074  Y 1224078
X 1196948  Y 1224472
X 1204822  Y 1229590
X 1189074  Y 1229590
X 1196948  Y 1229984
X 1189074  Y 1235102
X 1204822  Y 1235102
X 1196948  Y 1235496
X 1204822  Y 1240614
X 1189074  Y 1240614
X 1196948  Y 1241007
X 1204822  Y 1246125
X 1189074  Y 1246125
X 1196948  Y 1246519
X 1204822  Y 1251637
X 1189074  Y 1251637
X 1196948  Y 1252031
X 1189074  Y 1257149
X 1204822  Y 1257149
X 1196948  Y 1257543
X 1204822  Y 1262661
X 1189074  Y 1262661
X 1196948  Y 1263055
X 1204822  Y 1268173
X 1189074  Y 1268173
X 1196948  Y 1268566
X 1204822  Y 1273685
X 1189074  Y 1273685
X 1196948  Y 1274078
X 1204822  Y 1279196
X 1189074  Y 1279196
X 1196948  Y 1279590
X 1212696  Y 1279590
X 1212696  Y 1274078
X 1212696  Y 1268566
X 1212696  Y 1263055
X 1212696  Y 1257543
X 1212696  Y 1252031
X 1212696  Y 1246519
X 1212696  Y 1241007
X 1212696  Y 1235496
X 1212696  Y 1229984
X 1212696  Y 1224472
X 1212696  Y 1218960
X 1212696  Y 1213448
X 1212696  Y 1207937
X 1212696  Y 1202425

Drill: .02  Tool: 3  Feed: 197  Speed: 550
X 1020500  Y 1230000
X 1020000  Y 1246000
X 1020000  Y 1264500
X 1019500  Y 1271500
X 1042200  Y 1342100
X 1056000  Y 1344500
X 1045000  Y 1345500
X 1103000  Y 1403500
X 1089000  Y 1403500
X 1124000  Y 1398000
X 1089000  Y 1397500
X 1103000  Y 1397500
X 1125000  Y 1331000
X 1113000  Y 1331000
X 1103000  Y 1327000
X 1089000  Y 1327000
X 1153000  Y 1327000
X 1143000  Y 1327000
X 1178000  Y 1327000
X 1166000  Y 1327000
X 1177500  Y 1397000
X 1165500  Y 1397000
X 1144000  Y 1398000
X 1165500  Y 1403000
X 1177500  Y 1403000
X 1220400  Y 1395000
X 1228300  Y 1387200
X 1234200  Y 1384700

Drill: .03937  Tool: 4  Feed: 197  Speed: 550
X 1010000  Y 1189000
X 1010000  Y 1199000
X 1010000  Y 1209000
X 1257500  Y 1289000
X 1257500  Y 1279000
X 1257500  Y 1269000

Drill: .04  Tool: 5  Feed: 139  Speed: 550
X 1063858  Y 1011826
X 1073858  Y 1011826
X 1083858  Y 1011826
X 1073858  Y 1021826
X 1063858  Y 1021826
X 1083858  Y 1021826
X 1063857  Y 1436173
X 1073857  Y 1436173
X 1083857  Y 1436173
X 1073857  Y 1446173
X 1063857  Y 1446173
X 1083857  Y 1446173
X 1093857  Y 1446173
X 1103857  Y 1446173
X 1113857  Y 1446173
X 1123857  Y 1446173
X 1133857  Y 1446173
X 1103857  Y 1436173
X 1113857  Y 1436173
X 1123857  Y 1436173
X 1133857  Y 1436173
X 1093857  Y 1436173
X 1133858  Y 1021826
X 1113858  Y 1021826
X 1093858  Y 1021826
X 1103858  Y 1021826
X 1123858  Y 1021826
X 1103858  Y 1011826
X 1113858  Y 1011826
X 1133858  Y 1011826
X 1123858  Y 1011826
X 1093858  Y 1011826
X 1143858  Y 1011826
X 1153858  Y 1011826
X 1163858  Y 1011826
X 1173858  Y 1011826
X 1183858  Y 1011826
X 1143858  Y 1021826
X 1163858  Y 1021826
X 1153858  Y 1021826
X 1173858  Y 1021826
X 1183858  Y 1021826
X 1143857  Y 1436173
X 1153857  Y 1436173
X 1163857  Y 1436173
X 1173857  Y 1436173
X 1183857  Y 1436173
X 1163857  Y 1446173
X 1143857  Y 1446173
X 1173857  Y 1446173
X 1153857  Y 1446173
X 1183857  Y 1446173
X 1193857  Y 1446173
X 1203857  Y 1446173
X 1193857  Y 1436173
X 1203857  Y 1436173
X 1203858  Y 1021826
X 1193858  Y 1021826
X 1203858  Y 1011826
X 1193858  Y 1011826

Drill: .12795  Tool: 6  Feed: 35  Speed: 794
X 1172750  Y 1080546

Drill: .21063  Tool: 7  Feed: 0  Speed: 0
X 1039371  Y 1164055
X 1228347  Y 1317598

End of Listing
