Drill Listing
=============
Drill: .012  Tool: 1  Feed: 95  Speed: 300
X 1009000  Y 1004500
X 1024000  Y 1004500
X 1004500  Y 1015000
X 1004500  Y 1030000
X 1004500  Y 1045000
X 1004600  Y 1060000
X 1004500  Y 1075000
X 1004500  Y 1090000
X 1004500  Y 1105000
X 1004500  Y 1120000
X 1022500  Y 1128500
X 1004500  Y 1135000
X 1022500  Y 1148500
X 1004500  Y 1150000
X 1004500  Y 1165000
X 1004500  Y 1180000
X 1004500  Y 1195000
X 1004500  Y 1210000
X 1004500  Y 1225000
X 1004500  Y 1240000
X 1004500  Y 1255000
X 1039958  Y 1163948
X 1052500  Y 1148500
X 1042500  Y 1148500
X 1032500  Y 1148500
X 1032500  Y 1128500
X 1042500  Y 1128500
X 1052500  Y 1128500
X 1038958  Y 1097948
X 1035658  Y 1097948
X 1054000  Y 1004500
X 1039000  Y 1004500
X 1069000  Y 1004500
X 1064358  Y 1088548
X 1064358  Y 1091748
X 1067958  Y 1119948
X 1064958  Y 1119948
X 1062500  Y 1128500
X 1072500  Y 1128500
X 1072500  Y 1148500
X 1062500  Y 1148500
X 1067958  Y 1156948
X 1064958  Y 1156948
X 1073094  Y 1207420
X 1069458  Y 1207448
X 1076176  Y 1216304
X 1065858  Y 1216617
X 1063200  Y 1219300
X 1073179  Y 1228156
X 1074458  Y 1251448
X 1096958  Y 1240948
X 1096958  Y 1236948
X 1096958  Y 1232948
X 1097500  Y 1194000
X 1097458  Y 1163948
X 1092500  Y 1148500
X 1082500  Y 1148500
X 1102500  Y 1148500
X 1102500  Y 1128500
X 1082500  Y 1128500
X 1092500  Y 1128500
X 1082458  Y 1113848
X 1087458  Y 1113848
X 1087958  Y 1088748
X 1091158  Y 1088548
X 1099000  Y 1004500
X 1084000  Y 1004500
X 1114000  Y 1004500
X 1129000  Y 1004500
X 1144000  Y 1004500
X 1147000  Y 1146000
X 1140000  Y 1146000
X 1147000  Y 1150500
X 1140000  Y 1150500
X 1163000  Y 1265500
X 1178000  Y 1265500
X 1155000  Y 1148500
X 1175000  Y 1148500
X 1165000  Y 1148500
X 1165000  Y 1129000
X 1175000  Y 1129000
X 1155000  Y 1128500
X 1177258  Y 1085148
X 1174000  Y 1004500
X 1159000  Y 1004500
X 1204000  Y 1004500
X 1189000  Y 1004500
X 1181958  Y 1085248
X 1185000  Y 1129000
X 1195000  Y 1129000
X 1195000  Y 1148500
X 1185000  Y 1148500
X 1180458  Y 1163448
X 1200000  Y 1215000
X 1200000  Y 1224000
X 1200000  Y 1230000
X 1200000  Y 1236000
X 1183800  Y 1243000
X 1195200  Y 1243000
X 1189400  Y 1243000
X 1193000  Y 1265500
X 1208000  Y 1265500
X 1223000  Y 1265500
X 1225800  Y 1236200
X 1221000  Y 1235600
X 1225000  Y 1225000
X 1228200  Y 1218600
X 1208458  Y 1156948
X 1204958  Y 1156948
X 1215000  Y 1148500
X 1205000  Y 1148500
X 1225000  Y 1148500
X 1225000  Y 1129000
X 1205000  Y 1129000
X 1215000  Y 1129000
X 1204958  Y 1119948
X 1208458  Y 1119948
X 1222458  Y 1113648
X 1227458  Y 1113648
X 1215558  Y 1084848
X 1219258  Y 1084748
X 1219000  Y 1004500
X 1249000  Y 1004500
X 1234000  Y 1004500
X 1235000  Y 1129000
X 1248000  Y 1129000
X 1247500  Y 1148500
X 1235000  Y 1148500
X 1237458  Y 1163448
X 1232200  Y 1218600
X 1235000  Y 1221000
X 1240800  Y 1225200
X 1253000  Y 1265500
X 1238000  Y 1265500
X 1265500  Y 1255000
X 1265500  Y 1240000
X 1265500  Y 1225000
X 1265500  Y 1210000
X 1265500  Y 1195000
X 1265500  Y 1180000
X 1265500  Y 1165000
X 1265500  Y 1157000
X 1260958  Y 1156948
X 1265500  Y 1150000
X 1257500  Y 1148500
X 1265500  Y 1135000
X 1258000  Y 1129000
X 1265500  Y 1120000
X 1265500  Y 1105000
X 1265500  Y 1090000
X 1265500  Y 1075000
X 1265500  Y 1060000
X 1265500  Y 1045000
X 1265500  Y 1030000
X 1265500  Y 1015000
X 1264000  Y 1004500
Drill: .0197  Tool: 2  Feed: 95  Speed: 300
X 1123147  Y 1217585
X 1115273  Y 1217979
X 1123147  Y 1223097
X 1115273  Y 1223491
X 1123147  Y 1228609
X 1115273  Y 1229003
X 1123147  Y 1234121
X 1115273  Y 1234515
X 1123147  Y 1239633
X 1115273  Y 1240026
X 1123147  Y 1245144
X 1115273  Y 1245538
X 1123147  Y 1250656
X 1115273  Y 1251050
X 1123147  Y 1256168
X 1115273  Y 1256562
X 1123147  Y 1261680
X 1115273  Y 1262074
X 1131021  Y 1262074
X 1146769  Y 1262074
X 1138895  Y 1261680
X 1146769  Y 1256562
X 1131021  Y 1256562
X 1138895  Y 1256168
X 1146769  Y 1251050
X 1131021  Y 1251050
X 1138895  Y 1250656
X 1131021  Y 1245538
X 1146769  Y 1245538
X 1138895  Y 1245144
X 1131021  Y 1240026
X 1146769  Y 1240026
X 1138895  Y 1239633
X 1146769  Y 1234515
X 1131021  Y 1234515
X 1138895  Y 1234121
X 1146769  Y 1229003
X 1131021  Y 1229003
X 1138895  Y 1228609
X 1131021  Y 1223491
X 1146769  Y 1223491
X 1138895  Y 1223097
X 1131021  Y 1217979
X 1146769  Y 1217979
X 1138895  Y 1217585
X 1154643  Y 1217585
X 1154643  Y 1223097
X 1154643  Y 1228609
X 1154643  Y 1234121
X 1154643  Y 1239633
X 1154643  Y 1245144
X 1154643  Y 1250656
X 1154643  Y 1256168
X 1154643  Y 1261680
Drill: .02  Tool: 3  Feed: 197  Speed: 550
X 1041230  Y 1074080
X 1032058  Y 1094848
X 1053858  Y 1096548
X 1026458  Y 1102948
X 1034958  Y 1112648
X 1044958  Y 1112648
X 1026600  Y 1166800
X 1027000  Y 1172000
X 1041000  Y 1176400
X 1027000  Y 1178500
X 1050400  Y 1179800
X 1056500  Y 1256500
X 1066958  Y 1229448
X 1070770  Y 1193958
X 1061300  Y 1193200
X 1071258  Y 1181048
X 1076266  Y 1181003
X 1064100  Y 1174900
X 1063658  Y 1163348
X 1059658  Y 1096648
X 1071158  Y 1096448
X 1075758  Y 1085648
X 1065820  Y 1073600
X 1067458  Y 1054148
X 1069458  Y 1049448
X 1058600  Y 1020900
X 1069500  Y 1020900
X 1109158  Y 1076648
X 1117458  Y 1086248
X 1101058  Y 1087248
X 1116458  Y 1094648
X 1085958  Y 1099648
X 1105058  Y 1100448
X 1092458  Y 1111748
X 1102458  Y 1112948
X 1122158  Y 1158748
X 1126658  Y 1159948
X 1122058  Y 1163648
X 1082458  Y 1164048
X 1128658  Y 1164548
X 1086424  Y 1176188
X 1106458  Y 1180948
X 1113000  Y 1186500
X 1128500  Y 1191500
X 1097458  Y 1214948
X 1097458  Y 1219948
X 1097958  Y 1248948
X 1097791  Y 1254683
X 1165800  Y 1205200
X 1133458  Y 1201338
X 1165600  Y 1199800
X 1149958  Y 1192448
X 1143458  Y 1192448
X 1149958  Y 1186448
X 1175500  Y 1182000
X 1165500  Y 1180000
X 1149958  Y 1179948
X 1151858  Y 1164748
X 1149358  Y 1157348
X 1175058  Y 1112648
X 1175900  Y 1097900
X 1153758  Y 1095848
X 1161258  Y 1095648
X 1152458  Y 1087048
X 1167258  Y 1085748
X 1160658  Y 1076848
X 1189000  Y 1020900
X 1200400  Y 1020900
X 1194958  Y 1049948
X 1199958  Y 1052048
X 1191758  Y 1085648
X 1183500  Y 1095600
X 1201258  Y 1095948
X 1193858  Y 1096648
X 1184958  Y 1112948
X 1202458  Y 1164648
X 1187112  Y 1180995
X 1250000  Y 1237600
X 1250200  Y 1199000
X 1207000  Y 1195000
X 1245800  Y 1179200
X 1205358  Y 1175048
X 1224309  Y 1175015
X 1238458  Y 1168948
X 1223258  Y 1164548
X 1232458  Y 1112948
X 1242458  Y 1112948
X 1245458  Y 1102948
X 1218758  Y 1096348
X 1211258  Y 1096248
X 1204758  Y 1085648
X 1236558  Y 1078948
X 1255500  Y 1097000
X 1260500  Y 1167000
X 1260500  Y 1175000
X 1257800  Y 1204200
Drill: .036  Tool: 4  Feed: 197  Speed: 550
X 1020000  Y 1057448
X 1030000  Y 1057448
X 1020000  Y 1087448
X 1030000  Y 1087448
X 1242459  Y 1089948
X 1252459  Y 1089948
X 1252459  Y 1059948
X 1242459  Y 1059948
Drill: .044  Tool: 5  Feed: 139  Speed: 550
X 1052970  Y 1028508
X 1074781  Y 1028508
X 1063875  Y 1028508
X 1058422  Y 1039908
X 1047517  Y 1039908
X 1069328  Y 1039908
X 1091139  Y 1039908
X 1080234  Y 1039908
X 1177517  Y 1039908
X 1085686  Y 1028508
X 1193875  Y 1028508
X 1182970  Y 1028508
X 1204781  Y 1028508
X 1215686  Y 1028508
X 1221139  Y 1039908
X 1188422  Y 1039908
X 1199328  Y 1039908
X 1210234  Y 1039908
Drill: .128  Tool: 6  Feed: 35  Speed: 794
X 1020115  Y 1034208
X 1118541  Y 1034208
X 1150115  Y 1034208
X 1248541  Y 1034208
Drill: .15748  Tool: 7  Feed: 35  Speed: 900
X 1031021  Y 1202034
X 1031021  Y 1228097
X 1031021  Y 1250263
End of Listing
