Analysis & Synthesis report for APP_TOP
Wed Aug 03 13:15:34 2011
Quartus II Version 9.1 Build 222 10/21/2009 SJ Web Edition


---------------------
; Table of Contents ;
---------------------
  1. Legal Notice
  2. Analysis & Synthesis Summary
  3. Analysis & Synthesis Settings
  4. Parallel Compilation
  5. Analysis & Synthesis Source Files Read
  6. Analysis & Synthesis Resource Usage Summary
  7. Analysis & Synthesis Resource Utilization by Entity
  8. User-Specified and Inferred Latches
  9. Source assignments for lpm_add_sub:Add0|addcore:adder[1]
 10. Source assignments for lpm_add_sub:Add0|addcore:adder[0]
 11. Source assignments for lpm_add_sub:Add1|addcore:adder[1]
 12. Source assignments for lpm_add_sub:Add1|addcore:adder[0]
 13. Parameter Settings for Inferred Entity Instance: lpm_add_sub:Add0
 14. Parameter Settings for Inferred Entity Instance: lpm_add_sub:Add1
 15. Analysis & Synthesis Messages



----------------
; Legal Notice ;
----------------
Copyright (C) 1991-2009 Altera Corporation
Your use of Altera Corporation's design tools, logic functions 
and other software and tools, and its AMPP partner logic 
functions, and any output files from any of the foregoing 
(including device programming or simulation files), and any 
associated documentation or information are expressly subject 
to the terms and conditions of the Altera Program License 
Subscription Agreement, Altera MegaCore Function License 
Agreement, or other applicable license agreement, including, 
without limitation, that your use is for the sole purpose of 
programming logic devices manufactured by Altera and sold by 
Altera or its authorized distributors.  Please refer to the 
applicable agreement for further details.



+-----------------------------------------------------------------------+
; Analysis & Synthesis Summary                                          ;
+-----------------------------+-----------------------------------------+
; Analysis & Synthesis Status ; Successful - Wed Aug 03 13:15:34 2011   ;
; Quartus II Version          ; 9.1 Build 222 10/21/2009 SJ Web Edition ;
; Revision Name               ; APP_TOP                                 ;
; Top-level Entity Name       ; app_top                                 ;
; Family                      ; MAX3000A                                ;
; Total macrocells            ; 63                                      ;
; Total pins                  ; 24                                      ;
+-----------------------------+-----------------------------------------+


+--------------------------------------------------------------------------------------------------------------+
; Analysis & Synthesis Settings                                                                                ;
+----------------------------------------------------------------------------+-----------------+---------------+
; Option                                                                     ; Setting         ; Default Value ;
+----------------------------------------------------------------------------+-----------------+---------------+
; Device                                                                     ; EPM3064ATI44-10 ;               ;
; Top-level entity name                                                      ; APP_TOP         ; APP_TOP       ;
; Family name                                                                ; MAX3000A        ; Stratix II    ;
; Use Generated Physical Constraints File                                    ; Off             ;               ;
; Use smart compilation                                                      ; Off             ; Off           ;
; Enable parallel Assembler and TimeQuest Timing Analyzer during compilation ; On              ; On            ;
; Enable compact report table                                                ; Off             ; Off           ;
; Create Debugging Nodes for IP Cores                                        ; Off             ; Off           ;
; Preserve fewer node names                                                  ; On              ; On            ;
; Disable OpenCore Plus hardware evaluation                                  ; Off             ; Off           ;
; Verilog Version                                                            ; Verilog_2001    ; Verilog_2001  ;
; VHDL Version                                                               ; VHDL_1993       ; VHDL_1993     ;
; State Machine Processing                                                   ; Auto            ; Auto          ;
; Safe State Machine                                                         ; Off             ; Off           ;
; Extract Verilog State Machines                                             ; On              ; On            ;
; Extract VHDL State Machines                                                ; On              ; On            ;
; Ignore Verilog initial constructs                                          ; Off             ; Off           ;
; Iteration limit for constant Verilog loops                                 ; 5000            ; 5000          ;
; Iteration limit for non-constant Verilog loops                             ; 250             ; 250           ;
; Add Pass-Through Logic to Inferred RAMs                                    ; On              ; On            ;
; Parallel Synthesis                                                         ; On              ; On            ;
; NOT Gate Push-Back                                                         ; On              ; On            ;
; Power-Up Don't Care                                                        ; On              ; On            ;
; Remove Duplicate Registers                                                 ; On              ; On            ;
; Ignore CARRY Buffers                                                       ; Off             ; Off           ;
; Ignore CASCADE Buffers                                                     ; Off             ; Off           ;
; Ignore GLOBAL Buffers                                                      ; Off             ; Off           ;
; Ignore ROW GLOBAL Buffers                                                  ; Off             ; Off           ;
; Ignore LCELL Buffers                                                       ; Auto            ; Auto          ;
; Ignore SOFT Buffers                                                        ; Off             ; Off           ;
; Limit AHDL Integers to 32 Bits                                             ; Off             ; Off           ;
; Optimization Technique                                                     ; Speed           ; Speed         ;
; Allow XOR Gate Usage                                                       ; On              ; On            ;
; Auto Logic Cell Insertion                                                  ; On              ; On            ;
; Parallel Expander Chain Length                                             ; 4               ; 4             ;
; Auto Parallel Expanders                                                    ; On              ; On            ;
; Auto Open-Drain Pins                                                       ; On              ; On            ;
; Auto Resource Sharing                                                      ; Off             ; Off           ;
; Maximum Fan-in Per Macrocell                                               ; 100             ; 100           ;
; Use LogicLock Constraints during Resource Balancing                        ; On              ; On            ;
; Ignore translate_off and synthesis_off directives                          ; Off             ; Off           ;
; Show Parameter Settings Tables in Synthesis Report                         ; On              ; On            ;
; HDL message level                                                          ; Level2          ; Level2        ;
; Suppress Register Optimization Related Messages                            ; Off             ; Off           ;
; Number of Removed Registers Reported in Synthesis Report                   ; 100             ; 100           ;
; Number of Inverted Registers Reported in Synthesis Report                  ; 100             ; 100           ;
; Block Design Naming                                                        ; Auto            ; Auto          ;
; Synthesis Effort                                                           ; Auto            ; Auto          ;
; Shift Register Replacement - Allow Asynchronous Clear Signal               ; On              ; On            ;
; Analysis & Synthesis Message Level                                         ; Medium          ; Medium        ;
; Disable Register Merging Across Hierarchies                                ; Auto            ; Auto          ;
+----------------------------------------------------------------------------+-----------------+---------------+


Parallel compilation was disabled, but you have multiple processors available. Enable parallel compilation to reduce compilation time.
+-------------------------------------+
; Parallel Compilation                ;
+----------------------------+--------+
; Processors                 ; Number ;
+----------------------------+--------+
; Number detected on machine ; 2      ;
; Maximum allowed            ; 1      ;
+----------------------------+--------+


+-------------------------------------------------------------------------------------------------------------------------------------+
; Analysis & Synthesis Source Files Read                                                                                              ;
+----------------------------------+-----------------+-----------------+--------------------------------------------------------------+
; File Name with User-Entered Path ; Used in Netlist ; File Type       ; File Name with Absolute Path                                 ;
+----------------------------------+-----------------+-----------------+--------------------------------------------------------------+
; APP_TOP.vhd                      ; yes             ; User VHDL File  ; C:/altera/91/quartus/APP/APP_TOP.vhd                         ;
; lpm_add_sub.tdf                  ; yes             ; Megafunction    ; c:/altera/91/quartus/libraries/megafunctions/lpm_add_sub.tdf ;
; addcore.tdf                      ; yes             ; Megafunction    ; c:/altera/91/quartus/libraries/megafunctions/addcore.tdf     ;
; a_csnbuffer.tdf                  ; yes             ; Megafunction    ; c:/altera/91/quartus/libraries/megafunctions/a_csnbuffer.tdf ;
; look_add.tdf                     ; yes             ; Megafunction    ; c:/altera/91/quartus/libraries/megafunctions/look_add.tdf    ;
; altshift.tdf                     ; yes             ; Megafunction    ; c:/altera/91/quartus/libraries/megafunctions/altshift.tdf    ;
+----------------------------------+-----------------+-----------------+--------------------------------------------------------------+


+---------------------------------------------+
; Analysis & Synthesis Resource Usage Summary ;
+----------------------+----------------------+
; Resource             ; Usage                ;
+----------------------+----------------------+
; Logic cells          ; 63                   ;
; Total registers      ; 38                   ;
; I/O pins             ; 24                   ;
; Shareable expanders  ; 22                   ;
; Parallel expanders   ; 1                    ;
; Maximum fan-out node ; CLK_IN_25MHz         ;
; Maximum fan-out      ; 38                   ;
; Total fan-out        ; 629                  ;
; Average fan-out      ; 5.77                 ;
+----------------------+----------------------+


+--------------------------------------------------------------------------------------------------------------------------------------------+
; Analysis & Synthesis Resource Utilization by Entity                                                                                        ;
+------------------------------------+------------+------+--------------------------------------------------------------------+--------------+
; Compilation Hierarchy Node         ; Macrocells ; Pins ; Full Hierarchy Name                                                ; Library Name ;
+------------------------------------+------------+------+--------------------------------------------------------------------+--------------+
; |app_top                           ; 63         ; 24   ; |app_top                                                           ; work         ;
;    |lpm_add_sub:Add0|              ; 1          ; 0    ; |app_top|lpm_add_sub:Add0                                          ; work         ;
;       |addcore:adder[1]|           ; 1          ; 0    ; |app_top|lpm_add_sub:Add0|addcore:adder[1]                         ; work         ;
;          |a_csnbuffer:result_node| ; 1          ; 0    ; |app_top|lpm_add_sub:Add0|addcore:adder[1]|a_csnbuffer:result_node ; work         ;
;    |lpm_add_sub:Add1|              ; 2          ; 0    ; |app_top|lpm_add_sub:Add1                                          ; work         ;
;       |addcore:adder[1]|           ; 2          ; 0    ; |app_top|lpm_add_sub:Add1|addcore:adder[1]                         ; work         ;
;          |a_csnbuffer:result_node| ; 2          ; 0    ; |app_top|lpm_add_sub:Add1|addcore:adder[1]|a_csnbuffer:result_node ; work         ;
+------------------------------------+------------+------+--------------------------------------------------------------------+--------------+


+----------------------------------------------------------------------------------------------------+
; User-Specified and Inferred Latches                                                                ;
+-----------------------------------------------------+---------------------+------------------------+
; Latch Name                                          ; Latch Enable Signal ; Free of Timing Hazards ;
+-----------------------------------------------------+---------------------+------------------------+
; CPU_HRESET_bar$latch                                ; CPU_HRESET_bar      ; yes                    ;
; CPU_SRESET_bar$latch                                ; CPU_HRESET_bar      ; yes                    ;
; CPU_TRST_bar$latch                                  ; CPU_HRESET_bar      ; yes                    ;
; DDR3_RESET$latch                                    ; CPU_HRESET_bar      ; yes                    ;
; SGMII_PHY_RESET_bar$latch                           ; CPU_HRESET_bar      ; yes                    ;
; ENET_PHY_RESET_bar$latch                            ; CPU_HRESET_bar      ; yes                    ;
; TSEC_PHY_RESET_bar$latch                            ; CPU_HRESET_bar      ; yes                    ;
; MUX_SEL1$latch                                      ; CPU_HRESET_bar      ; yes                    ;
; MUX_SEL2$latch                                      ; CPU_HRESET_bar      ; yes                    ;
; BUF_EN_bar$latch                                    ; CPU_HRESET_bar      ; yes                    ;
; PWR_ON_GVDD$latch                                   ; GND                 ; yes                    ;
; PGOOD_SYS$latch                                     ; CPU_HRESET_bar      ; yes                    ;
; Number of user-specified and inferred latches = 12  ;                     ;                        ;
+-----------------------------------------------------+---------------------+------------------------+
Note: All latches listed above may not be present at the end of synthesis due to various synthesis optimizations.


+----------------------------------------------------------+
; Source assignments for lpm_add_sub:Add0|addcore:adder[1] ;
+---------------------------+-------+------+---------------+
; Assignment                ; Value ; From ; To            ;
+---------------------------+-------+------+---------------+
; SUPPRESS_DA_RULE_INTERNAL ; A103  ; -    ; -             ;
+---------------------------+-------+------+---------------+


+----------------------------------------------------------+
; Source assignments for lpm_add_sub:Add0|addcore:adder[0] ;
+---------------------------+-------+------+---------------+
; Assignment                ; Value ; From ; To            ;
+---------------------------+-------+------+---------------+
; SUPPRESS_DA_RULE_INTERNAL ; A103  ; -    ; -             ;
+---------------------------+-------+------+---------------+


+----------------------------------------------------------+
; Source assignments for lpm_add_sub:Add1|addcore:adder[1] ;
+---------------------------+-------+------+---------------+
; Assignment                ; Value ; From ; To            ;
+---------------------------+-------+------+---------------+
; SUPPRESS_DA_RULE_INTERNAL ; A103  ; -    ; -             ;
+---------------------------+-------+------+---------------+


+----------------------------------------------------------+
; Source assignments for lpm_add_sub:Add1|addcore:adder[0] ;
+---------------------------+-------+------+---------------+
; Assignment                ; Value ; From ; To            ;
+---------------------------+-------+------+---------------+
; SUPPRESS_DA_RULE_INTERNAL ; A103  ; -    ; -             ;
+---------------------------+-------+------+---------------+


+-------------------------------------------------------------------+
; Parameter Settings for Inferred Entity Instance: lpm_add_sub:Add0 ;
+------------------------+-------------+----------------------------+
; Parameter Name         ; Value       ; Type                       ;
+------------------------+-------------+----------------------------+
; LPM_WIDTH              ; 13          ; Untyped                    ;
; LPM_REPRESENTATION     ; UNSIGNED    ; Untyped                    ;
; LPM_DIRECTION          ; ADD         ; Untyped                    ;
; ONE_INPUT_IS_CONSTANT  ; YES         ; Untyped                    ;
; LPM_PIPELINE           ; 0           ; Untyped                    ;
; MAXIMIZE_SPEED         ; 5           ; Untyped                    ;
; REGISTERED_AT_END      ; 0           ; Untyped                    ;
; OPTIMIZE_FOR_SPEED     ; 9           ; Untyped                    ;
; USE_CS_BUFFERS         ; 1           ; Untyped                    ;
; CARRY_CHAIN            ; MANUAL      ; Untyped                    ;
; CARRY_CHAIN_LENGTH     ; 48          ; CARRY_CHAIN_LENGTH         ;
; DEVICE_FAMILY          ; MAX3000A    ; Untyped                    ;
; USE_WYS                ; OFF         ; Untyped                    ;
; STYLE                  ; FAST        ; Untyped                    ;
; CBXI_PARAMETER         ; add_sub_joh ; Untyped                    ;
; AUTO_CARRY_CHAINS      ; ON          ; AUTO_CARRY                 ;
; IGNORE_CARRY_BUFFERS   ; OFF         ; IGNORE_CARRY               ;
; AUTO_CASCADE_CHAINS    ; ON          ; AUTO_CASCADE               ;
; IGNORE_CASCADE_BUFFERS ; OFF         ; IGNORE_CASCADE             ;
+------------------------+-------------+----------------------------+
Note: In order to hide this table in the UI and the text report file, please set the "Show Parameter Settings Tables in Synthesis Report" option in "Analysis and Synthesis Settings -> More Settings" to "Off".


+-------------------------------------------------------------------+
; Parameter Settings for Inferred Entity Instance: lpm_add_sub:Add1 ;
+------------------------+-------------+----------------------------+
; Parameter Name         ; Value       ; Type                       ;
+------------------------+-------------+----------------------------+
; LPM_WIDTH              ; 12          ; Untyped                    ;
; LPM_REPRESENTATION     ; UNSIGNED    ; Untyped                    ;
; LPM_DIRECTION          ; ADD         ; Untyped                    ;
; ONE_INPUT_IS_CONSTANT  ; YES         ; Untyped                    ;
; LPM_PIPELINE           ; 0           ; Untyped                    ;
; MAXIMIZE_SPEED         ; 5           ; Untyped                    ;
; REGISTERED_AT_END      ; 0           ; Untyped                    ;
; OPTIMIZE_FOR_SPEED     ; 9           ; Untyped                    ;
; USE_CS_BUFFERS         ; 1           ; Untyped                    ;
; CARRY_CHAIN            ; MANUAL      ; Untyped                    ;
; CARRY_CHAIN_LENGTH     ; 48          ; CARRY_CHAIN_LENGTH         ;
; DEVICE_FAMILY          ; MAX3000A    ; Untyped                    ;
; USE_WYS                ; OFF         ; Untyped                    ;
; STYLE                  ; FAST        ; Untyped                    ;
; CBXI_PARAMETER         ; add_sub_goh ; Untyped                    ;
; AUTO_CARRY_CHAINS      ; ON          ; AUTO_CARRY                 ;
; IGNORE_CARRY_BUFFERS   ; OFF         ; IGNORE_CARRY               ;
; AUTO_CASCADE_CHAINS    ; ON          ; AUTO_CASCADE               ;
; IGNORE_CASCADE_BUFFERS ; OFF         ; IGNORE_CASCADE             ;
+------------------------+-------------+----------------------------+
Note: In order to hide this table in the UI and the text report file, please set the "Show Parameter Settings Tables in Synthesis Report" option in "Analysis and Synthesis Settings -> More Settings" to "Off".


+-------------------------------+
; Analysis & Synthesis Messages ;
+-------------------------------+
Info: *******************************************************************
Info: Running Quartus II Analysis & Synthesis
    Info: Version 9.1 Build 222 10/21/2009 SJ Web Edition
    Info: Processing started: Wed Aug 03 13:15:28 2011
Info: Command: quartus_map --read_settings_files=on --write_settings_files=off APP_CPLD -c APP_TOP
Info: Found 2 design units, including 1 entities, in source file app_top.vhd
    Info: Found design unit 1: app_top-power_seq
    Info: Found entity 1: app_top
Info: Elaborating entity "APP_TOP" for the top level hierarchy
Warning (10492): VHDL Process Statement warning at APP_TOP.vhd(87): signal "PGOOD_VDD_CPU" is read inside the Process Statement but isn't in the Process Statement's sensitivity list
Warning (10492): VHDL Process Statement warning at APP_TOP.vhd(91): signal "PWR_GOOD_DDR3" is read inside the Process Statement but isn't in the Process Statement's sensitivity list
Warning (10492): VHDL Process Statement warning at APP_TOP.vhd(101): signal "COP_TRST_bar" is read inside the Process Statement but isn't in the Process Statement's sensitivity list
Warning (10492): VHDL Process Statement warning at APP_TOP.vhd(101): signal "HIGHAFTER100US" is read inside the Process Statement but isn't in the Process Statement's sensitivity list
Warning (10492): VHDL Process Statement warning at APP_TOP.vhd(101): signal "TRESET_HIGHAFTER120nS" is read inside the Process Statement but isn't in the Process Statement's sensitivity list
Warning (10492): VHDL Process Statement warning at APP_TOP.vhd(102): signal "COP_SRESET_bar" is read inside the Process Statement but isn't in the Process Statement's sensitivity list
Warning (10492): VHDL Process Statement warning at APP_TOP.vhd(102): signal "HIGHAFTER100US" is read inside the Process Statement but isn't in the Process Statement's sensitivity list
Warning (10492): VHDL Process Statement warning at APP_TOP.vhd(102): signal "SRESET_HIGHAFTER120nS" is read inside the Process Statement but isn't in the Process Statement's sensitivity list
Warning (10492): VHDL Process Statement warning at APP_TOP.vhd(105): signal "COP_HRESET_bar" is read inside the Process Statement but isn't in the Process Statement's sensitivity list
Warning (10492): VHDL Process Statement warning at APP_TOP.vhd(105): signal "HIGHAFTER200US" is read inside the Process Statement but isn't in the Process Statement's sensitivity list
Warning (10492): VHDL Process Statement warning at APP_TOP.vhd(105): signal "HRESET_HIGHAFTER40uS" is read inside the Process Statement but isn't in the Process Statement's sensitivity list
Warning (10492): VHDL Process Statement warning at APP_TOP.vhd(106): signal "COP_HRESET_bar" is read inside the Process Statement but isn't in the Process Statement's sensitivity list
Warning (10492): VHDL Process Statement warning at APP_TOP.vhd(106): signal "HIGHAFTER200US" is read inside the Process Statement but isn't in the Process Statement's sensitivity list
Warning (10492): VHDL Process Statement warning at APP_TOP.vhd(106): signal "HRESET_HIGHAFTER40uS" is read inside the Process Statement but isn't in the Process Statement's sensitivity list
Warning (10492): VHDL Process Statement warning at APP_TOP.vhd(110): signal "COP_HRESET_bar" is read inside the Process Statement but isn't in the Process Statement's sensitivity list
Warning (10492): VHDL Process Statement warning at APP_TOP.vhd(110): signal "HIGHAFTER200US_PLUS_ONECLK" is read inside the Process Statement but isn't in the Process Statement's sensitivity list
Warning (10492): VHDL Process Statement warning at APP_TOP.vhd(110): signal "HRESET_HIGHAFTER40US_PLUS_ONECLK" is read inside the Process Statement but isn't in the Process Statement's sensitivity list
Warning (10492): VHDL Process Statement warning at APP_TOP.vhd(111): signal "COP_HRESET_bar" is read inside the Process Statement but isn't in the Process Statement's sensitivity list
Warning (10492): VHDL Process Statement warning at APP_TOP.vhd(111): signal "HIGHAFTER200US_PLUS_ONECLK" is read inside the Process Statement but isn't in the Process Statement's sensitivity list
Warning (10492): VHDL Process Statement warning at APP_TOP.vhd(111): signal "HRESET_HIGHAFTER40US_PLUS_ONECLK" is read inside the Process Statement but isn't in the Process Statement's sensitivity list
Warning (10492): VHDL Process Statement warning at APP_TOP.vhd(112): signal "COP_HRESET_bar" is read inside the Process Statement but isn't in the Process Statement's sensitivity list
Warning (10492): VHDL Process Statement warning at APP_TOP.vhd(112): signal "HIGHAFTER200US_PLUS_ONECLK" is read inside the Process Statement but isn't in the Process Statement's sensitivity list
Warning (10492): VHDL Process Statement warning at APP_TOP.vhd(112): signal "HRESET_HIGHAFTER40US_PLUS_ONECLK" is read inside the Process Statement but isn't in the Process Statement's sensitivity list
Warning (10492): VHDL Process Statement warning at APP_TOP.vhd(115): signal "COP_HRESET_bar" is read inside the Process Statement but isn't in the Process Statement's sensitivity list
Warning (10492): VHDL Process Statement warning at APP_TOP.vhd(115): signal "HIGHAFTER300US" is read inside the Process Statement but isn't in the Process Statement's sensitivity list
Warning (10492): VHDL Process Statement warning at APP_TOP.vhd(115): signal "HRESET_HIGHAFTER140uS" is read inside the Process Statement but isn't in the Process Statement's sensitivity list
Warning (10492): VHDL Process Statement warning at APP_TOP.vhd(116): signal "COP_HRESET_bar" is read inside the Process Statement but isn't in the Process Statement's sensitivity list
Warning (10492): VHDL Process Statement warning at APP_TOP.vhd(116): signal "HIGHAFTER300US" is read inside the Process Statement but isn't in the Process Statement's sensitivity list
Warning (10492): VHDL Process Statement warning at APP_TOP.vhd(116): signal "HRESET_HIGHAFTER140uS" is read inside the Process Statement but isn't in the Process Statement's sensitivity list
Warning (10492): VHDL Process Statement warning at APP_TOP.vhd(117): signal "COP_HRESET_bar" is read inside the Process Statement but isn't in the Process Statement's sensitivity list
Warning (10492): VHDL Process Statement warning at APP_TOP.vhd(117): signal "HIGHAFTER300US" is read inside the Process Statement but isn't in the Process Statement's sensitivity list
Warning (10492): VHDL Process Statement warning at APP_TOP.vhd(117): signal "HRESET_HIGHAFTER140uS" is read inside the Process Statement but isn't in the Process Statement's sensitivity list
Warning (10631): VHDL Process Statement warning at APP_TOP.vhd(60): inferring latch(es) for signal or variable "CPU_HRESET_bar", which holds its previous value in one or more paths through the process
Warning (10631): VHDL Process Statement warning at APP_TOP.vhd(60): inferring latch(es) for signal or variable "CPU_SRESET_bar", which holds its previous value in one or more paths through the process
Warning (10631): VHDL Process Statement warning at APP_TOP.vhd(60): inferring latch(es) for signal or variable "CPU_TRST_bar", which holds its previous value in one or more paths through the process
Warning (10631): VHDL Process Statement warning at APP_TOP.vhd(60): inferring latch(es) for signal or variable "DDR3_RESET", which holds its previous value in one or more paths through the process
Warning (10631): VHDL Process Statement warning at APP_TOP.vhd(60): inferring latch(es) for signal or variable "SGMII_PHY_RESET_bar", which holds its previous value in one or more paths through the process
Warning (10631): VHDL Process Statement warning at APP_TOP.vhd(60): inferring latch(es) for signal or variable "ENET_PHY_RESET_bar", which holds its previous value in one or more paths through the process
Warning (10631): VHDL Process Statement warning at APP_TOP.vhd(60): inferring latch(es) for signal or variable "TSEC_PHY_RESET_bar", which holds its previous value in one or more paths through the process
Warning (10631): VHDL Process Statement warning at APP_TOP.vhd(60): inferring latch(es) for signal or variable "MUX_EN1_bar", which holds its previous value in one or more paths through the process
Warning (10631): VHDL Process Statement warning at APP_TOP.vhd(60): inferring latch(es) for signal or variable "MUX_EN2_bar", which holds its previous value in one or more paths through the process
Warning (10631): VHDL Process Statement warning at APP_TOP.vhd(60): inferring latch(es) for signal or variable "MUX_SEL1", which holds its previous value in one or more paths through the process
Warning (10631): VHDL Process Statement warning at APP_TOP.vhd(60): inferring latch(es) for signal or variable "MUX_SEL2", which holds its previous value in one or more paths through the process
Warning (10631): VHDL Process Statement warning at APP_TOP.vhd(60): inferring latch(es) for signal or variable "BUF_EN_bar", which holds its previous value in one or more paths through the process
Warning (10631): VHDL Process Statement warning at APP_TOP.vhd(60): inferring latch(es) for signal or variable "PWR_ON_GVDD", which holds its previous value in one or more paths through the process
Warning (10631): VHDL Process Statement warning at APP_TOP.vhd(60): inferring latch(es) for signal or variable "PWR_OFF_VDD_CPU", which holds its previous value in one or more paths through the process
Warning (10631): VHDL Process Statement warning at APP_TOP.vhd(60): inferring latch(es) for signal or variable "SD_1588_CLK_EN", which holds its previous value in one or more paths through the process
Warning (10631): VHDL Process Statement warning at APP_TOP.vhd(60): inferring latch(es) for signal or variable "PGOOD_SYS", which holds its previous value in one or more paths through the process
Info (10041): Inferred latch for "PGOOD_SYS" at APP_TOP.vhd(60)
Info (10041): Inferred latch for "SD_1588_CLK_EN" at APP_TOP.vhd(60)
Info (10041): Inferred latch for "PWR_OFF_VDD_CPU" at APP_TOP.vhd(60)
Info (10041): Inferred latch for "PWR_ON_GVDD" at APP_TOP.vhd(60)
Info (10041): Inferred latch for "BUF_EN_bar" at APP_TOP.vhd(60)
Info (10041): Inferred latch for "MUX_SEL2" at APP_TOP.vhd(60)
Info (10041): Inferred latch for "MUX_SEL1" at APP_TOP.vhd(60)
Info (10041): Inferred latch for "MUX_EN2_bar" at APP_TOP.vhd(60)
Info (10041): Inferred latch for "MUX_EN1_bar" at APP_TOP.vhd(60)
Info (10041): Inferred latch for "TSEC_PHY_RESET_bar" at APP_TOP.vhd(60)
Info (10041): Inferred latch for "ENET_PHY_RESET_bar" at APP_TOP.vhd(60)
Info (10041): Inferred latch for "SGMII_PHY_RESET_bar" at APP_TOP.vhd(60)
Info (10041): Inferred latch for "DDR3_RESET" at APP_TOP.vhd(60)
Info (10041): Inferred latch for "CPU_TRST_bar" at APP_TOP.vhd(60)
Info (10041): Inferred latch for "CPU_SRESET_bar" at APP_TOP.vhd(60)
Info (10041): Inferred latch for "CPU_HRESET_bar" at APP_TOP.vhd(60)
Warning: LATCH primitive "SD_1588_CLK_EN_404" is permanently disabled
Warning: LATCH primitive "PWR_OFF_VDD_CPU$latch" is permanently disabled
Info: Inferred 2 megafunctions from design logic
    Info: Inferred adder/subtractor megafunction ("lpm_add_sub") from the following logic: "Add0"
    Info: Inferred adder/subtractor megafunction ("lpm_add_sub") from the following logic: "Add1"
Info: Elaborated megafunction instantiation "lpm_add_sub:Add0"
Info: Instantiated megafunction "lpm_add_sub:Add0" with the following parameter:
    Info: Parameter "LPM_WIDTH" = "13"
    Info: Parameter "LPM_DIRECTION" = "ADD"
    Info: Parameter "LPM_REPRESENTATION" = "UNSIGNED"
    Info: Parameter "ONE_INPUT_IS_CONSTANT" = "YES"
Info: Elaborated megafunction instantiation "lpm_add_sub:Add0|addcore:adder[1]", which is child of megafunction instantiation "lpm_add_sub:Add0"
Info: Elaborated megafunction instantiation "lpm_add_sub:Add0|addcore:adder[1]|a_csnbuffer:oflow_node", which is child of megafunction instantiation "lpm_add_sub:Add0"
Info: Elaborated megafunction instantiation "lpm_add_sub:Add0|addcore:adder[1]|a_csnbuffer:result_node", which is child of megafunction instantiation "lpm_add_sub:Add0"
Info: Elaborated megafunction instantiation "lpm_add_sub:Add0|addcore:adder[0]", which is child of megafunction instantiation "lpm_add_sub:Add0"
Info: Elaborated megafunction instantiation "lpm_add_sub:Add0|look_add:look_ahead_unit", which is child of megafunction instantiation "lpm_add_sub:Add0"
Info: Elaborated megafunction instantiation "lpm_add_sub:Add0|altshift:result_ext_latency_ffs", which is child of megafunction instantiation "lpm_add_sub:Add0"
Info: Elaborated megafunction instantiation "lpm_add_sub:Add0|altshift:carry_ext_latency_ffs", which is child of megafunction instantiation "lpm_add_sub:Add0"
Info: Elaborated megafunction instantiation "lpm_add_sub:Add1"
Info: Instantiated megafunction "lpm_add_sub:Add1" with the following parameter:
    Info: Parameter "LPM_WIDTH" = "12"
    Info: Parameter "LPM_DIRECTION" = "ADD"
    Info: Parameter "LPM_REPRESENTATION" = "UNSIGNED"
    Info: Parameter "ONE_INPUT_IS_CONSTANT" = "YES"
Info: Elaborated megafunction instantiation "lpm_add_sub:Add1|addcore:adder[1]", which is child of megafunction instantiation "lpm_add_sub:Add1"
Info: Elaborated megafunction instantiation "lpm_add_sub:Add1|altshift:result_ext_latency_ffs", which is child of megafunction instantiation "lpm_add_sub:Add1"
Info: Ignored 25 buffer(s)
    Info: Ignored 25 SOFT buffer(s)
Info: Duplicate LATCH primitives merged into single LATCH primitive
    Info: Duplicate LATCH primitive "ENET_PHY_RESET_bar$latch" merged with LATCH primitive "SGMII_PHY_RESET_bar$latch"
    Info: Duplicate LATCH primitive "TSEC_PHY_RESET_bar$latch" merged with LATCH primitive "SGMII_PHY_RESET_bar$latch"
    Info: Duplicate LATCH primitive "MUX_SEL2$latch" merged with LATCH primitive "MUX_SEL1$latch"
    Info: Duplicate LATCH primitive "BUF_EN_bar$latch" merged with LATCH primitive "MUX_SEL1$latch"
Warning: Output pins are stuck at VCC or GND
    Warning (13410): Pin "MUX_EN1_bar" is stuck at GND
    Warning (13410): Pin "MUX_EN2_bar" is stuck at GND
Info: Promoted pin-driven signal(s) to global signal
    Info: Promoted clock signal driven by pin "CLK_IN_25MHz" to global clock signal
    Info: Promoted clear signal driven by pin "CPLD_RESET_bar" to global clear signal
Info: Promoted pin-driven signal(s) to global signal
    Info: Promoted clear signal driven by pin "CPLD_RESET_bar" to global clear signal
    Info: Promoted clock signal driven by pin "CLK_IN_25MHz" to global clock signal
Warning: Design contains 1 input pin(s) that do not drive logic
    Warning (15610): No output dependent on input pin "CPU_HRESET_REQ_bar"
Info: Implemented 109 device resources after synthesis - the final resource count might be different
    Info: Implemented 8 input pins
    Info: Implemented 16 output pins
    Info: Implemented 63 macrocells
    Info: Implemented 22 shareable expanders
Info: Quartus II Analysis & Synthesis was successful. 0 errors, 55 warnings
    Info: Peak virtual memory: 187 megabytes
    Info: Processing ended: Wed Aug 03 13:15:34 2011
    Info: Elapsed time: 00:00:06
    Info: Total CPU time (on all processors): 00:00:06


