Drill Listing
=============
Drill: 15  Tool: 1  Feed: 0  Speed: 0
X 590  Y 1150
X 780  Y 2772
X 335  Y 3750
X 290  Y 3900
X 290  Y 4000
X 290  Y 4100
X 290  Y 4200
X 290  Y 4300
X 335  Y 4465
X 115  Y 4835
X 440  Y 4835
X 825  Y 5720
X 595  Y 5922
X 782  Y 5925
X 1000  Y 5927
X 1195  Y 5922
X 1325  Y 3835
X 925  Y 3740
X 1325  Y 3655
X 925  Y 3555
X 1025  Y 3075
X 1100  Y 2945
X 1100  Y 2760
X 1315  Y 2650
X 1075  Y 2530
X 1345  Y 2527
X 1310  Y 2200
X 1225  Y 1140
X 1790  Y 1140
X 1630  Y 1330
X 1825  Y 1330
X 1800  Y 2060
X 1500  Y 2200
X 1675  Y 2265
X 1775  Y 2265
X 1675  Y 2450
X 1775  Y 2450
X 1510  Y 2650
X 1675  Y 2805
X 1715  Y 2830
X 1775  Y 2840
X 1830  Y 2960
X 1795  Y 3025
X 1860  Y 3302
X 1845  Y 3490
X 1825  Y 3660
X 1825  Y 3845
X 1725  Y 4050
X 1655  Y 5453
X 1390  Y 5917
X 1800  Y 5922
X 1590  Y 5927
X 1977  Y 5935
X 1962  Y 5705
X 2100  Y 5370
X 1970  Y 5325
X 2040  Y 4150
X 1920  Y 4085
X 1881  Y 3845
X 2050  Y 3695
X 2110  Y 3685
X 1975  Y 3670
X 1965  Y 3575
X 2095  Y 3565
X 1880  Y 3525
X 2095  Y 3500
X 2110  Y 3455
X 1875  Y 3370
X 2050  Y 3195
X 1975  Y 3120
X 2020  Y 3055
X 2039  Y 3020
X 1870  Y 2890
X 2075  Y 2455
X 1975  Y 2455
X 1875  Y 2450
X 2075  Y 2260
X 2055  Y 2050
X 1880  Y 1340
X 1920  Y 1320
X 1985  Y 1320
X 2015  Y 1290
X 2305  Y 1105
X 2305  Y 1155
X 2195  Y 1155
X 2480  Y 1310
X 2520  Y 1320
X 2360  Y 1335
X 2410  Y 1340
X 2360  Y 2065
X 2595  Y 2065
X 2350  Y 2260
X 2250  Y 2260
X 2175  Y 2260
X 2250  Y 2455
X 2520  Y 2460
X 2435  Y 2465
X 2390  Y 2465
X 2575  Y 2480
X 2595  Y 2615
X 2440  Y 2615
X 2435  Y 2675
X 2505  Y 2724
X 2405  Y 2770
X 2525  Y 2770
X 2535  Y 2810
X 2500  Y 2835
X 2385  Y 2870
X 2355  Y 2900
X 2465  Y 3090
X 2165  Y 3098
X 2420  Y 3220
X 2150  Y 3230
X 2405  Y 3280
X 2405  Y 3333
X 2115  Y 3355
X 2413  Y 3375
X 2457  Y 3385
X 2460  Y 3432
X 2435  Y 3467
X 2400  Y 3495
X 2410  Y 3535
X 2410  Y 3580
X 2415  Y 3678
X 2170  Y 3685
X 2435  Y 3720
X 2412  Y 3755
X 2455  Y 3880
X 2420  Y 3915
X 2165  Y 3954
X 2420  Y 3959
X 2580  Y 4095
X 2487  Y 4115
X 2146  Y 4125
X 2230  Y 4140
X 2395  Y 4335
X 2200  Y 5410
X 2375  Y 5420
X 2500  Y 5440
X 2250  Y 5565
X 2215  Y 5725
X 3040  Y 5760
X 2825  Y 5560
X 2900  Y 5510
X 2845  Y 5325
X 2765  Y 4835
X 2915  Y 4795
X 2870  Y 4776
X 2805  Y 4765
X 3000  Y 4720
X 3035  Y 4680
X 2975  Y 4620
X 3005  Y 4585
X 3025  Y 4515
X 2801  Y 4120
X 2990  Y 4106
X 3033  Y 4100
X 2825  Y 4083
X 2735  Y 4080
X 2885  Y 4080
X 3080  Y 4040
X 2630  Y 4040
X 2970  Y 3960
X 2880  Y 3960
X 2630  Y 3960
X 2950  Y 3350
X 2950  Y 3165
X 2875  Y 3125
X 3025  Y 3120
X 2718  Y 3100
X 2875  Y 3085
X 3033  Y 3080
X 3092  Y 3080
X 2757  Y 3080
X 2816  Y 3080
X 2860  Y 2840
X 2830  Y 2810
X 2715  Y 2786
X 2640  Y 2786
X 2970  Y 2770
X 2635  Y 2689
X 2710  Y 2689
X 2970  Y 2680
X 2860  Y 2675
X 2880  Y 2640
X 3075  Y 2615
X 2985  Y 2610
X 3025  Y 2590
X 2620  Y 2480
X 2915  Y 2455
X 2650  Y 2455
X 3025  Y 2455
X 2805  Y 2435
X 2925  Y 2285
X 2650  Y 2265
X 2750  Y 2265
X 3025  Y 2255
X 2975  Y 2010
X 2880  Y 1895
X 2985  Y 1090
X 3150  Y 1145
X 3170  Y 1315
X 3225  Y 1320
X 3265  Y 1330
X 3175  Y 2060
X 3125  Y 2255
X 3280  Y 2450
X 3125  Y 2475
X 3225  Y 2475
X 3350  Y 2480
X 3175  Y 2575
X 3185  Y 2615
X 3140  Y 2690
X 3295  Y 2724
X 3210  Y 2724
X 3115  Y 2770
X 3205  Y 2786
X 3325  Y 2825
X 3300  Y 2855
X 3140  Y 3086
X 3115  Y 3825
X 3270  Y 3960
X 3270  Y 4070
X 3325  Y 4082
X 3328  Y 4740
X 3250  Y 4790
X 3150  Y 4870
X 3315  Y 5300
X 3230  Y 5385
X 3275  Y 5410
X 3350  Y 5550
X 3150  Y 5760
X 3570  Y 5535
X 3500  Y 5475
X 3425  Y 5425
X 3500  Y 5370
X 3570  Y 5350
X 3400  Y 4362
X 3426  Y 4095
X 3377  Y 4090
X 3390  Y 4010
X 3430  Y 3909
X 3440  Y 3550
X 3440  Y 3491
X 3445  Y 3452
X 3426  Y 3370
X 3440  Y 3328
X 3440  Y 3274
X 3437  Y 3185
X 3365  Y 3087
X 3395  Y 2847
X 3430  Y 2770
X 3380  Y 2770
X 3420  Y 2680
X 3465  Y 2670
X 3495  Y 2630
X 3380  Y 2595
X 3380  Y 2510
X 3550  Y 2460
X 3425  Y 2455
X 3550  Y 2260
X 3450  Y 2260
X 3425  Y 2055
X 3385  Y 1325
X 3400  Y 1285
X 3660  Y 1120
X 3800  Y 1275
X 3785  Y 1310
X 3675  Y 1320
X 3855  Y 1330
X 3720  Y 2065
X 3625  Y 2260
X 3725  Y 2260
X 3825  Y 2450
X 3725  Y 2460
X 3655  Y 2615
X 3860  Y 3060
X 3755  Y 3060
X 3795  Y 3065
X 3658  Y 3065
X 3800  Y 3140
X 3739  Y 3145
X 3739  Y 3225
X 3801  Y 3230
X 3755  Y 3365
X 3835  Y 3365
X 3855  Y 3430
X 3755  Y 3475
X 3840  Y 3500
X 3755  Y 3535
X 3840  Y 3550
X 3675  Y 3560
X 3840  Y 3600
X 3755  Y 3600
X 3740  Y 3645
X 3845  Y 3665
X 3695  Y 3700
X 3800  Y 3795
X 3715  Y 3915
X 3785  Y 4130
X 3730  Y 5345
X 3645  Y 5345
X 4350  Y 6085
X 4280  Y 5865
X 3935  Y 5675
X 4100  Y 5175
X 3955  Y 5175
X 4330  Y 3995
X 4175  Y 3995
X 3865  Y 3800
X 3965  Y 3625
X 3885  Y 3530
X 4010  Y 3475
X 3905  Y 3420
X 4010  Y 3375
X 4010  Y 3275
X 4245  Y 3125
X 3985  Y 3015
X 4020  Y 2995
X 3900  Y 2945
X 3945  Y 2935
X 4000  Y 2885
X 4250  Y 2665
X 4250  Y 2480
X 3890  Y 2455
X 4000  Y 2455
X 4135  Y 2450
X 4000  Y 2260
X 4100  Y 2260
X 3925  Y 2060
X 4260  Y 1560
X 3900  Y 1330
X 4150  Y 1145
X 4210  Y 1130
X 4825  Y 1140
X 4660  Y 1560
X 4625  Y 1900
X 4755  Y 2075
X 4755  Y 2175
X 4645  Y 2205
X 4670  Y 2287
X 4750  Y 2325
X 4400  Y 2380
X 4400  Y 2465
X 4510  Y 2467
X 4505  Y 2550
X 4505  Y 3430
X 4420  Y 3665
X 4780  Y 3680
X 4375  Y 3840
X 4680  Y 3900
X 4825  Y 4215
X 4465  Y 4910
X 4500  Y 5880
X 4400  Y 5880
X 4500  Y 5985
X 4400  Y 6025
X 4475  Y 6290
X 4925  Y 6260
X 5350  Y 6220
X 5310  Y 6010
X 5215  Y 5910
X 5150  Y 4475
X 5150  Y 4195
X 4980  Y 3625
X 4955  Y 3472
X 4980  Y 3305
X 5100  Y 3305
X 4870  Y 2720
X 5060  Y 2395
X 4935  Y 2325
X 5100  Y 1615
X 4925  Y 1585
X 5540  Y 2425
X 5445  Y 5750
X 5425  Y 6300

Drill: 34  Tool: 2  Feed: 200  Speed: 500
X 2800  Y 5875
X 2850  Y 5950
X 2800  Y 6025
X 2850  Y 6100
X 3050  Y 6100
X 2950  Y 6100
X 3350  Y 6100
X 3250  Y 6100
X 3150  Y 6100
X 3100  Y 6025
X 3000  Y 6025
X 2900  Y 6025
X 3300  Y 6025
X 3200  Y 6025
X 3350  Y 5950
X 3050  Y 5950
X 2950  Y 5950
X 3250  Y 5950
X 3150  Y 5950
X 2900  Y 5875
X 3300  Y 5875
X 3000  Y 5875
X 3200  Y 5875
X 3100  Y 5875
X 3400  Y 5875
X 3500  Y 5875
X 3600  Y 5875
X 3700  Y 5875
X 3450  Y 5950
X 3550  Y 5950
X 3750  Y 5950
X 3650  Y 5950
X 3700  Y 6025
X 3500  Y 6025
X 3400  Y 6025
X 3600  Y 6025
X 3450  Y 6100
X 3550  Y 6100
X 3650  Y 6100
X 3750  Y 6100

Drill: 35  Tool: 3  Feed: 200  Speed: 500
X 775  Y 550
X 825  Y 650
X 725  Y 650
X 325  Y 2350
X 625  Y 2350
X 325  Y 2950
X 625  Y 2950
X 500  Y 5987
X 600  Y 5987
X 700  Y 5987
X 800  Y 5987
X 700  Y 6062
X 800  Y 6062
X 600  Y 6062
X 500  Y 6062
X 700  Y 6137
X 800  Y 6137
X 600  Y 6137
X 500  Y 6137
X 700  Y 6212
X 600  Y 6212
X 800  Y 6212
X 500  Y 6212
X 1100  Y 6212
X 900  Y 6212
X 1000  Y 6212
X 1300  Y 6212
X 1200  Y 6212
X 1100  Y 6137
X 900  Y 6137
X 1000  Y 6137
X 1300  Y 6137
X 1200  Y 6137
X 900  Y 6062
X 1000  Y 6062
X 1300  Y 6062
X 1100  Y 6062
X 1200  Y 6062
X 1100  Y 5987
X 900  Y 5987
X 1000  Y 5987
X 1300  Y 5987
X 1200  Y 5987
X 1175  Y 2200
X 1075  Y 1075
X 1075  Y 825
X 1025  Y 650
X 1275  Y 650
X 925  Y 650
X 1325  Y 550
X 1075  Y 550
X 875  Y 550
X 975  Y 550
X 1425  Y 550
X 1525  Y 550
X 1625  Y 550
X 1375  Y 650
X 1575  Y 650
X 1475  Y 650
X 1825  Y 650
X 1650  Y 825
X 1650  Y 1075
X 1600  Y 5987
X 1400  Y 5987
X 1500  Y 5987
X 1700  Y 5987
X 1800  Y 5987
X 1600  Y 6062
X 1700  Y 6062
X 1800  Y 6062
X 1400  Y 6062
X 1500  Y 6062
X 1700  Y 6137
X 1800  Y 6137
X 1500  Y 6137
X 1600  Y 6137
X 1400  Y 6137
X 1800  Y 6212
X 1700  Y 6212
X 1400  Y 6212
X 1600  Y 6212
X 1500  Y 6212
X 2100  Y 6212
X 1900  Y 6212
X 2000  Y 6212
X 2200  Y 6212
X 2100  Y 6137
X 1900  Y 6137
X 2000  Y 6137
X 2200  Y 6137
X 1900  Y 6062
X 2000  Y 6062
X 2100  Y 6062
X 2200  Y 6062
X 2200  Y 5987
X 2100  Y 5987
X 1900  Y 5987
X 2000  Y 5987
X 2200  Y 1075
X 2200  Y 825
X 2125  Y 650
X 2025  Y 650
X 1925  Y 650
X 1875  Y 550
X 2075  Y 550
X 1975  Y 550
X 2175  Y 550
X 2425  Y 550
X 2525  Y 550
X 2725  Y 550
X 2625  Y 550
X 2375  Y 650
X 2575  Y 650
X 2475  Y 650
X 2675  Y 650
X 2775  Y 825
X 2775  Y 1075
X 2525  Y 3200
X 2775  Y 3200
X 2650  Y 3200
X 2525  Y 3300
X 2775  Y 3300
X 2650  Y 3300
X 2525  Y 3550
X 2525  Y 3650
X 2525  Y 3750
X 2525  Y 3850
X 3250  Y 3850
X 3250  Y 3750
X 3250  Y 3650
X 3250  Y 3550
X 3250  Y 3300
X 3125  Y 3300
X 3250  Y 3200
X 3125  Y 3200
X 3125  Y 650
X 3225  Y 650
X 3325  Y 650
X 3275  Y 550
X 3175  Y 550
X 3375  Y 550
X 3475  Y 550
X 3825  Y 550
X 3725  Y 550
X 3425  Y 650
X 3775  Y 650
X 3675  Y 650
X 3475  Y 825
X 3475  Y 1075
X 3375  Y 3200
X 3375  Y 3300
X 3375  Y 3550
X 3375  Y 3650
X 3375  Y 3750
X 3375  Y 3850
X 4550  Y 5525
X 4050  Y 3800
X 3950  Y 3800
X 3950  Y 3700
X 4405  Y 2045
X 4405  Y 1770
X 4025  Y 1075
X 4575  Y 1075
X 4575  Y 825
X 4025  Y 825
X 4225  Y 650
X 4525  Y 650
X 4425  Y 650
X 4325  Y 650
X 3975  Y 650
X 3875  Y 650
X 3925  Y 550
X 4375  Y 550
X 4025  Y 550
X 4575  Y 550
X 4275  Y 550
X 4475  Y 550
X 4825  Y 550
X 4925  Y 550
X 5025  Y 550
X 5075  Y 650
X 4775  Y 650
X 4975  Y 650
X 4875  Y 650
X 4950  Y 3750
X 4950  Y 3850
X 4950  Y 3950
X 4950  Y 4050
X 4950  Y 4475
X 4625  Y 4525
X 4950  Y 4575
X 4950  Y 4675
X 4950  Y 4775
X 4950  Y 4875
X 4950  Y 4975
X 4950  Y 5075
X 4990  Y 5410
X 4990  Y 5510
X 4800  Y 5825
X 5000  Y 5825
X 4900  Y 5825
X 5100  Y 5825
X 5200  Y 5825
X 5300  Y 5825
X 5400  Y 5825
X 5250  Y 5075
X 5250  Y 4975
X 5250  Y 4875
X 5250  Y 4775
X 5250  Y 4675
X 5250  Y 4575
X 5250  Y 4475
X 5250  Y 4050
X 5250  Y 3950
X 5250  Y 3850
X 5250  Y 3750
X 5150  Y 1075
X 5525  Y 1075
X 5525  Y 825
X 5150  Y 825
X 5125  Y 550
X 5750  Y 5675
X 5750  Y 5775

Drill: 37  Tool: 4  Feed: 200  Speed: 500
X 3775  Y 4800
X 3675  Y 4800
X 5429  Y 5123
X 5543  Y 5069
X 5429  Y 5015
X 5543  Y 4961
X 5429  Y 4907
X 5543  Y 4853
X 3875  Y 4800
X 5429  Y 4799
X 5543  Y 4745
X 5429  Y 4691
X 5543  Y 4637
X 5429  Y 4583
X 5543  Y 4529
X 5429  Y 4475
X 5543  Y 4421
X 5429  Y 4367
X 5543  Y 4313
X 5429  Y 4259
X 5543  Y 4205
X 5429  Y 4151
X 5543  Y 4097
X 5429  Y 4043
X 5543  Y 3989
X 5429  Y 3935
X 5543  Y 3881
X 5429  Y 3827

Drill: 40  Tool: 5  Feed: 200  Speed: 500
X 550  Y 3700
X 550  Y 3800
X 550  Y 3900
X 550  Y 4000
X 550  Y 4100
X 550  Y 4200
X 550  Y 4300
X 550  Y 4400
X 450  Y 5150
X 275  Y 5150
X 175  Y 5150
X 550  Y 5150
X 450  Y 5250
X 550  Y 5250
X 175  Y 5250
X 275  Y 5250
X 550  Y 5525
X 275  Y 5525
X 175  Y 5525
X 450  Y 5525
X 175  Y 5625
X 275  Y 5625
X 550  Y 5625
X 450  Y 5625
X 725  Y 5625
X 825  Y 5625
X 1000  Y 5625
X 1100  Y 5625
X 725  Y 5525
X 825  Y 5525
X 1000  Y 5525
X 1100  Y 5525
X 725  Y 5250
X 1000  Y 5250
X 1100  Y 5250
X 825  Y 5250
X 1000  Y 5150
X 725  Y 5150
X 825  Y 5150
X 1100  Y 5150
X 650  Y 4400
X 650  Y 4300
X 650  Y 4200
X 650  Y 4100
X 650  Y 4000
X 650  Y 3900
X 650  Y 3800
X 650  Y 3700
X 1275  Y 5150
X 1550  Y 5150
X 1375  Y 5150
X 1650  Y 5150
X 1825  Y 5150
X 1375  Y 5250
X 1275  Y 5250
X 1825  Y 5250
X 1650  Y 5250
X 1550  Y 5250
X 1550  Y 5525
X 1275  Y 5525
X 1825  Y 5525
X 1375  Y 5525
X 1650  Y 5525
X 1825  Y 5625
X 1550  Y 5625
X 1375  Y 5625
X 1650  Y 5625
X 1275  Y 5625
X 2100  Y 5625
X 1925  Y 5625
X 2200  Y 5625
X 2475  Y 5625
X 2375  Y 5625
X 1925  Y 5525
X 2200  Y 5525
X 2475  Y 5525
X 2100  Y 5525
X 2375  Y 5525
X 2475  Y 5250
X 2375  Y 5250
X 2200  Y 5250
X 1925  Y 5250
X 2100  Y 5250
X 1925  Y 5150
X 2100  Y 5150
X 2475  Y 5150
X 2200  Y 5150
X 2375  Y 5150
X 3050  Y 5050
X 2950  Y 5050
X 3250  Y 5050
X 3150  Y 5050
X 2950  Y 5150
X 3250  Y 5150
X 3050  Y 5150
X 3150  Y 5150
X 2700  Y 5225
X 2700  Y 5725
X 3375  Y 5150
X 4700  Y 5075
X 3375  Y 5050
X 4700  Y 4675
X 4725  Y 4375
X 4625  Y 4375
X 4650  Y 2850
X 4650  Y 2750
X 4650  Y 2650
X 4825  Y 2450
X 5750  Y 1250
X 5650  Y 1250
X 4925  Y 2450
X 5450  Y 3150
X 5350  Y 3150

Drill: 42  Tool: 6  Feed: 200  Speed: 500
X 5000  Y 1940
X 5067  Y 2007
X 5000  Y 2074
X 5067  Y 2141
X 5000  Y 2208
X 5000  Y 2640
X 5067  Y 2707
X 5000  Y 2774
X 5067  Y 2841
X 5000  Y 2908

Drill: 62  Tool: 7  Feed: 200  Speed: 500
X 565  Y 120
X 1175  Y 710
X 1725  Y 710
X 2275  Y 710
X 3575  Y 710
X 4125  Y 710
X 2885  Y 120
X 2965  Y 120
X 5285  Y 120
X 4675  Y 710

Drill: 64  Tool: 8  Feed: 200  Speed: 500
X 2314  Y 2989
X 2314  Y 4210
X 3535  Y 4210
X 3535  Y 2989

Drill: 75  Tool: 9  Feed: 200  Speed: 500
X 2485  Y 6025
X 4065  Y 6025

Drill: 110  Tool: 10  Feed: 200  Speed: 500
X 5425  Y 1400
X 5550  Y 1550

Drill: 120  Tool: 11  Feed: 200  Speed: 500
X 5300  Y 1550
X 5486  Y 3535
X 5486  Y 5415

Drill: 128  Tool: 12  Feed: 200  Speed: 500
X 675  Y 300
X 2775  Y 300
X 3075  Y 300
X 5175  Y 300

Drill: 156  Tool: 13  Feed: 200  Speed: 500
X 200  Y 200
X 200  Y 6100
X 5650  Y 6100
X 5700  Y 2775
X 5700  Y 2075
X 5650  Y 200

Drill: 172  Tool: 14  Feed: 200  Speed: 500
X 2176  Y 2851
X 2176  Y 4348
X 3673  Y 4348
X 3673  Y 2851

Drill: 207  Tool: 15  Feed: 0  Speed: 0
X 1675  Y 3600
X 4175  Y 3600

End of Listing
