Drill Listing
=============
Drill: .01  Tool: 1  Feed: 95  Speed: 300
X 430000  Y 134000
X 437500  Y 134100
X 450200  Y 118200
X 503500  Y 157500
X 503500  Y 167500
X 504549  Y 132562
X 504567  Y 142548
X 527000  Y 195100
X 505100  Y 261100
X 498500  Y 259900
X 495900  Y 259900
X 467033  Y 254892
X 462600  Y 264100
X 454368  Y 262948
X 415900  Y 236200
X 371500  Y 262000
X 369000  Y 262000
X 256800  Y 279600
X 272100  Y 289400
X 272200  Y 286300
X 315413  Y 287913
X 319200  Y 276300
X 319350  Y 287913
X 323287  Y 287913
X 327224  Y 287913
X 331161  Y 287913
X 335098  Y 287913
X 339035  Y 287913
X 342972  Y 287913
X 346909  Y 287913
X 350846  Y 287913
X 354783  Y 287913
X 358720  Y 287913
X 362657  Y 287913
X 366594  Y 287913
X 374468  Y 287913
X 378405  Y 287913
X 379558  Y 277500
X 379700  Y 282300
X 381800  Y 284200
X 382342  Y 287913
X 386279  Y 287913
X 390216  Y 287913
X 393700  Y 287900
X 398090  Y 287913
X 402027  Y 287913
X 405964  Y 287913
X 409901  Y 287913
X 413838  Y 287913
X 417775  Y 287913
X 421712  Y 287913
X 425649  Y 287913
X 429586  Y 287913
X 494700  Y 280100
X 534200  Y 273700
X 469900  Y 304700
X 447700  Y 297900
X 433100  Y 298000
X 429586  Y 299724
X 429586  Y 295787
X 429586  Y 291850
X 429586  Y 303661
X 429586  Y 311535
X 429586  Y 307598
X 429586  Y 315472
X 425649  Y 303661
X 425649  Y 299724
X 425649  Y 295787
X 425649  Y 291850
X 425649  Y 307598
X 425649  Y 315472
X 425649  Y 311535
X 421712  Y 299724
X 421712  Y 291850
X 421712  Y 303661
X 421712  Y 295787
X 421712  Y 315472
X 421712  Y 307598
X 421712  Y 311535
X 417775  Y 303661
X 417775  Y 299724
X 417775  Y 295787
X 417775  Y 291850
X 417775  Y 315472
X 417775  Y 311535
X 417775  Y 307598
X 413838  Y 295787
X 413838  Y 291850
X 413838  Y 299724
X 413838  Y 303661
X 413838  Y 315472
X 413838  Y 307598
X 413838  Y 311535
X 409901  Y 299724
X 409901  Y 291850
X 409901  Y 303661
X 409901  Y 295787
X 409901  Y 307598
X 409901  Y 315472
X 409901  Y 311535
X 405964  Y 295787
X 405964  Y 299724
X 405964  Y 291850
X 405964  Y 303661
X 405964  Y 307598
X 402027  Y 291850
X 402027  Y 303661
X 402027  Y 295787
X 402027  Y 299724
X 402027  Y 307598
X 398090  Y 291850
X 398090  Y 295787
X 398090  Y 303661
X 398090  Y 299724
X 398090  Y 307598
X 398090  Y 311535
X 394153  Y 291850
X 394153  Y 303661
X 394153  Y 299724
X 394153  Y 307598
X 394153  Y 295787
X 394153  Y 311535
X 390216  Y 303661
X 390216  Y 299724
X 390216  Y 295787
X 390216  Y 291850
X 390216  Y 307598
X 386279  Y 291850
X 386279  Y 295787
X 386279  Y 299724
X 386279  Y 307598
X 386279  Y 303661
X 382342  Y 295787
X 382342  Y 299724
X 382342  Y 307598
X 382342  Y 291850
X 382342  Y 303661
X 378405  Y 295787
X 378405  Y 299724
X 378405  Y 307598
X 378405  Y 291850
X 378405  Y 303661
X 374468  Y 295787
X 374468  Y 299724
X 374468  Y 307598
X 374468  Y 291850
X 374468  Y 303661
X 366594  Y 299724
X 366594  Y 303661
X 366594  Y 295787
X 366594  Y 307598
X 366594  Y 291850
X 362657  Y 295787
X 362657  Y 299724
X 362657  Y 307598
X 362657  Y 303661
X 362657  Y 291850
X 358720  Y 303661
X 358720  Y 307598
X 358720  Y 291850
X 358720  Y 299724
X 358720  Y 295787
X 354783  Y 295787
X 354783  Y 291850
X 354783  Y 307598
X 354783  Y 299724
X 354783  Y 303661
X 350846  Y 307598
X 350846  Y 311535
X 350846  Y 299724
X 350846  Y 295787
X 350846  Y 291850
X 350846  Y 303661
X 346992  Y 295855
X 346909  Y 299724
X 346909  Y 311535
X 346909  Y 307598
X 346909  Y 303661
X 346909  Y 291850
X 342972  Y 307598
X 342972  Y 291850
X 342972  Y 303661
X 342972  Y 299724
X 342972  Y 295787
X 339035  Y 307598
X 339035  Y 291850
X 339035  Y 303661
X 339035  Y 299724
X 339035  Y 295787
X 335098  Y 315472
X 335098  Y 307598
X 335098  Y 299724
X 335098  Y 295787
X 335098  Y 303661
X 335098  Y 291850
X 335098  Y 311535
X 331161  Y 315472
X 331161  Y 299724
X 331161  Y 311535
X 331161  Y 291850
X 331161  Y 303661
X 331161  Y 295787
X 331161  Y 307598
X 327224  Y 315472
X 327224  Y 295787
X 327224  Y 303661
X 327224  Y 311535
X 327224  Y 299724
X 327224  Y 307598
X 327224  Y 291850
X 323287  Y 299724
X 323287  Y 315472
X 323287  Y 311535
X 323287  Y 307598
X 323287  Y 291850
X 323287  Y 303661
X 323287  Y 295787
X 319350  Y 315472
X 319350  Y 295787
X 319350  Y 291850
X 319350  Y 307598
X 319350  Y 311535
X 319350  Y 299724
X 319350  Y 303661
X 315413  Y 295787
X 315413  Y 291850
X 315413  Y 311535
X 315413  Y 299724
X 315413  Y 307598
X 315413  Y 303661
X 315413  Y 315472
X 286600  Y 301000
X 285300  Y 311300
X 285300  Y 308800
X 284100  Y 293200
X 272400  Y 295700
X 235200  Y 319200
X 240100  Y 326500
X 240200  Y 329300
X 253500  Y 322100
X 255500  Y 336300
X 265000  Y 317500
X 268500  Y 320600
X 268600  Y 334400
X 272600  Y 327800
X 315413  Y 327283
X 315413  Y 323346
X 315413  Y 319409
X 315413  Y 331220
X 319350  Y 323346
X 319350  Y 319409
X 319350  Y 327283
X 319350  Y 331220
X 323287  Y 323346
X 323287  Y 319409
X 323287  Y 327283
X 323287  Y 331220
X 323287  Y 335157
X 323287  Y 339094
X 327224  Y 327283
X 327224  Y 323346
X 327224  Y 319409
X 327224  Y 335157
X 327224  Y 339094
X 327224  Y 331220
X 331161  Y 327283
X 331161  Y 319409
X 331161  Y 323346
X 331161  Y 331220
X 331161  Y 335157
X 331161  Y 339094
X 335098  Y 327283
X 335098  Y 319409
X 335098  Y 335157
X 335098  Y 331220
X 335098  Y 323346
X 335098  Y 339094
X 339035  Y 319409
X 339035  Y 323346
X 350846  Y 327283
X 350846  Y 323346
X 350846  Y 339094
X 350846  Y 335157
X 350846  Y 331220
X 354783  Y 323346
X 354783  Y 327283
X 354783  Y 335157
X 354783  Y 331220
X 354783  Y 339094
X 358720  Y 323346
X 358720  Y 327283
X 358720  Y 331220
X 358720  Y 335157
X 358720  Y 339094
X 362657  Y 323346
X 362657  Y 327283
X 362657  Y 331220
X 362657  Y 335157
X 362657  Y 339094
X 366594  Y 323346
X 366594  Y 327283
X 366594  Y 331220
X 366594  Y 335157
X 366594  Y 339094
X 374468  Y 323346
X 374468  Y 327283
X 374468  Y 331220
X 374468  Y 335157
X 374468  Y 339094
X 378405  Y 331220
X 378405  Y 335157
X 378405  Y 339094
X 378405  Y 327283
X 378405  Y 323346
X 382342  Y 327283
X 382342  Y 323346
X 382342  Y 331220
X 382342  Y 335157
X 382342  Y 339094
X 386279  Y 323346
X 386279  Y 331220
X 386279  Y 335157
X 386279  Y 339094
X 386279  Y 327283
X 390216  Y 327283
X 390216  Y 331220
X 390216  Y 323346
X 390216  Y 335157
X 390216  Y 339094
X 394153  Y 323346
X 394153  Y 335157
X 394153  Y 331220
X 394153  Y 339094
X 394153  Y 327283
X 405964  Y 323346
X 405964  Y 319409
X 409901  Y 327283
X 409901  Y 319409
X 409901  Y 323346
X 409901  Y 335157
X 409901  Y 339094
X 409901  Y 331220
X 413838  Y 319409
X 413838  Y 323346
X 413838  Y 327283
X 413838  Y 339094
X 413838  Y 331220
X 413838  Y 335157
X 417775  Y 323346
X 417775  Y 327283
X 417775  Y 331220
X 417775  Y 335157
X 417775  Y 319409
X 417775  Y 339094
X 421712  Y 327283
X 421712  Y 323346
X 421712  Y 319409
X 421712  Y 335157
X 421712  Y 331220
X 421712  Y 339094
X 425649  Y 339094
X 425649  Y 331220
X 425649  Y 335157
X 425649  Y 323346
X 425649  Y 327283
X 425649  Y 319409
X 429586  Y 323346
X 429586  Y 319409
X 429586  Y 335157
X 429586  Y 339094
X 429586  Y 327283
X 429586  Y 331220
X 432300  Y 331400
X 441124  Y 338819
X 447217  Y 339069
X 447241  Y 333854
X 449500  Y 329200
X 451600  Y 330300
X 457300  Y 328800
X 468336  Y 332518
X 471500  Y 331300
X 497100  Y 334200
X 511900  Y 336800
X 564700  Y 333900
X 587900  Y 332100
X 547700  Y 346700
X 495478  Y 355935
X 493400  Y 362300
X 492851  Y 357530
X 488940  Y 358738
X 485640  Y 359316
X 480540  Y 358286
X 478240  Y 358967
X 478100  Y 341800
X 474100  Y 346400
X 473592  Y 360200
X 473165  Y 357900
X 472600  Y 344400
X 468909  Y 356267
X 468632  Y 363734
X 466267  Y 354054
X 448800  Y 344500
X 447000  Y 351000
X 446500  Y 358100
X 429800  Y 346900
X 429586  Y 354842
X 429586  Y 358779
X 429586  Y 362716
X 429586  Y 350905
X 425649  Y 362716
X 425649  Y 358779
X 425649  Y 346968
X 425649  Y 350905
X 425649  Y 354842
X 421712  Y 350905
X 421712  Y 354842
X 421712  Y 362716
X 421712  Y 358779
X 421712  Y 346968
X 417775  Y 362716
X 417775  Y 354842
X 417775  Y 350905
X 417775  Y 358779
X 417775  Y 346968
X 413838  Y 358779
X 413838  Y 354842
X 413838  Y 350905
X 413838  Y 362716
X 413838  Y 346968
X 409901  Y 358779
X 409901  Y 362716
X 409901  Y 354842
X 409901  Y 350905
X 409901  Y 346968
X 394153  Y 362716
X 394153  Y 350905
X 394153  Y 354842
X 394153  Y 358779
X 394153  Y 346968
X 390216  Y 350905
X 390216  Y 354842
X 390216  Y 362716
X 390216  Y 358779
X 390216  Y 346968
X 386279  Y 350905
X 386279  Y 354842
X 386279  Y 362716
X 386279  Y 358779
X 386279  Y 346968
X 382342  Y 350905
X 382342  Y 354842
X 382342  Y 362716
X 382342  Y 358779
X 382342  Y 346968
X 378405  Y 350905
X 378405  Y 354842
X 378405  Y 362716
X 378405  Y 358779
X 378405  Y 346968
X 374468  Y 362716
X 374468  Y 350905
X 374468  Y 354842
X 374468  Y 358779
X 374468  Y 346968
X 366594  Y 350905
X 366594  Y 354842
X 366594  Y 362716
X 366594  Y 358779
X 366594  Y 346968
X 362657  Y 354842
X 362657  Y 362716
X 362657  Y 350905
X 362657  Y 358779
X 362657  Y 346968
X 358720  Y 358779
X 358720  Y 362716
X 358720  Y 346968
X 358720  Y 350905
X 358720  Y 354842
X 354783  Y 362716
X 354783  Y 354842
X 354783  Y 350905
X 354783  Y 358779
X 354783  Y 346968
X 350846  Y 350905
X 350846  Y 346968
X 350846  Y 362716
X 350846  Y 354842
X 350846  Y 358779
X 345500  Y 365000
X 335098  Y 362716
X 335098  Y 346968
X 335098  Y 350905
X 335098  Y 358779
X 335098  Y 354842
X 331161  Y 354842
X 331161  Y 346968
X 331161  Y 362716
X 331161  Y 358779
X 331161  Y 350905
X 327224  Y 358779
X 327224  Y 350905
X 327224  Y 354842
X 327224  Y 362716
X 327224  Y 346968
X 323287  Y 350905
X 323287  Y 354842
X 323287  Y 358779
X 323287  Y 362716
X 323287  Y 346968
X 319350  Y 346968
X 319350  Y 362716
X 319350  Y 358779
X 319350  Y 350905
X 319350  Y 354842
X 315413  Y 350905
X 315413  Y 346968
X 313800  Y 362000
X 313554  Y 343218
X 311900  Y 366600
X 311496  Y 341725
X 310900  Y 357900
X 310900  Y 354500
X 292900  Y 346500
X 289300  Y 363400
X 287000  Y 360500
X 285500  Y 356500
X 271900  Y 360700
X 254500  Y 366500
X 252700  Y 362300
X 248800  Y 347700
X 240700  Y 364600
X 239900  Y 357600
X 239300  Y 348600
X 235700  Y 356300
X 231000  Y 387000
X 232000  Y 367500
X 233000  Y 386500
X 240500  Y 371700
X 252100  Y 368400
X 252600  Y 376500
X 254493  Y 378127
X 254743  Y 384032
X 254869  Y 386829
X 265900  Y 389200
X 267500  Y 391300
X 268700  Y 367800
X 271200  Y 377300
X 271400  Y 381800
X 271700  Y 369000
X 284700  Y 370400
X 287200  Y 372100
X 296200  Y 384400
X 296200  Y 387100
X 312700  Y 371300
X 315413  Y 386338
X 315413  Y 382401
X 315413  Y 378464
X 315413  Y 374527
X 315413  Y 390275
X 319350  Y 366653
X 319350  Y 386338
X 319350  Y 382401
X 319350  Y 378464
X 319350  Y 374527
X 319350  Y 370590
X 319350  Y 390275
X 323287  Y 366653
X 323287  Y 382401
X 323287  Y 378464
X 323287  Y 370590
X 323287  Y 374527
X 323287  Y 386338
X 323287  Y 390275
X 327224  Y 366653
X 327224  Y 386338
X 327224  Y 382401
X 327224  Y 378464
X 327224  Y 374527
X 327224  Y 370590
X 327224  Y 390275
X 331161  Y 386338
X 331161  Y 382401
X 331161  Y 366653
X 331161  Y 374527
X 331161  Y 370590
X 331161  Y 378464
X 331161  Y 390275
X 335098  Y 386338
X 335098  Y 366653
X 335098  Y 382401
X 335098  Y 378464
X 335098  Y 374527
X 335098  Y 370590
X 335098  Y 390275
X 339035  Y 386338
X 339035  Y 370590
X 339035  Y 382401
X 339035  Y 366653
X 339035  Y 390275
X 342972  Y 386338
X 342972  Y 382401
X 342972  Y 390275
X 346909  Y 386338
X 346909  Y 382401
X 346909  Y 378464
X 346909  Y 390275
X 350846  Y 382401
X 350846  Y 386338
X 350846  Y 378464
X 350846  Y 366653
X 350846  Y 390275
X 354783  Y 386338
X 354783  Y 382401
X 354783  Y 366653
X 354783  Y 390275
X 358720  Y 382401
X 358720  Y 386338
X 358720  Y 366653
X 358720  Y 390275
X 362657  Y 386338
X 362657  Y 382401
X 362657  Y 366653
X 362657  Y 390275
X 366594  Y 366653
X 366594  Y 386338
X 366594  Y 390275
X 374468  Y 382401
X 374468  Y 366653
X 374468  Y 386338
X 374468  Y 390275
X 378405  Y 386338
X 378405  Y 366653
X 378405  Y 382401
X 378405  Y 390275
X 382342  Y 382401
X 382342  Y 366653
X 382342  Y 386338
X 382342  Y 390275
X 386279  Y 386338
X 386279  Y 382401
X 386279  Y 366653
X 386279  Y 390275
X 390216  Y 382401
X 390216  Y 386338
X 390216  Y 366653
X 390216  Y 390275
X 394153  Y 366653
X 394153  Y 378464
X 394153  Y 386338
X 394153  Y 390275
X 394153  Y 382401
X 398090  Y 378464
X 398090  Y 382401
X 398090  Y 386338
X 398090  Y 390275
X 402027  Y 386338
X 402027  Y 382401
X 402027  Y 390275
X 405964  Y 370590
X 405964  Y 366653
X 405964  Y 386338
X 405964  Y 382401
X 405964  Y 390275
X 409901  Y 374527
X 409901  Y 386338
X 409901  Y 366653
X 409901  Y 382401
X 409901  Y 378464
X 409901  Y 370590
X 409901  Y 390275
X 413838  Y 366653
X 413838  Y 378464
X 413838  Y 370590
X 413838  Y 374527
X 413838  Y 382401
X 413838  Y 386338
X 413838  Y 390275
X 417775  Y 382401
X 417775  Y 366653
X 417775  Y 374527
X 417775  Y 378464
X 417775  Y 370590
X 417775  Y 386338
X 417775  Y 390275
X 421712  Y 366653
X 421712  Y 382401
X 421712  Y 370590
X 421712  Y 374527
X 421712  Y 378464
X 421712  Y 386338
X 421712  Y 390275
X 425649  Y 382401
X 425649  Y 370590
X 425649  Y 366653
X 425649  Y 378464
X 425649  Y 374527
X 425649  Y 386338
X 425649  Y 390275
X 429586  Y 366653
X 429586  Y 370590
X 429586  Y 374527
X 429586  Y 386338
X 429586  Y 390275
X 429586  Y 382401
X 429586  Y 378464
X 433800  Y 387000
X 434700  Y 376400
X 447251  Y 390254
X 461200  Y 372500
X 461400  Y 378300
X 462800  Y 375800
X 466222  Y 389652
X 466409  Y 372682
X 467476  Y 386175
X 468134  Y 391625
X 470985  Y 386207
X 500800  Y 385900
X 511100  Y 404500
X 486600  Y 395100
X 484500  Y 393600
X 477100  Y 411300
X 474400  Y 410400
X 464200  Y 399486
X 461902  Y 407311
X 461000  Y 400600
X 452800  Y 416100
X 450900  Y 394100
X 448400  Y 404800
X 448100  Y 411100
X 444000  Y 414900
X 429586  Y 394212
X 429586  Y 398149
X 429586  Y 402086
X 428800  Y 412000
X 425649  Y 402086
X 425649  Y 394212
X 425649  Y 398149
X 421712  Y 402086
X 421712  Y 394212
X 421712  Y 398149
X 417775  Y 398149
X 417775  Y 402086
X 417775  Y 394212
X 413838  Y 394212
X 413838  Y 398149
X 413838  Y 402086
X 409901  Y 402086
X 409901  Y 398149
X 409901  Y 394212
X 405964  Y 398149
X 405964  Y 402086
X 405964  Y 394212
X 402027  Y 402086
X 402027  Y 398149
X 402027  Y 394212
X 398090  Y 402086
X 398090  Y 398149
X 398090  Y 394212
X 394153  Y 394212
X 394153  Y 398149
X 394153  Y 402086
X 390216  Y 394212
X 390216  Y 402086
X 390216  Y 398149
X 386279  Y 402086
X 386279  Y 398149
X 386279  Y 394212
X 382929  Y 406247
X 382342  Y 398149
X 382342  Y 394212
X 378405  Y 398149
X 378405  Y 402086
X 378405  Y 394212
X 374468  Y 394212
X 366594  Y 398149
X 366594  Y 394212
X 366500  Y 405000
X 362657  Y 398149
X 362657  Y 394212
X 362400  Y 405600
X 358720  Y 398149
X 358720  Y 394212
X 358720  Y 402086
X 354783  Y 398149
X 354783  Y 394212
X 354783  Y 402086
X 351300  Y 405900
X 350846  Y 394212
X 350846  Y 402086
X 350846  Y 398149
X 346909  Y 394212
X 346909  Y 398149
X 346909  Y 402086
X 346800  Y 405400
X 342972  Y 394212
X 342972  Y 402086
X 342972  Y 398149
X 339035  Y 398149
X 339035  Y 394212
X 339035  Y 402086
X 335098  Y 398149
X 335098  Y 394212
X 335098  Y 402086
X 331161  Y 394212
X 331161  Y 398149
X 331161  Y 402086
X 327224  Y 394212
X 327224  Y 402086
X 327224  Y 398149
X 323287  Y 398149
X 323287  Y 402086
X 323287  Y 394212
X 319350  Y 402086
X 319350  Y 394212
X 319350  Y 398149
X 315413  Y 402086
X 315413  Y 398149
X 315413  Y 394212
X 295700  Y 393300
X 294800  Y 404700
X 273200  Y 394500
X 271446  Y 415990
X 269900  Y 394700
X 268200  Y 402700
X 252500  Y 402000
X 252400  Y 404500
X 252100  Y 397800
X 251900  Y 408600
X 240300  Y 393000
X 240200  Y 405600
X 237400  Y 405500
X 302500  Y 424500
X 307500  Y 422500
X 369100  Y 440900
X 370400  Y 438800
X 374800  Y 439100
X 413600  Y 431600
X 448600  Y 420200
X 457900  Y 433200
X 458200  Y 439700
X 458600  Y 437400
X 466400  Y 420700
X 476883  Y 421549
X 479428  Y 419494
X 480290  Y 434676
X 482000  Y 432800
X 483690  Y 430739
X 521102  Y 438602
X 524251  Y 438602
X 527401  Y 438602
X 530551  Y 438602
X 533700  Y 438602
X 536850  Y 438602
X 543149  Y 438602
X 546299  Y 438602
X 549448  Y 438602
X 552598  Y 438602
X 555748  Y 438602
X 558897  Y 438602
X 558897  Y 460649
X 558897  Y 457500
X 558897  Y 454350
X 555748  Y 444901
X 555748  Y 441751
X 555748  Y 460649
X 555748  Y 463799
X 555748  Y 457500
X 555748  Y 454350
X 555748  Y 448051
X 555748  Y 451200
X 552598  Y 441751
X 552598  Y 444901
X 552598  Y 460649
X 552598  Y 454350
X 552598  Y 463799
X 552598  Y 451200
X 552598  Y 448051
X 549448  Y 444901
X 549448  Y 441751
X 549448  Y 451200
X 549448  Y 448051
X 549448  Y 463799
X 549448  Y 460649
X 549448  Y 454350
X 546299  Y 441751
X 546299  Y 444901
X 546299  Y 463799
X 546299  Y 451200
X 546299  Y 448051
X 543149  Y 441751
X 543149  Y 451200
X 543149  Y 448051
X 543149  Y 444901
X 540000  Y 451200
X 540000  Y 448051
X 536850  Y 448051
X 536850  Y 444901
X 536850  Y 441751
X 533700  Y 448051
X 533700  Y 451200
X 533700  Y 444901
X 533700  Y 441751
X 530551  Y 463799
X 530551  Y 460649
X 530551  Y 454350
X 530551  Y 448051
X 530551  Y 451200
X 530551  Y 441751
X 530551  Y 444901
X 527401  Y 451200
X 527401  Y 444901
X 527401  Y 460649
X 527401  Y 463799
X 527401  Y 448051
X 527401  Y 441751
X 527401  Y 454350
X 524251  Y 463799
X 524251  Y 441751
X 524251  Y 460649
X 524251  Y 454350
X 524251  Y 451200
X 524251  Y 448051
X 524251  Y 444901
X 521102  Y 448051
X 521102  Y 451200
X 521102  Y 444901
X 521102  Y 463799
X 521102  Y 460649
X 521102  Y 441751
X 521102  Y 454350
X 470800  Y 457200
X 450795  Y 456948
X 449000  Y 462300
X 447900  Y 459600
X 445500  Y 461000
X 413800  Y 446400
X 386869  Y 463900
X 336700  Y 463300
X 324900  Y 460500
X 397200  Y 473700
X 401100  Y 473800
X 449300  Y 471400
X 449522  Y 478200
X 452000  Y 471700
X 458500  Y 477000
X 458600  Y 483000
X 459000  Y 480600
X 467256  Y 477032
X 469700  Y 472300
X 469996  Y 476852
X 473307  Y 479994
X 473315  Y 483427
X 480000  Y 474000
X 480100  Y 476600
X 481100  Y 485200
X 481100  Y 490300
X 481200  Y 480300
X 510000  Y 487500
X 521102  Y 466948
X 521102  Y 476397
X 521102  Y 473248
X 521102  Y 470098
X 524251  Y 476397
X 524251  Y 473248
X 524251  Y 470098
X 524251  Y 466948
X 527401  Y 466948
X 527401  Y 476397
X 527401  Y 473248
X 527401  Y 470098
X 530551  Y 476397
X 530551  Y 466948
X 530551  Y 473248
X 530551  Y 470098
X 533700  Y 473248
X 533700  Y 466948
X 533700  Y 476397
X 533700  Y 470098
X 536850  Y 473248
X 536850  Y 470098
X 536850  Y 476397
X 536850  Y 466948
X 543149  Y 476397
X 543149  Y 473248
X 543149  Y 470098
X 543149  Y 466948
X 546299  Y 473248
X 546299  Y 466948
X 546299  Y 476397
X 546299  Y 470098
X 549448  Y 473248
X 549448  Y 476397
X 549448  Y 470098
X 549448  Y 466948
X 552598  Y 466948
X 552598  Y 473248
X 552598  Y 470098
X 552598  Y 476397
X 555748  Y 476397
X 555748  Y 473248
X 555748  Y 466948
X 555748  Y 470098
X 558897  Y 470098
X 558897  Y 473248
X 558897  Y 476397
X 562000  Y 467900
X 475800  Y 533300
X 473700  Y 534800
X 473700  Y 537400
X 473324  Y 530350
X 461518  Y 494675
X 455841  Y 491893
X 452318  Y 527031
X 451500  Y 500600
X 450500  Y 535000
X 450120  Y 527890
X 447300  Y 510100
X 447264  Y 531218
X 447000  Y 540400
X 446100  Y 521800
X 445200  Y 538900
X 430800  Y 541300
X 435300  Y 563100
X 449000  Y 543400
X 449900  Y 566200
X 451500  Y 568200
X 473700  Y 567200
X 473700  Y 570700
X 480968  Y 560024
X 536200  Y 570500
X 494000  Y 640000
X 494000  Y 645000
X 256200  Y 654500
X 250000  Y 651300
X 163900  Y 621500
Drill: .012  Tool: 2  Feed: 95  Speed: 300
X 370700  Y 141300
X 370900  Y 137400
X 379000  Y 134200
X 381000  Y 136900
X 387600  Y 140600
X 388800  Y 132200
X 403700  Y 134000
X 404500  Y 139900
X 409300  Y 140000
X 411300  Y 133900
X 414800  Y 135300
X 417200  Y 140000
X 422400  Y 134100
X 426200  Y 134200
X 427400  Y 120100
X 434400  Y 119800
X 440700  Y 141300
X 441300  Y 121500
X 446700  Y 118800
X 455000  Y 119800
X 456000  Y 137500
X 503500  Y 137500
X 503354  Y 162464
X 456300  Y 162400
X 451300  Y 163800
X 450500  Y 147800
X 439600  Y 165000
X 428800  Y 150800
X 428400  Y 156400
X 427500  Y 163800
X 406700  Y 159100
X 406400  Y 155600
X 392600  Y 144500
X 392500  Y 161800
X 387400  Y 154400
X 383900  Y 144900
X 383600  Y 158400
X 383600  Y 147900
X 376600  Y 161900
X 376300  Y 147800
X 376300  Y 166000
X 376200  Y 144600
X 368200  Y 150500
X 321300  Y 165100
X 317300  Y 164500
X 309400  Y 164400
X 306200  Y 164800
X 302500  Y 164400
X 295000  Y 164400
X 291300  Y 165400
X 266300  Y 156100
X 261900  Y 154100
X 229700  Y 158200
X 209900  Y 160600
X 163700  Y 176700
X 163700  Y 189900
X 172000  Y 170500
X 184400  Y 172800
X 187900  Y 182500
X 195600  Y 188900
X 202400  Y 190400
X 210100  Y 186800
X 272700  Y 172700
X 272900  Y 179900
X 282100  Y 167500
X 282500  Y 187500
X 287000  Y 178700
X 287400  Y 183100
X 287400  Y 174500
X 292500  Y 173700
X 298600  Y 191000
X 303200  Y 175200
X 315800  Y 184800
X 317600  Y 175700
X 320900  Y 182500
X 324100  Y 174900
X 324200  Y 184900
X 331800  Y 175800
X 344400  Y 184700
X 344400  Y 191100
X 355400  Y 180700
X 381100  Y 190100
X 385900  Y 181200
X 390200  Y 167400
X 392500  Y 184800
X 403200  Y 184000
X 407600  Y 185700
X 411700  Y 185000
X 420100  Y 186000
X 426500  Y 186800
X 430800  Y 178400
X 436700  Y 186000
X 438100  Y 177200
X 439900  Y 179900
X 443200  Y 184400
X 450900  Y 168200
X 452500  Y 184100
X 463100  Y 190300
X 466800  Y 180900
X 483500  Y 179200
X 488900  Y 180800
X 492900  Y 183900
X 498700  Y 189100
X 528100  Y 184300
X 539700  Y 214400
X 537000  Y 193300
X 525800  Y 200400
X 524500  Y 207500
X 522100  Y 210200
X 522000  Y 213200
X 513100  Y 207100
X 513000  Y 210500
X 513000  Y 214000
X 509700  Y 207100
X 509700  Y 210500
X 509700  Y 214000
X 506200  Y 214100
X 506100  Y 207100
X 506100  Y 210500
X 500977  Y 202735
X 496600  Y 214000
X 493563  Y 210215
X 493500  Y 214200
X 490600  Y 208100
X 488500  Y 201200
X 482500  Y 199900
X 479400  Y 203100
X 475300  Y 202600
X 467400  Y 207200
X 466731  Y 211982
X 464800  Y 209300
X 463300  Y 214200
X 459900  Y 212600
X 452900  Y 205100
X 443500  Y 213500
X 443500  Y 199900
X 440800  Y 192600
X 433700  Y 192300
X 431700  Y 201600
X 426300  Y 200000
X 420500  Y 200200
X 417900  Y 205400
X 416800  Y 210400
X 403700  Y 195000
X 401300  Y 199500
X 391000  Y 209000
X 386200  Y 207400
X 385000  Y 199600
X 378500  Y 209500
X 378500  Y 198700
X 378400  Y 212700
X 354300  Y 211700
X 351100  Y 211700
X 348300  Y 213200
X 343800  Y 210700
X 331600  Y 209000
X 324500  Y 194000
X 321100  Y 193600
X 308200  Y 209200
X 304500  Y 209300
X 298600  Y 195400
X 286800  Y 211500
X 286400  Y 193700
X 282700  Y 211400
X 273200  Y 211700
X 269100  Y 211800
X 264600  Y 211300
X 256500  Y 206900
X 252800  Y 206600
X 231300  Y 206700
X 216700  Y 207900
X 211200  Y 194500
X 207000  Y 210900
X 203500  Y 206700
X 202900  Y 210100
X 192800  Y 212900
X 188900  Y 216200
X 179700  Y 208700
X 178100  Y 200600
X 178000  Y 205400
X 177900  Y 216100
X 169200  Y 195000
X 155000  Y 239900
X 163800  Y 233600
X 169400  Y 241100
X 170100  Y 219500
X 170700  Y 226900
X 171500  Y 216800
X 173200  Y 240100
X 178700  Y 233400
X 182700  Y 221400
X 194900  Y 231100
X 201800  Y 231000
X 286900  Y 225700
X 293800  Y 225200
X 318000  Y 221400
X 322500  Y 220900
X 330700  Y 221000
X 333500  Y 222300
X 333600  Y 225700
X 335000  Y 239800
X 335200  Y 219400
X 356700  Y 225500
X 361800  Y 239800
X 362800  Y 232300
X 364000  Y 221900
X 370200  Y 219800
X 385400  Y 228300
X 386200  Y 234500
X 389000  Y 226500
X 390000  Y 230900
X 392600  Y 226600
X 395500  Y 230900
X 401100  Y 231400
X 401200  Y 234500
X 416500  Y 228900
X 421700  Y 229600
X 431200  Y 239800
X 431300  Y 233500
X 434500  Y 223300
X 438800  Y 235100
X 438900  Y 222000
X 446300  Y 234500
X 460100  Y 219600
X 461800  Y 217200
X 467300  Y 226700
X 471900  Y 240000
X 483400  Y 233000
X 487100  Y 235500
X 496500  Y 219300
X 498000  Y 236300
X 499200  Y 225200
X 501500  Y 222300
X 504600  Y 221900
X 505800  Y 236600
X 508700  Y 228800
X 512994  Y 226637
X 515200  Y 230700
X 525500  Y 236200
X 540100  Y 222500
X 540580  Y 228579
X 546800  Y 235800
X 571900  Y 233500
X 588986  Y 231393
X 594800  Y 250300
X 594600  Y 257500
X 594600  Y 265100
X 594400  Y 247300
X 586900  Y 253700
X 579500  Y 248200
X 579300  Y 244600
X 578800  Y 255100
X 576400  Y 257000
X 574700  Y 242500
X 574200  Y 259000
X 563200  Y 249800
X 558800  Y 249500
X 558600  Y 256000
X 558500  Y 252800
X 551500  Y 266600
X 548000  Y 248900
X 547600  Y 266300
X 542100  Y 266300
X 541900  Y 258300
X 530100  Y 247900
X 528800  Y 257900
X 525500  Y 266200
X 525500  Y 243800
X 522100  Y 266200
X 516400  Y 244100
X 515800  Y 265200
X 513300  Y 259000
X 492200  Y 259600
X 478800  Y 260500
X 473900  Y 242400
X 472100  Y 245100
X 458700  Y 254100
X 447300  Y 245700
X 446800  Y 264000
X 438300  Y 244400
X 434200  Y 245100
X 431300  Y 244600
X 431000  Y 248200
X 428800  Y 256200
X 428800  Y 251600
X 428300  Y 261100
X 428300  Y 244200
X 427100  Y 263900
X 424300  Y 247100
X 423700  Y 243100
X 421400  Y 261700
X 420100  Y 248500
X 418500  Y 244300
X 415100  Y 246700
X 412400  Y 244700
X 409900  Y 259900
X 400500  Y 245700
X 395100  Y 262900
X 394800  Y 247300
X 394500  Y 265900
X 389900  Y 245700
X 386300  Y 252500
X 385600  Y 245800
X 383300  Y 252400
X 379500  Y 245700
X 365900  Y 248100
X 365700  Y 252500
X 365600  Y 244500
X 364500  Y 256100
X 355516  Y 252538
X 354600  Y 262900
X 303500  Y 246000
X 285900  Y 247700
X 285500  Y 260900
X 272200  Y 260100
X 269200  Y 261400
X 268706  Y 256479
X 262100  Y 258100
X 252800  Y 265300
X 252700  Y 258100
X 240400  Y 260700
X 239100  Y 256000
X 237200  Y 263000
X 160300  Y 254500
X 139500  Y 270400
X 225000  Y 290200
X 233100  Y 270800
X 237000  Y 274900
X 237800  Y 278400
X 240000  Y 272600
X 252600  Y 286700
X 252900  Y 268500
X 254063  Y 282349
X 271500  Y 281000
X 272600  Y 274900
X 284824  Y 279191
X 285500  Y 272900
X 381700  Y 272000
X 383000  Y 267800
X 386600  Y 267800
X 393300  Y 268700
X 411900  Y 267300
X 416200  Y 278100
X 416200  Y 271800
X 422600  Y 269900
X 433500  Y 269500
X 433600  Y 286800
X 437900  Y 271000
X 437966  Y 268119
X 440400  Y 286100
X 441200  Y 271300
X 447500  Y 284900
X 453900  Y 277500
X 465500  Y 281200
X 465700  Y 272500
X 471600  Y 287400
X 478800  Y 276400
X 481900  Y 272200
X 493700  Y 273100
X 493800  Y 267100
X 497500  Y 270000
X 501000  Y 267900
X 501100  Y 272900
X 507100  Y 283500
X 514600  Y 283500
X 521900  Y 281300
X 525300  Y 288800
X 525500  Y 281600
X 527100  Y 273800
X 536500  Y 278400
X 548900  Y 281800
X 551900  Y 281800
X 553500  Y 270300
X 554800  Y 282900
X 558100  Y 283000
X 559800  Y 271100
X 563500  Y 269100
X 574800  Y 272500
X 577500  Y 286500
X 579600  Y 282700
X 592400  Y 312300
X 590000  Y 307500
X 586700  Y 304700
X 584000  Y 310400
X 583800  Y 293700
X 582700  Y 302200
X 580700  Y 313300
X 577400  Y 304500
X 576200  Y 309500
X 571500  Y 297000
X 560100  Y 299900
X 558000  Y 310900
X 551800  Y 310200
X 547500  Y 293100
X 547500  Y 308200
X 543800  Y 300700
X 541500  Y 309600
X 541300  Y 306600
X 536200  Y 299400
X 535700  Y 293900
X 527300  Y 313400
X 525500  Y 303900
X 510500  Y 302400
X 507500  Y 302100
X 492000  Y 307400
X 491300  Y 301400
X 488900  Y 313500
X 482200  Y 305400
X 472200  Y 293000
X 459700  Y 313700
X 458800  Y 307500
X 456400  Y 313200
X 455600  Y 307400
X 434500  Y 315800
X 432300  Y 310100
X 268700  Y 302100
X 252700  Y 293800
X 252700  Y 312700
X 252400  Y 303200
X 239900  Y 315100
X 239800  Y 300800
X 239700  Y 296100
X 239600  Y 307900
X 230600  Y 311300
X 230400  Y 305200
X 230400  Y 295300
X 230300  Y 301000
X 225300  Y 307200
X 204100  Y 294100
X 155500  Y 312300
X 151400  Y 332700
X 151600  Y 336100
X 151800  Y 323900
X 180400  Y 317200
X 235400  Y 324500
X 235500  Y 330400
X 237800  Y 333700
X 238200  Y 338700
X 265100  Y 334300
X 270700  Y 318500
X 271900  Y 323700
X 272600  Y 340500
X 288100  Y 322400
X 401077  Y 318136
X 448300  Y 321600
X 449469  Y 336953
X 451000  Y 320100
X 454900  Y 321200
X 458700  Y 321100
X 466400  Y 319500
X 470000  Y 318100
X 473100  Y 335700
X 473700  Y 329000
X 479400  Y 327500
X 489100  Y 328500
X 492900  Y 327600
X 497000  Y 328000
X 497295  Y 340619
X 502800  Y 326200
X 513000  Y 318700
X 514500  Y 332400
X 519800  Y 340600
X 523400  Y 335400
X 525700  Y 337800
X 531100  Y 332200
X 534800  Y 328400
X 538700  Y 317300
X 538800  Y 323000
X 538800  Y 320200
X 541600  Y 334300
X 546000  Y 323000
X 546000  Y 317300
X 546000  Y 320200
X 548600  Y 334500
X 549800  Y 331600
X 555900  Y 339600
X 561600  Y 325800
X 563700  Y 340100
X 564300  Y 326900
X 568000  Y 331000
X 568600  Y 317900
X 568700  Y 321300
X 571500  Y 333500
X 575300  Y 331900
X 576000  Y 320300
X 581100  Y 325900
X 585200  Y 327900
X 586500  Y 324700
X 588800  Y 349900
X 579300  Y 349700
X 563400  Y 346300
X 560000  Y 346800
X 555800  Y 346400
X 550700  Y 346700
X 545000  Y 346800
X 542400  Y 361100
X 542300  Y 364100
X 537500  Y 346700
X 515400  Y 345700
X 510300  Y 345200
X 506500  Y 345100
X 499884  Y 348742
X 497354  Y 365036
X 493275  Y 348527
X 474100  Y 349100
X 473300  Y 352300
X 466309  Y 356800
X 457300  Y 348800
X 448547  Y 361426
X 286500  Y 363500
X 256100  Y 359600
X 236239  Y 353488
X 232500  Y 357500
X 219000  Y 354000
X 149900  Y 352200
X 149800  Y 362300
X 149600  Y 372100
X 149700  Y 390200
X 150400  Y 381100
X 215000  Y 387700
X 233500  Y 369500
X 236000  Y 371000
X 236000  Y 387000
X 239500  Y 386500
X 264400  Y 375800
X 396500  Y 371300
X 476300  Y 375000
X 476300  Y 369200
X 476400  Y 381400
X 481400  Y 375000
X 481500  Y 381400
X 486600  Y 369200
X 486800  Y 375000
X 486900  Y 381400
X 497200  Y 376100
X 499500  Y 370700
X 526623  Y 373280
X 526995  Y 369757
X 577403  Y 412508
X 574197  Y 415192
X 545000  Y 403000
X 544100  Y 412500
X 541700  Y 406300
X 538400  Y 405800
X 537000  Y 393400
X 534100  Y 394600
X 531100  Y 400600
X 527600  Y 397900
X 527600  Y 414600
X 524700  Y 407700
X 517900  Y 411300
X 514500  Y 411100
X 508000  Y 411200
X 501500  Y 411700
X 495700  Y 411900
X 489500  Y 412100
X 482500  Y 409300
X 482300  Y 395700
X 479700  Y 411000
X 479100  Y 394900
X 475998  Y 395660
X 470024  Y 393789
X 466162  Y 395064
X 466000  Y 410600
X 462252  Y 396207
X 452327  Y 408830
X 406100  Y 408200
X 240200  Y 399900
X 237800  Y 411900
X 232500  Y 409000
X 231600  Y 402400
X 231400  Y 397500
X 226900  Y 408200
X 214700  Y 395900
X 184000  Y 412000
X 184000  Y 408000
X 178500  Y 407000
X 154300  Y 405600
X 154100  Y 413800
X 153500  Y 397300
X 152100  Y 410000
X 149800  Y 414000
X 149500  Y 405800
X 134100  Y 436200
X 145000  Y 437000
X 148800  Y 427000
X 151000  Y 437700
X 155000  Y 422300
X 179000  Y 417000
X 184000  Y 417500
X 225000  Y 422000
X 229893  Y 423444
X 232407  Y 421678
X 235600  Y 434700
X 236740  Y 426867
X 236800  Y 440300
X 237800  Y 419500
X 252900  Y 425300
X 253405  Y 420284
X 253600  Y 428400
X 260300  Y 435100
X 271600  Y 419700
X 272000  Y 434700
X 272800  Y 429800
X 285300  Y 422700
X 285500  Y 426000
X 303200  Y 418400
X 339500  Y 438800
X 341200  Y 441400
X 342400  Y 436500
X 343100  Y 428500
X 344800  Y 422300
X 345200  Y 438500
X 347500  Y 428600
X 348400  Y 422800
X 370400  Y 432500
X 392395  Y 423005
X 393365  Y 438905
X 400279  Y 438940
X 403500  Y 441200
X 403900  Y 437700
X 406900  Y 430400
X 409800  Y 425500
X 413700  Y 420600
X 413800  Y 426700
X 425000  Y 419700
X 428800  Y 440400
X 439200  Y 425700
X 458600  Y 424300
X 459400  Y 427300
X 468600  Y 434400
X 468664  Y 417649
X 472100  Y 434500
X 473121  Y 418240
X 486900  Y 419800
X 487300  Y 435700
X 490300  Y 419200
X 490500  Y 435300
X 493400  Y 420000
X 497300  Y 426700
X 509042  Y 437500
X 516120  Y 439429
X 516900  Y 419700
X 519700  Y 430900
X 524500  Y 420000
X 545000  Y 423500
X 545300  Y 431000
X 568500  Y 437800
X 575800  Y 437400
X 585800  Y 441000
X 588600  Y 445000
X 576500  Y 457500
X 568800  Y 457500
X 508712  Y 442532
X 508700  Y 450000
X 492700  Y 443400
X 492400  Y 450600
X 489400  Y 452700
X 483400  Y 450100
X 481900  Y 447500
X 480400  Y 452600
X 474200  Y 461700
X 473800  Y 464600
X 473700  Y 444400
X 472800  Y 455100
X 468400  Y 453400
X 465900  Y 461700
X 465700  Y 465000
X 462500  Y 461700
X 462500  Y 465100
X 458700  Y 444600
X 444100  Y 452600
X 443400  Y 442000
X 442400  Y 446300
X 440500  Y 449900
X 431960  Y 461210
X 430200  Y 457200
X 429097  Y 463326
X 428900  Y 443900
X 427783  Y 460726
X 427000  Y 457100
X 418200  Y 456800
X 416400  Y 466500
X 410000  Y 463700
X 405300  Y 466500
X 402568  Y 461480
X 402100  Y 458600
X 397700  Y 466200
X 394800  Y 461900
X 390900  Y 444700
X 379500  Y 450500
X 375200  Y 461300
X 375100  Y 465900
X 371700  Y 463000
X 355100  Y 453700
X 354600  Y 461100
X 353500  Y 444100
X 352157  Y 448878
X 313100  Y 453900
X 302800  Y 464600
X 289693  Y 454385
X 285800  Y 454400
X 272000  Y 461500
X 267600  Y 454100
X 253400  Y 461400
X 238800  Y 454400
X 238800  Y 447400
X 238800  Y 466400
X 144510  Y 456770
X 143960  Y 452080
X 139000  Y 484000
X 142800  Y 486800
X 147460  Y 483766
X 155679  Y 472027
X 158400  Y 469800
X 238800  Y 473300
X 238800  Y 480300
X 238800  Y 487500
X 271300  Y 475600
X 271900  Y 487500
X 285700  Y 482700
X 286300  Y 469100
X 299700  Y 485600
X 300600  Y 488900
X 311200  Y 486000
X 316200  Y 468800
X 320700  Y 490700
X 324300  Y 489000
X 326800  Y 486200
X 338100  Y 468700
X 356300  Y 473600
X 370600  Y 475500
X 372200  Y 480000
X 380644  Y 481948
X 381400  Y 488400
X 385700  Y 483200
X 387200  Y 472000
X 390900  Y 487200
X 392900  Y 480400
X 394000  Y 474300
X 397900  Y 488900
X 406200  Y 473200
X 408100  Y 481000
X 409200  Y 487300
X 409200  Y 484200
X 412200  Y 470400
X 412700  Y 487600
X 430633  Y 490224
X 431100  Y 480500
X 431695  Y 467381
X 442327  Y 491632
X 443600  Y 484900
X 472697  Y 477125
X 473800  Y 467800
X 473900  Y 491400
X 491359  Y 488301
X 493000  Y 467500
X 499152  Y 484889
X 499152  Y 488099
X 500800  Y 480100
X 508677  Y 474990
X 508751  Y 467548
X 509000  Y 480100
X 512460  Y 471207
X 515872  Y 474912
X 516900  Y 490300
X 522500  Y 486000
X 530800  Y 479900
X 535500  Y 479000
X 543500  Y 480000
X 547400  Y 479300
X 559800  Y 479300
X 561600  Y 471000
X 568500  Y 485900
X 573200  Y 475100
X 584570  Y 484549
X 591200  Y 473000
X 587520  Y 495332
X 581267  Y 514689
X 580500  Y 507200
X 575500  Y 507600
X 553000  Y 509400
X 551600  Y 493700
X 548200  Y 513100
X 548100  Y 504700
X 547600  Y 508800
X 540100  Y 503900
X 533500  Y 493400
X 533400  Y 503200
X 528600  Y 503600
X 524800  Y 508800
X 523400  Y 496600
X 519800  Y 493700
X 518000  Y 510400
X 517600  Y 497300
X 517300  Y 502600
X 513600  Y 512100
X 507700  Y 508700
X 500784  Y 492396
X 494088  Y 496059
X 490878  Y 496059
X 486101  Y 514532
X 481202  Y 503672
X 481200  Y 500200
X 481200  Y 493200
X 478332  Y 514303
X 470300  Y 491800
X 466200  Y 502900
X 465026  Y 510839
X 464257  Y 494214
X 462600  Y 499600
X 460600  Y 492000
X 459600  Y 500700
X 451200  Y 507700
X 447800  Y 507400
X 445476  Y 491829
X 445300  Y 513000
X 444800  Y 507600
X 443720  Y 501554
X 429200  Y 498300
X 429200  Y 494100
X 420500  Y 510700
X 420000  Y 503200
X 415400  Y 506600
X 409700  Y 500200
X 403900  Y 513100
X 403700  Y 501700
X 397600  Y 500400
X 396300  Y 504500
X 396300  Y 507500
X 389100  Y 501200
X 385200  Y 500800
X 380600  Y 505400
X 371500  Y 503200
X 355551  Y 500730
X 355500  Y 515500
X 355400  Y 508800
X 345200  Y 514800
X 344700  Y 505800
X 334300  Y 494200
X 333900  Y 501300
X 333700  Y 505700
X 330500  Y 511000
X 326200  Y 496900
X 325400  Y 506200
X 323100  Y 492800
X 322100  Y 498000
X 321300  Y 506000
X 320500  Y 511500
X 311200  Y 500000
X 311200  Y 504900
X 309900  Y 497500
X 300300  Y 501300
X 298700  Y 492100
X 295500  Y 495200
X 294800  Y 505500
X 290400  Y 503700
X 284500  Y 512000
X 278200  Y 513700
X 272000  Y 500100
X 271700  Y 493000
X 269700  Y 496300
X 256800  Y 508200
X 254041  Y 495655
X 238800  Y 494600
X 229600  Y 510400
X 225900  Y 508100
X 192127  Y 494786
X 188487  Y 494597
X 167800  Y 501000
X 159600  Y 501500
X 159500  Y 506100
X 155000  Y 501500
X 154900  Y 506000
X 151600  Y 516200
X 150800  Y 501400
X 150600  Y 506400
X 116200  Y 495900
X 129800  Y 531500
X 148200  Y 527600
X 152200  Y 521400
X 155800  Y 519500
X 158000  Y 528500
X 160700  Y 525000
X 163400  Y 527900
X 190500  Y 529100
X 279100  Y 522100
X 288300  Y 532800
X 294700  Y 533600
X 309900  Y 523500
X 310300  Y 540800
X 320700  Y 527900
X 321200  Y 531200
X 321700  Y 520700
X 322400  Y 534400
X 327500  Y 526500
X 332700  Y 526000
X 333400  Y 532800
X 333400  Y 536300
X 333600  Y 540700
X 344100  Y 523500
X 344200  Y 538800
X 344200  Y 528600
X 344400  Y 533400
X 354200  Y 540000
X 355700  Y 528500
X 356300  Y 533400
X 358600  Y 521000
X 367600  Y 526500
X 369000  Y 536500
X 370000  Y 520800
X 375000  Y 531200
X 380900  Y 532700
X 384588  Y 523656
X 385100  Y 528700
X 392300  Y 533000
X 392600  Y 537500
X 397000  Y 533000
X 397300  Y 537500
X 401000  Y 524400
X 403300  Y 517000
X 405500  Y 527800
X 420400  Y 518800
X 420400  Y 533700
X 420500  Y 541200
X 431700  Y 536400
X 432200  Y 524900
X 432400  Y 532500
X 432500  Y 517500
X 438500  Y 539300
X 459600  Y 534000
X 462600  Y 534100
X 462600  Y 537400
X 462700  Y 540800
X 465600  Y 534000
X 474100  Y 540000
X 474102  Y 525959
X 476599  Y 518774
X 481300  Y 537000
X 481739  Y 526241
X 489300  Y 522500
X 489300  Y 529900
X 489300  Y 537100
X 490400  Y 533900
X 490500  Y 541000
X 495800  Y 527300
X 496100  Y 517700
X 496100  Y 522300
X 502900  Y 522600
X 503200  Y 518000
X 508400  Y 522600
X 508400  Y 527500
X 508500  Y 518100
X 560200  Y 547600
X 557295  Y 553264
X 552900  Y 553700
X 535655  Y 563775
X 534150  Y 551464
X 533245  Y 557865
X 515100  Y 543700
X 512971  Y 548670
X 512200  Y 557900
X 510000  Y 546700
X 509000  Y 559900
X 508800  Y 563200
X 508700  Y 566300
X 500991  Y 565787
X 500544  Y 558554
X 498900  Y 547100
X 491400  Y 547700
X 490311  Y 565850
X 489239  Y 557583
X 487300  Y 549800
X 473600  Y 551500
X 471100  Y 546600
X 466200  Y 554000
X 458800  Y 554100
X 454300  Y 548400
X 449700  Y 546500
X 443800  Y 560600
X 442100  Y 549500
X 435500  Y 557800
X 430000  Y 553900
X 424300  Y 563200
X 421300  Y 556200
X 420000  Y 563700
X 417700  Y 556300
X 414300  Y 565000
X 411400  Y 564000
X 403841  Y 565386
X 397500  Y 541900
X 396298  Y 565215
X 392500  Y 542100
X 385600  Y 547200
X 383500  Y 543300
X 380600  Y 564300
X 376600  Y 549300
X 373000  Y 551900
X 370400  Y 564800
X 370000  Y 542500
X 365700  Y 547000
X 362400  Y 559500
X 358100  Y 547800
X 350000  Y 549000
X 344100  Y 544000
X 340400  Y 557500
X 298700  Y 544000
X 252500  Y 562400
X 239900  Y 556400
X 231600  Y 583200
X 245000  Y 581600
X 253300  Y 569900
X 253300  Y 580000
X 282800  Y 581200
X 316500  Y 587700
X 352500  Y 583800
X 360600  Y 576400
X 365100  Y 579800
X 374700  Y 587400
X 376500  Y 580600
X 396700  Y 577600
X 401000  Y 576900
X 406500  Y 576600
X 419800  Y 580900
X 426600  Y 573500
X 429000  Y 583300
X 430200  Y 570400
X 432300  Y 588500
X 432900  Y 575500
X 436500  Y 578500
X 437000  Y 582300
X 440700  Y 579900
X 445600  Y 581600
X 451500  Y 572700
X 453700  Y 585700
X 455000  Y 580100
X 459700  Y 571100
X 459900  Y 591100
X 462500  Y 571200
X 465500  Y 580000
X 469800  Y 584200
X 470000  Y 580000
X 474700  Y 583600
X 477505  Y 580372
X 480300  Y 583100
X 484913  Y 580451
X 489800  Y 575564
X 492600  Y 579200
X 497664  Y 568009
X 497844  Y 575424
X 500400  Y 570400
X 500600  Y 577700
X 504800  Y 584800
X 508200  Y 588000
X 508900  Y 572400
X 509300  Y 575500
X 521700  Y 585100
X 523600  Y 582600
X 526500  Y 581800
X 529400  Y 583300
X 530700  Y 580600
X 533500  Y 579500
X 542900  Y 584200
X 552400  Y 567400
X 557546  Y 578455
X 565606  Y 575998
X 495000  Y 615500
X 493000  Y 607500
X 492300  Y 612500
X 487500  Y 603500
X 487500  Y 625500
X 478600  Y 595000
X 469100  Y 595800
X 452500  Y 640400
X 443000  Y 638900
X 440000  Y 640500
X 434700  Y 640200
X 395800  Y 630000
X 382600  Y 634500
X 372600  Y 634000
X 370600  Y 638600
X 367900  Y 608100
X 319594  Y 622514
X 305700  Y 630300
X 305300  Y 624900
X 261300  Y 594000
X 255000  Y 598100
X 249900  Y 598200
X 245000  Y 598200
X 241500  Y 632500
X 240000  Y 641000
X 240000  Y 598100
X 235500  Y 640500
X 211800  Y 617500
X 211700  Y 602500
X 211700  Y 607600
X 211700  Y 612500
X 169200  Y 640800
X 166100  Y 636100
X 163400  Y 638200
X 163200  Y 635000
X 162300  Y 618700
X 159100  Y 635200
X 158800  Y 640700
X 156500  Y 638000
X 145931  Y 623510
X 144400  Y 615000
X 144100  Y 632500
X 141300  Y 616300
X 134500  Y 636300
X 128700  Y 618400
X 128500  Y 630100
X 127600  Y 608400
X 127100  Y 621200
X 125500  Y 616300
X 110500  Y 660700
X 120100  Y 650100
X 122100  Y 647600
X 129000  Y 665500
X 145000  Y 645000
X 154500  Y 657700
X 160000  Y 661500
X 160000  Y 658500
X 160000  Y 655500
X 176000  Y 655000
X 178500  Y 652000
X 178600  Y 648100
X 179000  Y 659000
X 180000  Y 655000
X 212700  Y 650900
X 212800  Y 643500
X 221500  Y 657500
X 221500  Y 654000
X 221500  Y 661000
X 227500  Y 657500
X 227500  Y 654000
X 227500  Y 661000
X 233500  Y 654000
X 233500  Y 661000
X 233500  Y 657500
X 248600  Y 654500
X 253200  Y 650800
X 260000  Y 651000
X 264000  Y 651000
X 264000  Y 654500
X 279500  Y 659400
X 287800  Y 662900
X 298898  Y 650911
X 301500  Y 662900
X 310000  Y 647900
X 310400  Y 665800
X 312900  Y 657900
X 313800  Y 642900
X 327600  Y 643000
X 349900  Y 660400
X 350100  Y 664600
X 352509  Y 662452
X 352511  Y 658513
X 352571  Y 666616
X 354700  Y 660600
X 355100  Y 664700
X 360900  Y 646700
X 366100  Y 651500
X 369500  Y 665000
X 383700  Y 646300
X 384500  Y 665000
X 385000  Y 657500
X 389900  Y 657800
X 421100  Y 652900
X 421200  Y 645900
X 423958  Y 647066
X 429300  Y 656100
X 429500  Y 652400
X 429600  Y 648800
X 435000  Y 652500
X 435000  Y 655900
X 435200  Y 648800
X 440500  Y 652400
X 440600  Y 649100
X 440600  Y 655800
X 444400  Y 662300
X 445700  Y 646500
X 468600  Y 662200
X 487500  Y 658536
X 493200  Y 650000
X 499000  Y 647000
X 460500  Y 678500
X 452000  Y 679500
X 446500  Y 669500
X 442500  Y 679000
X 435000  Y 679000
X 427500  Y 679000
X 416000  Y 675500
X 412800  Y 670500
X 386000  Y 672500
X 355900  Y 676000
X 355600  Y 671000
X 353000  Y 677400
X 352800  Y 672500
X 350000  Y 676000
X 349800  Y 671000
X 324600  Y 676300
X 324500  Y 668700
X 300000  Y 679200
X 288300  Y 671300
X 288300  Y 668600
X 285600  Y 668600
X 281400  Y 667100
X 269100  Y 677100
X 252500  Y 679900
X 220500  Y 677200
X 152500  Y 669400
Drill: .0197  Tool: 3  Feed: 95  Speed: 300
X 547637  Y 173346
X 547637  Y 189094
X 548031  Y 181220
X 553149  Y 173346
X 553149  Y 189094
X 553543  Y 181220
X 558661  Y 173346
X 558661  Y 189094
X 559055  Y 181220
X 564173  Y 173346
X 564173  Y 189094
X 564566  Y 181220
X 569685  Y 173346
X 569685  Y 189094
X 570078  Y 181220
X 575196  Y 173346
X 575196  Y 189094
X 575590  Y 181220
X 580708  Y 173346
X 580708  Y 189094
X 581102  Y 181220
X 586220  Y 173346
X 586220  Y 189094
X 586614  Y 181220
X 591732  Y 173346
X 591732  Y 189094
X 592125  Y 181220
X 592125  Y 196968
X 592125  Y 212716
X 591732  Y 204842
X 586614  Y 196968
X 586614  Y 212716
X 586220  Y 204842
X 581102  Y 196968
X 581102  Y 212716
X 580708  Y 204842
X 575590  Y 196968
X 575590  Y 212716
X 575196  Y 204842
X 570078  Y 196968
X 570078  Y 212716
X 569685  Y 204842
X 564566  Y 196968
X 564566  Y 212716
X 564173  Y 204842
X 559055  Y 196968
X 559055  Y 212716
X 558661  Y 204842
X 553543  Y 196968
X 553543  Y 212716
X 553149  Y 204842
X 548031  Y 196968
X 548031  Y 212716
X 547637  Y 204842
X 547637  Y 220590
X 548031  Y 228464
X 553149  Y 220590
X 553543  Y 228464
X 558661  Y 220590
X 559055  Y 228464
X 564173  Y 220590
X 564566  Y 228464
X 569685  Y 220590
X 570078  Y 228464
X 575196  Y 220590
X 575590  Y 228464
X 580708  Y 220590
X 581102  Y 228464
X 586220  Y 220590
X 586614  Y 228464
X 591732  Y 220590
X 592125  Y 228464
X 592125  Y 365354
X 591732  Y 357480
X 586614  Y 365354
X 586220  Y 357480
X 581102  Y 365354
X 580708  Y 357480
X 575590  Y 365354
X 575196  Y 357480
X 570078  Y 365354
X 569685  Y 357480
X 564566  Y 365354
X 564173  Y 357480
X 559055  Y 365354
X 558661  Y 357480
X 553543  Y 365354
X 553149  Y 357480
X 548031  Y 365354
X 547637  Y 357480
X 547637  Y 373228
X 547637  Y 388976
X 548031  Y 381102
X 553149  Y 373228
X 553149  Y 388976
X 553543  Y 381102
X 558661  Y 373228
X 558661  Y 388976
X 559055  Y 381102
X 564173  Y 373228
X 564173  Y 388976
X 564566  Y 381102
X 569685  Y 388976
X 569685  Y 373228
X 570078  Y 381102
X 575196  Y 388976
X 575196  Y 373228
X 575590  Y 381102
X 580708  Y 388976
X 580708  Y 373228
X 581102  Y 381102
X 586220  Y 388976
X 586220  Y 373228
X 586614  Y 381102
X 591732  Y 373228
X 591732  Y 388976
X 592125  Y 381102
X 592125  Y 396850
X 586614  Y 396850
X 581102  Y 396850
X 575590  Y 396850
X 570078  Y 396850
X 564566  Y 396850
X 559055  Y 396850
X 553543  Y 396850
X 548031  Y 396850
Drill: .02  Tool: 4  Feed: 197  Speed: 550
X 156200  Y 166200
X 199800  Y 119600
X 210300  Y 119500
X 217500  Y 164500
X 220400  Y 119500
X 236300  Y 164800
X 239900  Y 119600
X 286600  Y 165200
X 327800  Y 164600
X 334400  Y 165200
X 340100  Y 165600
X 355200  Y 165800
X 362500  Y 139400
X 362500  Y 155300
X 375000  Y 118300
X 380000  Y 147900
X 382700  Y 118300
X 388500  Y 158000
X 392700  Y 118200
X 393000  Y 150400
X 399900  Y 145300
X 399900  Y 118300
X 407500  Y 118200
X 408600  Y 162500
X 410200  Y 152500
X 412000  Y 159900
X 415100  Y 118100
X 422500  Y 118200
X 424800  Y 160000
X 424900  Y 152500
X 450600  Y 124500
X 454800  Y 144600
X 532600  Y 177600
X 527200  Y 189500
X 523381  Y 172852
X 515000  Y 176900
X 507400  Y 176900
X 502800  Y 190600
X 501400  Y 178400
X 462500  Y 172700
X 451500  Y 173700
X 447800  Y 185500
X 416200  Y 185100
X 395100  Y 174900
X 367400  Y 190400
X 361900  Y 167500
X 334900  Y 170000
X 310500  Y 186900
X 308700  Y 175500
X 299100  Y 186200
X 234100  Y 190000
X 216700  Y 170500
X 207500  Y 181300
X 202500  Y 167200
X 197500  Y 167100
X 192500  Y 167000
X 182500  Y 179000
X 150200  Y 184900
X 182600  Y 197100
X 234100  Y 195000
X 274500  Y 234700
X 282600  Y 192200
X 305200  Y 224100
X 312100  Y 208800
X 317700  Y 208800
X 326300  Y 220500
X 327900  Y 230100
X 330600  Y 194300
X 351500  Y 224600
X 360500  Y 228900
X 360600  Y 223500
X 367300  Y 196800
X 416600  Y 199900
X 452500  Y 200000
X 459800  Y 200500
X 460100  Y 194600
X 472300  Y 234900
X 472500  Y 194100
X 474800  Y 228700
X 477300  Y 194200
X 482400  Y 193400
X 482500  Y 228400
X 487500  Y 193400
X 489900  Y 240800
X 490300  Y 228400
X 493000  Y 204700
X 502000  Y 239800
X 502300  Y 195900
X 514600  Y 240000
X 522500  Y 227300
X 539700  Y 199900
X 539900  Y 206900
X 541600  Y 237500
X 590200  Y 281800
X 580000  Y 276700
X 574700  Y 252500
X 570000  Y 287000
X 569400  Y 242200
X 560800  Y 264900
X 555100  Y 250400
X 535800  Y 287500
X 515200  Y 287900
X 515100  Y 252200
X 512600  Y 244300
X 485700  Y 260800
X 485000  Y 244900
X 477700  Y 244900
X 358900  Y 268000
X 358800  Y 279300
X 358700  Y 273700
X 349010  Y 242420
X 270100  Y 249400
X 227300  Y 285900
X 212900  Y 272300
X 212800  Y 255400
X 189700  Y 263700
X 177900  Y 250600
X 176700  Y 265200
X 157200  Y 258300
X 214900  Y 335200
X 214900  Y 341400
X 482400  Y 295400
X 483500  Y 313700
X 487500  Y 295300
X 492100  Y 317400
X 495100  Y 295400
X 502600  Y 295100
X 507100  Y 327400
X 513000  Y 327200
X 513400  Y 291700
X 514400  Y 299900
X 517200  Y 308200
X 520800  Y 317500
X 524300  Y 327500
X 542400  Y 320200
X 554500  Y 317100
X 560200  Y 321100
X 570100  Y 303000
X 572400  Y 320300
X 587900  Y 312000
X 590100  Y 327600
X 584300  Y 349700
X 574900  Y 347600
X 567500  Y 347400
X 526300  Y 360000
X 525100  Y 343000
X 218000  Y 358500
X 216000  Y 371000
X 215731  Y 377617
X 215623  Y 382226
X 213200  Y 348800
X 178700  Y 412100
X 216800  Y 403700
X 441900  Y 437400
X 442400  Y 430000
X 455000  Y 425000
X 505000  Y 419000
X 511400  Y 419000
X 528700  Y 418900
X 537700  Y 419000
X 550900  Y 419600
X 556100  Y 418900
X 556800  Y 409700
X 570237  Y 412990
X 587500  Y 414900
X 585900  Y 490500
X 572500  Y 447200
X 492200  Y 472100
X 490200  Y 457800
X 489600  Y 464500
X 482400  Y 443700
X 420100  Y 482900
X 420100  Y 478700
X 332500  Y 481700
X 332000  Y 449600
X 290400  Y 487200
X 136100  Y 479800
X 132244  Y 473814
X 125000  Y 505000
X 125400  Y 535300
X 140500  Y 496500
X 168300  Y 515900
X 185400  Y 510000
X 185400  Y 517500
X 198300  Y 524500
X 240800  Y 525000
X 241300  Y 509900
X 241400  Y 517500
X 253800  Y 531000
X 257200  Y 519500
X 261200  Y 524900
X 262700  Y 519600
X 279000  Y 527300
X 290500  Y 511800
X 292700  Y 515400
X 325500  Y 510600
X 386800  Y 516700
X 396400  Y 515700
X 498000  Y 497700
X 524800  Y 525000
X 526600  Y 516300
X 534900  Y 527000
X 541700  Y 527000
X 553000  Y 524600
X 555500  Y 494200
X 556400  Y 531100
X 559400  Y 508400
X 565000  Y 494200
X 565500  Y 529000
X 570500  Y 529000
X 570500  Y 508400
X 572600  Y 495100
X 575500  Y 529000
X 580500  Y 529000
X 564600  Y 542400
X 555800  Y 547500
X 548500  Y 553200
X 538000  Y 552000
X 527100  Y 562900
X 522700  Y 562900
X 518500  Y 562800
X 392000  Y 550600
X 355200  Y 557400
X 332400  Y 555000
X 322100  Y 559800
X 281600  Y 560700
X 276600  Y 560700
X 270600  Y 560700
X 265200  Y 560700
X 214800  Y 560000
X 179800  Y 551700
X 179800  Y 547000
X 179700  Y 542600
X 174400  Y 542600
X 174300  Y 551700
X 174200  Y 547000
X 168200  Y 551600
X 168100  Y 547100
X 168100  Y 542600
X 119200  Y 553600
X 120300  Y 602000
X 124000  Y 581800
X 205000  Y 568400
X 205100  Y 592700
X 216300  Y 580800
X 224900  Y 578000
X 237500  Y 582200
X 276700  Y 569900
X 276900  Y 580000
X 322100  Y 588200
X 322200  Y 592900
X 322400  Y 577800
X 347500  Y 576200
X 347500  Y 597200
X 352500  Y 576200
X 372500  Y 605100
X 372500  Y 610000
X 382500  Y 604900
X 382500  Y 609600
X 396300  Y 589200
X 462500  Y 567300
X 472900  Y 597300
X 518300  Y 571600
X 518500  Y 567400
X 522700  Y 571700
X 522700  Y 567500
X 527100  Y 567500
X 527300  Y 571700
X 501500  Y 622500
X 405000  Y 638700
X 389900  Y 647400
X 389900  Y 652300
X 336000  Y 660000
X 293800  Y 650200
X 291300  Y 641000
X 283500  Y 650000
X 269500  Y 658500
X 261000  Y 665800
X 247800  Y 663900
X 244000  Y 660900
X 238900  Y 657500
X 224200  Y 625300
X 218000  Y 629500
X 217300  Y 662500
X 217000  Y 657700
X 213100  Y 662300
X 204300  Y 649900
X 204200  Y 655600
X 198900  Y 649400
X 187800  Y 651300
X 120000  Y 664500
X 137500  Y 670000
X 167600  Y 671300
X 175000  Y 671000
X 187600  Y 674600
X 197500  Y 674600
X 213000  Y 676200
X 235000  Y 678200
X 236600  Y 674300
X 241400  Y 675700
X 248100  Y 668900
X 278500  Y 679500
X 396000  Y 672500
X 468900  Y 680300
Drill: .02953  Tool: 5  Feed: 197  Speed: 550
X 540944  Y 597913
X 548818  Y 597913
X 556692  Y 597913
X 572440  Y 597913
X 580314  Y 597913
X 588188  Y 597913
X 588188  Y 621535
X 580314  Y 621535
X 572440  Y 621535
X 556692  Y 621535
X 548818  Y 621535
X 540944  Y 621535
Drill: .0315  Tool: 6  Feed: 197  Speed: 550
X 580000  Y 561200
X 580000  Y 554901
X 590236  Y 558051
X 590236  Y 564350
X 580000  Y 567500
Drill: .03543  Tool: 7  Feed: 197  Speed: 550
X 136220  Y 237125
X 136220  Y 227125
X 138976  Y 217677
X 138976  Y 207677
X 146220  Y 237125
X 146220  Y 227125
X 148976  Y 217677
X 148976  Y 207677
X 135118  Y 330157
X 135118  Y 320157
X 132913  Y 339566
X 125118  Y 320157
X 125118  Y 330157
X 122913  Y 339566
X 118503  Y 378464
X 118503  Y 388464
X 120708  Y 359015
X 120708  Y 369015
X 122913  Y 349566
X 128503  Y 388464
X 128503  Y 378464
X 130708  Y 359015
X 130708  Y 369015
X 132913  Y 349566
X 121417  Y 485314
X 121417  Y 475314
X 111417  Y 485314
X 111417  Y 475314
X 581968  Y 575570 X 588267  Y 575570
X 581968  Y 546830 X 588267  Y 546830
Drill: .036  Tool: 8  Feed: 197  Speed: 550
X 280000  Y 132500
X 280000  Y 142500
X 290000  Y 132500
X 290000  Y 142500
X 300000  Y 132500
X 300000  Y 142500
X 310000  Y 132500
X 310000  Y 142500
X 320000  Y 132500
X 320000  Y 142500
X 330000  Y 132500
X 330000  Y 142500
X 340000  Y 132500
X 340000  Y 142500
X 350000  Y 132500
X 350000  Y 142500
Drill: .03937  Tool: 9  Feed: 197  Speed: 550
X 205000  Y 137500
X 205000  Y 147500
X 215000  Y 147500
X 215000  Y 137500
X 225000  Y 147500
X 225000  Y 137500
X 235000  Y 147500
X 235000  Y 137500
X 245000  Y 137500
X 245000  Y 147500
X 380000  Y 175000
X 370000  Y 175000
X 360000  Y 175000
Drill: .04  Tool: 10  Feed: 139  Speed: 550
X 153346  Y 139291
X 153346  Y 121574
Drill: .044  Tool: 11  Feed: 139  Speed: 550
X 107086  Y 510551
X 107086  Y 539055
X 107086  Y 529055
X 107086  Y 520551
X 107086  Y 557559
X 107086  Y 547559
X 107086  Y 566062
X 107086  Y 576062
X 107086  Y 584566
X 107086  Y 594566
X 107086  Y 613070
X 107086  Y 603070
Drill: .05118  Tool: 12  Feed: 107  Speed: 550
X 163188  Y 116653
X 163188  Y 144212
Drill: .06299  Tool: 13  Feed: 89  Speed: 550
X 262500  Y 249094
X 262500  Y 512086
Drill: .063  Tool: 14  Feed: 89  Speed: 550
X 150000  Y 547500
X 180000  Y 162500
X 221200  Y 549700
X 308900  Y 557300
X 515500  Y 607500
X 499000  Y 657500
X 442500  Y 592500
X 362500  Y 597500
X 223700  Y 617200
X 127500  Y 676000
X 205200  Y 678400
Drill: .07874  Tool: 15  Feed: 81  Speed: 550
X 584251  Y 609724
Drill: .15748  Tool: 16  Feed: 35  Speed: 900
X 532086  Y 140826
X 558149  Y 140826
X 580314  Y 140826
X 580314  Y 659055
X 558149  Y 659055
X 532086  Y 659055
End of Listing
