Drill Listing
=============
Drill: .008  Tool: 1  Feed: 0  Speed: 0
X 1306800  Y 1093988
X 1306900  Y 1096588
X 1307259  Y 1109244
X 1307259  Y 1090288
X 1310400  Y 1090288
X 1310409  Y 1093496
X 1310409  Y 1109244
X 1310409  Y 1096645
X 1313559  Y 1102944
X 1313559  Y 1109244
X 1313700  Y 1093788
X 1313700  Y 1096788
X 1316400  Y 1087100
X 1316708  Y 1093496
X 1316708  Y 1109244
X 1316708  Y 1099795
X 1316708  Y 1096645
X 1316800  Y 1090400
X 1317000  Y 1103188
X 1319858  Y 1093496
X 1319858  Y 1096645
X 1320000  Y 1090500
X 1320100  Y 1087400
X 1321000  Y 1103188
X 1323000  Y 1096688
X 1323007  Y 1093496
X 1323500  Y 1086688
X 1329307  Y 1090346
X 1329307  Y 1093496
X 1329307  Y 1096645
X 1332000  Y 1086300
X 1332100  Y 1096688
X 1332300  Y 1090400
X 1332456  Y 1093496
X 1335400  Y 1090600
X 1335400  Y 1093700
X 1335500  Y 1096588
X 1335500  Y 1103188
X 1335606  Y 1109244
X 1335700  Y 1099788
X 1335700  Y 1085800
X 1338300  Y 1086000
X 1338500  Y 1103188
X 1338600  Y 1093588
X 1338600  Y 1090388
X 1338755  Y 1109244
X 1338800  Y 1099788
X 1338800  Y 1096588
X 1341700  Y 1103188
X 1341800  Y 1090588
X 1341905  Y 1093496
X 1341905  Y 1096645
X 1341905  Y 1099796
X 1345000  Y 1090588
X 1345055  Y 1093496
X 1345500  Y 1096188
X 1345500  Y 1099688
X 1345100  Y 1121842
X 1341905  Y 1115543
X 1341905  Y 1121842
X 1338755  Y 1115543
X 1338755  Y 1124992
X 1338755  Y 1121842
X 1338755  Y 1118692
X 1338755  Y 1112393
X 1335606  Y 1112393
X 1335606  Y 1121842
X 1335606  Y 1118692
X 1335606  Y 1115543
X 1332456  Y 1118692
X 1332456  Y 1115543
X 1332456  Y 1121842
X 1329900  Y 1125588
X 1329307  Y 1115543
X 1329307  Y 1121842
X 1329307  Y 1118692
X 1325852  Y 1126214
X 1323007  Y 1118692
X 1323007  Y 1121842
X 1323007  Y 1115543
X 1321097  Y 1125688
X 1319858  Y 1121842
X 1319858  Y 1115543
X 1319858  Y 1118692
X 1318617  Y 1125688
X 1316708  Y 1118692
X 1316708  Y 1121842
X 1316708  Y 1115543
X 1316708  Y 1112393
X 1313559  Y 1121842
X 1313559  Y 1118692
X 1313559  Y 1115543
X 1313559  Y 1112393
X 1310409  Y 1121842
X 1310409  Y 1115543
X 1310409  Y 1112393
X 1310409  Y 1118692
X 1307100  Y 1118400
X 1307100  Y 1180188
X 1307300  Y 1183688
X 1310409  Y 1183496
X 1310409  Y 1180346
X 1313559  Y 1183496
X 1316708  Y 1183496
X 1316800  Y 1180600
X 1316800  Y 1176100
X 1319900  Y 1183388
X 1320000  Y 1177300
X 1320000  Y 1180500
X 1323007  Y 1183496
X 1323007  Y 1180346
X 1323007  Y 1177196
X 1329307  Y 1180346
X 1329307  Y 1183496
X 1332200  Y 1177100
X 1332400  Y 1180600
X 1332456  Y 1183496
X 1335400  Y 1183700
X 1335400  Y 1180600
X 1335600  Y 1176900
X 1338300  Y 1177100
X 1338400  Y 1183688
X 1338500  Y 1180488
X 1341800  Y 1180488
X 1341900  Y 1183588
X 1345500  Y 1183488
X 1346000  Y 1186188
X 1346400  Y 1180688
X 1346500  Y 1177188
X 1410000  Y 1175500
X 1345000  Y 1189988
X 1342000  Y 1196188
X 1341905  Y 1205543
X 1341900  Y 1186688
X 1341700  Y 1199088
X 1338755  Y 1199244
X 1338755  Y 1205543
X 1338755  Y 1208692
X 1338755  Y 1202393
X 1338700  Y 1192888
X 1338500  Y 1190188
X 1338400  Y 1186788
X 1335606  Y 1202393
X 1335606  Y 1208692
X 1335606  Y 1205543
X 1335600  Y 1192888
X 1335600  Y 1186645
X 1335400  Y 1190088
X 1332456  Y 1186645
X 1332456  Y 1208692
X 1332456  Y 1205543
X 1329307  Y 1186645
X 1329307  Y 1208692
X 1323200  Y 1186888
X 1323007  Y 1205543
X 1323007  Y 1208692
X 1320600  Y 1192888
X 1319858  Y 1208692
X 1319858  Y 1205543
X 1319800  Y 1186888
X 1316800  Y 1186888
X 1316800  Y 1192988
X 1316800  Y 1189788
X 1316708  Y 1199244
X 1316708  Y 1205543
X 1316708  Y 1202393
X 1316708  Y 1208692
X 1313600  Y 1189788
X 1313600  Y 1193088
X 1313600  Y 1186888
X 1313559  Y 1205543
X 1313559  Y 1202393
X 1313559  Y 1199244
X 1313559  Y 1208692
X 1310600  Y 1208388
X 1310500  Y 1189788
X 1310409  Y 1199244
X 1310409  Y 1205543
X 1310409  Y 1202393
X 1304600  Y 1205400
X 1073641  Y 1253877
X 1073641  Y 1256830
X 1073641  Y 1259783
X 1076594  Y 1256830
X 1076594  Y 1259783
X 1076594  Y 1253877
X 1079547  Y 1259783
X 1079547  Y 1253877
X 1079547  Y 1256830
X 1085452  Y 1253877
X 1085452  Y 1256830
X 1085452  Y 1259783
X 1088405  Y 1259783
X 1088405  Y 1253876
X 1088405  Y 1256829
X 1091400  Y 1259788
X 1091400  Y 1256829
X 1126043  Y 1253779
X 1126141  Y 1256830
X 1126141  Y 1259783
X 1128996  Y 1256830
X 1129094  Y 1259783
X 1129094  Y 1253877
X 1131948  Y 1253779
X 1132047  Y 1259783
X 1132047  Y 1256830
X 1137952  Y 1256830
X 1137952  Y 1259783
X 1138051  Y 1253779
X 1140905  Y 1259783
X 1141000  Y 1256788
X 1141003  Y 1253779
X 1143858  Y 1259783
X 1143858  Y 1256830
X 1181551  Y 1259889
X 1181551  Y 1253590
X 1181649  Y 1256838
X 1184799  Y 1256838
X 1184799  Y 1259988
X 1184799  Y 1253688
X 1187850  Y 1256740
X 1187948  Y 1259988
X 1187948  Y 1253688
X 1194051  Y 1253688
X 1194051  Y 1256838
X 1194051  Y 1259988
X 1197200  Y 1253688
X 1197200  Y 1259988
X 1197200  Y 1256838
X 1200448  Y 1256740
X 1200448  Y 1259889
X 1200448  Y 1253590
X 1307100  Y 1214988
X 1310500  Y 1211688
X 1313559  Y 1211842
X 1316708  Y 1211842
X 1319858  Y 1211842
X 1323007  Y 1211842
X 1324851  Y 1216449
X 1329307  Y 1214992
X 1329307  Y 1211842
X 1332456  Y 1211842
X 1335606  Y 1211842
X 1335606  Y 1214992
X 1338755  Y 1214992
X 1338755  Y 1211842
X 1341905  Y 1211842
X 1341905  Y 1214992
X 1345055  Y 1214992
X 1345055  Y 1211842
X 1200448  Y 1263039
X 1200448  Y 1269338
X 1200448  Y 1272488
X 1200350  Y 1275539
X 1200350  Y 1278688
X 1197200  Y 1263137
X 1197200  Y 1275539
X 1197200  Y 1269240
X 1197200  Y 1272389
X 1197200  Y 1278688
X 1194149  Y 1275637
X 1194051  Y 1263137
X 1194051  Y 1272389
X 1188000  Y 1281188
X 1187948  Y 1263137
X 1187850  Y 1278787
X 1184799  Y 1263137
X 1184700  Y 1272488
X 1184700  Y 1275637
X 1184700  Y 1278787
X 1184700  Y 1269338
X 1181649  Y 1263137
X 1181551  Y 1278787
X 1181551  Y 1272488
X 1181551  Y 1269338
X 1181551  Y 1275637
X 1143956  Y 1277598
X 1143858  Y 1274547
X 1143858  Y 1271594
X 1140905  Y 1277500
X 1140905  Y 1271594
X 1140905  Y 1268641
X 1140905  Y 1262736
X 1140900  Y 1274588
X 1137952  Y 1277500
X 1137952  Y 1274547
X 1137952  Y 1271594
X 1137952  Y 1268641
X 1137952  Y 1262736
X 1132047  Y 1277500
X 1132047  Y 1271594
X 1132047  Y 1274547
X 1132047  Y 1262736
X 1132047  Y 1268641
X 1129094  Y 1277500
X 1129094  Y 1271594
X 1129094  Y 1262736
X 1129094  Y 1268641
X 1126141  Y 1271594
X 1126141  Y 1274547
X 1126000  Y 1277598
X 1091358  Y 1274547
X 1091358  Y 1271594
X 1088405  Y 1271594
X 1088405  Y 1268641
X 1088405  Y 1277500
X 1088405  Y 1274547
X 1088405  Y 1262736
X 1085452  Y 1274547
X 1085452  Y 1268641
X 1085452  Y 1262736
X 1085452  Y 1271594
X 1085400  Y 1277588
X 1079547  Y 1277500
X 1079547  Y 1271594
X 1079547  Y 1274547
X 1079547  Y 1262736
X 1076596  Y 1277500
X 1076594  Y 1262736
X 1076594  Y 1268641
X 1076594  Y 1271594
X 1073641  Y 1274547
X 1073641  Y 1271594
X 1073641  Y 1277500

Drill: .01  Tool: 2  Feed: 95  Speed: 300
X 1043400  Y 1033788
X 1051100  Y 1031588
X 1058300  Y 1030688
X 1061000  Y 1048388
X 1064600  Y 1038788
X 1065500  Y 1045188
X 1065500  Y 1048188
X 1065800  Y 1055388
X 1066900  Y 1052688
X 1069400  Y 1057188
X 1070000  Y 1034900
X 1070400  Y 1028688
X 1072000  Y 1040688
X 1073600  Y 1027088
X 1077000  Y 1024500
X 1083100  Y 1035100
X 1084000  Y 1060688
X 1085000  Y 1032100
X 1085000  Y 1057688
X 1085500  Y 1052688
X 1086800  Y 1040488
X 1087000  Y 1061300
X 1088600  Y 1037500
X 1092400  Y 1057800
X 1092500  Y 1039988
X 1094100  Y 1031200
X 1094400  Y 1045288
X 1095400  Y 1050000
X 1095600  Y 1058300
X 1099100  Y 1037400
X 1099100  Y 1033000
X 1101200  Y 1050500
X 1101500  Y 1053900
X 1102400  Y 1032600
X 1105500  Y 1021800
X 1114900  Y 1038500
X 1116400  Y 1048300
X 1127600  Y 1050700
X 1129500  Y 1061200
X 1129500  Y 1029888
X 1131500  Y 1050300
X 1143300  Y 1056400
X 1143500  Y 1046000
X 1143500  Y 1043000
X 1143700  Y 1048800
X 1144300  Y 1052900
X 1188700  Y 1047088
X 1191800  Y 1045700
X 1201100  Y 1036100
X 1236000  Y 1049600
X 1237600  Y 1051688
X 1241100  Y 1051988
X 1243600  Y 1050188
X 1246300  Y 1051888
X 1248200  Y 1034600
X 1269000  Y 1052688
X 1272500  Y 1051188
X 1405000  Y 1048600
X 1405800  Y 1058400
X 1421300  Y 1061000
X 1428600  Y 1047788
X 1431700  Y 1054788
X 1447500  Y 1036188
X 1447500  Y 1050488
X 1452000  Y 1054688
X 1454500  Y 1036688
X 1456300  Y 1052600
X 1467500  Y 1056188
X 1467500  Y 1051688
X 1467500  Y 1070188
X 1463500  Y 1082688
X 1449400  Y 1066188
X 1449300  Y 1071688
X 1444900  Y 1080200
X 1442500  Y 1065188
X 1429500  Y 1082188
X 1424500  Y 1066300
X 1420100  Y 1077888
X 1416900  Y 1063200
X 1409700  Y 1075000
X 1408700  Y 1085300
X 1408600  Y 1067688
X 1408400  Y 1071788
X 1406400  Y 1083300
X 1403800  Y 1082000
X 1401300  Y 1080300
X 1397300  Y 1062288
X 1392800  Y 1067788
X 1391300  Y 1075488
X 1380000  Y 1083388
X 1375000  Y 1083388
X 1356600  Y 1084800
X 1326700  Y 1080400
X 1312500  Y 1066188
X 1300000  Y 1085688
X 1296000  Y 1080188
X 1283000  Y 1066088
X 1278000  Y 1080188
X 1275000  Y 1083188
X 1267500  Y 1081188
X 1262500  Y 1081688
X 1261000  Y 1065188
X 1259000  Y 1081688
X 1255500  Y 1081688
X 1251000  Y 1068188
X 1241200  Y 1083488
X 1239000  Y 1071988
X 1238600  Y 1086300
X 1226500  Y 1083188
X 1217400  Y 1062400
X 1213400  Y 1082988
X 1207000  Y 1071188
X 1151000  Y 1063288
X 1144600  Y 1068900
X 1143800  Y 1061500
X 1131000  Y 1071900
X 1129500  Y 1083100
X 1129400  Y 1064500
X 1129100  Y 1075100
X 1128600  Y 1079400
X 1128400  Y 1067400
X 1121500  Y 1085000
X 1118300  Y 1086400
X 1100700  Y 1070000
X 1100200  Y 1086300
X 1092500  Y 1078800
X 1091900  Y 1071000
X 1091800  Y 1068000
X 1086400  Y 1075788
X 1082500  Y 1063588
X 1074100  Y 1083188
X 1074100  Y 1072988
X 1074100  Y 1080588
X 1074100  Y 1085788
X 1074000  Y 1077788
X 1070800  Y 1067988
X 1067100  Y 1063988
X 1064700  Y 1077688
X 1046000  Y 1065188
X 1008700  Y 1104388
X 1008700  Y 1107488
X 1008700  Y 1094888
X 1008700  Y 1098088
X 1008700  Y 1101188
X 1008700  Y 1110688
X 1029900  Y 1087388
X 1030200  Y 1098388
X 1030500  Y 1090588
X 1045500  Y 1093988
X 1049300  Y 1094288
X 1058800  Y 1096688
X 1067100  Y 1103288
X 1070300  Y 1108988
X 1072800  Y 1105688
X 1074200  Y 1088588
X 1074700  Y 1097088
X 1083300  Y 1110988
X 1098800  Y 1098600
X 1105300  Y 1101388
X 1105700  Y 1094700
X 1108100  Y 1090800
X 1110100  Y 1096288
X 1118100  Y 1091600
X 1118500  Y 1109500
X 1122000  Y 1099188
X 1122500  Y 1101900
X 1123000  Y 1109688
X 1123100  Y 1090900
X 1141693  Y 1109881
X 1145600  Y 1109988
X 1149567  Y 1109881
X 1153600  Y 1096688
X 1154700  Y 1093288
X 1161100  Y 1109688
X 1164500  Y 1099188
X 1165600  Y 1109888
X 1169252  Y 1109881
X 1172100  Y 1108888
X 1172700  Y 1090688
X 1176400  Y 1109288
X 1177500  Y 1105188
X 1180600  Y 1109188
X 1186500  Y 1091188
X 1187500  Y 1109388
X 1191800  Y 1109488
X 1196000  Y 1109888
X 1200500  Y 1097688
X 1200748  Y 1109888
X 1201600  Y 1094388
X 1204685  Y 1109788
X 1209000  Y 1094388
X 1209000  Y 1107500
X 1211000  Y 1103388
X 1212600  Y 1109588
X 1220600  Y 1109288
X 1224370  Y 1109888
X 1228307  Y 1109881
X 1254900  Y 1092388
X 1271500  Y 1091188
X 1354000  Y 1101788
X 1355000  Y 1107688
X 1356500  Y 1111188
X 1366500  Y 1100688
X 1366500  Y 1111188
X 1369500  Y 1105188
X 1387700  Y 1107400
X 1391900  Y 1106000
X 1397734  Y 1106243
X 1409300  Y 1089600
X 1410400  Y 1096000
X 1411400  Y 1087100
X 1419500  Y 1104100
X 1424800  Y 1087688
X 1429000  Y 1088788
X 1429600  Y 1104888
X 1443600  Y 1101800
X 1449000  Y 1088688
X 1452000  Y 1099088
X 1463500  Y 1099688
X 1467500  Y 1092688
X 1465000  Y 1136400
X 1452500  Y 1132700
X 1448500  Y 1122800
X 1424300  Y 1113200
X 1416800  Y 1116200
X 1415000  Y 1122200
X 1402000  Y 1119400
X 1384515  Y 1132567
X 1371100  Y 1122988
X 1370400  Y 1120288
X 1367600  Y 1129688
X 1356500  Y 1127988
X 1353500  Y 1114100
X 1349100  Y 1112388
X 1345711  Y 1134591
X 1342272  Y 1134502
X 1321400  Y 1133388
X 1318618  Y 1133288
X 1304800  Y 1134500
X 1299900  Y 1124800
X 1289000  Y 1136188
X 1282800  Y 1116188
X 1282800  Y 1127188
X 1282800  Y 1132688
X 1267500  Y 1120188
X 1264000  Y 1128188
X 1263500  Y 1133688
X 1259200  Y 1128600
X 1257500  Y 1131688
X 1238500  Y 1117688
X 1238500  Y 1113188
X 1232500  Y 1125688
X 1228307  Y 1121692
X 1228307  Y 1125629
X 1228307  Y 1117755
X 1228300  Y 1113818
X 1224370  Y 1121692
X 1224370  Y 1125629
X 1224370  Y 1129566
X 1224370  Y 1117755
X 1224370  Y 1113818
X 1220433  Y 1113818
X 1220433  Y 1129566
X 1220433  Y 1121692
X 1220433  Y 1117755
X 1220432  Y 1125629
X 1216496  Y 1125629
X 1216496  Y 1129566
X 1216495  Y 1133503
X 1212559  Y 1117755
X 1212441  Y 1125629
X 1212400  Y 1113900
X 1208622  Y 1121692
X 1208600  Y 1117800
X 1204684  Y 1121692
X 1204684  Y 1117755
X 1204684  Y 1113818
X 1200748  Y 1113818
X 1200747  Y 1121692
X 1200747  Y 1117755
X 1196810  Y 1121692
X 1196810  Y 1117755
X 1196370  Y 1113818
X 1192700  Y 1113900
X 1192433  Y 1117755
X 1188937  Y 1125488
X 1188936  Y 1117755
X 1188936  Y 1121692
X 1184800  Y 1113818
X 1181063  Y 1121693
X 1181063  Y 1117755
X 1177126  Y 1121693
X 1177126  Y 1117755
X 1177126  Y 1113818
X 1173267  Y 1113818
X 1173267  Y 1117755
X 1173189  Y 1121693
X 1169252  Y 1113818
X 1169252  Y 1121693
X 1169252  Y 1117755
X 1165600  Y 1113818
X 1165396  Y 1117755
X 1165396  Y 1121692
X 1161378  Y 1121692
X 1161378  Y 1117755
X 1161378  Y 1113818
X 1157441  Y 1117755
X 1157441  Y 1121692
X 1157440  Y 1113818
X 1153504  Y 1117755
X 1153504  Y 1113818
X 1153504  Y 1121692
X 1153504  Y 1129566
X 1153504  Y 1133503
X 1149567  Y 1113818
X 1149567  Y 1117755
X 1149567  Y 1129566
X 1149567  Y 1133503
X 1149566  Y 1121692
X 1149566  Y 1125630
X 1145630  Y 1113818
X 1145629  Y 1121692
X 1145629  Y 1129567
X 1145629  Y 1125630
X 1145629  Y 1117755
X 1145629  Y 1133504
X 1141693  Y 1113818
X 1141692  Y 1121692
X 1141692  Y 1125630
X 1141692  Y 1129567
X 1141692  Y 1117755
X 1141500  Y 1133503
X 1125900  Y 1129188
X 1117700  Y 1128788
X 1114000  Y 1131288
X 1111000  Y 1131688
X 1103600  Y 1123588
X 1098500  Y 1119400
X 1085300  Y 1114288
X 1083200  Y 1123488
X 1083200  Y 1120488
X 1072600  Y 1134788
X 1068600  Y 1135288
X 1063300  Y 1121688
X 1061900  Y 1116188
X 1061400  Y 1123788
X 1050500  Y 1134688
X 1043500  Y 1120688
X 1008700  Y 1123788
X 1008700  Y 1129588
X 1008700  Y 1113788
X 1008700  Y 1116988
X 1008700  Y 1120088
X 1008500  Y 1126688
X 1008700  Y 1148488
X 1008700  Y 1151588
X 1008700  Y 1154788
X 1008700  Y 1157888
X 1008700  Y 1161088
X 1063100  Y 1142188
X 1063700  Y 1147888
X 1067300  Y 1147288
X 1068100  Y 1150088
X 1068200  Y 1142688
X 1070000  Y 1152588
X 1070600  Y 1155588
X 1071800  Y 1157988
X 1108200  Y 1150288
X 1109000  Y 1153288
X 1111000  Y 1146688
X 1113000  Y 1148688
X 1113000  Y 1152688
X 1115800  Y 1147988
X 1115900  Y 1153288
X 1118500  Y 1153288
X 1121200  Y 1153288
X 1124400  Y 1153188
X 1127100  Y 1153388
X 1141500  Y 1137440
X 1141500  Y 1141377
X 1141500  Y 1145688
X 1141500  Y 1149688
X 1145629  Y 1161062
X 1145630  Y 1137440
X 1145630  Y 1141377
X 1145630  Y 1145314
X 1145630  Y 1149251
X 1149567  Y 1149251
X 1149567  Y 1141377
X 1149567  Y 1137440
X 1149567  Y 1145314
X 1149567  Y 1157188
X 1149567  Y 1161062
X 1153500  Y 1141377
X 1153500  Y 1145314
X 1153500  Y 1137440
X 1153500  Y 1149251
X 1153500  Y 1157188
X 1153500  Y 1161062
X 1159000  Y 1145688
X 1173189  Y 1145314
X 1173189  Y 1141377
X 1173189  Y 1149251
X 1173189  Y 1157125
X 1173189  Y 1161062
X 1177126  Y 1149251
X 1177126  Y 1145314
X 1177126  Y 1157125
X 1177126  Y 1141377
X 1177126  Y 1161062
X 1181063  Y 1145314
X 1181063  Y 1149251
X 1181063  Y 1161062
X 1181063  Y 1141377
X 1181063  Y 1157125
X 1185000  Y 1141377
X 1188937  Y 1145314
X 1188937  Y 1141377
X 1188937  Y 1149251
X 1188937  Y 1157125
X 1188937  Y 1161062
X 1192874  Y 1149251
X 1192874  Y 1145314
X 1192874  Y 1141377
X 1192874  Y 1161062
X 1192874  Y 1157125
X 1196811  Y 1161062
X 1196811  Y 1149251
X 1196811  Y 1157125
X 1196811  Y 1153188
X 1202000  Y 1153688
X 1209500  Y 1153688
X 1209500  Y 1141688
X 1216496  Y 1149251
X 1216496  Y 1137440
X 1216496  Y 1141377
X 1216496  Y 1145314
X 1216496  Y 1161062
X 1216600  Y 1157100
X 1220400  Y 1157100
X 1220433  Y 1145314
X 1220433  Y 1137440
X 1220433  Y 1161062
X 1220433  Y 1141377
X 1220433  Y 1149251
X 1224370  Y 1145314
X 1224370  Y 1149251
X 1224370  Y 1141377
X 1224370  Y 1137440
X 1224370  Y 1157018
X 1228307  Y 1149251
X 1228307  Y 1161062
X 1229300  Y 1156088
X 1230000  Y 1139188
X 1230800  Y 1146988
X 1238000  Y 1137188
X 1243600  Y 1136988
X 1270200  Y 1139988
X 1278500  Y 1139688
X 1280500  Y 1156288
X 1281800  Y 1140400
X 1289500  Y 1146688
X 1291800  Y 1149700
X 1301400  Y 1144300
X 1313000  Y 1154188
X 1339000  Y 1148988
X 1339000  Y 1151688
X 1370399  Y 1136991
X 1377600  Y 1150700
X 1382400  Y 1145100
X 1393300  Y 1146500
X 1404400  Y 1141200
X 1408000  Y 1159500
X 1413900  Y 1159200
X 1415400  Y 1146200
X 1417600  Y 1158100
X 1420200  Y 1148500
X 1420400  Y 1159300
X 1436700  Y 1142400
X 1436800  Y 1158800
X 1437900  Y 1161400
X 1446900  Y 1144900
X 1450500  Y 1147600
X 1464400  Y 1160700
X 1465000  Y 1154000
X 1465400  Y 1157500
X 1466800  Y 1139900
X 1466900  Y 1146300
X 1467500  Y 1165500
X 1464500  Y 1173000
X 1452400  Y 1179500
X 1451600  Y 1174500
X 1445500  Y 1171900
X 1445100  Y 1168800
X 1442900  Y 1173300
X 1442900  Y 1164200
X 1440800  Y 1166600
X 1440800  Y 1176700
X 1439800  Y 1179400
X 1438500  Y 1164900
X 1437300  Y 1182100
X 1432000  Y 1182800
X 1429500  Y 1164600
X 1425700  Y 1174900
X 1417000  Y 1175500
X 1416000  Y 1183400
X 1413000  Y 1183400
X 1404600  Y 1162300
X 1392700  Y 1186400
X 1388400  Y 1165500
X 1387900  Y 1184100
X 1372600  Y 1162600
X 1344600  Y 1166500
X 1335500  Y 1167188
X 1329500  Y 1167188
X 1328300  Y 1174400
X 1324000  Y 1167188
X 1318000  Y 1167188
X 1312500  Y 1167188
X 1305500  Y 1167188
X 1295500  Y 1181688
X 1267000  Y 1180188
X 1261400  Y 1162188
X 1257500  Y 1161500
X 1254500  Y 1162500
X 1253900  Y 1168188
X 1244100  Y 1177788
X 1241500  Y 1163000
X 1238500  Y 1164000
X 1234200  Y 1167788
X 1228307  Y 1172873
X 1228307  Y 1184684
X 1228307  Y 1168936
X 1228300  Y 1164999
X 1224370  Y 1180747
X 1224370  Y 1176810
X 1224370  Y 1164999
X 1224370  Y 1168936
X 1224370  Y 1184684
X 1220433  Y 1180747
X 1220433  Y 1176810
X 1220433  Y 1168936
X 1220433  Y 1172873
X 1220433  Y 1164999
X 1220296  Y 1184684
X 1216496  Y 1184684
X 1216496  Y 1172873
X 1216496  Y 1168936
X 1216496  Y 1176810
X 1216496  Y 1180747
X 1216496  Y 1164999
X 1212500  Y 1184684
X 1211000  Y 1167388
X 1208600  Y 1184684
X 1206500  Y 1175688
X 1204600  Y 1184684
X 1202000  Y 1166688
X 1200796  Y 1184684
X 1200000  Y 1176188
X 1196811  Y 1164999
X 1196500  Y 1184188
X 1193000  Y 1176188
X 1192874  Y 1164999
X 1192874  Y 1184684
X 1188937  Y 1184684
X 1188937  Y 1164999
X 1181063  Y 1164999
X 1181063  Y 1184684
X 1177126  Y 1164999
X 1177000  Y 1184684
X 1177000  Y 1180188
X 1173189  Y 1164999
X 1173189  Y 1184684
X 1169252  Y 1184684
X 1167500  Y 1174688
X 1165315  Y 1184684
X 1162400  Y 1164588
X 1161378  Y 1184684
X 1157441  Y 1184684
X 1153504  Y 1184684
X 1153500  Y 1180488
X 1153500  Y 1164999
X 1153500  Y 1176688
X 1149567  Y 1168936
X 1149567  Y 1184685
X 1149567  Y 1164999
X 1149567  Y 1172874
X 1149567  Y 1176688
X 1149567  Y 1180488
X 1145630  Y 1184684
X 1145629  Y 1164999
X 1145629  Y 1168937
X 1141692  Y 1168937
X 1141692  Y 1164999
X 1132800  Y 1175188
X 1130500  Y 1168188
X 1125800  Y 1176688
X 1124600  Y 1167988
X 1123000  Y 1173688
X 1121900  Y 1167888
X 1121500  Y 1176988
X 1119500  Y 1173688
X 1119300  Y 1167988
X 1117400  Y 1176988
X 1116700  Y 1167888
X 1115500  Y 1174688
X 1114500  Y 1169388
X 1113500  Y 1176988
X 1111100  Y 1173588
X 1110300  Y 1167788
X 1084000  Y 1186288
X 1084000  Y 1183088
X 1072900  Y 1180188
X 1067500  Y 1167888
X 1067000  Y 1177188
X 1065900  Y 1174688
X 1065000  Y 1172188
X 1051100  Y 1164088
X 1008700  Y 1173688
X 1008700  Y 1179988
X 1008700  Y 1183088
X 1008700  Y 1186288
X 1008700  Y 1167388
X 1008700  Y 1164188
X 1008700  Y 1176788
X 1008700  Y 1195688
X 1008700  Y 1198888
X 1008700  Y 1201988
X 1008700  Y 1208288
X 1008700  Y 1189388
X 1021000  Y 1205188
X 1043200  Y 1189488
X 1043200  Y 1195688
X 1043300  Y 1208288
X 1043300  Y 1205088
X 1043300  Y 1202188
X 1043300  Y 1198988
X 1043600  Y 1192888
X 1084400  Y 1189188
X 1097000  Y 1201688
X 1111500  Y 1189688
X 1111500  Y 1192888
X 1116800  Y 1196788
X 1119500  Y 1196688
X 1121500  Y 1190688
X 1122500  Y 1197188
X 1123493  Y 1193747
X 1126900  Y 1190288
X 1140500  Y 1187688
X 1141692  Y 1192559
X 1142500  Y 1196588
X 1145630  Y 1192558
X 1146800  Y 1196588
X 1149567  Y 1188621
X 1149567  Y 1192558
X 1150400  Y 1196488
X 1153500  Y 1203188
X 1153504  Y 1192558
X 1153504  Y 1188621
X 1157441  Y 1188621
X 1161378  Y 1192558
X 1161378  Y 1188621
X 1165315  Y 1192558
X 1165315  Y 1188621
X 1169252  Y 1188621
X 1172300  Y 1202488
X 1173189  Y 1188621
X 1175600  Y 1197788
X 1177000  Y 1188621
X 1177000  Y 1192558
X 1179000  Y 1197688
X 1179600  Y 1210088
X 1181063  Y 1192558
X 1181063  Y 1188621
X 1183000  Y 1210888
X 1184900  Y 1192558
X 1185004  Y 1209061
X 1187200  Y 1210888
X 1188600  Y 1196488
X 1188900  Y 1208588
X 1188937  Y 1188621
X 1188937  Y 1192558
X 1192800  Y 1209688
X 1192874  Y 1188621
X 1192874  Y 1192558
X 1193600  Y 1196988
X 1197000  Y 1188621
X 1197000  Y 1192558
X 1197500  Y 1198488
X 1200800  Y 1188621
X 1200800  Y 1192558
X 1200800  Y 1196388
X 1204400  Y 1201388
X 1204533  Y 1188621
X 1204684  Y 1192558
X 1204800  Y 1196588
X 1208400  Y 1188621
X 1208600  Y 1196488
X 1208621  Y 1192558
X 1209900  Y 1201188
X 1212433  Y 1188621
X 1212559  Y 1192558
X 1216100  Y 1196688
X 1216496  Y 1192558
X 1219900  Y 1196488
X 1220296  Y 1188621
X 1220600  Y 1192558
X 1224370  Y 1188621
X 1224370  Y 1192558
X 1229400  Y 1189688
X 1229500  Y 1195188
X 1231400  Y 1191588
X 1235500  Y 1202688
X 1237900  Y 1196458
X 1252900  Y 1190188
X 1268500  Y 1204688
X 1269000  Y 1200188
X 1295500  Y 1187188
X 1295500  Y 1209188
X 1295500  Y 1203688
X 1295500  Y 1192688
X 1295500  Y 1198188
X 1297400  Y 1201300
X 1305700  Y 1199100
X 1306000  Y 1209688
X 1350400  Y 1201800
X 1390500  Y 1199500
X 1390800  Y 1204400
X 1396600  Y 1196200
X 1405200  Y 1196800
X 1412100  Y 1193300
X 1414900  Y 1193300
X 1419600  Y 1195000
X 1422700  Y 1193500
X 1426200  Y 1195900
X 1426400  Y 1199500
X 1434000  Y 1204400
X 1440800  Y 1204500
X 1441900  Y 1208300
X 1444300  Y 1194800
X 1466700  Y 1188200
X 1475500  Y 1230600
X 1475500  Y 1233800
X 1475400  Y 1227500
X 1463400  Y 1218188
X 1463400  Y 1221288
X 1438700  Y 1235000
X 1423000  Y 1229300
X 1410900  Y 1228988
X 1410800  Y 1225600
X 1406000  Y 1221188
X 1402500  Y 1227600
X 1399600  Y 1235900
X 1392000  Y 1221188
X 1391300  Y 1211900
X 1380400  Y 1234800
X 1376400  Y 1223000
X 1371500  Y 1211688
X 1371500  Y 1214388
X 1344570  Y 1225688
X 1339000  Y 1225688
X 1327243  Y 1225332
X 1321121  Y 1216828
X 1321062  Y 1225671
X 1318478  Y 1216884
X 1318382  Y 1225671
X 1315491  Y 1225827
X 1313000  Y 1226088
X 1305000  Y 1225700
X 1286600  Y 1222400
X 1235500  Y 1212688
X 1228000  Y 1212188
X 1216000  Y 1232188
X 1215000  Y 1217188
X 1214900  Y 1223988
X 1212500  Y 1234688
X 1212500  Y 1229688
X 1210500  Y 1218688
X 1198900  Y 1232688
X 1197200  Y 1212988
X 1194100  Y 1212188
X 1192300  Y 1233688
X 1189800  Y 1229788
X 1185500  Y 1224588
X 1183500  Y 1226588
X 1181500  Y 1224588
X 1178600  Y 1227888
X 1176900  Y 1211688
X 1174500  Y 1234688
X 1168500  Y 1232688
X 1166000  Y 1234988
X 1164000  Y 1229688
X 1162000  Y 1232688
X 1160100  Y 1229688
X 1157800  Y 1232688
X 1152800  Y 1230788
X 1148400  Y 1232688
X 1146400  Y 1229388
X 1144500  Y 1232688
X 1142500  Y 1229688
X 1140600  Y 1233688
X 1138600  Y 1229688
X 1136300  Y 1232688
X 1116600  Y 1212188
X 1116500  Y 1230688
X 1102000  Y 1212188
X 1100700  Y 1230988
X 1015000  Y 1213688
X 1015000  Y 1222688
X 1095000  Y 1239188
X 1171800  Y 1236588
X 1211500  Y 1259688
X 1212000  Y 1254688
X 1212500  Y 1239688
X 1212500  Y 1244688
X 1213400  Y 1249588
X 1215000  Y 1237188
X 1215000  Y 1242188
X 1215000  Y 1257188
X 1215000  Y 1247188
X 1215000  Y 1252188
X 1240500  Y 1237188
X 1241500  Y 1257188
X 1242000  Y 1242188
X 1242500  Y 1252188
X 1242500  Y 1247188
X 1242500  Y 1239188
X 1244500  Y 1254688
X 1244500  Y 1259688
X 1244500  Y 1244688
X 1244500  Y 1249688
X 1258500  Y 1259188
X 1258500  Y 1246188
X 1263400  Y 1243188
X 1265800  Y 1245888
X 1268500  Y 1243188
X 1268500  Y 1245888
X 1271100  Y 1245888
X 1282500  Y 1250688
X 1288500  Y 1244688
X 1292500  Y 1244688
X 1298000  Y 1244688
X 1309900  Y 1250288
X 1310000  Y 1242988
X 1313000  Y 1251688
X 1318675  Y 1241022
X 1321600  Y 1261088
X 1325774  Y 1246561
X 1326700  Y 1261188
X 1329074  Y 1246561
X 1329900  Y 1261088
X 1333400  Y 1261300
X 1336000  Y 1242388
X 1366000  Y 1239588
X 1373600  Y 1239600
X 1397000  Y 1251000
X 1417000  Y 1249500
X 1420000  Y 1237500
X 1421500  Y 1244800
X 1424500  Y 1247000
X 1426900  Y 1239900
X 1429400  Y 1238100
X 1434300  Y 1258000
X 1436000  Y 1245200
X 1437100  Y 1241000
X 1437500  Y 1250200
X 1440400  Y 1237500
X 1453600  Y 1246400
X 1456900  Y 1248288
X 1463600  Y 1246388
X 1463600  Y 1249588
X 1463600  Y 1243200
X 1475300  Y 1252700
X 1475400  Y 1237200
X 1475400  Y 1240200
X 1475500  Y 1259088
X 1475500  Y 1255900
X 1475400  Y 1262000
X 1475400  Y 1265000
X 1475400  Y 1274900
X 1475400  Y 1271700
X 1440600  Y 1279688
X 1439600  Y 1262788
X 1439500  Y 1274788
X 1438000  Y 1271188
X 1435600  Y 1268388
X 1435200  Y 1265188
X 1376700  Y 1285300
X 1346300  Y 1267988
X 1340392  Y 1277688
X 1328500  Y 1271188
X 1325000  Y 1271188
X 1316600  Y 1271688
X 1312800  Y 1277288
X 1290900  Y 1278288
X 1273300  Y 1277888
X 1270400  Y 1277988
X 1265900  Y 1277488
X 1263300  Y 1278588
X 1260800  Y 1277488
X 1244500  Y 1264688
X 1244400  Y 1273288
X 1244400  Y 1276588
X 1244000  Y 1269688
X 1241500  Y 1267188
X 1241500  Y 1262188
X 1226500  Y 1278988
X 1216000  Y 1277788
X 1214500  Y 1267188
X 1214500  Y 1262188
X 1213900  Y 1271888
X 1211500  Y 1264688
X 1209900  Y 1286088
X 1147000  Y 1269688
X 1147000  Y 1264188
X 1122200  Y 1269388
X 1122100  Y 1264488
X 1114100  Y 1284888
X 1112200  Y 1269688
X 1111800  Y 1264388
X 1095500  Y 1263688
X 1094800  Y 1268888
X 1071500  Y 1266688
X 1069500  Y 1263188
X 1160000  Y 1291288
X 1310300  Y 1290600
X 1314500  Y 1295688
X 1319000  Y 1295688
X 1329500  Y 1295688
X 1332300  Y 1295888
X 1344500  Y 1291188
X 1368500  Y 1286600
X 1397900  Y 1334400
X 1432500  Y 1323388
X 1435700  Y 1303388
X 1435800  Y 1296888
X 1435800  Y 1315488
X 1435900  Y 1309488
X 1436100  Y 1321188
X 1439300  Y 1312688
X 1439400  Y 1318788
X 1439800  Y 1306288
X 1440000  Y 1299988
X 1458000  Y 1302688
X 1463200  Y 1315700
X 1463400  Y 1302888
X 1463500  Y 1296688
X 1463500  Y 1300188
X 1463500  Y 1328288
X 1463500  Y 1325300
X 1476300  Y 1334700
X 1463500  Y 1337588
X 1415000  Y 1436488
X 1413600  Y 1421188
X 1405100  Y 1421088
X 1403100  Y 1418688
X 1401000  Y 1415688
X 1398800  Y 1420888
X 1392800  Y 1336700
X 1390000  Y 1420488
X 1388100  Y 1434888
X 1386000  Y 1462688
X 1388200  Y 1437588
X 1394200  Y 1447288
X 1394900  Y 1462100
X 1411700  Y 1441988
X 1412500  Y 1445488
X 1424100  Y 1442488
X 1431300  Y 1454188

Drill: .012  Tool: 3  Feed: 95  Speed: 300
X 1131900  Y 1036200
X 1132400  Y 1030900
X 1165400  Y 1030300
X 1168100  Y 1034100
X 1181900  Y 1033300
X 1192500  Y 1030100
X 1197000  Y 1032300
X 1202900  Y 1030200
X 1244900  Y 1031400
X 1253300  Y 1031000
X 1255500  Y 1034188
X 1259200  Y 1031000
X 1263500  Y 1033000
X 1283300  Y 1030800
X 1283900  Y 1036100
X 1286900  Y 1032800
X 1293000  Y 1029500
X 1296100  Y 1035800
X 1303500  Y 1031200
X 1306100  Y 1033600
X 1432200  Y 1035788
X 1466900  Y 1037888
X 1463000  Y 1058588
X 1460500  Y 1036888
X 1451500  Y 1036688
X 1448000  Y 1054188
X 1446000  Y 1056688
X 1444000  Y 1054188
X 1443700  Y 1040688
X 1442500  Y 1047688
X 1439500  Y 1054188
X 1429400  Y 1040688
X 1425000  Y 1051188
X 1276900  Y 1047600
X 1259700  Y 1052688
X 1256500  Y 1051500
X 1235500  Y 1058688
X 1209600  Y 1041800
X 1204800  Y 1052688
X 1200800  Y 1052688
X 1197000  Y 1052688
X 1193300  Y 1042400
X 1183600  Y 1040000
X 1177800  Y 1042200
X 1175000  Y 1049688
X 1175000  Y 1059688
X 1175000  Y 1054688
X 1171500  Y 1059688
X 1171500  Y 1054688
X 1171500  Y 1049688
X 1168200  Y 1059688
X 1168200  Y 1054688
X 1168200  Y 1049688
X 1167000  Y 1044188
X 1155400  Y 1045788
X 1083500  Y 1055188
X 1072200  Y 1037588
X 1049500  Y 1058188
X 1026000  Y 1061188
X 1025900  Y 1075488
X 1050200  Y 1061888
X 1083900  Y 1072288
X 1154500  Y 1073688
X 1169500  Y 1073188
X 1169897  Y 1068340
X 1174000  Y 1083588
X 1174600  Y 1076688
X 1187948  Y 1066286
X 1191000  Y 1074688
X 1191500  Y 1066286
X 1195000  Y 1066188
X 1196200  Y 1080188
X 1201500  Y 1074688
X 1206000  Y 1078588
X 1211500  Y 1062300
X 1226500  Y 1062200
X 1249500  Y 1085688
X 1257500  Y 1066688
X 1266000  Y 1066788
X 1272500  Y 1066188
X 1286000  Y 1086188
X 1286100  Y 1070088
X 1286100  Y 1075288
X 1286200  Y 1080688
X 1300500  Y 1067188
X 1303000  Y 1078188
X 1307000  Y 1067188
X 1307000  Y 1078188
X 1318000  Y 1067788
X 1318000  Y 1078188
X 1324000  Y 1067788
X 1324000  Y 1078188
X 1329400  Y 1067188
X 1329500  Y 1078188
X 1334200  Y 1067189
X 1339000  Y 1067188
X 1339000  Y 1077988
X 1343400  Y 1077988
X 1343600  Y 1067188
X 1348500  Y 1067189
X 1358000  Y 1067800
X 1365500  Y 1065688
X 1365500  Y 1075688
X 1366200  Y 1082400
X 1376200  Y 1073388
X 1380400  Y 1064188
X 1385000  Y 1083388
X 1391500  Y 1071800
X 1403600  Y 1068688
X 1420000  Y 1069700
X 1421200  Y 1083688
X 1428700  Y 1069588
X 1429050  Y 1076218
X 1442990  Y 1076188
X 1446000  Y 1070288
X 1449400  Y 1076188
X 1449400  Y 1081188
X 1463130  Y 1076188
X 1463200  Y 1069588
X 1452200  Y 1094288
X 1448800  Y 1108000
X 1443500  Y 1089188
X 1443200  Y 1110900
X 1432000  Y 1094688
X 1429500  Y 1098688
X 1425400  Y 1108988
X 1421200  Y 1088688
X 1421200  Y 1093688
X 1421100  Y 1098788
X 1400700  Y 1090700
X 1394400  Y 1101788
X 1389900  Y 1098488
X 1389900  Y 1093688
X 1385800  Y 1093500
X 1383600  Y 1098588
X 1366000  Y 1094688
X 1356500  Y 1094688
X 1355000  Y 1090100
X 1353000  Y 1095000
X 1296000  Y 1108188
X 1295500  Y 1096688
X 1295500  Y 1102688
X 1295500  Y 1091688
X 1286500  Y 1097088
X 1286500  Y 1108188
X 1286500  Y 1103688
X 1286000  Y 1091688
X 1267000  Y 1096188
X 1259000  Y 1096188
X 1247100  Y 1093100
X 1192000  Y 1104188
X 1174000  Y 1087888
X 1169700  Y 1088988
X 1155400  Y 1088888
X 1153700  Y 1107188
X 1152500  Y 1102988
X 1151800  Y 1088888
X 1149600  Y 1105988
X 1149486  Y 1093450
X 1148400  Y 1088988
X 1145376  Y 1093450
X 1133300  Y 1103388
X 1095700  Y 1090688
X 1084700  Y 1100788
X 1083800  Y 1086888
X 1061100  Y 1087988
X 1026000  Y 1123188
X 1049800  Y 1120788
X 1050800  Y 1124688
X 1109300  Y 1119688
X 1119000  Y 1119688
X 1134600  Y 1132788
X 1171500  Y 1135800
X 1242800  Y 1123688
X 1263600  Y 1123688
X 1273200  Y 1116188
X 1273200  Y 1127188
X 1273200  Y 1132688
X 1273200  Y 1121688
X 1285700  Y 1123600
X 1286100  Y 1113688
X 1286500  Y 1119188
X 1295500  Y 1113688
X 1295500  Y 1119188
X 1312291  Y 1135504
X 1315668  Y 1135541
X 1324400  Y 1135288
X 1336500  Y 1136188
X 1350000  Y 1135988
X 1355900  Y 1135988
X 1356500  Y 1122188
X 1356500  Y 1116688
X 1365000  Y 1134588
X 1366000  Y 1122188
X 1366500  Y 1116688
X 1381900  Y 1123888
X 1382000  Y 1120188
X 1383600  Y 1111888
X 1384000  Y 1129188
X 1385678  Y 1125738
X 1423000  Y 1133900
X 1427500  Y 1115000
X 1428000  Y 1111500
X 1428500  Y 1118500
X 1432600  Y 1133300
X 1440800  Y 1133500
X 1442500  Y 1119500
X 1448500  Y 1120000
X 1449000  Y 1116500
X 1463220  Y 1120088
X 1464500  Y 1111688
X 1466600  Y 1122700
X 1425500  Y 1149700
X 1407000  Y 1138000
X 1405500  Y 1148500
X 1385200  Y 1147300
X 1385000  Y 1139000
X 1360000  Y 1145588
X 1358000  Y 1159488
X 1356000  Y 1145388
X 1352500  Y 1159488
X 1350000  Y 1145388
X 1347000  Y 1159500
X 1344500  Y 1145388
X 1341400  Y 1158200
X 1339000  Y 1145388
X 1335500  Y 1158288
X 1329500  Y 1158188
X 1324000  Y 1158188
X 1321493  Y 1145178
X 1318500  Y 1145188
X 1318000  Y 1158188
X 1312700  Y 1145488
X 1312500  Y 1158188
X 1305500  Y 1158188
X 1298700  Y 1154200
X 1297500  Y 1157588
X 1286500  Y 1150188
X 1286200  Y 1159688
X 1265500  Y 1149288
X 1264200  Y 1145888
X 1258500  Y 1137788
X 1250700  Y 1161088
X 1245800  Y 1152788
X 1244500  Y 1160988
X 1234600  Y 1146188
X 1233200  Y 1138988
X 1083300  Y 1142588
X 1062900  Y 1157388
X 1026000  Y 1137988
X 1022600  Y 1155288
X 1021500  Y 1166188
X 1026000  Y 1177688
X 1062900  Y 1163888
X 1069600  Y 1170188
X 1073500  Y 1164672
X 1286200  Y 1165088
X 1286200  Y 1170688
X 1286200  Y 1176288
X 1286500  Y 1181688
X 1356000  Y 1168000
X 1356500  Y 1184688
X 1356500  Y 1179000
X 1365500  Y 1163500
X 1366500  Y 1173688
X 1366500  Y 1179188
X 1366500  Y 1184688
X 1368600  Y 1167700
X 1369500  Y 1163000
X 1372500  Y 1179500
X 1381000  Y 1183188
X 1384000  Y 1185688
X 1425600  Y 1164400
X 1450100  Y 1164600
X 1474400  Y 1176900
X 1423100  Y 1199300
X 1423000  Y 1204500
X 1423000  Y 1209400
X 1403000  Y 1200688
X 1390900  Y 1208000
X 1388800  Y 1189200
X 1384000  Y 1188688
X 1383600  Y 1210388
X 1383500  Y 1200688
X 1383500  Y 1205988
X 1369500  Y 1195088
X 1366500  Y 1189500
X 1366500  Y 1206188
X 1366500  Y 1201188
X 1356500  Y 1201188
X 1356500  Y 1206188
X 1355500  Y 1189500
X 1329500  Y 1197688
X 1328000  Y 1193188
X 1325900  Y 1201788
X 1286500  Y 1192688
X 1286500  Y 1198188
X 1286500  Y 1209188
X 1286500  Y 1203688
X 1286500  Y 1187188
X 1273200  Y 1206188
X 1264100  Y 1202188
X 1244700  Y 1202188
X 1232000  Y 1201888
X 1138000  Y 1197188
X 1127700  Y 1203288
X 1061400  Y 1189788
X 1023300  Y 1201588
X 1022000  Y 1195188
X 1025900  Y 1217488
X 1030400  Y 1229288
X 1132400  Y 1217488
X 1132600  Y 1226088
X 1212500  Y 1214288
X 1231900  Y 1212288
X 1242400  Y 1216288
X 1242630  Y 1225488
X 1256400  Y 1233788
X 1263600  Y 1216188
X 1263800  Y 1225688
X 1268500  Y 1230188
X 1272100  Y 1229800
X 1273200  Y 1211688
X 1273200  Y 1216888
X 1273200  Y 1222688
X 1275600  Y 1230188
X 1283900  Y 1233500
X 1287200  Y 1234500
X 1297242  Y 1225737
X 1313000  Y 1235188
X 1318500  Y 1235688
X 1339000  Y 1235688
X 1344500  Y 1235688
X 1350000  Y 1235688
X 1350000  Y 1225688
X 1354500  Y 1213188
X 1356000  Y 1225688
X 1356000  Y 1235688
X 1356500  Y 1218688
X 1366100  Y 1223088
X 1366500  Y 1218688
X 1367000  Y 1213188
X 1380100  Y 1223500
X 1381500  Y 1213688
X 1383905  Y 1219164
X 1385000  Y 1235188
X 1392000  Y 1235188
X 1411100  Y 1211988
X 1420100  Y 1227688
X 1423400  Y 1212600
X 1423700  Y 1223300
X 1428400  Y 1223800
X 1457900  Y 1223288
X 1463300  Y 1224400
X 1462800  Y 1268500
X 1458000  Y 1272188
X 1400300  Y 1259200
X 1398700  Y 1256000
X 1396600  Y 1240200
X 1347825  Y 1284688
X 1344000  Y 1254188
X 1338500  Y 1254188
X 1333000  Y 1254188
X 1305400  Y 1259188
X 1305200  Y 1277488
X 1304500  Y 1243688
X 1299500  Y 1263188
X 1297500  Y 1259188
X 1292500  Y 1264188
X 1279900  Y 1243200
X 1276200  Y 1277488
X 1274600  Y 1262788
X 1273500  Y 1260188
X 1266600  Y 1262988
X 1265900  Y 1259888
X 1165300  Y 1276188
X 1053543  Y 1270472
X 1053543  Y 1260236
X 1040400  Y 1243988
X 1030400  Y 1243988
X 1254500  Y 1294688
X 1258500  Y 1294688
X 1266500  Y 1294188
X 1274500  Y 1294188
X 1292500  Y 1294188
X 1300500  Y 1294188
X 1388500  Y 1298188
X 1388500  Y 1293688
X 1420500  Y 1335688
X 1420500  Y 1330188
X 1425500  Y 1330188
X 1425500  Y 1335688
X 1431000  Y 1330188
X 1431000  Y 1335688
X 1440500  Y 1332188
X 1458000  Y 1287188
X 1458100  Y 1325688
X 1476000  Y 1353588
X 1462900  Y 1347188
X 1462900  Y 1343988
X 1462800  Y 1356588
X 1462800  Y 1350388
X 1458300  Y 1350888
X 1440500  Y 1337688
X 1440500  Y 1344188
X 1440500  Y 1356688
X 1440500  Y 1353588
X 1440500  Y 1340688
X 1431500  Y 1347188
X 1431500  Y 1351688
X 1427000  Y 1351688
X 1427000  Y 1347188
X 1422000  Y 1360188
X 1422000  Y 1351688
X 1422000  Y 1347188
X 1422000  Y 1356188
X 1408000  Y 1341688
X 1345000  Y 1358188
X 1345000  Y 1368188
X 1345000  Y 1373188
X 1345000  Y 1363188
X 1348000  Y 1370688
X 1350000  Y 1375688
X 1355000  Y 1375688
X 1376000  Y 1381688
X 1381000  Y 1381688
X 1381000  Y 1377188
X 1416500  Y 1381688
X 1425000  Y 1375688
X 1427500  Y 1378188
X 1432500  Y 1375688
X 1437500  Y 1378188
X 1442500  Y 1375688
X 1457500  Y 1378688
X 1458100  Y 1365488
X 1461000  Y 1378688
X 1462500  Y 1375688
X 1428000  Y 1389000
X 1428000  Y 1394000
X 1427000  Y 1408688
X 1427000  Y 1402688
X 1425000  Y 1398188
X 1424000  Y 1389500
X 1424000  Y 1394000
X 1420000  Y 1398188
X 1420000  Y 1393688
X 1420000  Y 1389188
X 1410000  Y 1390688
X 1410000  Y 1398188
X 1405000  Y 1390688
X 1405000  Y 1398188
X 1400000  Y 1390688
X 1400000  Y 1398188
X 1396500  Y 1390688
X 1396500  Y 1398188
X 1392500  Y 1398188
X 1392500  Y 1390688
X 1383000  Y 1391688
X 1383000  Y 1396688
X 1383000  Y 1386688
X 1377500  Y 1396688
X 1377500  Y 1391688
X 1377500  Y 1386688
X 1376500  Y 1406688
X 1376500  Y 1401688
X 1359000  Y 1443188
X 1367400  Y 1443188
X 1371600  Y 1457888
X 1376500  Y 1411688
X 1384000  Y 1446788
X 1385000  Y 1415688
X 1390000  Y 1423688
X 1397500  Y 1430688
X 1397500  Y 1435688
X 1398000  Y 1459688
X 1398000  Y 1444888
X 1402500  Y 1430688
X 1402500  Y 1435688
X 1405000  Y 1428188
X 1405600  Y 1444888
X 1407500  Y 1435688
X 1407500  Y 1430688
X 1408500  Y 1460188
X 1409000  Y 1444088
X 1412500  Y 1459188
X 1416100  Y 1442288
X 1418000  Y 1415688
X 1434000  Y 1446688
X 1438500  Y 1445188
X 1420600  Y 1466900
X 1403000  Y 1462188
X 1390000  Y 1462588
X 1386500  Y 1466188

Drill: .034  Tool: 4  Feed: 197  Speed: 550
X 1123000  Y 1036500
X 1123000  Y 1046500
X 1123000  Y 1056500
X 1123000  Y 1066500
X 1123000  Y 1076500
X 1236000  Y 1232088
X 1236000  Y 1252088
X 1236000  Y 1242088
X 1236000  Y 1262088
X 1236000  Y 1272088

Drill: .04  Tool: 5  Feed: 139  Speed: 550
X 1350800  Y 1028188
X 1360800  Y 1028188
X 1370800  Y 1028188
X 1380800  Y 1028188
X 1390800  Y 1028188
X 1400800  Y 1028188

Drill: .04  Tool: 6  Feed: 139  Speed: 550
X 1036557  Y 1060031
X 1036557  Y 1218023
X 1468683  Y 1208405
X 1468683  Y 1366397

Drill: .096  Tool: 7  Feed: 66  Speed: 550
X 1123000  Y 1011500
X 1236000  Y 1297088

Drill: .15748  Tool: 8  Feed: 35  Speed: 900
X 1037277  Y 1011723
X 1450663  Y 1011723
X 1450663  Y 1464479
X 1016805  Y 1263691

End of Listing
