Analysis & Synthesis report for MPC5534_Proto
Wed Apr 18 08:55:48 2012
Quartus II 32-bit Version 11.1 Build 259 01/25/2012 Service Pack 2 SJ Web Edition


---------------------
; Table of Contents ;
---------------------
  1. Legal Notice
  2. Analysis & Synthesis Summary
  3. Analysis & Synthesis Settings
  4. Parallel Compilation
  5. Analysis & Synthesis Source Files Read
  6. Analysis & Synthesis Resource Usage Summary
  7. Analysis & Synthesis Resource Utilization by Entity
  8. Analysis & Synthesis Messages



----------------
; Legal Notice ;
----------------
Copyright (C) 1991-2011 Altera Corporation
Your use of Altera Corporation's design tools, logic functions 
and other software and tools, and its AMPP partner logic 
functions, and any output files from any of the foregoing 
(including device programming or simulation files), and any 
associated documentation or information are expressly subject 
to the terms and conditions of the Altera Program License 
Subscription Agreement, Altera MegaCore Function License 
Agreement, or other applicable license agreement, including, 
without limitation, that your use is for the sole purpose of 
programming logic devices manufactured by Altera and sold by 
Altera or its authorized distributors.  Please refer to the 
applicable agreement for further details.



+-----------------------------------------------------------------------------+
; Analysis & Synthesis Summary                                                ;
+-----------------------------+-----------------------------------------------+
; Analysis & Synthesis Status ; Successful - Wed Apr 18 08:55:48 2012         ;
; Quartus II 32-bit Version   ; 11.1 Build 259 01/25/2012 SP 2 SJ Web Edition ;
; Revision Name               ; MPC5534_Proto                                 ;
; Top-level Entity Name       ; MPC5534_Proto                                 ;
; Family                      ; MAX3000A                                      ;
; Total macrocells            ; 7                                             ;
; Total pins                  ; 26                                            ;
+-----------------------------+-----------------------------------------------+


+--------------------------------------------------------------------------------------------------------------+
; Analysis & Synthesis Settings                                                                                ;
+----------------------------------------------------------------------------+-----------------+---------------+
; Option                                                                     ; Setting         ; Default Value ;
+----------------------------------------------------------------------------+-----------------+---------------+
; Device                                                                     ; EPM3064ATC44-10 ;               ;
; Top-level entity name                                                      ; MPC5534_Proto   ; MPC5534_Proto ;
; Family name                                                                ; MAX3000A        ; Cyclone IV GX ;
; Type of Retiming Performed During Resynthesis                              ; Full            ;               ;
; Resynthesis Optimization Effort                                            ; Normal          ;               ;
; Physical Synthesis Level for Resynthesis                                   ; Normal          ;               ;
; Use Generated Physical Constraints File                                    ; On              ;               ;
; Use smart compilation                                                      ; Off             ; Off           ;
; Enable parallel Assembler and TimeQuest Timing Analyzer during compilation ; On              ; On            ;
; Enable compact report table                                                ; Off             ; Off           ;
; Create Debugging Nodes for IP Cores                                        ; Off             ; Off           ;
; Preserve fewer node names                                                  ; On              ; On            ;
; Disable OpenCore Plus hardware evaluation                                  ; Off             ; Off           ;
; Verilog Version                                                            ; Verilog_2001    ; Verilog_2001  ;
; VHDL Version                                                               ; VHDL_1993       ; VHDL_1993     ;
; State Machine Processing                                                   ; Auto            ; Auto          ;
; Safe State Machine                                                         ; Off             ; Off           ;
; Extract Verilog State Machines                                             ; On              ; On            ;
; Extract VHDL State Machines                                                ; On              ; On            ;
; Ignore Verilog initial constructs                                          ; Off             ; Off           ;
; Iteration limit for constant Verilog loops                                 ; 5000            ; 5000          ;
; Iteration limit for non-constant Verilog loops                             ; 250             ; 250           ;
; Add Pass-Through Logic to Inferred RAMs                                    ; On              ; On            ;
; Infer RAMs from Raw Logic                                                  ; On              ; On            ;
; Parallel Synthesis                                                         ; On              ; On            ;
; NOT Gate Push-Back                                                         ; On              ; On            ;
; Power-Up Don't Care                                                        ; On              ; On            ;
; Remove Duplicate Registers                                                 ; On              ; On            ;
; Ignore CARRY Buffers                                                       ; Off             ; Off           ;
; Ignore CASCADE Buffers                                                     ; Off             ; Off           ;
; Ignore GLOBAL Buffers                                                      ; Off             ; Off           ;
; Ignore ROW GLOBAL Buffers                                                  ; Off             ; Off           ;
; Ignore LCELL Buffers                                                       ; Auto            ; Auto          ;
; Ignore SOFT Buffers                                                        ; Off             ; Off           ;
; Limit AHDL Integers to 32 Bits                                             ; Off             ; Off           ;
; Optimization Technique                                                     ; Speed           ; Speed         ;
; Allow XOR Gate Usage                                                       ; On              ; On            ;
; Auto Logic Cell Insertion                                                  ; On              ; On            ;
; Parallel Expander Chain Length                                             ; 4               ; 4             ;
; Auto Parallel Expanders                                                    ; On              ; On            ;
; Auto Open-Drain Pins                                                       ; On              ; On            ;
; Auto Resource Sharing                                                      ; Off             ; Off           ;
; Maximum Fan-in Per Macrocell                                               ; 100             ; 100           ;
; Use LogicLock Constraints during Resource Balancing                        ; On              ; On            ;
; Ignore translate_off and synthesis_off directives                          ; Off             ; Off           ;
; Report Parameter Settings                                                  ; On              ; On            ;
; Report Source Assignments                                                  ; On              ; On            ;
; Report Connectivity Checks                                                 ; On              ; On            ;
; HDL message level                                                          ; Level2          ; Level2        ;
; Suppress Register Optimization Related Messages                            ; Off             ; Off           ;
; Number of Removed Registers Reported in Synthesis Report                   ; 5000            ; 5000          ;
; Number of Inverted Registers Reported in Synthesis Report                  ; 100             ; 100           ;
; Block Design Naming                                                        ; Auto            ; Auto          ;
; Synthesis Effort                                                           ; Auto            ; Auto          ;
; Shift Register Replacement - Allow Asynchronous Clear Signal               ; On              ; On            ;
; Analysis & Synthesis Message Level                                         ; Medium          ; Medium        ;
; Disable Register Merging Across Hierarchies                                ; Auto            ; Auto          ;
; Synthesis Seed                                                             ; 1               ; 1             ;
+----------------------------------------------------------------------------+-----------------+---------------+


Parallel compilation was disabled, but you have multiple processors available. Enable parallel compilation to reduce compilation time.
+-------------------------------------+
; Parallel Compilation                ;
+----------------------------+--------+
; Processors                 ; Number ;
+----------------------------+--------+
; Number detected on machine ; 4      ;
; Maximum allowed            ; 1      ;
+----------------------------+--------+


+-----------------------------------------------------------------------------------------------------------------------------------------------------------+
; Analysis & Synthesis Source Files Read                                                                                                                    ;
+----------------------------------+-----------------+------------------------------------+-----------------------------------------------------------------+
; File Name with User-Entered Path ; Used in Netlist ; File Type                          ; File Name with Absolute Path                                    ;
+----------------------------------+-----------------+------------------------------------+-----------------------------------------------------------------+
; MPC5534_Proto.vhd                ; yes             ; User VHDL File                     ; U:/Projects/Altera/MPC5534/MPC5534_Proto_Rev3/MPC5534_Proto.vhd ;
; HealthyLogic.bdf                 ; yes             ; User Block Diagram/Schematic File  ; U:/Projects/Altera/MPC5534/MPC5534_Proto_Rev3/HealthyLogic.bdf  ;
+----------------------------------+-----------------+------------------------------------+-----------------------------------------------------------------+


+-------------------------------------------------------------+
; Analysis & Synthesis Resource Usage Summary                 ;
+----------------------+--------------------------------------+
; Resource             ; Usage                                ;
+----------------------+--------------------------------------+
; Logic cells          ; 7                                    ;
; Total registers      ; 2                                    ;
; I/O pins             ; 26                                   ;
; Maximum fan-out node ; HealthyLogic:HealthyLogic_inst|inst4 ;
; Maximum fan-out      ; 4                                    ;
; Total fan-out        ; 21                                   ;
; Average fan-out      ; 0.64                                 ;
+----------------------+--------------------------------------+


+------------------------------------------------------------------------------------------------------------------------+
; Analysis & Synthesis Resource Utilization by Entity                                                                    ;
+-------------------------------------+------------+------+-----------------------------------------------+--------------+
; Compilation Hierarchy Node          ; Macrocells ; Pins ; Full Hierarchy Name                           ; Library Name ;
+-------------------------------------+------------+------+-----------------------------------------------+--------------+
; |MPC5534_Proto                      ; 7          ; 26   ; |MPC5534_Proto                                ; work         ;
;    |HealthyLogic:HealthyLogic_inst| ; 5          ; 0    ; |MPC5534_Proto|HealthyLogic:HealthyLogic_inst ; work         ;
+-------------------------------------+------------+------+-----------------------------------------------+--------------+


+-------------------------------+
; Analysis & Synthesis Messages ;
+-------------------------------+
Info: *******************************************************************
Info: Running Quartus II 32-bit Analysis & Synthesis
    Info: Version 11.1 Build 259 01/25/2012 Service Pack 2 SJ Web Edition
    Info: Processing started: Wed Apr 18 08:55:28 2012
Info: Command: quartus_map --read_settings_files=on --write_settings_files=off MPC5534_Proto -c MPC5534_Proto
Warning (20028): Parallel compilation is not licensed and has been disabled
Info (12021): Found 2 design units, including 1 entities, in source file mpc5534_proto.vhd
    Info (12022): Found design unit 1: MPC5534_Proto-ppl_type
    Info (12023): Found entity 1: MPC5534_Proto
Info (12021): Found 1 design units, including 1 entities, in source file healthylogic.bdf
    Info (12023): Found entity 1: HealthyLogic
Info (12127): Elaborating entity "MPC5534_Proto" for the top level hierarchy
Info (12128): Elaborating entity "HealthyLogic" for hierarchy "HealthyLogic:HealthyLogic_inst"
Warning (275009): Pin "ESC1_WDI_CPLD" not connected
Warning (275009): Pin "ESC2_WDI_CPLD" not connected
Warning (275009): Pin "IN_CONTROL" not connected
Warning (13024): Output pins are stuck at VCC or GND
    Warning (13410): Pin "HEALTHY_INV" is stuck at GND
    Warning (13410): Pin "CONTROL_INV" is stuck at GND
Warning (21074): Design contains 12 input pin(s) that do not drive logic
    Warning (15610): No output dependent on input pin "MPC_CLK_OUT"
    Warning (15610): No output dependent on input pin "MPC_ENG_CLK"
    Warning (15610): No output dependent on input pin "ESC1_WDI_CPLD"
    Warning (15610): No output dependent on input pin "ESC2_WDI_CPLD"
    Warning (15610): No output dependent on input pin "ESC1_GPIO"
    Warning (15610): No output dependent on input pin "ESC2_GPIO"
    Warning (15610): No output dependent on input pin "IOP_TO_IOP_SRH1"
    Warning (15610): No output dependent on input pin "IOP_TO_IOP_SRH2"
    Warning (15610): No output dependent on input pin "IOP_TO_IOP_SRH3"
    Warning (15610): No output dependent on input pin "IOP_TO_IOP_SRH4"
    Warning (15610): No output dependent on input pin "IN_CONTROL"
    Warning (15610): No output dependent on input pin "PLD_SPARE2"
Info (21057): Implemented 33 device resources after synthesis - the final resource count might be different
    Info (21058): Implemented 20 input pins
    Info (21059): Implemented 6 output pins
    Info (21063): Implemented 7 macrocells
Info: Quartus II 32-bit Analysis & Synthesis was successful. 0 errors, 20 warnings
    Info: Peak virtual memory: 293 megabytes
    Info: Processing ended: Wed Apr 18 08:55:48 2012
    Info: Elapsed time: 00:00:20
    Info: Total CPU time (on all processors): 00:00:18


