Fitter report for MPC5534_Proto
Wed Apr 18 08:56:22 2012
Quartus II 32-bit Version 11.1 Build 259 01/25/2012 Service Pack 2 SJ Web Edition


---------------------
; Table of Contents ;
---------------------
  1. Legal Notice
  2. Fitter Summary
  3. Fitter Settings
  4. Parallel Compilation
  5. Pin-Out File
  6. Fitter Resource Usage Summary
  7. Input Pins
  8. Output Pins
  9. All Package Pins
 10. I/O Standard
 11. Dedicated Inputs I/O
 12. Output Pin Default Load For Reported TCO
 13. Fitter Resource Utilization by Entity
 14. Control Signals
 15. Non-Global High Fan-Out Signals
 16. Interconnect Usage Summary
 17. LAB Macrocells
 18. Logic Cell Interconnection
 19. Fitter Device Options
 20. Fitter Messages



----------------
; Legal Notice ;
----------------
Copyright (C) 1991-2011 Altera Corporation
Your use of Altera Corporation's design tools, logic functions 
and other software and tools, and its AMPP partner logic 
functions, and any output files from any of the foregoing 
(including device programming or simulation files), and any 
associated documentation or information are expressly subject 
to the terms and conditions of the Altera Program License 
Subscription Agreement, Altera MegaCore Function License 
Agreement, or other applicable license agreement, including, 
without limitation, that your use is for the sole purpose of 
programming logic devices manufactured by Altera and sold by 
Altera or its authorized distributors.  Please refer to the 
applicable agreement for further details.



+---------------------------------------------------------------------------+
; Fitter Summary                                                            ;
+---------------------------+-----------------------------------------------+
; Fitter Status             ; Successful - Wed Apr 18 08:56:22 2012         ;
; Quartus II 32-bit Version ; 11.1 Build 259 01/25/2012 SP 2 SJ Web Edition ;
; Revision Name             ; MPC5534_Proto                                 ;
; Top-level Entity Name     ; MPC5534_Proto                                 ;
; Family                    ; MAX3000A                                      ;
; Device                    ; EPM3064ATC44-10                               ;
; Timing Models             ; Final                                         ;
; Total macrocells          ; 7 / 64 ( 11 % )                               ;
; Total pins                ; 30 / 34 ( 88 % )                              ;
+---------------------------+-----------------------------------------------+


+--------------------------------------------------------------------------------------------------------------+
; Fitter Settings                                                                                              ;
+----------------------------------------------------------------------------+-----------------+---------------+
; Option                                                                     ; Setting         ; Default Value ;
+----------------------------------------------------------------------------+-----------------+---------------+
; Device                                                                     ; EPM3064ATC44-10 ;               ;
; Use smart compilation                                                      ; Off             ; Off           ;
; Enable parallel Assembler and TimeQuest Timing Analyzer during compilation ; On              ; On            ;
; Enable compact report table                                                ; Off             ; Off           ;
; Optimize Timing for ECOs                                                   ; Off             ; Off           ;
; Regenerate full fit report during ECO compiles                             ; Off             ; Off           ;
; Optimize IOC Register Placement for Timing                                 ; Normal          ; Normal        ;
; Limit to One Fitting Attempt                                               ; Off             ; Off           ;
; Fitter Initial Placement Seed                                              ; 1               ; 1             ;
; Slow Slew Rate                                                             ; Off             ; Off           ;
; Fitter Effort                                                              ; Auto Fit        ; Auto Fit      ;
; Force Fitter to Avoid Periphery Placement Warnings                         ; Off             ; Off           ;
+----------------------------------------------------------------------------+-----------------+---------------+


Parallel compilation was disabled, but you have multiple processors available. Enable parallel compilation to reduce compilation time.
+-------------------------------------+
; Parallel Compilation                ;
+----------------------------+--------+
; Processors                 ; Number ;
+----------------------------+--------+
; Number detected on machine ; 4      ;
; Maximum allowed            ; 1      ;
+----------------------------+--------+


+--------------+
; Pin-Out File ;
+--------------+
The pin-out file can be found in U:/Projects/Altera/MPC5534/MPC5534_Proto_Rev3/MPC5534_Proto.pin.


+--------------------------------------------------------------------------+
; Fitter Resource Usage Summary                                            ;
+-----------------------------------+--------------------------------------+
; Resource                          ; Usage                                ;
+-----------------------------------+--------------------------------------+
; Logic cells                       ; 7 / 64 ( 11 % )                      ;
; Registers                         ; 2 / 64 ( 3 % )                       ;
; Number of pterms used             ; 9                                    ;
; User inserted logic elements      ; 0                                    ;
; I/O pins                          ; 30 / 34 ( 88 % )                     ;
;     -- Clock pins                 ; 2 / 2 ( 100 % )                      ;
;     -- Dedicated input pins       ; 1 / 2 ( 50 % )                       ;
; Global signals                    ; 0                                    ;
; Shareable expanders               ; 0 / 64 ( 0 % )                       ;
; Parallel expanders                ; 0 / 60 ( 0 % )                       ;
; Cells using turbo bit             ; 7 / 64 ( 11 % )                      ;
; Maximum fan-out node              ; HealthyLogic:HealthyLogic_inst|inst4 ;
; Maximum fan-out                   ; 4                                    ;
; Highest non-global fan-out signal ; HealthyLogic:HealthyLogic_inst|inst4 ;
; Highest non-global fan-out        ; 4                                    ;
; Total fan-out                     ; 21                                   ;
; Average fan-out                   ; 0.57                                 ;
+-----------------------------------+--------------------------------------+


+--------------------------------------------------------------------------------------------------------------------------------------+
; Input Pins                                                                                                                           ;
+-----------------+-------+----------+-----+-----------------------+--------------------+--------+--------------+----------------------+
; Name            ; Pin # ; I/O Bank ; LAB ; Combinational Fan-Out ; Registered Fan-Out ; Global ; I/O Standard ; Location assigned by ;
+-----------------+-------+----------+-----+-----------------------+--------------------+--------+--------------+----------------------+
; APP1_OPN_EN_NOT ; 3     ; --       ; 1   ; 1                     ; 0                  ; no     ; 3.3-V LVTTL  ; User                 ;
; APP2_OPN_EN_NOT ; 5     ; --       ; 1   ; 1                     ; 0                  ; no     ; 3.3-V LVTTL  ; User                 ;
; ESC1_GPIO       ; 12    ; --       ; 2   ; 0                     ; 0                  ; no     ; 3.3-V LVTTL  ; User                 ;
; ESC1_WDI_CPLD   ; 8     ; --       ; 2   ; 0                     ; 0                  ; no     ; 3.3-V LVTTL  ; User                 ;
; ESC2_GPIO       ; 13    ; --       ; 2   ; 0                     ; 0                  ; no     ; 3.3-V LVTTL  ; User                 ;
; ESC2_WDI_CPLD   ; 10    ; --       ; 2   ; 0                     ; 0                  ; no     ; 3.3-V LVTTL  ; User                 ;
; IN_CONTROL      ; 34    ; --       ; 4   ; 0                     ; 0                  ; no     ; 3.3-V LVTTL  ; User                 ;
; IOP_TO_IOP_SRH1 ; 14    ; --       ; 2   ; 0                     ; 0                  ; no     ; 3.3-V LVTTL  ; User                 ;
; IOP_TO_IOP_SRH2 ; 15    ; --       ; 2   ; 0                     ; 0                  ; no     ; 3.3-V LVTTL  ; User                 ;
; IOP_TO_IOP_SRH3 ; 33    ; --       ; 4   ; 0                     ; 0                  ; no     ; 3.3-V LVTTL  ; User                 ;
; IOP_TO_IOP_SRH4 ; 31    ; --       ; 4   ; 0                     ; 0                  ; no     ; 3.3-V LVTTL  ; User                 ;
; I_AM_HEALTHY    ; 44    ; --       ; 1   ; 1                     ; 0                  ; no     ; 3.3-V LVTTL  ; User                 ;
; MPC_CLK_OUT     ; 40    ; --       ; --  ; 0                     ; 0                  ; no     ; 3.3-V LVTTL  ; User                 ;
; MPC_ENG_CLK     ; 37    ; --       ; --  ; 0                     ; 0                  ; no     ; 3.3-V LVTTL  ; User                 ;
; MPC_RESET_NOT   ; 42    ; --       ; 1   ; 1                     ; 0                  ; no     ; 3.3-V LVTTL  ; User                 ;
; PEER_IN_CONTROL ; 35    ; --       ; 4   ; 1                     ; 0                  ; no     ; 3.3-V LVTTL  ; User                 ;
; PLD_SPARE1      ; 18    ; --       ; 3   ; 1                     ; 0                  ; no     ; 3.3-V LVTTL  ; User                 ;
; PLD_SPARE2      ; 19    ; --       ; 3   ; 0                     ; 0                  ; no     ; 3.3-V LVTTL  ; User                 ;
; RST_OUT_NOT     ; 39    ; --       ; --  ; 1                     ; 0                  ; no     ; 3.3-V LVTTL  ; User                 ;
; TAKE_CONTROL    ; 6     ; --       ; 1   ; 2                     ; 0                  ; no     ; 3.3-V LVTTL  ; User                 ;
+-----------------+-------+----------+-----+-----------------------+--------------------+--------+--------------+----------------------+


+-------------------------------------------------------------------------------------------------------------------------------------------------------------------------------------------------+
; Output Pins                                                                                                                                                                                     ;
+-------------+-------+----------+-----+-----------------+----------------+------------+---------------+--------------+----------------------+-------+----------------------+---------------------+
; Name        ; Pin # ; I/O Bank ; LAB ; Output Register ; Slow Slew Rate ; Open Drain ; TRI Primitive ; I/O Standard ; Location assigned by ; Load  ; Output Enable Source ; Output Enable Group ;
+-------------+-------+----------+-----+-----------------+----------------+------------+---------------+--------------+----------------------+-------+----------------------+---------------------+
; ACTIVE_LED  ; 20    ; --       ; 3   ; no              ; no             ; no         ; no            ; 3.3-V LVTTL  ; User                 ; 10 pF ; -                    ; -                   ;
; CONTROL     ; 22    ; --       ; 3   ; no              ; no             ; no         ; no            ; 3.3-V LVTTL  ; User                 ; 10 pF ; -                    ; -                   ;
; CONTROL_INV ; 21    ; --       ; 3   ; no              ; no             ; no         ; no            ; 3.3-V LVTTL  ; User                 ; 10 pF ; -                    ; -                   ;
; HEALTHY     ; 27    ; --       ; 4   ; no              ; no             ; no         ; no            ; 3.3-V LVTTL  ; User                 ; 10 pF ; -                    ; -                   ;
; HEALTHY_INV ; 25    ; --       ; 3   ; no              ; no             ; no         ; no            ; 3.3-V LVTTL  ; User                 ; 10 pF ; -                    ; -                   ;
; READY_LED   ; 23    ; --       ; 3   ; no              ; no             ; no         ; no            ; 3.3-V LVTTL  ; User                 ; 10 pF ; -                    ; -                   ;
+-------------+-------+----------+-----+-----------------+----------------+------------+---------------+--------------+----------------------+-------+----------------------+---------------------+


+--------------------------------------------------------------------------------------------------------+
; All Package Pins                                                                                       ;
+----------+------------+----------+-----------------+--------+--------------+---------+-----------------+
; Location ; Pad Number ; I/O Bank ; Pin Name/Usage  ; Dir.   ; I/O Standard ; Voltage ; User Assignment ;
+----------+------------+----------+-----------------+--------+--------------+---------+-----------------+
; 1        ; 6          ; --       ; TDI             ; input  ; 3.3-V LVTTL  ;         ; N               ;
; 2        ; 7          ; --       ; RESERVED_INPUT  ;        ;              ;         ;                 ;
; 3        ; 8          ; --       ; APP1_OPN_EN_NOT ; input  ; 3.3-V LVTTL  ;         ; Y               ;
; 4        ; 9          ; --       ; GND             ; gnd    ;              ;         ;                 ;
; 5        ; 10         ; --       ; APP2_OPN_EN_NOT ; input  ; 3.3-V LVTTL  ;         ; Y               ;
; 6        ; 11         ; --       ; TAKE_CONTROL    ; input  ; 3.3-V LVTTL  ;         ; Y               ;
; 7        ; 12         ; --       ; TMS             ; input  ; 3.3-V LVTTL  ;         ; N               ;
; 8        ; 13         ; --       ; ESC1_WDI_CPLD   ; input  ; 3.3-V LVTTL  ;         ; Y               ;
; 9        ; 14         ; --       ; VCCIO           ; power  ;              ; 3.3V    ;                 ;
; 10       ; 15         ; --       ; ESC2_WDI_CPLD   ; input  ; 3.3-V LVTTL  ;         ; Y               ;
; 11       ; 16         ; --       ; GND             ; gnd    ;              ;         ;                 ;
; 12       ; 17         ; --       ; ESC1_GPIO       ; input  ; 3.3-V LVTTL  ;         ; Y               ;
; 13       ; 18         ; --       ; ESC2_GPIO       ; input  ; 3.3-V LVTTL  ;         ; Y               ;
; 14       ; 19         ; --       ; IOP_TO_IOP_SRH1 ; input  ; 3.3-V LVTTL  ;         ; Y               ;
; 15       ; 20         ; --       ; IOP_TO_IOP_SRH2 ; input  ; 3.3-V LVTTL  ;         ; Y               ;
; 16       ; 21         ; --       ; GND             ; gnd    ;              ;         ;                 ;
; 17       ; 22         ; --       ; VCCINT          ; power  ;              ; 3.3V    ;                 ;
; 18       ; 23         ; --       ; PLD_SPARE1      ; input  ; 3.3-V LVTTL  ;         ; Y               ;
; 19       ; 24         ; --       ; PLD_SPARE2      ; input  ; 3.3-V LVTTL  ;         ; Y               ;
; 20       ; 25         ; --       ; ACTIVE_LED      ; output ; 3.3-V LVTTL  ;         ; Y               ;
; 21       ; 26         ; --       ; CONTROL_INV     ; output ; 3.3-V LVTTL  ;         ; Y               ;
; 22       ; 27         ; --       ; CONTROL         ; output ; 3.3-V LVTTL  ;         ; Y               ;
; 23       ; 28         ; --       ; READY_LED       ; output ; 3.3-V LVTTL  ;         ; Y               ;
; 24       ; 29         ; --       ; GND             ; gnd    ;              ;         ;                 ;
; 25       ; 30         ; --       ; HEALTHY_INV     ; output ; 3.3-V LVTTL  ;         ; Y               ;
; 26       ; 31         ; --       ; TCK             ; input  ; 3.3-V LVTTL  ;         ; N               ;
; 27       ; 32         ; --       ; HEALTHY         ; output ; 3.3-V LVTTL  ;         ; Y               ;
; 28       ; 33         ; --       ; RESERVED_INPUT  ;        ;              ;         ;                 ;
; 29       ; 34         ; --       ; VCCIO           ; power  ;              ; 3.3V    ;                 ;
; 30       ; 35         ; --       ; GND             ; gnd    ;              ;         ;                 ;
; 31       ; 36         ; --       ; IOP_TO_IOP_SRH4 ; input  ; 3.3-V LVTTL  ;         ; Y               ;
; 32       ; 37         ; --       ; TDO             ; output ; 3.3-V LVTTL  ;         ; N               ;
; 33       ; 38         ; --       ; IOP_TO_IOP_SRH3 ; input  ; 3.3-V LVTTL  ;         ; Y               ;
; 34       ; 39         ; --       ; IN_CONTROL      ; input  ; 3.3-V LVTTL  ;         ; Y               ;
; 35       ; 40         ; --       ; PEER_IN_CONTROL ; input  ; 3.3-V LVTTL  ;         ; Y               ;
; 36       ; 41         ; --       ; GND             ; gnd    ;              ;         ;                 ;
; 37       ; 42         ; --       ; MPC_ENG_CLK     ; input  ; 3.3-V LVTTL  ;         ; Y               ;
; 38       ; 43         ; --       ; GND+            ;        ;              ;         ;                 ;
; 39       ; 0          ; --       ; RST_OUT_NOT     ; input  ; 3.3-V LVTTL  ;         ; Y               ;
; 40       ; 1          ; --       ; MPC_CLK_OUT     ; input  ; 3.3-V LVTTL  ;         ; Y               ;
; 41       ; 2          ; --       ; VCCINT          ; power  ;              ; 3.3V    ;                 ;
; 42       ; 3          ; --       ; MPC_RESET_NOT   ; input  ; 3.3-V LVTTL  ;         ; Y               ;
; 43       ; 4          ; --       ; RESERVED_INPUT  ;        ;              ;         ;                 ;
; 44       ; 5          ; --       ; I_AM_HEALTHY    ; input  ; 3.3-V LVTTL  ;         ; Y               ;
+----------+------------+----------+-----------------+--------+--------------+---------+-----------------+
Note: Pin directions (input, output or bidir) are based on device operating in user mode.


+--------------------------------------------------------------------------------------------------+
; I/O Standard                                                                                     ;
+--------------+------------+----------------------+-------------------+-------------------+-------+
; I/O Standard ; Input Vref ; Dedicated Input Pins ; Pins in I/O Bank1 ; Pins in I/O Bank2 ; Total ;
+--------------+------------+----------------------+-------------------+-------------------+-------+
; 3.3-V LVTTL  ; -          ; 3                    ; 0                 ; 0                 ; 3     ;
+--------------+------------+----------------------+-------------------+-------------------+-------+


+---------------------------------------------------------------------------+
; Dedicated Inputs I/O                                                      ;
+-------------+-------+-------+-------+--------------+------------+---------+
; Name        ; Pin # ; Type  ; VCCIO ; I/O Standard ; Input Vref ; Current ;
+-------------+-------+-------+-------+--------------+------------+---------+
; MPC_CLK_OUT ; 40    ; Input ; --    ; 3.3-V LVTTL  ; -          ; 0 mA    ;
; MPC_ENG_CLK ; 37    ; Input ; --    ; 3.3-V LVTTL  ; -          ; 0 mA    ;
; RST_OUT_NOT ; 39    ; Input ; --    ; 3.3-V LVTTL  ; -          ; 0 mA    ;
+-------------+-------+-------+-------+--------------+------------+---------+


+-----------------------------------------------+
; Output Pin Default Load For Reported TCO      ;
+--------------+-------+------------------------+
; I/O Standard ; Load  ; Termination Resistance ;
+--------------+-------+------------------------+
; 3.3-V LVTTL  ; 10 pF ; Not Available          ;
; 3.3-V LVCMOS ; 10 pF ; Not Available          ;
; 3.3-V PCI    ; 10 pF ; 25 Ohm (Parallel)      ;
; 2.5 V        ; 10 pF ; Not Available          ;
+--------------+-------+------------------------+
Note: User assignments will override these defaults. The user specified values are listed in the Output Pins and Bidir Pins tables.


+------------------------------------------------------------------------------------------------------------------------+
; Fitter Resource Utilization by Entity                                                                                  ;
+-------------------------------------+------------+------+-----------------------------------------------+--------------+
; Compilation Hierarchy Node          ; Macrocells ; Pins ; Full Hierarchy Name                           ; Library Name ;
+-------------------------------------+------------+------+-----------------------------------------------+--------------+
; |MPC5534_Proto                      ; 7          ; 30   ; |MPC5534_Proto                                ; work         ;
;    |HealthyLogic:HealthyLogic_inst| ; 5          ; 0    ; |MPC5534_Proto|HealthyLogic:HealthyLogic_inst ; work         ;
+-------------------------------------+------------+------+-----------------------------------------------+--------------+


+-----------------------------------------------------------------------------------------------------------------------------------+
; Control Signals                                                                                                                   ;
+--------------------------------------------+----------+---------+--------------+--------+----------------------+------------------+
; Name                                       ; Location ; Fan-Out ; Usage        ; Global ; Global Resource Used ; Global Line Name ;
+--------------------------------------------+----------+---------+--------------+--------+----------------------+------------------+
; HealthyLogic:HealthyLogic_inst|inst12~0bal ; LC5      ; 1       ; Async. clear ; no     ; --                   ; --               ;
; PLD_SPARE1                                 ; PIN_18   ; 1       ; Async. clear ; no     ; --                   ; --               ;
; TAKE_CONTROL                               ; PIN_6    ; 2       ; Clock        ; no     ; --                   ; --               ;
+--------------------------------------------+----------+---------+--------------+--------+----------------------+------------------+


+------------------------------------------------------+
; Non-Global High Fan-Out Signals                      ;
+--------------------------------------------+---------+
; Name                                       ; Fan-Out ;
+--------------------------------------------+---------+
; HealthyLogic:HealthyLogic_inst|inst4       ; 4       ;
; HealthyLogic:HealthyLogic_inst|inst        ; 3       ;
; TAKE_CONTROL                               ; 2       ;
; PLD_SPARE1                                 ; 1       ;
; PEER_IN_CONTROL                            ; 1       ;
; APP2_OPN_EN_NOT                            ; 1       ;
; APP1_OPN_EN_NOT                            ; 1       ;
; RST_OUT_NOT                                ; 1       ;
; MPC_RESET_NOT                              ; 1       ;
; I_AM_HEALTHY                               ; 1       ;
; HealthyLogic:HealthyLogic_inst|inst12~0bal ; 1       ;
; ~GND~1                                     ; 1       ;
; ~GND~0                                     ; 1       ;
; HealthyLogic:HealthyLogic_inst|inst24~1    ; 1       ;
; HealthyLogic:HealthyLogic_inst|inst23~1    ; 1       ;
+--------------------------------------------+---------+


+-----------------------------------------------+
; Interconnect Usage Summary                    ;
+----------------------------+------------------+
; Interconnect Resource Type ; Usage            ;
+----------------------------+------------------+
; Output enables             ; 0 / 6 ( 0 % )    ;
; PIA buffers                ; 12 / 144 ( 8 % ) ;
+----------------------------+------------------+


+----------------------------------------------------------------------+
; LAB Macrocells                                                       ;
+----------------------------------------+-----------------------------+
; Number of Macrocells  (Average = 1.75) ; Number of LABs  (Total = 3) ;
+----------------------------------------+-----------------------------+
; 0                                      ; 1                           ;
; 1                                      ; 2                           ;
; 2                                      ; 0                           ;
; 3                                      ; 0                           ;
; 4                                      ; 0                           ;
; 5                                      ; 1                           ;
+----------------------------------------+-----------------------------+


+--------------------------------------------------------------------------------------------------------------------------------------------------------------------------------------------------------------------------------------+
; Logic Cell Interconnection                                                                                                                                                                                                           ;
+-----+------------+---------------------------------------------------------------------------------+---------------------------------------------------------------------------------------------------------------------------------+
; LAB ; Logic Cell ; Input                                                                           ; Output                                                                                                                          ;
+-----+------------+---------------------------------------------------------------------------------+---------------------------------------------------------------------------------------------------------------------------------+
;  A  ; LC5        ; I_AM_HEALTHY, MPC_RESET_NOT, RST_OUT_NOT, APP1_OPN_EN_NOT, APP2_OPN_EN_NOT      ; HealthyLogic:HealthyLogic_inst|inst                                                                                             ;
;  C  ; LC40       ; HealthyLogic:HealthyLogic_inst|inst4, PEER_IN_CONTROL, TAKE_CONTROL, PLD_SPARE1 ; HealthyLogic:HealthyLogic_inst|inst4, CONTROL, HealthyLogic:HealthyLogic_inst|inst23~1, HealthyLogic:HealthyLogic_inst|inst24~1 ;
;  C  ; LC41       ; HealthyLogic:HealthyLogic_inst|inst, HealthyLogic:HealthyLogic_inst|inst4       ; READY_LED                                                                                                                       ;
;  C  ; LC36       ; HealthyLogic:HealthyLogic_inst|inst, HealthyLogic:HealthyLogic_inst|inst4       ; ACTIVE_LED                                                                                                                      ;
;  C  ; LC46       ;                                                                                 ; HEALTHY_INV                                                                                                                     ;
;  C  ; LC37       ;                                                                                 ; CONTROL_INV                                                                                                                     ;
;  D  ; LC49       ; TAKE_CONTROL, HealthyLogic:HealthyLogic_inst|inst12~0bal                        ; HEALTHY, HealthyLogic:HealthyLogic_inst|inst23~1, HealthyLogic:HealthyLogic_inst|inst24~1                                       ;
+-----+------------+---------------------------------------------------------------------------------+---------------------------------------------------------------------------------------------------------------------------------+


+---------------------------------------------------------------+
; Fitter Device Options                                         ;
+----------------------------------------------+----------------+
; Option                                       ; Setting        ;
+----------------------------------------------+----------------+
; Enable user-supplied start-up clock (CLKUSR) ; Off            ;
; Enable device-wide reset (DEV_CLRn)          ; Off            ;
; Enable device-wide output enable (DEV_OE)    ; Off            ;
; Enable INIT_DONE output                      ; Off            ;
; Configuration scheme                         ; Passive Serial ;
; Security bit                                 ; Off            ;
; Base pin-out file on sameframe device        ; Off            ;
+----------------------------------------------+----------------+


+-----------------+
; Fitter Messages ;
+-----------------+
Info: *******************************************************************
Info: Running Quartus II 32-bit Fitter
    Info: Version 11.1 Build 259 01/25/2012 Service Pack 2 SJ Web Edition
    Info: Processing started: Wed Apr 18 08:55:49 2012
Info: Command: quartus_fit --read_settings_files=off --write_settings_files=off MPC5534_Proto -c MPC5534_Proto
Warning (20028): Parallel compilation is not licensed and has been disabled
Info (119006): Selected device EPM3064ATC44-10 for design "MPC5534_Proto"
Info: Quartus II 32-bit Fitter was successful. 0 errors, 1 warning
    Info: Peak virtual memory: 256 megabytes
    Info: Processing ended: Wed Apr 18 08:56:22 2012
    Info: Elapsed time: 00:00:33
    Info: Total CPU time (on all processors): 00:00:07


