Drill Listing
=============
Drill: .008  Tool: 1  Feed: 0  Speed: 0
X 1310039  Y 1117125
X 1315944  Y 1117125
X 1312992  Y 1117125
X 1324803  Y 1117125
X 1321850  Y 1117125
X 1327755  Y 1117125
X 1312992  Y 1120078
X 1315944  Y 1120078
X 1307086  Y 1120078
X 1310039  Y 1120078
X 1324803  Y 1120078
X 1327755  Y 1120078
X 1321850  Y 1120078
X 1315944  Y 1123031
X 1307086  Y 1123031
X 1310039  Y 1123031
X 1321850  Y 1123031
X 1324803  Y 1123031
X 1327755  Y 1123031
X 1312992  Y 1123031
X 1310039  Y 1128937
X 1307086  Y 1128937
X 1324803  Y 1128937
X 1327755  Y 1128937
X 1312992  Y 1128937
X 1315944  Y 1128937
X 1324803  Y 1131889
X 1321850  Y 1131889
X 1312992  Y 1131889
X 1310039  Y 1131889
X 1307086  Y 1131889
X 1315944  Y 1131889
X 1327755  Y 1134842
X 1324803  Y 1134842
X 1312992  Y 1134842
X 1307086  Y 1134842
X 1321850  Y 1134842
X 1315944  Y 1134842
X 1310039  Y 1134842
X 1310039  Y 1168307
X 1315944  Y 1168307
X 1312992  Y 1168307
X 1324803  Y 1168307
X 1321850  Y 1168307
X 1327755  Y 1168307
X 1312992  Y 1171259
X 1315944  Y 1171259
X 1307086  Y 1171259
X 1310039  Y 1171259
X 1324803  Y 1171259
X 1327755  Y 1171259
X 1321850  Y 1171259
X 1315944  Y 1174212
X 1307086  Y 1174212
X 1310039  Y 1174212
X 1321850  Y 1174212
X 1324803  Y 1174212
X 1327755  Y 1174212
X 1312992  Y 1174212
X 1310039  Y 1180118
X 1307086  Y 1180118
X 1324803  Y 1180118
X 1327755  Y 1180118
X 1312992  Y 1180118
X 1315944  Y 1180118
X 1324803  Y 1183070
X 1321850  Y 1183070
X 1312992  Y 1183070
X 1310039  Y 1183070
X 1307086  Y 1183070
X 1315944  Y 1183070
X 1327755  Y 1186023
X 1324803  Y 1186023
X 1312992  Y 1186023
X 1307086  Y 1186023
X 1321850  Y 1186023
X 1315944  Y 1186023
X 1310039  Y 1186023
X 1330708  Y 1186023
X 1330708  Y 1183070
X 1330708  Y 1180118
X 1330708  Y 1174212
X 1330708  Y 1171259
X 1330708  Y 1134842
X 1330708  Y 1131889
X 1330708  Y 1128937
X 1330708  Y 1123031
X 1330708  Y 1120078
X 1330708  Y 1117125

Drill: .01  Tool: 2  Feed: 95  Speed: 300
X 1102800  Y 1282400
X 1095275  Y 1287401
X 1104724  Y 1287401
X 1095275  Y 1290551
X 1098425  Y 1290551
X 1101574  Y 1290551
X 1104724  Y 1290551
X 1104724  Y 1293700
X 1098425  Y 1293700
X 1101574  Y 1293700
X 1095275  Y 1293700
X 1098425  Y 1296850
X 1104724  Y 1296850
X 1095275  Y 1296850
X 1101574  Y 1296850
X 1095275  Y 1300000
X 1098425  Y 1300000
X 1104724  Y 1300000
X 1101574  Y 1300000
X 1104724  Y 1306299
X 1101574  Y 1306299
X 1101574  Y 1309448
X 1104724  Y 1309448
X 1104724  Y 1312598
X 1098425  Y 1312598
X 1101574  Y 1312598
X 1095275  Y 1315748
X 1098425  Y 1315748
X 1101574  Y 1315748
X 1104724  Y 1315748
X 1095275  Y 1318897
X 1101574  Y 1318897
X 1098425  Y 1318897
X 1095275  Y 1322047
X 1098425  Y 1322047
X 1107874  Y 1322047
X 1120472  Y 1322047
X 1129921  Y 1322047
X 1126771  Y 1322047
X 1123622  Y 1322047
X 1111023  Y 1318897
X 1107874  Y 1318897
X 1120472  Y 1318897
X 1117322  Y 1318897
X 1126771  Y 1318897
X 1123622  Y 1318897
X 1129921  Y 1318897
X 1111023  Y 1315748
X 1107874  Y 1315748
X 1129921  Y 1315748
X 1120472  Y 1315748
X 1126771  Y 1315748
X 1117322  Y 1315748
X 1123622  Y 1315748
X 1111023  Y 1312598
X 1107874  Y 1312598
X 1117322  Y 1312598
X 1123622  Y 1312598
X 1126771  Y 1312598
X 1129921  Y 1312598
X 1120472  Y 1312598
X 1129921  Y 1309448
X 1123622  Y 1309448
X 1126771  Y 1309448
X 1126771  Y 1306299
X 1129921  Y 1306299
X 1123622  Y 1306299
X 1126771  Y 1300000
X 1129921  Y 1300000
X 1123622  Y 1300000
X 1126771  Y 1296850
X 1123622  Y 1296850
X 1129921  Y 1296850
X 1107874  Y 1293700
X 1126771  Y 1293700
X 1129921  Y 1293700
X 1111023  Y 1293700
X 1117322  Y 1293700
X 1123622  Y 1293700
X 1120472  Y 1293700
X 1107874  Y 1290551
X 1120472  Y 1290551
X 1126771  Y 1290551
X 1111023  Y 1290551
X 1129921  Y 1290551
X 1117322  Y 1290551
X 1123622  Y 1290551
X 1123622  Y 1287401
X 1126771  Y 1287401
X 1107874  Y 1287401
X 1120472  Y 1287401
X 1111023  Y 1287401
X 1129921  Y 1287401
X 1123622  Y 1284251
X 1126771  Y 1284251
X 1111023  Y 1284251
X 1129921  Y 1284251
X 1177165  Y 1133858
X 1173228  Y 1133858
X 1177165  Y 1137795
X 1173228  Y 1137795
X 1173228  Y 1141732
X 1177165  Y 1141732
X 1173228  Y 1145669
X 1177165  Y 1145669
X 1177165  Y 1149606
X 1177165  Y 1153543
X 1177165  Y 1157480
X 1173228  Y 1157480
X 1177165  Y 1161417
X 1173228  Y 1161417
X 1177165  Y 1165354
X 1173228  Y 1165354
X 1177165  Y 1169291
X 1173228  Y 1169291
X 1177165  Y 1173228
X 1173228  Y 1173228
X 1173228  Y 1181102
X 1177165  Y 1181102
X 1177165  Y 1185039
X 1173228  Y 1185039
X 1177165  Y 1188976
X 1173228  Y 1188976
X 1177165  Y 1192913
X 1173228  Y 1192913
X 1177165  Y 1200787
X 1177165  Y 1204724
X 1173228  Y 1208661
X 1177165  Y 1208661
X 1177165  Y 1212598
X 1173228  Y 1212598
X 1173228  Y 1216535
X 1177165  Y 1216535
X 1177165  Y 1220472
X 1173228  Y 1220472
X 1133070  Y 1284251
X 1133070  Y 1287401
X 1133070  Y 1290551
X 1133070  Y 1293700
X 1133070  Y 1296850
X 1133070  Y 1300000
X 1133070  Y 1306299
X 1133070  Y 1309448
X 1133070  Y 1312598
X 1133070  Y 1315748
X 1133070  Y 1318897
X 1177500  Y 1330000
X 1196000  Y 1324000
X 1181889  Y 1322047
X 1185039  Y 1322047
X 1181889  Y 1318897
X 1185039  Y 1318897
X 1197637  Y 1318897
X 1203937  Y 1318897
X 1181889  Y 1315748
X 1185039  Y 1315748
X 1188188  Y 1315748
X 1194488  Y 1315748
X 1191338  Y 1315748
X 1197637  Y 1315748
X 1203937  Y 1315748
X 1181889  Y 1312598
X 1191338  Y 1312598
X 1185039  Y 1312598
X 1188188  Y 1312598
X 1194488  Y 1312598
X 1197637  Y 1312598
X 1203937  Y 1312598
X 1185039  Y 1309448
X 1181889  Y 1309448
X 1191338  Y 1309448
X 1188188  Y 1309448
X 1181889  Y 1306299
X 1188188  Y 1306299
X 1191338  Y 1306299
X 1188188  Y 1300000
X 1191338  Y 1300000
X 1181889  Y 1300000
X 1185039  Y 1300000
X 1181889  Y 1296850
X 1191338  Y 1296850
X 1185039  Y 1296850
X 1188188  Y 1296850
X 1181889  Y 1293700
X 1191338  Y 1293700
X 1194488  Y 1293700
X 1185039  Y 1293700
X 1188188  Y 1293700
X 1197637  Y 1293700
X 1203937  Y 1293700
X 1181889  Y 1290551
X 1185039  Y 1290551
X 1188188  Y 1290551
X 1194488  Y 1290551
X 1191338  Y 1290551
X 1197637  Y 1290551
X 1203937  Y 1290551
X 1181889  Y 1287401
X 1191338  Y 1287401
X 1194488  Y 1287401
X 1197637  Y 1287401
X 1197637  Y 1284251
X 1189700  Y 1282300
X 1188976  Y 1220472
X 1200787  Y 1220472
X 1181102  Y 1220472
X 1200787  Y 1216535
X 1185039  Y 1216535
X 1181102  Y 1216535
X 1188976  Y 1216535
X 1200787  Y 1212598
X 1181102  Y 1212598
X 1192913  Y 1212598
X 1181102  Y 1208661
X 1200787  Y 1208661
X 1185039  Y 1208661
X 1192913  Y 1208661
X 1185039  Y 1204724
X 1181102  Y 1204724
X 1185039  Y 1200787
X 1181102  Y 1200787
X 1185039  Y 1196850
X 1185039  Y 1192913
X 1181102  Y 1192913
X 1181102  Y 1188976
X 1185039  Y 1188976
X 1204724  Y 1188976
X 1181102  Y 1185039
X 1204724  Y 1185039
X 1185039  Y 1185039
X 1185039  Y 1181102
X 1204724  Y 1181102
X 1181102  Y 1181102
X 1185039  Y 1173228
X 1204724  Y 1173228
X 1181102  Y 1173228
X 1204724  Y 1169291
X 1185039  Y 1169291
X 1181102  Y 1169291
X 1185039  Y 1165354
X 1204724  Y 1165354
X 1181102  Y 1165354
X 1181102  Y 1161417
X 1185039  Y 1161417
X 1181102  Y 1157480
X 1185039  Y 1157480
X 1181102  Y 1153543
X 1185039  Y 1153543
X 1185039  Y 1149606
X 1181102  Y 1149606
X 1196850  Y 1145669
X 1204724  Y 1145669
X 1185039  Y 1145669
X 1200787  Y 1145669
X 1181102  Y 1145669
X 1192913  Y 1145669
X 1196850  Y 1141732
X 1192913  Y 1141732
X 1204724  Y 1141732
X 1181102  Y 1141732
X 1188976  Y 1141732
X 1188976  Y 1137795
X 1204724  Y 1137795
X 1192913  Y 1137795
X 1181102  Y 1137795
X 1185039  Y 1137795
X 1196850  Y 1137795
X 1204724  Y 1133858
X 1185039  Y 1133858
X 1181102  Y 1133858
X 1188976  Y 1133858
X 1192913  Y 1133858
X 1200787  Y 1133858
X 1227500  Y 1132100
X 1208661  Y 1133858
X 1212598  Y 1133858
X 1220472  Y 1133858
X 1224409  Y 1133858
X 1224409  Y 1137795
X 1212598  Y 1137795
X 1220472  Y 1137795
X 1208661  Y 1137795
X 1212598  Y 1141732
X 1208661  Y 1141732
X 1220472  Y 1141732
X 1224409  Y 1141732
X 1208661  Y 1145669
X 1212598  Y 1145669
X 1220472  Y 1145669
X 1224409  Y 1145669
X 1228346  Y 1145669
X 1220472  Y 1165354
X 1208661  Y 1165354
X 1212598  Y 1165354
X 1224409  Y 1165354
X 1228346  Y 1165354
X 1208661  Y 1169291
X 1228346  Y 1169291
X 1220472  Y 1169291
X 1212598  Y 1169291
X 1224409  Y 1169291
X 1208661  Y 1173228
X 1212598  Y 1173228
X 1220472  Y 1173228
X 1228346  Y 1173228
X 1224409  Y 1173228
X 1208661  Y 1181102
X 1212598  Y 1181102
X 1220472  Y 1181102
X 1224409  Y 1181102
X 1228346  Y 1181102
X 1220472  Y 1185039
X 1224409  Y 1185039
X 1228346  Y 1185039
X 1212598  Y 1185039
X 1208661  Y 1185039
X 1212598  Y 1188976
X 1224409  Y 1188976
X 1228346  Y 1188976
X 1208661  Y 1188976
X 1220472  Y 1188976
X 1212598  Y 1208661
X 1228346  Y 1208661
X 1220472  Y 1212598
X 1220472  Y 1216535
X 1224409  Y 1216535
X 1224409  Y 1220472
X 1220472  Y 1220472
X 1219685  Y 1284251
X 1210236  Y 1284251
X 1216535  Y 1284251
X 1213385  Y 1284251
X 1219685  Y 1287401
X 1216535  Y 1287401
X 1207086  Y 1287401
X 1213385  Y 1287401
X 1210236  Y 1287401
X 1213385  Y 1290551
X 1219685  Y 1290551
X 1210236  Y 1290551
X 1207086  Y 1290551
X 1216535  Y 1290551
X 1207086  Y 1293700
X 1213385  Y 1293700
X 1219685  Y 1293700
X 1210236  Y 1293700
X 1216535  Y 1293700
X 1213385  Y 1296850
X 1219685  Y 1296850
X 1216535  Y 1296850
X 1210236  Y 1296850
X 1213385  Y 1300000
X 1216535  Y 1300000
X 1219685  Y 1300000
X 1210236  Y 1300000
X 1219685  Y 1306299
X 1216535  Y 1306299
X 1210236  Y 1306299
X 1213385  Y 1306299
X 1219685  Y 1309448
X 1210236  Y 1309448
X 1213385  Y 1309448
X 1216535  Y 1309448
X 1210236  Y 1312598
X 1213385  Y 1312598
X 1216535  Y 1312598
X 1219685  Y 1312598
X 1207086  Y 1312598
X 1207086  Y 1315748
X 1213385  Y 1315748
X 1216535  Y 1315748
X 1219685  Y 1315748
X 1210236  Y 1315748
X 1219685  Y 1318897
X 1207086  Y 1318897
X 1216535  Y 1318897
X 1213385  Y 1318897
X 1210236  Y 1318897
X 1213385  Y 1322047
X 1207086  Y 1322047
X 1210236  Y 1322047
X 1240157  Y 1220472
X 1251968  Y 1220472
X 1240157  Y 1216535
X 1251968  Y 1216535
X 1232283  Y 1212598
X 1236220  Y 1212598
X 1251968  Y 1212598
X 1240157  Y 1212598
X 1248031  Y 1212598
X 1248031  Y 1208661
X 1251968  Y 1208661
X 1244094  Y 1208661
X 1251968  Y 1204724
X 1248031  Y 1200787
X 1251968  Y 1200787
X 1251968  Y 1196850
X 1248031  Y 1196850
X 1248031  Y 1192913
X 1251968  Y 1192913
X 1248031  Y 1188976
X 1251968  Y 1188976
X 1251968  Y 1185039
X 1248031  Y 1185039
X 1248031  Y 1181102
X 1251968  Y 1181102
X 1248031  Y 1173228
X 1251968  Y 1173228
X 1251968  Y 1169291
X 1248031  Y 1169291
X 1248031  Y 1165354
X 1251968  Y 1165354
X 1251968  Y 1161417
X 1251968  Y 1157480
X 1248031  Y 1153543
X 1251968  Y 1153543
X 1248031  Y 1149606
X 1251968  Y 1149606
X 1232283  Y 1145669
X 1251968  Y 1145669
X 1248031  Y 1145669
X 1236220  Y 1145669
X 1244094  Y 1145669
X 1240157  Y 1145669
X 1248031  Y 1141732
X 1251968  Y 1141732
X 1236220  Y 1141732
X 1244094  Y 1141732
X 1240157  Y 1141732
X 1232283  Y 1141732
X 1240157  Y 1137795
X 1248031  Y 1137795
X 1251968  Y 1137795
X 1236220  Y 1137795
X 1251968  Y 1133858
X 1255905  Y 1133858
X 1259842  Y 1133858
X 1259842  Y 1137795
X 1255905  Y 1137795
X 1260700  Y 1143700
X 1255905  Y 1145669
X 1259842  Y 1169291
X 1255905  Y 1169291
X 1259842  Y 1181102
X 1255905  Y 1181102
X 1259842  Y 1185039
X 1255905  Y 1185039
X 1259842  Y 1188976
X 1255905  Y 1188976
X 1259842  Y 1192913
X 1255905  Y 1192913
X 1255905  Y 1204724
X 1259842  Y 1204724
X 1255905  Y 1208661
X 1259842  Y 1208661
X 1259842  Y 1212598
X 1255905  Y 1212598
X 1255905  Y 1216535
X 1259842  Y 1216535
X 1255905  Y 1220472
X 1259842  Y 1220472
X 1306299  Y 1080314
X 1322047  Y 1080314
X 1328346  Y 1080314
X 1312598  Y 1080314
X 1325196  Y 1080314
X 1309448  Y 1080314
X 1315748  Y 1080314
X 1328346  Y 1077165
X 1322047  Y 1077165
X 1325196  Y 1077165
X 1309448  Y 1077165
X 1306299  Y 1077165
X 1315748  Y 1077165
X 1312598  Y 1077165
X 1306299  Y 1074015
X 1315748  Y 1074015
X 1328346  Y 1074015
X 1309448  Y 1074015
X 1312598  Y 1074015
X 1328346  Y 1067716
X 1309448  Y 1067716
X 1325196  Y 1067716
X 1315748  Y 1067716
X 1306299  Y 1067716
X 1312598  Y 1067716
X 1309448  Y 1064566
X 1322047  Y 1064566
X 1328346  Y 1064566
X 1312598  Y 1064566
X 1315748  Y 1064566
X 1306299  Y 1064566
X 1325196  Y 1064566
X 1312598  Y 1061417
X 1315748  Y 1061417
X 1306299  Y 1061417
X 1322047  Y 1061417
X 1328346  Y 1061417
X 1325196  Y 1061417
X 1309448  Y 1061417
X 1331496  Y 1061417
X 1331496  Y 1064566
X 1331496  Y 1074015
X 1331496  Y 1077165
X 1331496  Y 1080314

Drill: .012  Tool: 3  Feed: 95  Speed: 300
X 1055000  Y 1056000
X 1055000  Y 1074000
X 1055000  Y 1106000
X 1054900  Y 1206000
X 1054400  Y 1248900
X 1030500  Y 1339500
X 1032500  Y 1342500
X 1026100  Y 1371700
X 1023100  Y 1374000
X 1036900  Y 1387900
X 1055000  Y 1389500
X 1049400  Y 1390400
X 1055000  Y 1392500
X 1005500  Y 1446600
X 1005500  Y 1458900
X 1074000  Y 1392500
X 1061500  Y 1392500
X 1068000  Y 1389500
X 1061500  Y 1389500
X 1074000  Y 1389500
X 1067600  Y 1376200
X 1071000  Y 1367000
X 1068000  Y 1367000
X 1080400  Y 1367000
X 1074200  Y 1366600
X 1064700  Y 1354200
X 1061500  Y 1353000
X 1077300  Y 1351000
X 1058500  Y 1350800
X 1060600  Y 1348600
X 1066300  Y 1305300
X 1071600  Y 1270400
X 1070700  Y 1255600
X 1066500  Y 1255000
X 1075700  Y 1249600
X 1067600  Y 1235700
X 1065400  Y 1231900
X 1077200  Y 1228600
X 1067600  Y 1222000
X 1059000  Y 1212300
X 1068100  Y 1206700
X 1080000  Y 1206200
X 1060900  Y 1203300
X 1057500  Y 1203200
X 1079300  Y 1195500
X 1057400  Y 1138200
X 1067400  Y 1138000
X 1072500  Y 1138000
X 1062400  Y 1138000
X 1080000  Y 1135000
X 1060000  Y 1135000
X 1065000  Y 1135000
X 1070000  Y 1135000
X 1074800  Y 1121500
X 1077500  Y 1095000
X 1072500  Y 1095000
X 1057500  Y 1095000
X 1067500  Y 1095000
X 1062500  Y 1095000
X 1070000  Y 1093000
X 1065000  Y 1093000
X 1075000  Y 1093000
X 1060000  Y 1093000
X 1060000  Y 1074000
X 1080000  Y 1074000
X 1070000  Y 1074000
X 1075000  Y 1074000
X 1065000  Y 1074000
X 1062500  Y 1072000
X 1077500  Y 1072000
X 1057500  Y 1072000
X 1067500  Y 1072000
X 1072500  Y 1072000
X 1102900  Y 1023200
X 1102600  Y 1045600
X 1100500  Y 1109500
X 1095500  Y 1110900
X 1082300  Y 1124000
X 1085300  Y 1124000
X 1102700  Y 1125900
X 1099300  Y 1141600
X 1099600  Y 1172500
X 1087900  Y 1177500
X 1085800  Y 1192200
X 1091800  Y 1194400
X 1085600  Y 1195300
X 1082400  Y 1195500
X 1088600  Y 1206500
X 1093800  Y 1209100
X 1086600  Y 1216000
X 1086300  Y 1219600
X 1092900  Y 1233700
X 1090300  Y 1235700
X 1095900  Y 1236600
X 1092800  Y 1237800
X 1098200  Y 1238600
X 1104500  Y 1250300
X 1091000  Y 1285000
X 1089500  Y 1327500
X 1102400  Y 1346100
X 1096200  Y 1354200
X 1093100  Y 1354200
X 1090000  Y 1354200
X 1083600  Y 1354200
X 1086700  Y 1366700
X 1102500  Y 1367000
X 1096000  Y 1376500
X 1080500  Y 1389500
X 1090000  Y 1389500
X 1099500  Y 1389500
X 1087000  Y 1389500
X 1090000  Y 1392500
X 1099500  Y 1392500
X 1105500  Y 1392500
X 1105500  Y 1389500
X 1115200  Y 1389300
X 1117670  Y 1376740
X 1105500  Y 1367000
X 1126000  Y 1353800
X 1123000  Y 1353800
X 1120000  Y 1353500
X 1115000  Y 1328900
X 1122500  Y 1271500
X 1127500  Y 1271500
X 1107600  Y 1251600
X 1110700  Y 1249800
X 1122100  Y 1238300
X 1124400  Y 1216300
X 1127500  Y 1204900
X 1110700  Y 1195400
X 1117300  Y 1193900
X 1122400  Y 1192800
X 1110000  Y 1192400
X 1123800  Y 1157400
X 1117100  Y 1155900
X 1111600  Y 1155100
X 1118700  Y 1150600
X 1115900  Y 1124800
X 1121280  Y 1094810
X 1125000  Y 1078000
X 1116500  Y 1076500
X 1117900  Y 1071800
X 1118600  Y 1049000
X 1112300  Y 1046800
X 1109000  Y 1046600
X 1105900  Y 1045800
X 1115400  Y 1045600
X 1121700  Y 1045600
X 1115400  Y 1023100
X 1118400  Y 1023000
X 1109200  Y 1023000
X 1125000  Y 1023000
X 1112300  Y 1023000
X 1128000  Y 1023000
X 1106100  Y 1023000
X 1147200  Y 1023000
X 1134600  Y 1023000
X 1153200  Y 1023000
X 1150200  Y 1023000
X 1144800  Y 1024900
X 1137000  Y 1025000
X 1148800  Y 1075800
X 1138300  Y 1076000
X 1146400  Y 1078100
X 1141400  Y 1079000
X 1138400  Y 1079000
X 1133500  Y 1088800
X 1143500  Y 1089000
X 1153700  Y 1089000
X 1138200  Y 1091900
X 1143500  Y 1092000
X 1149000  Y 1092000
X 1133500  Y 1112500
X 1138200  Y 1140500
X 1133400  Y 1150300
X 1137500  Y 1156500
X 1138600  Y 1179500
X 1138400  Y 1182500
X 1140700  Y 1187200
X 1142900  Y 1192800
X 1132200  Y 1210600
X 1135200  Y 1210700
X 1146700  Y 1224700
X 1132500  Y 1271500
X 1137500  Y 1272000
X 1142500  Y 1272000
X 1152100  Y 1331400
X 1142600  Y 1331800
X 1151400  Y 1334900
X 1142900  Y 1340000
X 1140300  Y 1353800
X 1153000  Y 1354000
X 1146700  Y 1354200
X 1140300  Y 1366700
X 1143700  Y 1366800
X 1149800  Y 1366900
X 1147400  Y 1375800
X 1146600  Y 1389300
X 1134000  Y 1389500
X 1140500  Y 1389500
X 1153000  Y 1389500
X 1134000  Y 1392500
X 1146500  Y 1392500
X 1153000  Y 1392500
X 1175700  Y 1513700
X 1159000  Y 1392500
X 1159000  Y 1389500
X 1162000  Y 1367200
X 1169200  Y 1367000
X 1156000  Y 1366800
X 1174600  Y 1366800
X 1159300  Y 1354200
X 1172500  Y 1319300
X 1163500  Y 1312800
X 1163400  Y 1309700
X 1162500  Y 1304500
X 1162500  Y 1301500
X 1177000  Y 1292500
X 1162700  Y 1235400
X 1166000  Y 1088800
X 1176100  Y 1088800
X 1176200  Y 1079200
X 1171000  Y 1077600
X 1178700  Y 1077000
X 1173700  Y 1075700
X 1169600  Y 1073800
X 1159800  Y 1059600
X 1162800  Y 1023000
X 1159400  Y 1023000
X 1156400  Y 1023000
X 1203700  Y 1023000
X 1197200  Y 1023000
X 1200500  Y 1023000
X 1187900  Y 1023000
X 1194100  Y 1023000
X 1181600  Y 1023000
X 1191000  Y 1023000
X 1184800  Y 1023000
X 1213100  Y 1023000
X 1216300  Y 1023000
X 1206800  Y 1023000
X 1229000  Y 1023000
X 1209900  Y 1023000
X 1225700  Y 1023000
X 1222500  Y 1023000
X 1219500  Y 1023000
X 1227200  Y 1058900
X 1201100  Y 1065800
X 1211200  Y 1066700
X 1201100  Y 1074600
X 1190400  Y 1075500
X 1183900  Y 1079200
X 1203500  Y 1089000
X 1214000  Y 1089000
X 1198600  Y 1089570
X 1210500  Y 1090300
X 1206300  Y 1090700
X 1214200  Y 1092100
X 1224500  Y 1116100
X 1226500  Y 1235000
X 1197600  Y 1250200
X 1192500  Y 1253800
X 1215000  Y 1272500
X 1197500  Y 1275500
X 1215000  Y 1275500
X 1207500  Y 1276000
X 1202000  Y 1276000
X 1215900  Y 1327000
X 1230300  Y 1345600
X 1214600  Y 1347000
X 1227500  Y 1348000
X 1184400  Y 1354200
X 1181300  Y 1354200
X 1193800  Y 1366800
X 1190800  Y 1366800
X 1247300  Y 1256100
X 1233900  Y 1125300
X 1236200  Y 1123300
X 1242300  Y 1120600
X 1248500  Y 1120600
X 1245300  Y 1120600
X 1251500  Y 1120400
X 1233000  Y 1120300
X 1232300  Y 1116800
X 1237500  Y 1108200
X 1247600  Y 1108200
X 1233200  Y 1107700
X 1243300  Y 1107600
X 1235500  Y 1105400
X 1245500  Y 1105200
X 1241300  Y 1105100
X 1250300  Y 1104800
X 1230600  Y 1094100
X 1249100  Y 1092000
X 1236000  Y 1092000
X 1241500  Y 1092000
X 1241500  Y 1089000
X 1236000  Y 1089000
X 1231000  Y 1089000
X 1251500  Y 1089000
X 1246300  Y 1088800
X 1234800  Y 1066500
X 1235200  Y 1023100
X 1232000  Y 1023000
X 1241500  Y 1023000
X 1238300  Y 1023000
X 1273500  Y 1016000
X 1279000  Y 1026000
X 1276500  Y 1028000
X 1274500  Y 1030500
X 1265600  Y 1039100
X 1278700  Y 1039200
X 1268600  Y 1039200
X 1271000  Y 1049000
X 1276000  Y 1049000
X 1277800  Y 1052100
X 1271000  Y 1052500
X 1259600  Y 1101800
X 1267600  Y 1101900
X 1264700  Y 1106100
X 1270500  Y 1108900
X 1276400  Y 1168700
X 1273400  Y 1168900
X 1270400  Y 1169000
X 1276700  Y 1175000
X 1273400  Y 1177100
X 1276700  Y 1182300
X 1273600  Y 1182400
X 1270600  Y 1182400
X 1276500  Y 1190600
X 1273400  Y 1190600
X 1274600  Y 1195000
X 1276800  Y 1311200
X 1276600  Y 1331100
X 1276600  Y 1336100
X 1283600  Y 1338800
X 1283300  Y 1333700
X 1281300  Y 1316300
X 1283500  Y 1313800
X 1289000  Y 1304600
X 1291100  Y 1302000
X 1289000  Y 1194700
X 1296200  Y 1194600
X 1292700  Y 1194500
X 1288900  Y 1184600
X 1295900  Y 1180000
X 1291200  Y 1179000
X 1288900  Y 1176800
X 1293400  Y 1176400
X 1288400  Y 1168500
X 1292400  Y 1168200
X 1295300  Y 1165100
X 1292200  Y 1163400
X 1289300  Y 1162600
X 1293400  Y 1160600
X 1288300  Y 1155200
X 1291300  Y 1155100
X 1294300  Y 1154900
X 1290800  Y 1148300
X 1293700  Y 1147500
X 1293800  Y 1144500
X 1289100  Y 1142300
X 1291400  Y 1139900
X 1295600  Y 1128100
X 1295300  Y 1095600
X 1286600  Y 1087100
X 1281500  Y 1052500
X 1286500  Y 1049000
X 1281500  Y 1049000
X 1286500  Y 1028000
X 1281500  Y 1028000
X 1289000  Y 1026000
X 1284000  Y 1026000
X 1311600  Y 1307700
X 1324000  Y 1312000
X 1339400  Y 1318900
X 1322300  Y 1331200
X 1339400  Y 1333700
X 1342000  Y 1336000
X 1321700  Y 1336300

Drill: .016  Tool: 4  Feed: 95  Speed: 300
X 1052500  Y 1044500
X 1050000  Y 1056500
X 1050000  Y 1073500
X 1052500  Y 1085500
X 1052500  Y 1094500
X 1050000  Y 1106500
X 1052500  Y 1123500
X 1050000  Y 1135500
X 1054500  Y 1176200
X 1048900  Y 1192100
X 1050100  Y 1207200
X 1030000  Y 1213000
X 1030000  Y 1242500
X 1016600  Y 1261100
X 1016900  Y 1274900
X 1015000  Y 1353500
X 1025000  Y 1353500
X 1020000  Y 1365500
X 1030000  Y 1365500
X 1046000  Y 1371500
X 1025000  Y 1387000
X 1030000  Y 1387000
X 1033500  Y 1398000
X 1039500  Y 1403500
X 1051000  Y 1408500
X 1033500  Y 1409500
X 1046000  Y 1413500
X 1043000  Y 1422000
X 1038000  Y 1422000
X 1033500  Y 1426500
X 1029500  Y 1426500
X 1043000  Y 1426500
X 1038000  Y 1426500
X 1025000  Y 1426500
X 1042500  Y 1431000
X 1038000  Y 1431000
X 1037000  Y 1444500
X 1022500  Y 1445000
X 1042500  Y 1445000
X 1011500  Y 1446500
X 1049500  Y 1451000
X 1029500  Y 1451500
X 1023500  Y 1456500
X 1011500  Y 1459000
X 1032500  Y 1463000
X 1042500  Y 1463000
X 1018500  Y 1463000
X 1028500  Y 1463000
X 1052500  Y 1466000
X 1009500  Y 1467900
X 1048800  Y 1494300
X 1046500  Y 1502000
X 1041500  Y 1502000
X 1037000  Y 1502000
X 1037000  Y 1506500
X 1041500  Y 1506500
X 1046500  Y 1506500
X 1044500  Y 1522500
X 1050200  Y 1536400
X 1050300  Y 1573000
X 1058300  Y 1580400
X 1058300  Y 1565600
X 1078000  Y 1565000
X 1073000  Y 1560500
X 1078000  Y 1560500
X 1073000  Y 1556000
X 1078000  Y 1556000
X 1057100  Y 1543400
X 1073600  Y 1488800
X 1078000  Y 1479500
X 1076000  Y 1472500
X 1056800  Y 1471200
X 1078500  Y 1468500
X 1057500  Y 1465000
X 1072500  Y 1464000
X 1056000  Y 1445000
X 1071000  Y 1414500
X 1056500  Y 1413500
X 1061000  Y 1371500
X 1080000  Y 1353800
X 1069000  Y 1342500
X 1067500  Y 1337500
X 1076500  Y 1333500
X 1072600  Y 1330000
X 1072500  Y 1325100
X 1073100  Y 1310000
X 1065900  Y 1308600
X 1073000  Y 1302500
X 1067500  Y 1297700
X 1073000  Y 1297500
X 1067400  Y 1293600
X 1073000  Y 1292500
X 1073500  Y 1285000
X 1073500  Y 1280000
X 1070000  Y 1275500
X 1070700  Y 1265700
X 1074400  Y 1252900
X 1066100  Y 1238700
X 1067600  Y 1228400
X 1063300  Y 1227900
X 1078400  Y 1225500
X 1078800  Y 1221600
X 1077600  Y 1209900
X 1064500  Y 1208600
X 1065300  Y 1198900
X 1062100  Y 1194900
X 1064300  Y 1191700
X 1077000  Y 1185000
X 1080000  Y 1167600
X 1093500  Y 1028000
X 1103600  Y 1051400
X 1098500  Y 1082000
X 1080700  Y 1088300
X 1102700  Y 1092100
X 1085700  Y 1107700
X 1089600  Y 1123300
X 1085500  Y 1145000
X 1085500  Y 1152500
X 1085500  Y 1160000
X 1101300  Y 1165100
X 1099300  Y 1177500
X 1087900  Y 1182500
X 1082300  Y 1185700
X 1098100  Y 1194500
X 1095000  Y 1205000
X 1084800  Y 1206400
X 1086800  Y 1211100
X 1083800  Y 1223700
X 1101200  Y 1234800
X 1086200  Y 1239600
X 1101300  Y 1240000
X 1085600  Y 1250500
X 1090700  Y 1252500
X 1085000  Y 1258500
X 1095000  Y 1258500
X 1100000  Y 1258500
X 1090000  Y 1258500
X 1082500  Y 1276500
X 1087000  Y 1285000
X 1089000  Y 1292500
X 1086900  Y 1300000
X 1087200  Y 1306900
X 1086500  Y 1325000
X 1086500  Y 1330000
X 1100000  Y 1331000
X 1092500  Y 1331000
X 1081300  Y 1336800
X 1086000  Y 1342500
X 1105000  Y 1344000
X 1097600  Y 1346500
X 1099300  Y 1367900
X 1085500  Y 1372000
X 1099000  Y 1402500
X 1096500  Y 1427500
X 1101300  Y 1463900
X 1096000  Y 1464500
X 1090400  Y 1468500
X 1083000  Y 1468600
X 1096000  Y 1469000
X 1080500  Y 1472500
X 1098500  Y 1472500
X 1090500  Y 1473000
X 1101500  Y 1506500
X 1101300  Y 1515900
X 1101500  Y 1526000
X 1102300  Y 1534200
X 1102600  Y 1539300
X 1095000  Y 1556000
X 1089500  Y 1556000
X 1083500  Y 1556000
X 1083600  Y 1560400
X 1089500  Y 1560500
X 1095000  Y 1560500
X 1083500  Y 1565000
X 1089500  Y 1565000
X 1096400  Y 1583900
X 1127000  Y 1535700
X 1126000  Y 1526000
X 1126000  Y 1517200
X 1124200  Y 1506700
X 1122400  Y 1502900
X 1120200  Y 1500000
X 1127700  Y 1493900
X 1117300  Y 1492200
X 1124700  Y 1463700
X 1115600  Y 1463600
X 1115500  Y 1429500
X 1108500  Y 1427000
X 1126000  Y 1412500
X 1121700  Y 1405600
X 1126000  Y 1399000
X 1125300  Y 1373100
X 1109500  Y 1372000
X 1108800  Y 1367100
X 1119500  Y 1347500
X 1124000  Y 1344500
X 1110000  Y 1344000
X 1125500  Y 1329000
X 1107000  Y 1329000
X 1121000  Y 1328000
X 1112500  Y 1271500
X 1107500  Y 1271500
X 1117500  Y 1271500
X 1117500  Y 1258500
X 1107500  Y 1258500
X 1122500  Y 1258500
X 1127500  Y 1258500
X 1112500  Y 1258500
X 1112200  Y 1228900
X 1110500  Y 1217100
X 1122500  Y 1213000
X 1122200  Y 1207000
X 1126800  Y 1193400
X 1111800  Y 1185000
X 1117000  Y 1177000
X 1118200  Y 1167200
X 1113900  Y 1159500
X 1123200  Y 1151400
X 1116500  Y 1148000
X 1123900  Y 1142300
X 1127500  Y 1134500
X 1120000  Y 1134300
X 1112000  Y 1130000
X 1123500  Y 1120100
X 1111000  Y 1119400
X 1117500  Y 1094600
X 1125000  Y 1094600
X 1110000  Y 1092000
X 1125500  Y 1071500
X 1105600  Y 1061500
X 1125500  Y 1056000
X 1107200  Y 1050900
X 1113000  Y 1050900
X 1114450  Y 1031670
X 1109000  Y 1031520
X 1108500  Y 1028000
X 1121700  Y 1023400
X 1131300  Y 1023200
X 1141500  Y 1024400
X 1147090  Y 1031330
X 1136000  Y 1056000
X 1133500  Y 1066500
X 1139500  Y 1066500
X 1133500  Y 1074500
X 1134000  Y 1100000
X 1154500  Y 1100200
X 1147500  Y 1102700
X 1140000  Y 1103000
X 1142800  Y 1122100
X 1149500  Y 1143200
X 1146800  Y 1145600
X 1147300  Y 1152700
X 1149000  Y 1156500
X 1147000  Y 1160000
X 1135500  Y 1166500
X 1132000  Y 1167500
X 1132500  Y 1177000
X 1152500  Y 1180000
X 1149500  Y 1184000
X 1145800  Y 1184000
X 1145600  Y 1203100
X 1133000  Y 1205000
X 1143000  Y 1215000
X 1138000  Y 1216500
X 1143000  Y 1226200
X 1142500  Y 1237000
X 1132500  Y 1248000
X 1142500  Y 1258000
X 1137500  Y 1258500
X 1132500  Y 1258500
X 1155000  Y 1258500
X 1150000  Y 1258500
X 1155000  Y 1271500
X 1150000  Y 1271500
X 1141000  Y 1282500
X 1154000  Y 1282500
X 1154000  Y 1287500
X 1141000  Y 1287500
X 1154000  Y 1292500
X 1141000  Y 1292500
X 1154000  Y 1297500
X 1141000  Y 1297500
X 1141000  Y 1302500
X 1154000  Y 1302500
X 1141000  Y 1307500
X 1154000  Y 1307500
X 1141000  Y 1315000
X 1154000  Y 1315000
X 1141000  Y 1320000
X 1154000  Y 1320000
X 1154000  Y 1325000
X 1145000  Y 1328500
X 1132500  Y 1331000
X 1137500  Y 1344500
X 1132500  Y 1344500
X 1139700  Y 1371800
X 1147000  Y 1463500
X 1138800  Y 1463700
X 1152500  Y 1500000
X 1147500  Y 1500000
X 1142500  Y 1500000
X 1147500  Y 1505000
X 1142500  Y 1505000
X 1152500  Y 1505000
X 1142500  Y 1510000
X 1152500  Y 1510000
X 1147500  Y 1510000
X 1152500  Y 1515000
X 1147500  Y 1515000
X 1142500  Y 1515000
X 1147500  Y 1520000
X 1142500  Y 1520000
X 1152500  Y 1520000
X 1147500  Y 1525000
X 1152500  Y 1525000
X 1142500  Y 1525000
X 1147500  Y 1530000
X 1152500  Y 1530000
X 1142500  Y 1530000
X 1152500  Y 1535000
X 1142500  Y 1535000
X 1147500  Y 1535000
X 1131900  Y 1542400
X 1151500  Y 1546400
X 1143500  Y 1554400
X 1136000  Y 1563500
X 1158900  Y 1554300
X 1157500  Y 1535000
X 1162500  Y 1535000
X 1157500  Y 1530000
X 1162500  Y 1530000
X 1157500  Y 1525000
X 1162500  Y 1525000
X 1157500  Y 1520000
X 1162500  Y 1520000
X 1157500  Y 1515000
X 1162500  Y 1515000
X 1178500  Y 1511100
X 1157500  Y 1510000
X 1162500  Y 1510000
X 1157500  Y 1505000
X 1162500  Y 1505000
X 1179000  Y 1501000
X 1157500  Y 1500000
X 1162500  Y 1500000
X 1175500  Y 1497600
X 1164500  Y 1493000
X 1178000  Y 1487500
X 1167400  Y 1477000
X 1177000  Y 1458500
X 1174000  Y 1455000
X 1171500  Y 1447500
X 1155500  Y 1442500
X 1178000  Y 1441000
X 1164500  Y 1441000
X 1180000  Y 1417500
X 1169000  Y 1405500
X 1174500  Y 1376500
X 1178000  Y 1376500
X 1163800  Y 1371800
X 1165600  Y 1367300
X 1178200  Y 1367000
X 1171800  Y 1353900
X 1162400  Y 1346800
X 1180300  Y 1346600
X 1170000  Y 1346500
X 1175500  Y 1346500
X 1178500  Y 1333500
X 1163500  Y 1330000
X 1163500  Y 1322500
X 1163000  Y 1297500
X 1163000  Y 1292500
X 1163000  Y 1287500
X 1176500  Y 1287500
X 1163000  Y 1282500
X 1170500  Y 1279000
X 1163500  Y 1275000
X 1178500  Y 1273500
X 1163500  Y 1270000
X 1170700  Y 1261300
X 1180000  Y 1258500
X 1175000  Y 1258500
X 1177000  Y 1249500
X 1165100  Y 1249100
X 1157000  Y 1248000
X 1172500  Y 1237500
X 1157500  Y 1237000
X 1157000  Y 1220000
X 1157500  Y 1210000
X 1167500  Y 1200000
X 1157500  Y 1200000
X 1155500  Y 1194000
X 1157500  Y 1190000
X 1167500  Y 1190000
X 1157000  Y 1184000
X 1174800  Y 1122400
X 1170300  Y 1120800
X 1178000  Y 1110500
X 1165000  Y 1102200
X 1178100  Y 1099500
X 1156400  Y 1091800
X 1166000  Y 1074000
X 1166000  Y 1066500
X 1170000  Y 1066500
X 1172000  Y 1028000
X 1157000  Y 1028000
X 1187500  Y 1028000
X 1191000  Y 1046000
X 1191500  Y 1050500
X 1198400  Y 1055800
X 1189000  Y 1089000
X 1198100  Y 1099500
X 1186900  Y 1099500
X 1198000  Y 1110500
X 1186900  Y 1110500
X 1182500  Y 1116700
X 1202500  Y 1117000
X 1192500  Y 1122500
X 1203000  Y 1122500
X 1182500  Y 1237500
X 1188000  Y 1240000
X 1197500  Y 1258000
X 1202500  Y 1258000
X 1185000  Y 1258500
X 1192500  Y 1258500
X 1192500  Y 1272000
X 1200000  Y 1272000
X 1205000  Y 1272000
X 1182700  Y 1280800
X 1185000  Y 1333500
X 1185500  Y 1346400
X 1190000  Y 1346500
X 1195000  Y 1346500
X 1205000  Y 1346500
X 1200000  Y 1346500
X 1187500  Y 1367100
X 1188200  Y 1371800
X 1203000  Y 1372000
X 1181500  Y 1376500
X 1194000  Y 1376500
X 1190600  Y 1389900
X 1184500  Y 1441000
X 1197500  Y 1441000
X 1191000  Y 1447500
X 1195000  Y 1455000
X 1188500  Y 1455000
X 1180500  Y 1455000
X 1192000  Y 1458500
X 1184500  Y 1458500
X 1195800  Y 1494100
X 1193000  Y 1501500
X 1187400  Y 1505300
X 1187500  Y 1509000
X 1193000  Y 1543000
X 1214500  Y 1526000
X 1219000  Y 1521500
X 1227559  Y 1386614
X 1222834  Y 1386614
X 1217322  Y 1386614
X 1222500  Y 1366000
X 1217500  Y 1366000
X 1210000  Y 1346500
X 1222000  Y 1342500
X 1213500  Y 1337500
X 1227500  Y 1334000
X 1213100  Y 1330700
X 1206200  Y 1326700
X 1223600  Y 1319800
X 1223500  Y 1315000
X 1223500  Y 1310000
X 1223500  Y 1305000
X 1223500  Y 1300000
X 1223500  Y 1295000
X 1223500  Y 1290000
X 1223500  Y 1285000
X 1223500  Y 1277500
X 1223500  Y 1272500
X 1219000  Y 1268000
X 1222500  Y 1258500
X 1215000  Y 1258000
X 1207500  Y 1258000
X 1210400  Y 1235200
X 1223300  Y 1128500
X 1230000  Y 1122500
X 1218400  Y 1122300
X 1217500  Y 1117000
X 1207500  Y 1110500
X 1212500  Y 1110500
X 1222000  Y 1110500
X 1213000  Y 1099500
X 1221900  Y 1099500
X 1207000  Y 1099500
X 1221600  Y 1089100
X 1223300  Y 1054300
X 1211500  Y 1028000
X 1250500  Y 1028000
X 1236000  Y 1028000
X 1253400  Y 1045700
X 1231000  Y 1066200
X 1254000  Y 1078500
X 1232700  Y 1234800
X 1254000  Y 1249000
X 1254000  Y 1253500
X 1254000  Y 1258000
X 1254000  Y 1263000
X 1238500  Y 1265000
X 1236500  Y 1272500
X 1236500  Y 1277500
X 1237000  Y 1285000
X 1253000  Y 1288000
X 1236500  Y 1290000
X 1253000  Y 1293000
X 1236500  Y 1295000
X 1236500  Y 1300000
X 1236500  Y 1305000
X 1236500  Y 1310000
X 1236500  Y 1315000
X 1236500  Y 1320000
X 1236500  Y 1325000
X 1232283  Y 1386614
X 1230708  Y 1402362
X 1238582  Y 1409448
X 1230708  Y 1417322
X 1232283  Y 1422047
X 1240157  Y 1429133
X 1232283  Y 1436220
X 1232283  Y 1441732
X 1240157  Y 1448818
X 1232283  Y 1455905
X 1239000  Y 1496500
X 1239000  Y 1511500
X 1239500  Y 1530500
X 1239500  Y 1548500
X 1258500  Y 1332000
X 1268000  Y 1326000
X 1264500  Y 1325000
X 1265000  Y 1307500
X 1260000  Y 1307500
X 1262500  Y 1293000
X 1257500  Y 1293000
X 1257500  Y 1288000
X 1262500  Y 1287900
X 1277500  Y 1280000
X 1275000  Y 1259100
X 1259000  Y 1253500
X 1274000  Y 1253000
X 1269500  Y 1253000
X 1265500  Y 1253000
X 1276500  Y 1249000
X 1259000  Y 1249000
X 1267500  Y 1249000
X 1271500  Y 1249000
X 1260000  Y 1235000
X 1278000  Y 1230000
X 1278000  Y 1215000
X 1270100  Y 1207700
X 1264500  Y 1204200
X 1270100  Y 1197700
X 1269500  Y 1134900
X 1278000  Y 1128000
X 1274000  Y 1120500
X 1277500  Y 1117000
X 1280400  Y 1097100
X 1269600  Y 1096900
X 1269500  Y 1088100
X 1265800  Y 1050500
X 1259500  Y 1047000
X 1266000  Y 1014000
X 1270000  Y 1014000
X 1289000  Y 1038500
X 1286500  Y 1056000
X 1292500  Y 1071000
X 1280500  Y 1088100
X 1287000  Y 1092500
X 1282500  Y 1110500
X 1287000  Y 1117000
X 1287700  Y 1128100
X 1283270  Y 1134060
X 1295500  Y 1210000
X 1284500  Y 1210000
X 1302500  Y 1215000
X 1284500  Y 1220000
X 1295500  Y 1220000
X 1295500  Y 1225000
X 1284500  Y 1225500
X 1302000  Y 1230000
X 1284500  Y 1234500
X 1295500  Y 1235000
X 1291100  Y 1245100
X 1295000  Y 1307800
X 1299200  Y 1307800
X 1298900  Y 1327400
X 1295000  Y 1327500
X 1295100  Y 1341900
X 1339100  Y 1346000
X 1341200  Y 1340600
X 1339500  Y 1329500
X 1320000  Y 1325000
X 1305700  Y 1324700
X 1335500  Y 1322000
X 1322000  Y 1318000
X 1339600  Y 1311200
X 1307600  Y 1307800
X 1335500  Y 1306000
X 1327500  Y 1260000
X 1342000  Y 1260000
X 1332500  Y 1260000
X 1337500  Y 1260000
X 1327500  Y 1255500
X 1332500  Y 1255500
X 1342000  Y 1255500
X 1337500  Y 1255500
X 1326000  Y 1250500
X 1331500  Y 1245000
X 1326500  Y 1239500
X 1325500  Y 1220000
X 1314500  Y 1220000
X 1308000  Y 1215000
X 1332000  Y 1215000
X 1325500  Y 1210000
X 1314500  Y 1210000
X 1316000  Y 1103500

Drill: .02  Tool: 5  Feed: 197  Speed: 550
X 1016000  Y 1393000
X 1019600  Y 1413600
X 1055300  Y 1461100
X 1014000  Y 1477400
X 1039000  Y 1481500
X 1025400  Y 1536400
X 1025800  Y 1541900
X 1017100  Y 1542000
X 1127900  Y 1561900
X 1095500  Y 1487500
X 1089500  Y 1487500
X 1101000  Y 1487500
X 1092500  Y 1483000
X 1098000  Y 1482500
X 1095500  Y 1478000
X 1101000  Y 1478000
X 1089500  Y 1478000
X 1115200  Y 1418700
X 1278900  Y 1320300
X 1272500  Y 1325000
X 1257500  Y 1342500
X 1279000  Y 1348900
X 1224300  Y 1463900
X 1203000  Y 1487000

Drill: .034  Tool: 6  Feed: 197  Speed: 550
X 1052500  Y 1065000
X 1062500  Y 1065000
X 1072500  Y 1065000
X 1082500  Y 1065000
X 1092500  Y 1065000
X 1072500  Y 1115000
X 1092500  Y 1115000
X 1082500  Y 1115000
X 1062500  Y 1115000
X 1052500  Y 1115000

Drill: .04  Tool: 7  Feed: 139  Speed: 550
X 1093130  Y 1038444
X 1203562  Y 1361240
X 1045570  Y 1361240
X 1251121  Y 1038444

Drill: .04  Tool: 8  Feed: 139  Speed: 550
X 1047500  Y 1142500
X 1046454  Y 1152445
X 1045409  Y 1162390
X 1044364  Y 1172335
X 1043318  Y 1182280
X 1042273  Y 1192226
X 1042500  Y 1212500
X 1052475  Y 1213197
X 1041802  Y 1222475
X 1051778  Y 1223173
X 1041104  Y 1232451
X 1051080  Y 1233148
X 1040407  Y 1242426
X 1050382  Y 1243124
X 1039709  Y 1252402
X 1049685  Y 1253100
X 1040000  Y 1277500
X 1050000  Y 1277500
X 1040000  Y 1287500
X 1050000  Y 1287500
X 1040000  Y 1297500
X 1050000  Y 1297500
X 1040000  Y 1307500
X 1050000  Y 1307500
X 1040000  Y 1317500
X 1050000  Y 1317500
X 1040000  Y 1327500
X 1050000  Y 1327500
X 1040000  Y 1337500
X 1050000  Y 1337500

Drill: .096  Tool: 9  Feed: 66  Speed: 550
X 1027500  Y 1065000
X 1027500  Y 1115000

Drill: .138  Tool: 10  Feed: 35  Speed: 794
X 1039370  Y 1023622
X 1021653  Y 1576377
X 1226377  Y 1576377
X 1312755  Y 1023622

End of Listing
